    1    1    1    1    1    9   15
            NaN   0.359637E-03   0.295842E-03   0.181751E-03   0.810123E-04   0.435333E-04   0.224947E-04   0.116728E-04   0.104425E-04   0.912658E-05   0.293717E-05   0.889215E-06   0.314271E-06   0.179414E-06   0.260104E-07
            NaN   0.357871E-03   0.295632E-03   0.184175E-03   0.850183E-04   0.473196E-04   0.254842E-04   0.137940E-04   0.124285E-04   0.109562E-04   0.378490E-05   0.123271E-05   0.465725E-06   0.276458E-06   0.464679E-07
            NaN   0.357021E-03   0.295283E-03   0.184703E-03   0.861938E-04   0.485560E-04   0.265589E-04   0.146208E-04   0.132122E-04   0.116885E-04   0.415982E-05   0.139666E-05   0.541917E-06   0.326596E-06   0.582835E-07
            NaN   0.160284E-02   0.131851E-02   0.810031E-03   0.361058E-03   0.194020E-03   0.100255E-03   0.520236E-04   0.465402E-04   0.406756E-04   0.130904E-04   0.396307E-05   0.140065E-05   0.799616E-06   0.115924E-06
            NaN   0.159497E-02   0.131758E-02   0.820836E-03   0.378912E-03   0.210895E-03   0.113579E-03   0.614776E-04   0.553916E-04   0.488298E-04   0.168686E-04   0.549395E-05   0.207565E-05   0.123213E-05   0.207099E-06
            NaN   0.159118E-02   0.131603E-02   0.823190E-03   0.384151E-03   0.216406E-03   0.118368E-03   0.651625E-04   0.588842E-04   0.520937E-04   0.185396E-04   0.622467E-05   0.241523E-05   0.145558E-05   0.259759E-06
            NaN   0.510905E-02   0.420276E-02   0.258197E-02   0.115087E-02   0.618440E-03   0.319563E-03   0.165825E-03   0.148347E-03   0.129653E-03   0.417258E-04   0.126323E-04   0.446457E-05   0.254878E-05   0.369507E-06
            NaN   0.508397E-02   0.419979E-02   0.261641E-02   0.120778E-02   0.672229E-03   0.362032E-03   0.195960E-03   0.176561E-03   0.155645E-03   0.537688E-04   0.175120E-04   0.661615E-05   0.392740E-05   0.660128E-06
            NaN   0.507189E-02   0.419483E-02   0.262392E-02   0.122448E-02   0.689793E-03   0.377299E-03   0.207705E-03   0.187694E-03   0.166049E-03   0.590949E-04   0.198411E-04   0.769855E-05   0.463966E-05   0.827983E-06
    2    1    1    1    1    9   15
            NaN   0.137238E-03   0.179433E-04   0.307058E-05   0.387860E-06   0.951171E-07   0.217181E-07   0.459148E-08   0.345799E-08   0.242763E-08   0.434648E-10   0.000000E+00   0.000000E+00   0.000000E+00   0.000000E+00
            NaN   0.140439E-03   0.219002E-04   0.469627E-05   0.758981E-06   0.220750E-06   0.625287E-07   0.175185E-07   0.140195E-07   0.106662E-07   0.762711E-09   0.678343E-11   0.000000E+00   0.000000E+00   0.000000E+00
            NaN   0.141219E-03   0.233126E-04   0.550577E-05   0.100726E-05   0.317619E-06   0.986601E-07   0.311864E-07   0.255801E-07   0.200893E-07   0.223956E-08   0.116017E-09   0.131863E-11   0.000000E+00   0.000000E+00
            NaN   0.649647E-03   0.849387E-04   0.145353E-04   0.183603E-05   0.450259E-06   0.102807E-06   0.217348E-07   0.163692E-07   0.114918E-07   0.205751E-09   0.000000E+00   0.000000E+00   0.000000E+00   0.000000E+00
            NaN   0.664801E-03   0.103670E-03   0.222309E-04   0.359281E-05   0.104497E-05   0.295994E-06   0.829279E-07   0.663647E-07   0.504908E-07   0.361046E-08   0.321109E-10   0.000000E+00   0.000000E+00   0.000000E+00
            NaN   0.668493E-03   0.110356E-03   0.260628E-04   0.476810E-05   0.150352E-05   0.467030E-06   0.147628E-06   0.121089E-06   0.950973E-07   0.106015E-07   0.549194E-09   0.624205E-11   0.000000E+00   0.000000E+00
            NaN   0.203015E-02   0.265433E-03   0.454228E-04   0.573758E-05   0.140706E-05   0.321273E-06   0.679212E-07   0.511536E-07   0.359117E-07   0.642971E-09   0.000000E+00   0.000000E+00   0.000000E+00   0.000000E+00
            NaN   0.207750E-02   0.323968E-03   0.694714E-04   0.112275E-04   0.326553E-05   0.924981E-06   0.259150E-06   0.207390E-06   0.157784E-06   0.112827E-07   0.100347E-09   0.000000E+00   0.000000E+00   0.000000E+00
            NaN   0.208904E-02   0.344861E-03   0.814464E-04   0.149003E-04   0.469850E-05   0.145947E-05   0.461338E-06   0.378404E-06   0.297179E-06   0.331296E-07   0.171623E-08   0.195064E-10   0.000000E+00   0.000000E+00
    3    1    1    1    1    9   15
            NaN   0.354075E-02   0.548284E-03   0.706287E-04   0.565785E-05   0.320089E-06   0.000000E+00   0.000000E+00   0.000000E+00   0.000000E+00   0.000000E+00   0.000000E+00   0.000000E+00   0.000000E+00   0.000000E+00
            NaN   0.155224E-02   0.311048E-03   0.532763E-04   0.598288E-05   0.116865E-05   0.685472E-07   0.000000E+00   0.000000E+00   0.000000E+00   0.000000E+00   0.000000E+00   0.000000E+00   0.000000E+00   0.000000E+00
            NaN   0.755933E-03   0.149989E-03   0.324519E-04   0.444614E-05   0.113738E-05   0.219944E-06   0.662314E-08   0.000000E+00   0.000000E+00   0.000000E+00   0.000000E+00   0.000000E+00   0.000000E+00   0.000000E+00
            NaN   0.123926E-01   0.191899E-02   0.247200E-03   0.198025E-04   0.112031E-05   0.000000E+00   0.000000E+00   0.000000E+00   0.000000E+00   0.000000E+00   0.000000E+00   0.000000E+00   0.000000E+00   0.000000E+00
            NaN   0.543285E-02   0.108867E-02   0.186467E-03   0.209401E-04   0.409027E-05   0.239915E-06   0.000000E+00   0.000000E+00   0.000000E+00   0.000000E+00   0.000000E+00   0.000000E+00   0.000000E+00   0.000000E+00
            NaN   0.264577E-02   0.524961E-03   0.113582E-03   0.155615E-04   0.398081E-05   0.769802E-06   0.231810E-07   0.000000E+00   0.000000E+00   0.000000E+00   0.000000E+00   0.000000E+00   0.000000E+00   0.000000E+00
            NaN   0.283260E-01   0.438627E-02   0.565030E-03   0.452628E-04   0.256071E-05   0.000000E+00   0.000000E+00   0.000000E+00   0.000000E+00   0.000000E+00   0.000000E+00   0.000000E+00   0.000000E+00   0.000000E+00
            NaN   0.124179E-01   0.248838E-02   0.426210E-03   0.478630E-04   0.934920E-05   0.548378E-06   0.000000E+00   0.000000E+00   0.000000E+00   0.000000E+00   0.000000E+00   0.000000E+00   0.000000E+00   0.000000E+00
            NaN   0.604747E-02   0.119991E-02   0.259615E-03   0.355691E-04   0.909901E-05   0.175955E-05   0.529852E-07   0.000000E+00   0.000000E+00   0.000000E+00   0.000000E+00   0.000000E+00   0.000000E+00   0.000000E+00
    4    1    1    1    1    9   15
            NaN   0.470942E-02   0.119662E-02   0.295698E-03   0.447613E-04   0.120932E-04   0.287196E-05   0.366719E-06   0.220956E-06   0.103882E-06   0.000000E+00   0.000000E+00   0.000000E+00   0.000000E+00   0.000000E+00
            NaN   0.256191E-02   0.576950E-03   0.181015E-03   0.345607E-04   0.106759E-04   0.321659E-05   0.904488E-06   0.704714E-06   0.508833E-06   0.000000E+00   0.000000E+00   0.000000E+00   0.000000E+00   0.000000E+00
            NaN   0.149132E-02   0.267809E-03   0.914711E-04   0.208082E-04   0.705126E-05   0.232106E-05   0.795923E-06   0.660442E-06   0.523485E-06   0.260018E-07   0.000000E+00   0.000000E+00   0.000000E+00   0.000000E+00
            NaN   0.164830E-01   0.418819E-02   0.103494E-02   0.156664E-03   0.423261E-04   0.100519E-04   0.128352E-05   0.773345E-06   0.363588E-06   0.000000E+00   0.000000E+00   0.000000E+00   0.000000E+00   0.000000E+00
            NaN   0.896670E-02   0.201933E-02   0.633553E-03   0.120962E-03   0.373656E-04   0.112581E-04   0.316571E-05   0.246650E-05   0.178092E-05   0.000000E+00   0.000000E+00   0.000000E+00   0.000000E+00   0.000000E+00
            NaN   0.521962E-02   0.937333E-03   0.320149E-03   0.728286E-04   0.246794E-04   0.812370E-05   0.278573E-05   0.231155E-05   0.183220E-05   0.910061E-07   0.000000E+00   0.000000E+00   0.000000E+00   0.000000E+00
            NaN   0.376754E-01   0.957300E-02   0.236558E-02   0.358090E-03   0.967453E-04   0.229757E-04   0.293375E-05   0.176765E-05   0.831058E-06   0.000000E+00   0.000000E+00   0.000000E+00   0.000000E+00   0.000000E+00
            NaN   0.204953E-01   0.461560E-02   0.144812E-02   0.276485E-03   0.854071E-04   0.257327E-04   0.723590E-05   0.563771E-05   0.407066E-05   0.000000E+00   0.000000E+00   0.000000E+00   0.000000E+00   0.000000E+00
            NaN   0.119306E-01   0.214247E-02   0.731769E-03   0.166465E-03   0.564101E-04   0.185684E-04   0.636739E-05   0.528353E-05   0.418788E-05   0.208014E-06   0.000000E+00   0.000000E+00   0.000000E+00   0.000000E+00
    5    1    1    1    1    9   15
            NaN   0.199816E-01   0.451287E-02   0.185092E-02   0.686157E-03   0.318241E-03   0.137410E-03   0.594609E-04   0.515999E-04   0.434752E-04   0.102012E-04   0.198921E-05   0.262115E-06   0.331339E-07   0.000000E+00
            NaN   0.120286E-01   0.241118E-02   0.875294E-03   0.340897E-03   0.177124E-03   0.856104E-04   0.405319E-04   0.356593E-04   0.305378E-04   0.825550E-05   0.207135E-05   0.548691E-06   0.217032E-06   0.000000E+00
            NaN   0.729059E-02   0.137046E-02   0.438328E-03   0.150457E-03   0.775190E-04   0.385643E-04   0.188971E-04   0.167158E-04   0.144064E-04   0.410127E-05   0.108323E-05   0.341053E-06   0.168534E-06   0.000000E+00
            NaN   0.699356E-01   0.157950E-01   0.647822E-02   0.240155E-02   0.111384E-02   0.480933E-03   0.208113E-03   0.180600E-03   0.152163E-03   0.357041E-04   0.696225E-05   0.917404E-06   0.115969E-06   0.000000E+00
            NaN   0.421000E-01   0.843914E-02   0.306353E-02   0.119314E-02   0.619934E-03   0.299636E-03   0.141862E-03   0.124807E-03   0.106882E-03   0.288942E-04   0.724974E-05   0.192042E-05   0.759612E-06   0.000000E+00
            NaN   0.255171E-01   0.479661E-02   0.153415E-02   0.526599E-03   0.271316E-03   0.134975E-03   0.661400E-04   0.585052E-04   0.504223E-04   0.143545E-04   0.379131E-05   0.119369E-05   0.589868E-06   0.000000E+00
            NaN   0.159853E+00   0.361029E-01   0.148074E-01   0.548925E-02   0.254593E-02   0.109928E-02   0.475687E-03   0.412799E-03   0.347802E-03   0.816094E-04   0.159137E-04   0.209692E-05   0.265071E-06   0.000000E+00
            NaN   0.962286E-01   0.192895E-01   0.700235E-02   0.272718E-02   0.141699E-02   0.684883E-03   0.324255E-03   0.285274E-03   0.244302E-03   0.660440E-04   0.165708E-04   0.438952E-05   0.173626E-05   0.000000E+00
            NaN   0.583247E-01   0.109637E-01   0.350662E-02   0.120366E-02   0.620152E-03   0.308514E-03   0.151177E-03   0.133726E-03   0.115251E-03   0.328102E-04   0.866586E-05   0.272843E-05   0.134827E-05   0.000000E+00
    6    1    1    1    1    9   15
            NaN   0.280382E-01   0.682652E-02   0.266642E-02   0.105822E-02   0.540813E-03   0.256115E-03   0.119236E-03   0.104641E-03   0.893531E-04   0.235637E-04   0.569228E-05   0.139622E-05   0.499887E-06   0.000000E+00
            NaN   0.170891E-01   0.387368E-02   0.134006E-02   0.488569E-03   0.254079E-03   0.125807E-03   0.611611E-04   0.540328E-04   0.464994E-04   0.130601E-04   0.338169E-05   0.103022E-05   0.488306E-06   0.000000E+00
            NaN   0.105452E-01   0.230689E-02   0.734620E-03   0.233645E-03   0.114478E-03   0.555139E-04   0.269914E-04   0.238642E-04   0.205587E-04   0.583262E-05   0.153898E-05   0.490361E-06   0.254298E-06   0.146078E-08
            NaN   0.981337E-01   0.238928E-01   0.933245E-02   0.370376E-02   0.189285E-02   0.896401E-03   0.417324E-03   0.366244E-03   0.312736E-03   0.824731E-04   0.199230E-04   0.488675E-05   0.174961E-05   0.000000E+00
            NaN   0.598117E-01   0.135579E-01   0.469021E-02   0.170999E-02   0.889276E-03   0.440324E-03   0.214064E-03   0.189115E-03   0.162748E-03   0.457104E-04   0.118359E-04   0.360577E-05   0.170907E-05   0.000000E+00
            NaN   0.369084E-01   0.807411E-02   0.257117E-02   0.817756E-03   0.400674E-03   0.194298E-03   0.944697E-04   0.835247E-04   0.719556E-04   0.204142E-04   0.538644E-05   0.171626E-05   0.890042E-06   0.511275E-08
            NaN   0.224306E+00   0.546122E-01   0.213313E-01   0.846574E-02   0.432651E-02   0.204892E-02   0.953884E-03   0.837128E-03   0.714825E-03   0.188510E-03   0.455382E-04   0.111697E-04   0.399910E-05   0.000000E+00
            NaN   0.136713E+00   0.309895E-01   0.107205E-01   0.390855E-02   0.203263E-02   0.100645E-02   0.489289E-03   0.432262E-03   0.371995E-03   0.104481E-03   0.270535E-04   0.824176E-05   0.390644E-05   0.000000E+00
            NaN   0.843620E-01   0.184551E-01   0.587696E-02   0.186916E-02   0.915827E-03   0.444111E-03   0.215931E-03   0.190914E-03   0.164470E-03   0.466609E-04   0.123119E-04   0.392289E-05   0.203438E-05   0.116863E-07
    7    1    1    1    1    9   15
            NaN   0.588059E-02   0.159680E-02   0.434239E-03   0.707940E-04   0.199567E-04   0.527665E-05   0.941610E-06   0.635251E-06   0.364931E-06   0.000000E+00   0.000000E+00   0.000000E+00   0.000000E+00   0.000000E+00
            NaN   0.317020E-02   0.731661E-03   0.244625E-03   0.497209E-04   0.158366E-04   0.491718E-05   0.151091E-05   0.120741E-05   0.904373E-06   0.000000E+00   0.000000E+00   0.000000E+00   0.000000E+00   0.000000E+00
            NaN   0.183242E-02   0.332866E-03   0.116172E-03   0.277218E-04   0.961383E-05   0.324344E-05   0.113547E-05   0.950572E-06   0.762933E-06   0.594438E-07   0.000000E+00   0.000000E+00   0.000000E+00   0.000000E+00
            NaN   0.205821E-01   0.558879E-02   0.151984E-02   0.247779E-03   0.698485E-04   0.184683E-04   0.329563E-05   0.222338E-05   0.127726E-05   0.000000E+00   0.000000E+00   0.000000E+00   0.000000E+00   0.000000E+00
            NaN   0.110957E-01   0.256081E-02   0.856187E-03   0.174023E-03   0.554279E-04   0.172101E-04   0.528819E-05   0.422592E-05   0.316531E-05   0.000000E+00   0.000000E+00   0.000000E+00   0.000000E+00   0.000000E+00
            NaN   0.641347E-02   0.116503E-02   0.406602E-03   0.970264E-04   0.336484E-04   0.113520E-04   0.397416E-05   0.332700E-05   0.267026E-05   0.208053E-06   0.000000E+00   0.000000E+00   0.000000E+00   0.000000E+00
            NaN   0.470447E-01   0.127744E-01   0.347391E-02   0.566352E-03   0.159654E-03   0.422132E-04   0.753288E-05   0.508201E-05   0.291945E-05   0.000000E+00   0.000000E+00   0.000000E+00   0.000000E+00   0.000000E+00
            NaN   0.253616E-01   0.585329E-02   0.195700E-02   0.397767E-03   0.126692E-03   0.393374E-04   0.120873E-04   0.965925E-05   0.723499E-05   0.000000E+00   0.000000E+00   0.000000E+00   0.000000E+00   0.000000E+00
            NaN   0.146593E-01   0.266293E-02   0.929375E-03   0.221775E-03   0.769106E-04   0.259475E-04   0.908379E-05   0.760457E-05   0.610346E-05   0.475551E-06   0.000000E+00   0.000000E+00   0.000000E+00   0.000000E+00
    8    1    1    1    1    9   15
            NaN   0.384200E-02   0.851312E-03   0.147959E-03   0.167119E-04   0.328754E-05   0.178152E-06   0.000000E+00   0.000000E+00   0.000000E+00   0.000000E+00   0.000000E+00   0.000000E+00   0.000000E+00   0.000000E+00
            NaN   0.191845E-02   0.447999E-03   0.100558E-03   0.140576E-04   0.362895E-05   0.722617E-06   0.367014E-07   0.997139E-08   0.000000E+00   0.000000E+00   0.000000E+00   0.000000E+00   0.000000E+00   0.000000E+00
            NaN   0.104297E-02   0.212316E-03   0.571221E-04   0.945644E-05   0.269721E-05   0.744873E-06   0.147784E-06   0.998999E-07   0.576523E-07   0.000000E+00   0.000000E+00   0.000000E+00   0.000000E+00   0.000000E+00
            NaN   0.134470E-01   0.297959E-02   0.517857E-03   0.584915E-04   0.115064E-04   0.623531E-06   0.000000E+00   0.000000E+00   0.000000E+00   0.000000E+00   0.000000E+00   0.000000E+00   0.000000E+00   0.000000E+00
            NaN   0.671456E-02   0.156800E-02   0.351952E-03   0.492014E-04   0.127013E-04   0.252916E-05   0.128455E-06   0.348999E-07   0.000000E+00   0.000000E+00   0.000000E+00   0.000000E+00   0.000000E+00   0.000000E+00
            NaN   0.365040E-02   0.743106E-03   0.199927E-03   0.330976E-04   0.944024E-05   0.260705E-05   0.517243E-06   0.349650E-06   0.201783E-06   0.000000E+00   0.000000E+00   0.000000E+00   0.000000E+00   0.000000E+00
            NaN   0.307360E-01   0.681049E-02   0.118367E-02   0.133695E-03   0.263003E-04   0.142521E-05   0.000000E+00   0.000000E+00   0.000000E+00   0.000000E+00   0.000000E+00   0.000000E+00   0.000000E+00   0.000000E+00
            NaN   0.153476E-01   0.358399E-02   0.804462E-03   0.112460E-03   0.290316E-04   0.578094E-05   0.293611E-06   0.797711E-07   0.000000E+00   0.000000E+00   0.000000E+00   0.000000E+00   0.000000E+00   0.000000E+00
            NaN   0.834377E-02   0.169853E-02   0.456977E-03   0.756516E-04   0.215777E-04   0.595898E-05   0.118227E-05   0.799199E-06   0.461218E-06   0.000000E+00   0.000000E+00   0.000000E+00   0.000000E+00   0.000000E+00
    9    1    1    1    1    9   15
            NaN   0.152349E-02   0.174207E-03   0.179742E-04   0.730368E-06   0.000000E+00   0.000000E+00   0.000000E+00   0.000000E+00   0.000000E+00   0.000000E+00   0.000000E+00   0.000000E+00   0.000000E+00   0.000000E+00
            NaN   0.931924E-03   0.170296E-03   0.225391E-04   0.180145E-05   0.151032E-06   0.000000E+00   0.000000E+00   0.000000E+00   0.000000E+00   0.000000E+00   0.000000E+00   0.000000E+00   0.000000E+00   0.000000E+00
            NaN   0.549256E-03   0.150069E-03   0.257919E-04   0.285996E-05   0.529644E-06   0.364136E-07   0.000000E+00   0.000000E+00   0.000000E+00   0.000000E+00   0.000000E+00   0.000000E+00   0.000000E+00   0.000000E+00
            NaN   0.837920E-03   0.958136E-04   0.988579E-05   0.401702E-06   0.000000E+00   0.000000E+00   0.000000E+00   0.000000E+00   0.000000E+00   0.000000E+00   0.000000E+00   0.000000E+00   0.000000E+00   0.000000E+00
            NaN   0.512558E-03   0.936628E-04   0.123965E-04   0.990800E-06   0.830675E-07   0.000000E+00   0.000000E+00   0.000000E+00   0.000000E+00   0.000000E+00   0.000000E+00   0.000000E+00   0.000000E+00   0.000000E+00
            NaN   0.302091E-03   0.825382E-04   0.141856E-04   0.157298E-05   0.291304E-06   0.200275E-07   0.000000E+00   0.000000E+00   0.000000E+00   0.000000E+00   0.000000E+00   0.000000E+00   0.000000E+00   0.000000E+00
            NaN   0.152349E-03   0.174207E-04   0.179742E-05   0.730368E-07   0.000000E+00   0.000000E+00   0.000000E+00   0.000000E+00   0.000000E+00   0.000000E+00   0.000000E+00   0.000000E+00   0.000000E+00   0.000000E+00
            NaN   0.931924E-04   0.170296E-04   0.225391E-05   0.180145E-06   0.151032E-07   0.000000E+00   0.000000E+00   0.000000E+00   0.000000E+00   0.000000E+00   0.000000E+00   0.000000E+00   0.000000E+00   0.000000E+00
            NaN   0.549256E-04   0.150069E-04   0.257919E-05   0.285996E-06   0.529644E-07   0.364136E-08   0.000000E+00   0.000000E+00   0.000000E+00   0.000000E+00   0.000000E+00   0.000000E+00   0.000000E+00   0.000000E+00
   10    1    1    1    1    1   15
            NaN   0.232599E-02   0.112961E-03   0.960699E-05   0.457323E-06   0.246526E-07   0.000000E+00   0.000000E+00   0.000000E+00   0.000000E+00   0.000000E+00   0.000000E+00   0.000000E+00   0.000000E+00   0.000000E+00
   11    1    1    1    1    1   15
            NaN   0.757752E-02   0.604780E-03   0.690564E-04   0.533313E-05   0.750808E-06   0.457677E-07   0.000000E+00   0.000000E+00   0.000000E+00   0.000000E+00   0.000000E+00   0.000000E+00   0.000000E+00   0.000000E+00
   12    1    1    1    1    1   15
            NaN   0.356042E-02   0.132089E-03   0.907311E-05   0.231276E-06   0.105759E-08   0.000000E+00   0.000000E+00   0.000000E+00   0.000000E+00   0.000000E+00   0.000000E+00   0.000000E+00   0.000000E+00   0.000000E+00
   13    1    1    1    1    1   15
            NaN   0.625970E-02   0.423603E-03   0.445274E-04   0.309688E-05   0.403154E-06   0.228611E-07   0.000000E+00   0.000000E+00   0.000000E+00   0.000000E+00   0.000000E+00   0.000000E+00   0.000000E+00   0.000000E+00
   14    1    1    1    1    1   15
            NaN   0.261632E-02   0.157015E-03   0.147840E-04   0.780218E-06   0.608706E-07   0.424936E-09   0.000000E+00   0.000000E+00   0.000000E+00   0.000000E+00   0.000000E+00   0.000000E+00   0.000000E+00   0.000000E+00
   15    1    1    1    1    1   15
            NaN   0.509940E-02   0.661182E-03   0.119287E-03   0.164325E-04   0.433979E-05   0.111935E-05   0.287135E-06   0.226341E-06   0.168917E-06   0.100368E-07   0.522897E-10   0.000000E+00   0.000000E+00   0.000000E+00
   16    1    1    1    1    1   15
            NaN   0.547642E-02   0.175322E-03   0.112822E-04   0.297621E-06   0.597620E-09   0.000000E+00   0.000000E+00   0.000000E+00   0.000000E+00   0.000000E+00   0.000000E+00   0.000000E+00   0.000000E+00   0.000000E+00
   17    1    1    1    1    1   15
            NaN   0.111188E-02   0.375953E-04   0.203899E-05   0.147368E-08   0.000000E+00   0.000000E+00   0.000000E+00   0.000000E+00   0.000000E+00   0.000000E+00   0.000000E+00   0.000000E+00   0.000000E+00   0.000000E+00
   18    1    1    1    1    1   15
            NaN   0.392188E-02   0.236623E-03   0.238743E-04   0.160775E-05   0.185802E-06   0.545091E-08   0.000000E+00   0.000000E+00   0.000000E+00   0.000000E+00   0.000000E+00   0.000000E+00   0.000000E+00   0.000000E+00
   19    1    1    1    1    1   15
            NaN   0.142893E-03   0.560207E-06   0.000000E+00   0.000000E+00   0.000000E+00   0.000000E+00   0.000000E+00   0.000000E+00   0.000000E+00   0.000000E+00   0.000000E+00   0.000000E+00   0.000000E+00   0.000000E+00
   20    1    1    1    1    1   15
            NaN   0.121666E-02   0.157474E-04   0.197602E-06   0.000000E+00   0.000000E+00   0.000000E+00   0.000000E+00   0.000000E+00   0.000000E+00   0.000000E+00   0.000000E+00   0.000000E+00   0.000000E+00   0.000000E+00
   21    1    1    1    1    1   15
            NaN   0.753299E-03   0.112600E-04   0.237815E-06   0.000000E+00   0.000000E+00   0.000000E+00   0.000000E+00   0.000000E+00   0.000000E+00   0.000000E+00   0.000000E+00   0.000000E+00   0.000000E+00   0.000000E+00
   22    1    1    1    1    1   15
            NaN   0.172631E-02   0.494023E-04   0.260418E-05   0.453556E-07   0.458664E-09   0.000000E+00   0.000000E+00   0.000000E+00   0.000000E+00   0.000000E+00   0.000000E+00   0.000000E+00   0.000000E+00   0.000000E+00
   23    1    1    1    1    1   15
            NaN   0.713637E-03   0.172482E-04   0.638373E-06   0.000000E+00   0.000000E+00   0.000000E+00   0.000000E+00   0.000000E+00   0.000000E+00   0.000000E+00   0.000000E+00   0.000000E+00   0.000000E+00   0.000000E+00
   24    1    1    1    1    1   15
            NaN   0.775304E-02   0.498649E-03   0.556842E-04   0.450661E-05   0.764967E-06   0.978403E-07   0.667721E-08   0.369351E-08   0.158828E-08   0.000000E+00   0.000000E+00   0.000000E+00   0.000000E+00   0.000000E+00
   25    1    1    1    1    1   15
            NaN   0.131392E-03   0.148151E-06   0.000000E+00   0.000000E+00   0.000000E+00   0.000000E+00   0.000000E+00   0.000000E+00   0.000000E+00   0.000000E+00   0.000000E+00   0.000000E+00   0.000000E+00   0.000000E+00
   26    1    1    1    1    1   15
            NaN   0.242414E-02   0.174747E-03   0.190814E-04   0.133713E-05   0.145612E-06   0.248587E-08   0.000000E+00   0.000000E+00   0.000000E+00   0.000000E+00   0.000000E+00   0.000000E+00   0.000000E+00   0.000000E+00
   27    1    1    1    1    1   15
            NaN   0.665441E-02   0.147432E-03   0.587669E-05   0.205873E-08   0.000000E+00   0.000000E+00   0.000000E+00   0.000000E+00   0.000000E+00   0.000000E+00   0.000000E+00   0.000000E+00   0.000000E+00   0.000000E+00
   28    1    1    1    1    1   15
            NaN   0.132803E-02   0.335876E-04   0.118617E-05   0.000000E+00   0.000000E+00   0.000000E+00   0.000000E+00   0.000000E+00   0.000000E+00   0.000000E+00   0.000000E+00   0.000000E+00   0.000000E+00   0.000000E+00
   29    1    1    1    1    1   15
            NaN   0.862820E-03   0.948078E-05   0.229969E-07   0.000000E+00   0.000000E+00   0.000000E+00   0.000000E+00   0.000000E+00   0.000000E+00   0.000000E+00   0.000000E+00   0.000000E+00   0.000000E+00   0.000000E+00
   30    1    1    1    1    1   15
            NaN   0.996315E-03   0.129713E-03   0.149066E-04   0.909005E-06   0.923926E-08   0.000000E+00   0.000000E+00   0.000000E+00   0.000000E+00   0.000000E+00   0.000000E+00   0.000000E+00   0.000000E+00   0.000000E+00
   31    1    1    1    1    1   15
            NaN   0.487379E-03   0.805674E-04   0.120842E-04   0.120056E-05   0.172564E-06   0.119056E-10   0.000000E+00   0.000000E+00   0.000000E+00   0.000000E+00   0.000000E+00   0.000000E+00   0.000000E+00   0.000000E+00
   32    1    1    1    1    1   15
            NaN   0.103087E-02   0.174771E-03   0.273850E-04   0.283797E-05   0.470036E-06   0.173529E-07   0.000000E+00   0.000000E+00   0.000000E+00   0.000000E+00   0.000000E+00   0.000000E+00   0.000000E+00   0.000000E+00
   33    1    1    1    1    1   15
            NaN   0.228776E-02   0.473071E-03   0.110712E-03   0.162245E-04   0.427024E-05   0.959973E-06   0.106522E-06   0.507857E-07   0.142393E-07   0.000000E+00   0.000000E+00   0.000000E+00   0.000000E+00   0.000000E+00
