             29   nFlt, nWidth
    1    1    1    1    1    1    1    1    1    1    1    1    1    1    1    1    1    1    1    1
    1    1    1    1    1    1    1    1    1
  1.000000
    1  Kamag_Areal                                     segment fault name              
   25    9  nMag, nParamVar
  0.040000  0.120000  0.040000  0.120000  0.360000  0.120000  0.040000  0.120000  0.040000
   1   1   4.050  0.7388E-04  0.7206E-04  0.7148E-04  0.3293E-03  0.3212E-03  0.3186E-03  0.1050E-02  0.1024E-02  0.1015E-02
   1   1   4.150  0.5923E-04  0.5777E-04  0.5731E-04  0.2640E-03  0.2575E-03  0.2554E-03  0.8414E-03  0.8207E-03  0.8141E-03
   1   1   4.250  0.4748E-04  0.4631E-04  0.4594E-04  0.2116E-03  0.2064E-03  0.2048E-03  0.6745E-03  0.6580E-03  0.6526E-03
   1   1   4.350  0.3807E-04  0.3713E-04  0.3683E-04  0.1697E-03  0.1655E-03  0.1641E-03  0.5408E-03  0.5275E-03  0.5232E-03
   1   1   4.450  0.3052E-04  0.2977E-04  0.2953E-04  0.1360E-03  0.1327E-03  0.1316E-03  0.4335E-03  0.4229E-03  0.4194E-03
   1   1   4.550  0.2446E-04  0.2386E-04  0.2367E-04  0.1090E-03  0.1064E-03  0.1055E-03  0.3475E-03  0.3390E-03  0.3363E-03
   1   1   4.650  0.1961E-04  0.1913E-04  0.1898E-04  0.8741E-04  0.8526E-04  0.8457E-04  0.2786E-03  0.2718E-03  0.2696E-03
   1   1   4.750  0.1572E-04  0.1534E-04  0.1521E-04  0.7007E-04  0.6835E-04  0.6780E-04  0.2234E-03  0.2179E-03  0.2161E-03
   1   1   4.850  0.1260E-04  0.1229E-04  0.1220E-04  0.5618E-04  0.5480E-04  0.5435E-04  0.1791E-03  0.1747E-03  0.1733E-03
   1   1   4.950  0.1010E-04  0.9856E-05  0.9777E-05  0.4504E-04  0.4393E-04  0.4357E-04  0.1436E-03  0.1400E-03  0.1389E-03
   1   1   5.050  0.8101E-05  0.7902E-05  0.7838E-05  0.3610E-04  0.3522E-04  0.3493E-04  0.1151E-03  0.1123E-03  0.1113E-03
   1   1   5.150  0.6494E-05  0.6335E-05  0.6283E-05  0.2894E-04  0.2823E-04  0.2800E-04  0.9226E-04  0.8999E-04  0.8926E-04
   1   1   5.250  0.5206E-05  0.5078E-05  0.5037E-05  0.2320E-04  0.2263E-04  0.2245E-04  0.7396E-04  0.7214E-04  0.7156E-04
   1   1   5.350  0.4174E-05  0.4071E-05  0.4038E-05  0.1860E-04  0.1814E-04  0.1800E-04  0.5929E-04  0.5784E-04  0.5737E-04
   1   1   5.450  0.3346E-05  0.3264E-05  0.3237E-05  0.1491E-04  0.1455E-04  0.1443E-04  0.4753E-04  0.4637E-04  0.4599E-04
   1   1   5.550  0.2682E-05  0.2616E-05  0.2595E-05  0.1196E-04  0.1166E-04  0.1157E-04  0.3811E-04  0.3717E-04  0.3687E-04
   1   1   5.650  0.0000E+00  0.2098E-05  0.2081E-05  0.0000E+00  0.9349E-05  0.9273E-05  0.0000E+00  0.2980E-04  0.2956E-04
   1   1   5.750  0.0000E+00  0.1682E-05  0.1668E-05  0.0000E+00  0.7495E-05  0.7434E-05  0.0000E+00  0.2389E-04  0.2370E-04
   1   1   5.850  0.0000E+00  0.1348E-05  0.1337E-05  0.0000E+00  0.6008E-05  0.5960E-05  0.0000E+00  0.1915E-04  0.1900E-04
   1   1   5.950  0.0000E+00  0.1081E-05  0.1072E-05  0.0000E+00  0.4817E-05  0.4778E-05  0.0000E+00  0.1535E-04  0.1523E-04
   1   1   6.050  0.0000E+00  0.8664E-06  0.8594E-06  0.0000E+00  0.3861E-05  0.3830E-05  0.0000E+00  0.1231E-04  0.1221E-04
   1   1   6.150  0.0000E+00  0.0000E+00  0.6890E-06  0.0000E+00  0.0000E+00  0.3071E-05  0.0000E+00  0.0000E+00  0.9788E-05
   1   1   6.250  0.0000E+00  0.0000E+00  0.5523E-06  0.0000E+00  0.0000E+00  0.2462E-05  0.0000E+00  0.0000E+00  0.7846E-05
   1   1   6.350  0.0000E+00  0.0000E+00  0.4428E-06  0.0000E+00  0.0000E+00  0.1973E-05  0.0000E+00  0.0000E+00  0.6290E-05
   1   1   6.450  0.0000E+00  0.0000E+00  0.3550E-06  0.0000E+00  0.0000E+00  0.1582E-05  0.0000E+00  0.0000E+00  0.5043E-05
  1.000000
    2  Shivta_Areal                                    segment fault name              
   25    9  nMag, nParamVar
  0.040000  0.120000  0.040000  0.120000  0.360000  0.120000  0.040000  0.120000  0.040000
   2   1   4.050  0.6956E-04  0.6785E-04  0.6730E-04  0.3293E-03  0.3212E-03  0.3186E-03  0.1029E-02  0.1004E-02  0.9956E-03
   2   1   4.150  0.5576E-04  0.5439E-04  0.5395E-04  0.2640E-03  0.2575E-03  0.2554E-03  0.8249E-03  0.8046E-03  0.7981E-03
   2   1   4.250  0.4470E-04  0.4361E-04  0.4325E-04  0.2116E-03  0.2064E-03  0.2048E-03  0.6613E-03  0.6451E-03  0.6398E-03
   2   1   4.350  0.3584E-04  0.3496E-04  0.3468E-04  0.1697E-03  0.1655E-03  0.1641E-03  0.5302E-03  0.5171E-03  0.5130E-03
   2   1   4.450  0.2873E-04  0.2802E-04  0.2780E-04  0.1360E-03  0.1327E-03  0.1316E-03  0.4250E-03  0.4146E-03  0.4112E-03
   2   1   4.550  0.2303E-04  0.2247E-04  0.2229E-04  0.1090E-03  0.1064E-03  0.1055E-03  0.3407E-03  0.3323E-03  0.3297E-03
   2   1   4.650  0.1847E-04  0.1801E-04  0.1787E-04  0.8741E-04  0.8526E-04  0.8457E-04  0.2732E-03  0.2664E-03  0.2643E-03
   2   1   4.750  0.1480E-04  0.1444E-04  0.1432E-04  0.7007E-04  0.6835E-04  0.6780E-04  0.2190E-03  0.2136E-03  0.2119E-03
   2   1   4.850  0.1187E-04  0.1158E-04  0.1148E-04  0.5618E-04  0.5480E-04  0.5435E-04  0.1756E-03  0.1712E-03  0.1699E-03
   2   1   4.950  0.9514E-05  0.9280E-05  0.9205E-05  0.4504E-04  0.4393E-04  0.4357E-04  0.1407E-03  0.1373E-03  0.1362E-03
   2   1   5.050  0.7627E-05  0.7439E-05  0.7379E-05  0.3610E-04  0.3522E-04  0.3493E-04  0.1128E-03  0.1101E-03  0.1092E-03
   2   1   5.150  0.6114E-05  0.5964E-05  0.5916E-05  0.2894E-04  0.2823E-04  0.2800E-04  0.9045E-04  0.8823E-04  0.8751E-04
   2   1   5.250  0.4902E-05  0.4781E-05  0.4743E-05  0.2320E-04  0.2263E-04  0.2245E-04  0.7251E-04  0.7073E-04  0.7016E-04
   2   1   5.350  0.3930E-05  0.3833E-05  0.3802E-05  0.1860E-04  0.1814E-04  0.1800E-04  0.5813E-04  0.5670E-04  0.5624E-04
   2   1   5.450  0.3150E-05  0.3073E-05  0.3048E-05  0.1491E-04  0.1455E-04  0.1443E-04  0.4660E-04  0.4546E-04  0.4509E-04
   2   1   5.550  0.2526E-05  0.2463E-05  0.2444E-05  0.1196E-04  0.1166E-04  0.1157E-04  0.3736E-04  0.3644E-04  0.3615E-04
   2   1   5.650  0.0000E+00  0.1975E-05  0.1959E-05  0.0000E+00  0.9349E-05  0.9273E-05  0.0000E+00  0.2921E-04  0.2898E-04
   2   1   5.750  0.0000E+00  0.1583E-05  0.1570E-05  0.0000E+00  0.7495E-05  0.7434E-05  0.0000E+00  0.2342E-04  0.2323E-04
   2   1   5.850  0.0000E+00  0.1269E-05  0.1259E-05  0.0000E+00  0.6008E-05  0.5960E-05  0.0000E+00  0.1878E-04  0.1862E-04
   2   1   5.950  0.0000E+00  0.1018E-05  0.1009E-05  0.0000E+00  0.4817E-05  0.4778E-05  0.0000E+00  0.1505E-04  0.1493E-04
   2   1   6.050  0.0000E+00  0.8157E-06  0.8091E-06  0.0000E+00  0.3861E-05  0.3830E-05  0.0000E+00  0.1207E-04  0.1197E-04
   2   1   6.150  0.0000E+00  0.0000E+00  0.6487E-06  0.0000E+00  0.0000E+00  0.3071E-05  0.0000E+00  0.0000E+00  0.9596E-05
   2   1   6.250  0.0000E+00  0.0000E+00  0.5200E-06  0.0000E+00  0.0000E+00  0.2462E-05  0.0000E+00  0.0000E+00  0.7693E-05
   2   1   6.350  0.0000E+00  0.0000E+00  0.4169E-06  0.0000E+00  0.0000E+00  0.1973E-05  0.0000E+00  0.0000E+00  0.6167E-05
   2   1   6.450  0.0000E+00  0.0000E+00  0.3342E-06  0.0000E+00  0.0000E+00  0.1582E-05  0.0000E+00  0.0000E+00  0.4944E-05
  1.000000
    3  Jericho_Linear                                  segment fault name              
   44    9  nMag, nParamVar
  0.040000  0.120000  0.040000  0.120000  0.360000  0.120000  0.040000  0.120000  0.040000
   3   1   4.050  0.1489E-01  0.9401E-02  0.6009E-02  0.5213E-01  0.3290E-01  0.2103E-01  0.1191E+00  0.7521E-01  0.4807E-01
   3   1   4.150  0.1194E-01  0.7537E-02  0.4817E-02  0.4179E-01  0.2638E-01  0.1686E-01  0.9552E-01  0.6029E-01  0.3854E-01
   3   1   4.250  0.9572E-02  0.6042E-02  0.3862E-02  0.3350E-01  0.2115E-01  0.1352E-01  0.7657E-01  0.4834E-01  0.3089E-01
   3   1   4.350  0.7673E-02  0.4844E-02  0.3096E-02  0.2686E-01  0.1695E-01  0.1084E-01  0.6139E-01  0.3875E-01  0.2477E-01
   3   1   4.450  0.6152E-02  0.3883E-02  0.2482E-02  0.2153E-01  0.1359E-01  0.8687E-02  0.4921E-01  0.3107E-01  0.1986E-01
   3   1   4.550  0.4932E-02  0.3113E-02  0.1990E-02  0.1726E-01  0.1090E-01  0.6964E-02  0.3945E-01  0.2490E-01  0.1592E-01
   3   1   4.650  0.3954E-02  0.2496E-02  0.1595E-02  0.1384E-01  0.8735E-02  0.5583E-02  0.3163E-01  0.1997E-01  0.1276E-01
   3   1   4.750  0.3169E-02  0.2001E-02  0.1279E-02  0.1109E-01  0.7002E-02  0.4476E-02  0.2536E-01  0.1601E-01  0.1023E-01
   3   1   4.850  0.2541E-02  0.1604E-02  0.1025E-02  0.8893E-02  0.5614E-02  0.3588E-02  0.2033E-01  0.1283E-01  0.8201E-02
   3   1   4.950  0.2037E-02  0.1286E-02  0.8218E-03  0.7129E-02  0.4500E-02  0.2876E-02  0.1630E-01  0.1029E-01  0.6575E-02
   3   1   5.050  0.1633E-02  0.1031E-02  0.6588E-03  0.5715E-02  0.3608E-02  0.2306E-02  0.1306E-01  0.8247E-02  0.5271E-02
   3   1   5.150  0.1309E-02  0.8264E-03  0.5282E-03  0.4582E-02  0.2892E-02  0.1849E-02  0.1047E-01  0.6611E-02  0.4225E-02
   3   1   5.250  0.1050E-02  0.6625E-03  0.4234E-03  0.3673E-02  0.2319E-02  0.1482E-02  0.8396E-02  0.5300E-02  0.3387E-02
   3   1   5.350  0.8414E-03  0.5311E-03  0.3395E-03  0.2945E-02  0.1859E-02  0.1188E-02  0.6731E-02  0.4249E-02  0.2716E-02
   3   1   5.450  0.6745E-03  0.4258E-03  0.2721E-03  0.2361E-02  0.1490E-02  0.9525E-03  0.5396E-02  0.3406E-02  0.2177E-02
   3   1   5.550  0.5407E-03  0.3413E-03  0.2182E-03  0.1893E-02  0.1195E-02  0.7636E-03  0.4326E-02  0.2731E-02  0.1745E-02
   3   1   5.650  0.4335E-03  0.2736E-03  0.1749E-03  0.1517E-02  0.9577E-03  0.6121E-03  0.3468E-02  0.2189E-02  0.1399E-02
   3   1   5.750  0.3475E-03  0.2194E-03  0.1402E-03  0.1216E-02  0.7678E-03  0.4907E-03  0.2780E-02  0.1755E-02  0.1122E-02
   3   1   5.850  0.2786E-03  0.1759E-03  0.1124E-03  0.9751E-03  0.6155E-03  0.3934E-03  0.2229E-02  0.1407E-02  0.8992E-03
   3   1   5.950  0.2233E-03  0.1410E-03  0.9011E-04  0.7817E-03  0.4935E-03  0.3154E-03  0.1787E-02  0.1128E-02  0.7209E-03
   3   1   6.050  0.1791E-03  0.1130E-03  0.7224E-04  0.6267E-03  0.3956E-03  0.2528E-03  0.1432E-02  0.9042E-03  0.5779E-03
   3   1   6.150  0.1435E-03  0.9061E-04  0.5791E-04  0.5024E-03  0.3171E-03  0.2027E-03  0.1148E-02  0.7249E-03  0.4633E-03
   3   1   6.250  0.1151E-03  0.7264E-04  0.4643E-04  0.4028E-03  0.2542E-03  0.1625E-03  0.9206E-03  0.5811E-03  0.3714E-03
   3   1   6.350  0.9225E-04  0.5823E-04  0.3722E-04  0.3229E-03  0.2038E-03  0.1303E-03  0.7380E-03  0.4659E-03  0.2978E-03
   3   1   6.450  0.7396E-04  0.4669E-04  0.2984E-04  0.2589E-03  0.1634E-03  0.1044E-03  0.5917E-03  0.3735E-03  0.2387E-03
   3   1   6.550  0.5929E-04  0.3743E-04  0.2392E-04  0.2075E-03  0.1310E-03  0.8372E-04  0.4743E-03  0.2994E-03  0.1914E-03
   3   1   6.650  0.4753E-04  0.3000E-04  0.1918E-04  0.1664E-03  0.1050E-03  0.6712E-04  0.3803E-03  0.2400E-03  0.1534E-03
   3   1   6.750  0.3811E-04  0.2405E-04  0.1537E-04  0.1334E-03  0.8419E-04  0.5381E-04  0.3048E-03  0.1924E-03  0.1230E-03
   3   1   6.850  0.3055E-04  0.1928E-04  0.1232E-04  0.1069E-03  0.6749E-04  0.4314E-04  0.2444E-03  0.1543E-03  0.9860E-04
   3   1   6.950  0.2449E-04  0.1546E-04  0.9881E-05  0.8571E-04  0.5411E-04  0.3458E-04  0.1959E-03  0.1237E-03  0.7904E-04
   3   1   7.050  0.1963E-04  0.1239E-04  0.7921E-05  0.6871E-04  0.4338E-04  0.2772E-04  0.1571E-03  0.9915E-04  0.6337E-04
   3   1   7.150  0.1574E-04  0.9935E-05  0.6350E-05  0.5509E-04  0.3477E-04  0.2223E-04  0.1259E-03  0.7948E-04  0.5080E-04
   3   1   7.250  0.1283E-03  0.7965E-05  0.5091E-05  0.4489E-03  0.2788E-04  0.1782E-04  0.1026E-02  0.6372E-04  0.4073E-04
   3   1   7.350  0.1283E-03  0.6385E-05  0.4081E-05  0.4489E-03  0.2235E-04  0.1428E-04  0.1026E-02  0.5108E-04  0.3265E-04
   3   1   7.450  0.1283E-03  0.5119E-05  0.3272E-05  0.4489E-03  0.1792E-04  0.1145E-04  0.1026E-02  0.4095E-04  0.2617E-04
   3   1   7.550  0.1283E-03  0.1369E-04  0.2623E-05  0.4489E-03  0.4791E-04  0.9180E-05  0.1026E-02  0.1095E-03  0.2098E-04
   3   1   7.650  0.1283E-03  0.3574E-04  0.2103E-05  0.4489E-03  0.1251E-03  0.7360E-05  0.1026E-02  0.2859E-03  0.1682E-04
   3   1   7.750  0.0000E+00  0.3574E-04  0.1686E-05  0.0000E+00  0.1251E-03  0.5900E-05  0.0000E+00  0.2859E-03  0.1349E-04
   3   1   7.850  0.0000E+00  0.3574E-04  0.1351E-05  0.0000E+00  0.1251E-03  0.4730E-05  0.0000E+00  0.2859E-03  0.1081E-04
   3   1   7.950  0.0000E+00  0.3574E-04  0.7565E-05  0.0000E+00  0.1251E-03  0.2648E-04  0.0000E+00  0.2859E-03  0.6052E-04
   3   1   8.050  0.0000E+00  0.2501E-04  0.1031E-04  0.0000E+00  0.8755E-04  0.3607E-04  0.0000E+00  0.2001E-03  0.8245E-04
   3   1   8.150  0.0000E+00  0.0000E+00  0.1031E-04  0.0000E+00  0.0000E+00  0.3607E-04  0.0000E+00  0.0000E+00  0.8245E-04
   3   1   8.250  0.0000E+00  0.0000E+00  0.1031E-04  0.0000E+00  0.0000E+00  0.3607E-04  0.0000E+00  0.0000E+00  0.8245E-04
   3   1   8.350  0.0000E+00  0.0000E+00  0.1031E-04  0.0000E+00  0.0000E+00  0.3607E-04  0.0000E+00  0.0000E+00  0.8245E-04
  1.000000
    4  Arava_Linear                                                    segment fault na
   44    9  nMag, nParamVar
  0.040000  0.120000  0.040000  0.120000  0.360000  0.120000  0.040000  0.120000  0.040000
   4   1   4.050  0.1181E-01  0.7548E-02  0.4825E-02  0.4134E-01  0.2642E-01  0.1689E-01  0.9448E-01  0.6039E-01  0.3860E-01
   4   1   4.150  0.9468E-02  0.6051E-02  0.3868E-02  0.3314E-01  0.2118E-01  0.1354E-01  0.7574E-01  0.4841E-01  0.3094E-01
   4   1   4.250  0.7590E-02  0.4851E-02  0.3101E-02  0.2657E-01  0.1698E-01  0.1085E-01  0.6072E-01  0.3881E-01  0.2481E-01
   4   1   4.350  0.6085E-02  0.3889E-02  0.2486E-02  0.2130E-01  0.1361E-01  0.8700E-02  0.4868E-01  0.3111E-01  0.1989E-01
   4   1   4.450  0.4878E-02  0.3118E-02  0.1993E-02  0.1707E-01  0.1091E-01  0.6975E-02  0.3903E-01  0.2494E-01  0.1594E-01
   4   1   4.550  0.3911E-02  0.2500E-02  0.1598E-02  0.1369E-01  0.8748E-02  0.5591E-02  0.3129E-01  0.2000E-01  0.1278E-01
   4   1   4.650  0.3135E-02  0.2004E-02  0.1281E-02  0.1097E-01  0.7013E-02  0.4483E-02  0.2508E-01  0.1603E-01  0.1025E-01
   4   1   4.750  0.2513E-02  0.1606E-02  0.1027E-02  0.8797E-02  0.5622E-02  0.3594E-02  0.2011E-01  0.1285E-01  0.8214E-02
   4   1   4.850  0.2015E-02  0.1288E-02  0.8231E-03  0.7052E-02  0.4507E-02  0.2881E-02  0.1612E-01  0.1030E-01  0.6585E-02
   4   1   4.950  0.1615E-02  0.1032E-02  0.6599E-03  0.5654E-02  0.3613E-02  0.2310E-02  0.1292E-01  0.8259E-02  0.5279E-02
   4   1   5.050  0.1295E-02  0.8277E-03  0.5290E-03  0.4532E-02  0.2897E-02  0.1852E-02  0.1036E-01  0.6621E-02  0.4232E-02
   4   1   5.150  0.1038E-02  0.6635E-03  0.4241E-03  0.3634E-02  0.2322E-02  0.1484E-02  0.8305E-02  0.5308E-02  0.3393E-02
   4   1   5.250  0.8323E-03  0.5319E-03  0.3400E-03  0.2913E-02  0.1862E-02  0.1190E-02  0.6658E-02  0.4255E-02  0.2720E-02
   4   1   5.350  0.6672E-03  0.4264E-03  0.2726E-03  0.2335E-02  0.1493E-02  0.9539E-03  0.5338E-02  0.3412E-02  0.2180E-02
   4   1   5.450  0.5349E-03  0.3419E-03  0.2185E-03  0.1872E-02  0.1197E-02  0.7648E-03  0.4279E-02  0.2735E-02  0.1748E-02
   4   1   5.550  0.4288E-03  0.2741E-03  0.1752E-03  0.1501E-02  0.9592E-03  0.6131E-03  0.3430E-02  0.2193E-02  0.1401E-02
   4   1   5.650  0.3438E-03  0.2197E-03  0.1404E-03  0.1203E-02  0.7690E-03  0.4915E-03  0.2750E-02  0.1758E-02  0.1123E-02
   4   1   5.750  0.2756E-03  0.1761E-03  0.1126E-03  0.9646E-03  0.6165E-03  0.3940E-03  0.2205E-02  0.1409E-02  0.9006E-03
   4   1   5.850  0.2209E-03  0.1412E-03  0.9025E-04  0.7733E-03  0.4942E-03  0.3159E-03  0.1767E-02  0.1130E-02  0.7220E-03
   4   1   5.950  0.1771E-03  0.1132E-03  0.7235E-04  0.6199E-03  0.3962E-03  0.2532E-03  0.1417E-02  0.9056E-03  0.5788E-03
   4   1   6.050  0.1420E-03  0.9075E-04  0.5800E-04  0.4970E-03  0.3176E-03  0.2030E-03  0.1136E-02  0.7260E-03  0.4640E-03
   4   1   6.150  0.1138E-03  0.7275E-04  0.4650E-04  0.3984E-03  0.2546E-03  0.1628E-03  0.9106E-03  0.5820E-03  0.3720E-03
   4   1   6.250  0.9126E-04  0.5833E-04  0.3728E-04  0.3194E-03  0.2041E-03  0.1305E-03  0.7300E-03  0.4666E-03  0.2982E-03
   4   1   6.350  0.7316E-04  0.4676E-04  0.2989E-04  0.2561E-03  0.1637E-03  0.1046E-03  0.5853E-03  0.3741E-03  0.2391E-03
   4   1   6.450  0.5865E-04  0.3748E-04  0.2396E-04  0.2053E-03  0.1312E-03  0.8385E-04  0.4692E-03  0.2999E-03  0.1917E-03
   4   1   6.550  0.4702E-04  0.3005E-04  0.1921E-04  0.1646E-03  0.1052E-03  0.6722E-04  0.3761E-03  0.2404E-03  0.1537E-03
   4   1   6.650  0.3769E-04  0.2409E-04  0.1540E-04  0.1319E-03  0.8432E-04  0.5389E-04  0.3015E-03  0.1927E-03  0.1232E-03
   4   1   6.750  0.3022E-04  0.1931E-04  0.1234E-04  0.1058E-03  0.6760E-04  0.4320E-04  0.2417E-03  0.1545E-03  0.9875E-04
   4   1   6.850  0.2422E-04  0.1548E-04  0.9896E-05  0.8479E-04  0.5419E-04  0.3464E-04  0.1938E-03  0.1239E-03  0.7917E-04
   4   1   6.950  0.1942E-04  0.1241E-04  0.7933E-05  0.6797E-04  0.4344E-04  0.2777E-04  0.1554E-03  0.9930E-04  0.6347E-04
   4   1   7.050  0.1557E-04  0.9951E-05  0.6360E-05  0.5449E-04  0.3483E-04  0.2226E-04  0.1246E-03  0.7961E-04  0.5088E-04
   4   1   7.150  0.1248E-04  0.7977E-05  0.5099E-05  0.4369E-04  0.2792E-04  0.1785E-04  0.9985E-04  0.6382E-04  0.4079E-04
   4   1   7.250  0.1017E-03  0.6395E-05  0.4087E-05  0.3560E-03  0.2238E-04  0.1431E-04  0.8137E-03  0.5116E-04  0.3270E-04
   4   1   7.350  0.1017E-03  0.5127E-05  0.3277E-05  0.3560E-03  0.1794E-04  0.1147E-04  0.8137E-03  0.4102E-04  0.2621E-04
   4   1   7.450  0.1017E-03  0.4110E-05  0.2627E-05  0.3560E-03  0.1439E-04  0.9194E-05  0.8137E-03  0.3288E-04  0.2102E-04
   4   1   7.550  0.1017E-03  0.1380E-04  0.2106E-05  0.3560E-03  0.4829E-04  0.7371E-05  0.8137E-03  0.1104E-03  0.1685E-04
   4   1   7.650  0.1017E-03  0.2933E-04  0.1688E-05  0.3560E-03  0.1027E-03  0.5909E-05  0.8137E-03  0.2347E-03  0.1351E-04
   4   1   7.750  0.0000E+00  0.2933E-04  0.1353E-05  0.0000E+00  0.1027E-03  0.4737E-05  0.0000E+00  0.2347E-03  0.1083E-04
   4   1   7.850  0.0000E+00  0.2933E-04  0.1085E-05  0.0000E+00  0.1027E-03  0.3798E-05  0.0000E+00  0.2347E-03  0.8681E-05
   4   1   7.950  0.0000E+00  0.2933E-04  0.6958E-05  0.0000E+00  0.1027E-03  0.2435E-04  0.0000E+00  0.2347E-03  0.5566E-04
   4   1   8.050  0.0000E+00  0.1760E-04  0.8460E-05  0.0000E+00  0.6160E-04  0.2961E-04  0.0000E+00  0.1408E-03  0.6768E-04
   4   1   8.150  0.0000E+00  0.0000E+00  0.8460E-05  0.0000E+00  0.0000E+00  0.2961E-04  0.0000E+00  0.0000E+00  0.6768E-04
   4   1   8.250  0.0000E+00  0.0000E+00  0.8460E-05  0.0000E+00  0.0000E+00  0.2961E-04  0.0000E+00  0.0000E+00  0.6768E-04
   4   1   8.350  0.0000E+00  0.0000E+00  0.8460E-05  0.0000E+00  0.0000E+00  0.2961E-04  0.0000E+00  0.0000E+00  0.6768E-04
  1.000000
    5  Zin_Active                                              segment fault name      
   12    9  nMag, nParamVar
  0.040000  0.120000  0.040000  0.120000  0.360000  0.120000  0.040000  0.120000  0.040000
   5   1   4.050  0.6850E-04  0.5342E-04  0.4165E-04  0.3768E-04  0.2938E-04  0.2291E-04  0.6850E-05  0.5342E-05  0.4166E-05
   5   1   4.150  0.5492E-04  0.4282E-04  0.3339E-04  0.3021E-04  0.2355E-04  0.1837E-04  0.5492E-05  0.4282E-05  0.3339E-05
   5   1   4.250  0.2236E-03  0.3433E-04  0.2677E-04  0.1230E-03  0.1888E-04  0.1472E-04  0.2236E-04  0.3433E-05  0.2677E-05
   5   1   4.350  0.4007E-03  0.2752E-04  0.2146E-04  0.2204E-03  0.1514E-04  0.1180E-04  0.4007E-04  0.2752E-05  0.2146E-05
   5   1   4.450  0.4007E-03  0.1121E-03  0.1721E-04  0.2204E-03  0.6163E-04  0.9463E-05  0.4007E-04  0.1121E-04  0.1721E-05
   5   1   4.550  0.4007E-03  0.2008E-03  0.1379E-04  0.2204E-03  0.1105E-03  0.7586E-05  0.4007E-04  0.2008E-04  0.1379E-05
   5   1   4.650  0.4007E-03  0.2008E-03  0.5616E-04  0.2204E-03  0.1105E-03  0.3089E-04  0.4007E-04  0.2008E-04  0.5616E-05
   5   1   4.750  0.2004E-03  0.2008E-03  0.1006E-03  0.1102E-03  0.1105E-03  0.5535E-04  0.2004E-04  0.2008E-04  0.1006E-04
   5   1   4.850  0.0000E+00  0.2008E-03  0.1006E-03  0.0000E+00  0.1105E-03  0.5535E-04  0.0000E+00  0.2008E-04  0.1006E-04
   5   1   4.950  0.0000E+00  0.1004E-03  0.1006E-03  0.0000E+00  0.5523E-04  0.5535E-04  0.0000E+00  0.1004E-04  0.1006E-04
   5   1   5.050  0.0000E+00  0.0000E+00  0.1006E-03  0.0000E+00  0.0000E+00  0.5535E-04  0.0000E+00  0.0000E+00  0.1006E-04
   5   1   5.150  0.0000E+00  0.0000E+00  0.5032E-04  0.0000E+00  0.0000E+00  0.2768E-04  0.0000E+00  0.0000E+00  0.5032E-05
  1.000000
    6  Aragonese_Areal_                                                segment fault na
   35    1  nMag, nParamVar
  1.000000
   6   1   4.050  0.3819E-01
   6   1   4.150  0.3062E-01
   6   1   4.250  0.2455E-01
   6   1   4.350  0.1968E-01
   6   1   4.450  0.1578E-01
   6   1   4.550  0.1265E-01
   6   1   4.650  0.1014E-01
   6   1   4.750  0.8128E-02
   6   1   4.850  0.6516E-02
   6   1   4.950  0.5224E-02
   6   1   5.050  0.4188E-02
   6   1   5.150  0.3357E-02
   6   1   5.250  0.2691E-02
   6   1   5.350  0.2158E-02
   6   1   5.450  0.1730E-02
   6   1   5.550  0.1387E-02
   6   1   5.650  0.1112E-02
   6   1   5.750  0.8912E-03
   6   1   5.850  0.7145E-03
   6   1   5.950  0.5728E-03
   6   1   6.050  0.4592E-03
   6   1   6.150  0.3681E-03
   6   1   6.250  0.2951E-03
   6   1   6.350  0.2366E-03
   6   1   6.450  0.1897E-03
   6   1   6.550  0.1521E-03
   6   1   6.650  0.1219E-03
   6   1   6.750  0.9772E-04
   6   1   6.850  0.7834E-04
   6   1   6.950  0.6280E-04
   6   1   7.050  0.5035E-04
   6   1   7.150  0.4036E-04
   6   1   7.250  0.3236E-04
   6   1   7.350  0.2594E-04
   6   1   7.450  0.2080E-04
  1.000000
    7  Arif_Areal                                      segment fault name              
   15    1  nMag, nParamVar
  1.000000
   7   1   4.050  0.6215E-02
   7   1   4.150  0.4982E-02
   7   1   4.250  0.3994E-02
   7   1   4.350  0.3202E-02
   7   1   4.450  0.2567E-02
   7   1   4.550  0.2058E-02
   7   1   4.650  0.1650E-02
   7   1   4.750  0.1323E-02
   7   1   4.850  0.1060E-02
   7   1   4.950  0.8500E-03
   7   1   5.050  0.6815E-03
   7   1   5.150  0.5463E-03
   7   1   5.250  0.4380E-03
   7   1   5.350  0.3511E-03
   7   1   5.450  0.2815E-03
  1.000000
    8  Arnona_Areal                                    segment fault name              
   35    1  nMag, nParamVar
  1.000000
   8   1   4.050  0.1122E+00
   8   1   4.150  0.8993E-01
   8   1   4.250  0.7210E-01
   8   1   4.350  0.5780E-01
   8   1   4.450  0.4634E-01
   8   1   4.550  0.3715E-01
   8   1   4.650  0.2978E-01
   8   1   4.750  0.2387E-01
   8   1   4.850  0.1914E-01
   8   1   4.950  0.1534E-01
   8   1   5.050  0.1230E-01
   8   1   5.150  0.9861E-02
   8   1   5.250  0.7905E-02
   8   1   5.350  0.6338E-02
   8   1   5.450  0.5081E-02
   8   1   5.550  0.4073E-02
   8   1   5.650  0.3265E-02
   8   1   5.750  0.2618E-02
   8   1   5.850  0.2099E-02
   8   1   5.950  0.1682E-02
   8   1   6.050  0.1349E-02
   8   1   6.150  0.1081E-02
   8   1   6.250  0.8668E-03
   8   1   6.350  0.6949E-03
   8   1   6.450  0.5571E-03
   8   1   6.550  0.4466E-03
   8   1   6.650  0.3580E-03
   8   1   6.750  0.2870E-03
   8   1   6.850  0.2301E-03
   8   1   6.950  0.1845E-03
   8   1   7.050  0.1479E-03
   8   1   7.150  0.1186E-03
   8   1   7.250  0.9504E-04
   8   1   7.350  0.7619E-04
   8   1   7.450  0.6108E-04
  1.000000
    9  Barak_Areal                                     segment fault name              
   15    1  nMag, nParamVar
  1.000000
   9   1   4.050  0.7635E-02
   9   1   4.150  0.6121E-02
   9   1   4.250  0.4907E-02
   9   1   4.350  0.3934E-02
   9   1   4.450  0.3154E-02
   9   1   4.550  0.2528E-02
   9   1   4.650  0.2027E-02
   9   1   4.750  0.1625E-02
   9   1   4.850  0.1303E-02
   9   1   4.950  0.1044E-02
   9   1   5.050  0.8372E-03
   9   1   5.150  0.6711E-03
   9   1   5.250  0.5380E-03
   9   1   5.350  0.4313E-03
   9   1   5.450  0.3458E-03
  1.000000
   10  Beit_Shean_Areal                                        segment fault name      
   25    1  nMag, nParamVar
  1.000000
  10   1   4.050  0.1193E-01
  10   1   4.150  0.9562E-02
  10   1   4.250  0.7665E-02
  10   1   4.350  0.6145E-02
  10   1   4.450  0.4926E-02
  10   1   4.550  0.3949E-02
  10   1   4.650  0.3166E-02
  10   1   4.750  0.2538E-02
  10   1   4.850  0.2035E-02
  10   1   4.950  0.1631E-02
  10   1   5.050  0.1308E-02
  10   1   5.150  0.1048E-02
  10   1   5.250  0.8405E-03
  10   1   5.350  0.6738E-03
  10   1   5.450  0.5402E-03
  10   1   5.550  0.4330E-03
  10   1   5.650  0.3472E-03
  10   1   5.750  0.2783E-03
  10   1   5.850  0.2231E-03
  10   1   5.950  0.1789E-03
  10   1   6.050  0.1434E-03
  10   1   6.150  0.1150E-03
  10   1   6.250  0.9216E-04
  10   1   6.350  0.7388E-04
  10   1   6.450  0.5923E-04
  1.000000
   11  Central_Israel_Areal                                    segment fault name      
   15    1  nMag, nParamVar
  1.000000
  11   1   4.050  0.4774E-02
  11   1   4.150  0.3828E-02
  11   1   4.250  0.3068E-02
  11   1   4.350  0.2460E-02
  11   1   4.450  0.1972E-02
  11   1   4.550  0.1581E-02
  11   1   4.650  0.1267E-02
  11   1   4.750  0.1016E-02
  11   1   4.850  0.8146E-03
  11   1   4.950  0.6530E-03
  11   1   5.050  0.5235E-03
  11   1   5.150  0.4197E-03
  11   1   5.250  0.3365E-03
  11   1   5.350  0.2697E-03
  11   1   5.450  0.2162E-03
  1.000000
   12  Cyprus_Areal                                    segment fault name              
   40    1  nMag, nParamVar
  1.000000
  12   1   4.050  0.5595E+00
  12   1   4.150  0.4468E+00
  12   1   4.250  0.3568E+00
  12   1   4.350  0.2849E+00
  12   1   4.450  0.2275E+00
  12   1   4.550  0.1817E+00
  12   1   4.650  0.1451E+00
  12   1   4.750  0.1158E+00
  12   1   4.850  0.9251E-01
  12   1   4.950  0.7387E-01
  12   1   5.050  0.5899E-01
  12   1   5.150  0.4711E-01
  12   1   5.250  0.3762E-01
  12   1   5.350  0.3004E-01
  12   1   5.450  0.2399E-01
  12   1   5.550  0.1916E-01
  12   1   5.650  0.1530E-01
  12   1   5.750  0.1221E-01
  12   1   5.850  0.9754E-02
  12   1   5.950  0.7789E-02
  12   1   6.050  0.6220E-02
  12   1   6.150  0.4967E-02
  12   1   6.250  0.3966E-02
  12   1   6.350  0.3167E-02
  12   1   6.450  0.2529E-02
  12   1   6.550  0.2020E-02
  12   1   6.650  0.1613E-02
  12   1   6.750  0.1288E-02
  12   1   6.850  0.1028E-02
  12   1   6.950  0.8213E-03
  12   1   7.050  0.6558E-03
  12   1   7.150  0.5237E-03
  12   1   7.250  0.4182E-03
  12   1   7.350  0.3340E-03
  12   1   7.450  0.2667E-03
  12   1   7.550  0.2130E-03
  12   1   7.650  0.1701E-03
  12   1   7.750  0.1358E-03
  12   1   7.850  0.1084E-03
  12   1   7.950  0.8659E-04
  1.000000
   13  East_Sinai_Areal                                        segment fault name      
   20    1  nMag, nParamVar
  1.000000
  13   1   4.050  0.6685E-02
  13   1   4.150  0.5359E-02
  13   1   4.250  0.4296E-02
  13   1   4.350  0.3444E-02
  13   1   4.450  0.2761E-02
  13   1   4.550  0.2213E-02
  13   1   4.650  0.1774E-02
  13   1   4.750  0.1423E-02
  13   1   4.850  0.1140E-02
  13   1   4.950  0.9143E-03
  13   1   5.050  0.7329E-03
  13   1   5.150  0.5876E-03
  13   1   5.250  0.4711E-03
  13   1   5.350  0.3776E-03
  13   1   5.450  0.3027E-03
  13   1   5.550  0.2427E-03
  13   1   5.650  0.1946E-03
  13   1   5.750  0.1560E-03
  13   1   5.850  0.1250E-03
  13   1   5.950  0.1002E-03
  1.000000
   14  Elat_Areal                                      segment fault name              
   35    1  nMag, nParamVar
  1.000000
  14   1   4.050  0.3819E-01
  14   1   4.150  0.3062E-01
  14   1   4.250  0.2455E-01
  14   1   4.350  0.1968E-01
  14   1   4.450  0.1578E-01
  14   1   4.550  0.1265E-01
  14   1   4.650  0.1014E-01
  14   1   4.750  0.8128E-02
  14   1   4.850  0.6516E-02
  14   1   4.950  0.5224E-02
  14   1   5.050  0.4188E-02
  14   1   5.150  0.3357E-02
  14   1   5.250  0.2691E-02
  14   1   5.350  0.2158E-02
  14   1   5.450  0.1730E-02
  14   1   5.550  0.1387E-02
  14   1   5.650  0.1112E-02
  14   1   5.750  0.8912E-03
  14   1   5.850  0.7145E-03
  14   1   5.950  0.5728E-03
  14   1   6.050  0.4592E-03
  14   1   6.150  0.3681E-03
  14   1   6.250  0.2951E-03
  14   1   6.350  0.2366E-03
  14   1   6.450  0.1897E-03
  14   1   6.550  0.1521E-03
  14   1   6.650  0.1219E-03
  14   1   6.750  0.9772E-04
  14   1   6.850  0.7834E-04
  14   1   6.950  0.6280E-04
  14   1   7.050  0.5035E-04
  14   1   7.150  0.4036E-04
  14   1   7.250  0.3236E-04
  14   1   7.350  0.2594E-04
  14   1   7.450  0.2080E-04
  1.000000
   15  Galil_Areal                                     segment fault name              
   15    1  nMag, nParamVar
  1.000000
  15   1   4.050  0.7162E-02
  15   1   4.150  0.5741E-02
  15   1   4.250  0.4603E-02
  15   1   4.350  0.3690E-02
  15   1   4.450  0.2958E-02
  15   1   4.550  0.2371E-02
  15   1   4.650  0.1901E-02
  15   1   4.750  0.1524E-02
  15   1   4.850  0.1222E-02
  15   1   4.950  0.9795E-03
  15   1   5.050  0.7853E-03
  15   1   5.150  0.6295E-03
  15   1   5.250  0.5047E-03
  15   1   5.350  0.4046E-03
  15   1   5.450  0.3243E-03
  1.000000
   16  Mediterranean_1_Areal                                   segment fault name      
   25    1  nMag, nParamVar
  1.000000
  16   1   4.050  0.7877E-01
  16   1   4.150  0.6315E-01
  16   1   4.250  0.5062E-01
  16   1   4.350  0.4058E-01
  16   1   4.450  0.3254E-01
  16   1   4.550  0.2608E-01
  16   1   4.650  0.2091E-01
  16   1   4.750  0.1676E-01
  16   1   4.850  0.1344E-01
  16   1   4.950  0.1077E-01
  16   1   5.050  0.8637E-02
  16   1   5.150  0.6924E-02
  16   1   5.250  0.5551E-02
  16   1   5.350  0.4450E-02
  16   1   5.450  0.3567E-02
  16   1   5.550  0.2860E-02
  16   1   5.650  0.2293E-02
  16   1   5.750  0.1838E-02
  16   1   5.850  0.1474E-02
  16   1   5.950  0.1181E-02
  16   1   6.050  0.9470E-03
  16   1   6.150  0.7592E-03
  16   1   6.250  0.6086E-03
  16   1   6.350  0.4879E-03
  16   1   6.450  0.3912E-03
  1.000000
   17  Mediterranean_2_Areal                                   segment fault name      
   25    1  nMag, nParamVar
  1.000000
  17   1   4.050  0.4534E-01
  17   1   4.150  0.3635E-01
  17   1   4.250  0.2914E-01
  17   1   4.350  0.2336E-01
  17   1   4.450  0.1873E-01
  17   1   4.550  0.1501E-01
  17   1   4.650  0.1204E-01
  17   1   4.750  0.9649E-02
  17   1   4.850  0.7735E-02
  17   1   4.950  0.6201E-02
  17   1   5.050  0.4971E-02
  17   1   5.150  0.3985E-02
  17   1   5.250  0.3195E-02
  17   1   5.350  0.2561E-02
  17   1   5.450  0.2053E-02
  17   1   5.550  0.1646E-02
  17   1   5.650  0.1320E-02
  17   1   5.750  0.1058E-02
  17   1   5.850  0.8481E-03
  17   1   5.950  0.6799E-03
  17   1   6.050  0.5451E-03
  17   1   6.150  0.4370E-03
  17   1   6.250  0.3503E-03
  17   1   6.350  0.2808E-03
  17   1   6.450  0.2251E-03
  1.000000
   18  Mediterranean_3_Areal                                   segment fault name      
   25    1  nMag, nParamVar
  1.000000
  18   1   4.050  0.4297E-01
  18   1   4.150  0.3445E-01
  18   1   4.250  0.2762E-01
  18   1   4.350  0.2214E-01
  18   1   4.450  0.1775E-01
  18   1   4.550  0.1423E-01
  18   1   4.650  0.1141E-01
  18   1   4.750  0.9144E-02
  18   1   4.850  0.7331E-02
  18   1   4.950  0.5877E-02
  18   1   5.050  0.4711E-02
  18   1   5.150  0.3777E-02
  18   1   5.250  0.3028E-02
  18   1   5.350  0.2427E-02
  18   1   5.450  0.1946E-02
  18   1   5.550  0.1560E-02
  18   1   5.650  0.1251E-02
  18   1   5.750  0.1003E-02
  18   1   5.850  0.8038E-03
  18   1   5.950  0.6444E-03
  18   1   6.050  0.5166E-03
  18   1   6.150  0.4141E-03
  18   1   6.250  0.3320E-03
  18   1   6.350  0.2662E-03
  18   1   6.450  0.2134E-03
  1.000000
   19  Milhan_Areal                                    segment fault name              
   15    1  nMag, nParamVar
  1.000000
  19   1   4.050  0.3334E-02
  19   1   4.150  0.2673E-02
  19   1   4.250  0.2143E-02
  19   1   4.350  0.1718E-02
  19   1   4.450  0.1377E-02
  19   1   4.550  0.1104E-02
  19   1   4.650  0.8850E-03
  19   1   4.750  0.7095E-03
  19   1   4.850  0.5688E-03
  19   1   4.950  0.4560E-03
  19   1   5.050  0.3656E-03
  19   1   5.150  0.2931E-03
  19   1   5.250  0.2349E-03
  19   1   5.350  0.1883E-03
  19   1   5.450  0.1510E-03
  1.000000
   20  Notrh_Jordan_Areal                                      segment fault name      
   15    1  nMag, nParamVar
  1.000000
  20   1   4.050  0.2148E-01
  20   1   4.150  0.1722E-01
  20   1   4.250  0.1381E-01
  20   1   4.350  0.1107E-01
  20   1   4.450  0.8874E-02
  20   1   4.550  0.7114E-02
  20   1   4.650  0.5703E-02
  20   1   4.750  0.4572E-02
  20   1   4.850  0.3666E-02
  20   1   4.950  0.2939E-02
  20   1   5.050  0.2356E-02
  20   1   5.150  0.1889E-02
  20   1   5.250  0.1514E-02
  20   1   5.350  0.1214E-02
  20   1   5.450  0.9730E-03
  1.000000
   21  Palmira_Areal                                   segment fault name              
   20    1  nMag, nParamVar
  1.000000
  21   1   4.050  0.2790E-01
  21   1   4.150  0.2237E-01
  21   1   4.250  0.1793E-01
  21   1   4.350  0.1438E-01
  21   1   4.450  0.1152E-01
  21   1   4.550  0.9239E-02
  21   1   4.650  0.7407E-02
  21   1   4.750  0.5938E-02
  21   1   4.850  0.4760E-02
  21   1   4.950  0.3816E-02
  21   1   5.050  0.3059E-02
  21   1   5.150  0.2453E-02
  21   1   5.250  0.1966E-02
  21   1   5.350  0.1576E-02
  21   1   5.450  0.1264E-02
  21   1   5.550  0.1013E-02
  21   1   5.650  0.8122E-03
  21   1   5.750  0.6511E-03
  21   1   5.850  0.5220E-03
  21   1   5.950  0.4184E-03
  1.000000
   22  Paran_Areal                                     segment fault name              
   20    1  nMag, nParamVar
  1.000000
  22   1   4.050  0.4778E-02
  22   1   4.150  0.3830E-02
  22   1   4.250  0.3070E-02
  22   1   4.350  0.2462E-02
  22   1   4.450  0.1973E-02
  22   1   4.550  0.1582E-02
  22   1   4.650  0.1268E-02
  22   1   4.750  0.1017E-02
  22   1   4.850  0.8151E-03
  22   1   4.950  0.6534E-03
  22   1   5.050  0.5238E-03
  22   1   5.150  0.4200E-03
  22   1   5.250  0.3367E-03
  22   1   5.350  0.2699E-03
  22   1   5.450  0.2164E-03
  22   1   5.550  0.1735E-03
  22   1   5.650  0.1391E-03
  22   1   5.750  0.1115E-03
  22   1   5.850  0.8937E-04
  22   1   5.950  0.7165E-04
  1.000000
   23  Suez_Areal                                      segment fault name              
   30    1  nMag, nParamVar
  1.000000
  23   1   4.050  0.4456E+00
  23   1   4.150  0.3484E+00
  23   1   4.250  0.2725E+00
  23   1   4.350  0.2131E+00
  23   1   4.450  0.1666E+00
  23   1   4.550  0.1303E+00
  23   1   4.650  0.1019E+00
  23   1   4.750  0.7967E-01
  23   1   4.850  0.6230E-01
  23   1   4.950  0.4872E-01
  23   1   5.050  0.3810E-01
  23   1   5.150  0.2979E-01
  23   1   5.250  0.2330E-01
  23   1   5.350  0.1822E-01
  23   1   5.450  0.1425E-01
  23   1   5.550  0.1114E-01
  23   1   5.650  0.8712E-02
  23   1   5.750  0.6813E-02
  23   1   5.850  0.5327E-02
  23   1   5.950  0.4166E-02
  23   1   6.050  0.3258E-02
  23   1   6.150  0.2548E-02
  23   1   6.250  0.1992E-02
  23   1   6.350  0.1558E-02
  23   1   6.450  0.1218E-02
  23   1   6.550  0.9526E-03
  23   1   6.650  0.7449E-03
  23   1   6.750  0.5825E-03
  23   1   6.850  0.4555E-03
  23   1   6.950  0.3562E-03
  1.000000
   24  Thamad_Areal                                    segment fault name              
   20    1  nMag, nParamVar
  1.000000
  24   1   4.050  0.1289E-01
  24   1   4.150  0.1033E-01
  24   1   4.250  0.8282E-02
  24   1   4.350  0.6640E-02
  24   1   4.450  0.5323E-02
  24   1   4.550  0.4267E-02
  24   1   4.650  0.3421E-02
  24   1   4.750  0.2743E-02
  24   1   4.850  0.2199E-02
  24   1   4.950  0.1763E-02
  24   1   5.050  0.1413E-02
  24   1   5.150  0.1133E-02
  24   1   5.250  0.9082E-03
  24   1   5.350  0.7280E-03
  24   1   5.450  0.5837E-03
  24   1   5.550  0.4679E-03
  24   1   5.650  0.3751E-03
  24   1   5.750  0.3007E-03
  24   1   5.850  0.2411E-03
  24   1   5.950  0.1933E-03
  1.000000
   25  W_Shiarn_Areal                                  segment fault name              
   20    1  nMag, nParamVar
  1.000000
  25   1   4.050  0.3103E-01
  25   1   4.150  0.2488E-01
  25   1   4.250  0.1995E-01
  25   1   4.350  0.1599E-01
  25   1   4.450  0.1282E-01
  25   1   4.550  0.1028E-01
  25   1   4.650  0.8238E-02
  25   1   4.750  0.6604E-02
  25   1   4.850  0.5295E-02
  25   1   4.950  0.4245E-02
  25   1   5.050  0.3403E-02
  25   1   5.150  0.2728E-02
  25   1   5.250  0.2187E-02
  25   1   5.350  0.1753E-02
  25   1   5.450  0.1406E-02
  25   1   5.550  0.1127E-02
  25   1   5.650  0.9033E-03
  25   1   5.750  0.7242E-03
  25   1   5.850  0.5805E-03
  25   1   5.950  0.4654E-03
  1.000000
   26  Carmel_Linear                                           segment fault name      
   28    1  nMag, nParamVar
  1.000000
  26   1   4.050  0.2627E-02
  26   1   4.150  0.2106E-02
  26   1   4.250  0.1688E-02
  26   1   4.350  0.1354E-02
  26   1   4.450  0.1085E-02
  26   1   4.550  0.8700E-03
  26   1   4.650  0.6974E-03
  26   1   4.750  0.5591E-03
  26   1   4.850  0.4482E-03
  26   1   4.950  0.3593E-03
  26   1   5.050  0.2881E-03
  26   1   5.150  0.2309E-03
  26   1   5.250  0.1851E-03
  26   1   5.350  0.1484E-03
  26   1   5.450  0.1190E-03
  26   1   5.550  0.9539E-04
  26   1   5.650  0.7647E-04
  26   1   5.750  0.6131E-04
  26   1   5.850  0.4915E-04
  26   1   5.950  0.3940E-04
  26   1   6.050  0.3159E-04
  26   1   6.150  0.2532E-04
  26   1   6.250  0.1031E-03
  26   1   6.350  0.1848E-03
  26   1   6.450  0.1848E-03
  26   1   6.550  0.1848E-03
  26   1   6.650  0.1848E-03
  26   1   6.750  0.9238E-04
  1.000000
   27  Roum_Linear                                             segment fault name      
   38    1  nMag, nParamVar
  1.000000
  27   1   4.050  0.7414E-02
  27   1   4.150  0.5944E-02
  27   1   4.250  0.4765E-02
  27   1   4.350  0.3820E-02
  27   1   4.450  0.3062E-02
  27   1   4.550  0.2455E-02
  27   1   4.650  0.1968E-02
  27   1   4.750  0.1578E-02
  27   1   4.850  0.1265E-02
  27   1   4.950  0.1014E-02
  27   1   5.050  0.8129E-03
  27   1   5.150  0.6517E-03
  27   1   5.250  0.5225E-03
  27   1   5.350  0.4188E-03
  27   1   5.450  0.3358E-03
  27   1   5.550  0.2692E-03
  27   1   5.650  0.2158E-03
  27   1   5.750  0.1730E-03
  27   1   5.850  0.1387E-03
  27   1   5.950  0.1112E-03
  27   1   6.050  0.8914E-04
  27   1   6.150  0.7146E-04
  27   1   6.250  0.5729E-04
  27   1   6.350  0.4593E-04
  27   1   6.450  0.3682E-04
  27   1   6.550  0.2952E-04
  27   1   6.650  0.2366E-04
  27   1   6.750  0.1897E-04
  27   1   6.850  0.1521E-04
  27   1   6.950  0.1219E-04
  27   1   7.050  0.9774E-05
  27   1   7.150  0.7835E-05
  27   1   7.250  0.3190E-04
  27   1   7.350  0.5717E-04
  27   1   7.450  0.5717E-04
  27   1   7.550  0.5717E-04
  27   1   7.650  0.5717E-04
  27   1   7.750  0.2858E-04
  1.000000
   28  Serghaya_Linear                         segment fault name                      
   38    1  nMag, nParamVar
  1.000000
  28   1   4.050  0.1523E-01
  28   1   4.150  0.1221E-01
  28   1   4.250  0.9785E-02
  28   1   4.350  0.7845E-02
  28   1   4.450  0.6289E-02
  28   1   4.550  0.5042E-02
  28   1   4.650  0.4042E-02
  28   1   4.750  0.3240E-02
  28   1   4.850  0.2598E-02
  28   1   4.950  0.2082E-02
  28   1   5.050  0.1669E-02
  28   1   5.150  0.1338E-02
  28   1   5.250  0.1073E-02
  28   1   5.350  0.8601E-03
  28   1   5.450  0.6896E-03
  28   1   5.550  0.5528E-03
  28   1   5.650  0.4432E-03
  28   1   5.750  0.3553E-03
  28   1   5.850  0.2848E-03
  28   1   5.950  0.2283E-03
  28   1   6.050  0.1831E-03
  28   1   6.150  0.1467E-03
  28   1   6.250  0.1176E-03
  28   1   6.350  0.9431E-04
  28   1   6.450  0.7561E-04
  28   1   6.550  0.6061E-04
  28   1   6.650  0.4859E-04
  28   1   6.750  0.3896E-04
  28   1   6.850  0.3123E-04
  28   1   6.950  0.2504E-04
  28   1   7.050  0.2007E-04
  28   1   7.150  0.1609E-04
  28   1   7.250  0.6551E-04
  28   1   7.350  0.1174E-03
  28   1   7.450  0.1174E-03
  28   1   7.550  0.1174E-03
  28   1   7.650  0.1174E-03
  28   1   7.750  0.5870E-04
  1.000000
   29  YHK_Linear                                                      segment fault na
   40    1  nMag, nParamVar
  1.000000
  29   1   4.050  0.3571E-01
  29   1   4.150  0.2863E-01
  29   1   4.250  0.2295E-01
  29   1   4.350  0.1840E-01
  29   1   4.450  0.1475E-01
  29   1   4.550  0.1182E-01
  29   1   4.650  0.9479E-02
  29   1   4.750  0.7599E-02
  29   1   4.850  0.6092E-02
  29   1   4.950  0.4884E-02
  29   1   5.050  0.3915E-02
  29   1   5.150  0.3139E-02
  29   1   5.250  0.2516E-02
  29   1   5.350  0.2017E-02
  29   1   5.450  0.1617E-02
  29   1   5.550  0.1296E-02
  29   1   5.650  0.1039E-02
  29   1   5.750  0.8332E-03
  29   1   5.850  0.6680E-03
  29   1   5.950  0.5355E-03
  29   1   6.050  0.4293E-03
  29   1   6.150  0.3442E-03
  29   1   6.250  0.2759E-03
  29   1   6.350  0.2212E-03
  29   1   6.450  0.1773E-03
  29   1   6.550  0.1422E-03
  29   1   6.650  0.1140E-03
  29   1   6.750  0.9136E-04
  29   1   6.850  0.7324E-04
  29   1   6.950  0.5871E-04
  29   1   7.050  0.4707E-04
  29   1   7.150  0.3774E-04
  29   1   7.250  0.3025E-04
  29   1   7.350  0.2425E-04
  29   1   7.450  0.1944E-04
  29   1   7.550  0.1584E-03
  29   1   7.650  0.1584E-03
  29   1   7.750  0.1584E-03
  29   1   7.850  0.1584E-03
  29   1   7.950  0.1584E-03
