    1    1    1    1    1    9   15
         NaN  0.3596E-03  0.2958E-03  0.1818E-03  0.8101E-04  0.4353E-04  0.2249E-04  0.1167E-04  0.1044E-04  0.9127E-05  0.2937E-05  0.8892E-06  0.3143E-06  0.1794E-06  0.2601E-07
         NaN  0.3579E-03  0.2956E-03  0.1842E-03  0.8502E-04  0.4732E-04  0.2548E-04  0.1379E-04  0.1243E-04  0.1096E-04  0.3785E-05  0.1233E-05  0.4657E-06  0.2765E-06  0.4647E-07
         NaN  0.3570E-03  0.2953E-03  0.1847E-03  0.8619E-04  0.4856E-04  0.2656E-04  0.1462E-04  0.1321E-04  0.1169E-04  0.4160E-05  0.1397E-05  0.5419E-06  0.3266E-06  0.5828E-07
         NaN  0.1603E-02  0.1319E-02  0.8100E-03  0.3611E-03  0.1940E-03  0.1003E-03  0.5202E-04  0.4654E-04  0.4068E-04  0.1309E-04  0.3963E-05  0.1401E-05  0.7996E-06  0.1159E-06
         NaN  0.1595E-02  0.1318E-02  0.8208E-03  0.3789E-03  0.2109E-03  0.1136E-03  0.6148E-04  0.5539E-04  0.4883E-04  0.1687E-04  0.5494E-05  0.2076E-05  0.1232E-05  0.2071E-06
         NaN  0.1591E-02  0.1316E-02  0.8232E-03  0.3842E-03  0.2164E-03  0.1184E-03  0.6516E-04  0.5888E-04  0.5209E-04  0.1854E-04  0.6225E-05  0.2415E-05  0.1456E-05  0.2598E-06
         NaN  0.5109E-02  0.4203E-02  0.2582E-02  0.1151E-02  0.6184E-03  0.3196E-03  0.1658E-03  0.1483E-03  0.1297E-03  0.4173E-04  0.1263E-04  0.4465E-05  0.2549E-05  0.3695E-06
         NaN  0.5084E-02  0.4200E-02  0.2616E-02  0.1208E-02  0.6722E-03  0.3620E-03  0.1960E-03  0.1766E-03  0.1556E-03  0.5377E-04  0.1751E-04  0.6616E-05  0.3927E-05  0.6601E-06
         NaN  0.5072E-02  0.4195E-02  0.2624E-02  0.1224E-02  0.6898E-03  0.3773E-03  0.2077E-03  0.1877E-03  0.1660E-03  0.5909E-04  0.1984E-04  0.7699E-05  0.4640E-05  0.8280E-06
    2    1    1    1    1    9   15
         NaN  0.1372E-03  0.1794E-04  0.3071E-05  0.3879E-06  0.9512E-07  0.2172E-07  0.4591E-08  0.3458E-08  0.2428E-08  0.4346E-10  0.0000E+00  0.0000E+00  0.0000E+00  0.0000E+00
         NaN  0.1404E-03  0.2190E-04  0.4696E-05  0.7590E-06  0.2207E-06  0.6253E-07  0.1752E-07  0.1402E-07  0.1067E-07  0.7627E-09  0.6783E-11  0.0000E+00  0.0000E+00  0.0000E+00
         NaN  0.1412E-03  0.2331E-04  0.5506E-05  0.1007E-05  0.3176E-06  0.9866E-07  0.3119E-07  0.2558E-07  0.2009E-07  0.2240E-08  0.1160E-09  0.1319E-11  0.0000E+00  0.0000E+00
         NaN  0.6496E-03  0.8494E-04  0.1454E-04  0.1836E-05  0.4503E-06  0.1028E-06  0.2173E-07  0.1637E-07  0.1149E-07  0.2058E-09  0.0000E+00  0.0000E+00  0.0000E+00  0.0000E+00
         NaN  0.6648E-03  0.1037E-03  0.2223E-04  0.3593E-05  0.1045E-05  0.2960E-06  0.8293E-07  0.6636E-07  0.5049E-07  0.3610E-08  0.3211E-10  0.0000E+00  0.0000E+00  0.0000E+00
         NaN  0.6685E-03  0.1104E-03  0.2606E-04  0.4768E-05  0.1504E-05  0.4670E-06  0.1476E-06  0.1211E-06  0.9510E-07  0.1060E-07  0.5492E-09  0.6242E-11  0.0000E+00  0.0000E+00
         NaN  0.2030E-02  0.2654E-03  0.4542E-04  0.5738E-05  0.1407E-05  0.3213E-06  0.6792E-07  0.5115E-07  0.3591E-07  0.6430E-09  0.0000E+00  0.0000E+00  0.0000E+00  0.0000E+00
         NaN  0.2078E-02  0.3240E-03  0.6947E-04  0.1123E-04  0.3266E-05  0.9250E-06  0.2591E-06  0.2074E-06  0.1578E-06  0.1128E-07  0.1003E-09  0.0000E+00  0.0000E+00  0.0000E+00
         NaN  0.2089E-02  0.3449E-03  0.8145E-04  0.1490E-04  0.4699E-05  0.1459E-05  0.4613E-06  0.3784E-06  0.2972E-06  0.3313E-07  0.1716E-08  0.1951E-10  0.0000E+00  0.0000E+00
    3    1    1    1    1    9   15
         NaN  0.3541E-02  0.5483E-03  0.7063E-04  0.5658E-05  0.3201E-06  0.0000E+00  0.0000E+00  0.0000E+00  0.0000E+00  0.0000E+00  0.0000E+00  0.0000E+00  0.0000E+00  0.0000E+00
         NaN  0.1552E-02  0.3110E-03  0.5328E-04  0.5983E-05  0.1169E-05  0.6855E-07  0.0000E+00  0.0000E+00  0.0000E+00  0.0000E+00  0.0000E+00  0.0000E+00  0.0000E+00  0.0000E+00
         NaN  0.7559E-03  0.1500E-03  0.3245E-04  0.4446E-05  0.1137E-05  0.2199E-06  0.6623E-08  0.0000E+00  0.0000E+00  0.0000E+00  0.0000E+00  0.0000E+00  0.0000E+00  0.0000E+00
         NaN  0.1239E-01  0.1919E-02  0.2472E-03  0.1980E-04  0.1120E-05  0.0000E+00  0.0000E+00  0.0000E+00  0.0000E+00  0.0000E+00  0.0000E+00  0.0000E+00  0.0000E+00  0.0000E+00
         NaN  0.5433E-02  0.1089E-02  0.1865E-03  0.2094E-04  0.4090E-05  0.2399E-06  0.0000E+00  0.0000E+00  0.0000E+00  0.0000E+00  0.0000E+00  0.0000E+00  0.0000E+00  0.0000E+00
         NaN  0.2646E-02  0.5250E-03  0.1136E-03  0.1556E-04  0.3981E-05  0.7698E-06  0.2318E-07  0.0000E+00  0.0000E+00  0.0000E+00  0.0000E+00  0.0000E+00  0.0000E+00  0.0000E+00
         NaN  0.2833E-01  0.4386E-02  0.5650E-03  0.4526E-04  0.2561E-05  0.0000E+00  0.0000E+00  0.0000E+00  0.0000E+00  0.0000E+00  0.0000E+00  0.0000E+00  0.0000E+00  0.0000E+00
         NaN  0.1242E-01  0.2488E-02  0.4262E-03  0.4786E-04  0.9349E-05  0.5484E-06  0.0000E+00  0.0000E+00  0.0000E+00  0.0000E+00  0.0000E+00  0.0000E+00  0.0000E+00  0.0000E+00
         NaN  0.6047E-02  0.1200E-02  0.2596E-03  0.3557E-04  0.9099E-05  0.1760E-05  0.5299E-07  0.0000E+00  0.0000E+00  0.0000E+00  0.0000E+00  0.0000E+00  0.0000E+00  0.0000E+00
    4    1    1    1    1    9   15
         NaN  0.4709E-02  0.1197E-02  0.2957E-03  0.4476E-04  0.1209E-04  0.2872E-05  0.3667E-06  0.2210E-06  0.1039E-06  0.0000E+00  0.0000E+00  0.0000E+00  0.0000E+00  0.0000E+00
         NaN  0.2562E-02  0.5770E-03  0.1810E-03  0.3456E-04  0.1068E-04  0.3217E-05  0.9045E-06  0.7047E-06  0.5088E-06  0.0000E+00  0.0000E+00  0.0000E+00  0.0000E+00  0.0000E+00
         NaN  0.1491E-02  0.2678E-03  0.9147E-04  0.2081E-04  0.7051E-05  0.2321E-05  0.7959E-06  0.6604E-06  0.5235E-06  0.2600E-07  0.0000E+00  0.0000E+00  0.0000E+00  0.0000E+00
         NaN  0.1648E-01  0.4188E-02  0.1035E-02  0.1567E-03  0.4233E-04  0.1005E-04  0.1284E-05  0.7733E-06  0.3636E-06  0.0000E+00  0.0000E+00  0.0000E+00  0.0000E+00  0.0000E+00
         NaN  0.8967E-02  0.2019E-02  0.6336E-03  0.1210E-03  0.3737E-04  0.1126E-04  0.3166E-05  0.2466E-05  0.1781E-05  0.0000E+00  0.0000E+00  0.0000E+00  0.0000E+00  0.0000E+00
         NaN  0.5220E-02  0.9373E-03  0.3201E-03  0.7283E-04  0.2468E-04  0.8124E-05  0.2786E-05  0.2312E-05  0.1832E-05  0.9101E-07  0.0000E+00  0.0000E+00  0.0000E+00  0.0000E+00
         NaN  0.3768E-01  0.9573E-02  0.2366E-02  0.3581E-03  0.9675E-04  0.2298E-04  0.2934E-05  0.1768E-05  0.8311E-06  0.0000E+00  0.0000E+00  0.0000E+00  0.0000E+00  0.0000E+00
         NaN  0.2050E-01  0.4616E-02  0.1448E-02  0.2765E-03  0.8541E-04  0.2573E-04  0.7236E-05  0.5638E-05  0.4071E-05  0.0000E+00  0.0000E+00  0.0000E+00  0.0000E+00  0.0000E+00
         NaN  0.1193E-01  0.2142E-02  0.7318E-03  0.1665E-03  0.5641E-04  0.1857E-04  0.6367E-05  0.5284E-05  0.4188E-05  0.2080E-06  0.0000E+00  0.0000E+00  0.0000E+00  0.0000E+00
    5    1    1    1    1    9   15
         NaN  0.1998E-01  0.4513E-02  0.1851E-02  0.6862E-03  0.3182E-03  0.1374E-03  0.5946E-04  0.5160E-04  0.4348E-04  0.1020E-04  0.1989E-05  0.2621E-06  0.3313E-07  0.0000E+00
         NaN  0.1203E-01  0.2411E-02  0.8753E-03  0.3409E-03  0.1771E-03  0.8561E-04  0.4053E-04  0.3566E-04  0.3054E-04  0.8255E-05  0.2071E-05  0.5487E-06  0.2170E-06  0.0000E+00
         NaN  0.7291E-02  0.1370E-02  0.4383E-03  0.1505E-03  0.7752E-04  0.3856E-04  0.1890E-04  0.1672E-04  0.1441E-04  0.4101E-05  0.1083E-05  0.3411E-06  0.1685E-06  0.0000E+00
         NaN  0.6994E-01  0.1580E-01  0.6478E-02  0.2402E-02  0.1114E-02  0.4809E-03  0.2081E-03  0.1806E-03  0.1522E-03  0.3570E-04  0.6962E-05  0.9174E-06  0.1160E-06  0.0000E+00
         NaN  0.4210E-01  0.8439E-02  0.3064E-02  0.1193E-02  0.6199E-03  0.2996E-03  0.1419E-03  0.1248E-03  0.1069E-03  0.2889E-04  0.7250E-05  0.1920E-05  0.7596E-06  0.0000E+00
         NaN  0.2552E-01  0.4797E-02  0.1534E-02  0.5266E-03  0.2713E-03  0.1350E-03  0.6614E-04  0.5851E-04  0.5042E-04  0.1435E-04  0.3791E-05  0.1194E-05  0.5899E-06  0.0000E+00
         NaN  0.1599E+00  0.3610E-01  0.1481E-01  0.5489E-02  0.2546E-02  0.1099E-02  0.4757E-03  0.4128E-03  0.3478E-03  0.8161E-04  0.1591E-04  0.2097E-05  0.2651E-06  0.0000E+00
         NaN  0.9623E-01  0.1929E-01  0.7002E-02  0.2727E-02  0.1417E-02  0.6849E-03  0.3243E-03  0.2853E-03  0.2443E-03  0.6604E-04  0.1657E-04  0.4390E-05  0.1736E-05  0.0000E+00
         NaN  0.5832E-01  0.1096E-01  0.3507E-02  0.1204E-02  0.6202E-03  0.3085E-03  0.1512E-03  0.1337E-03  0.1153E-03  0.3281E-04  0.8666E-05  0.2728E-05  0.1348E-05  0.0000E+00
    6    1    1    1    1    9   15
         NaN  0.2804E-01  0.6827E-02  0.2666E-02  0.1058E-02  0.5408E-03  0.2561E-03  0.1192E-03  0.1046E-03  0.8935E-04  0.2356E-04  0.5692E-05  0.1396E-05  0.4999E-06  0.0000E+00
         NaN  0.1709E-01  0.3874E-02  0.1340E-02  0.4886E-03  0.2541E-03  0.1258E-03  0.6116E-04  0.5403E-04  0.4650E-04  0.1306E-04  0.3382E-05  0.1030E-05  0.4883E-06  0.0000E+00
         NaN  0.1055E-01  0.2307E-02  0.7346E-03  0.2336E-03  0.1145E-03  0.5551E-04  0.2699E-04  0.2386E-04  0.2056E-04  0.5833E-05  0.1539E-05  0.4904E-06  0.2543E-06  0.1461E-08
         NaN  0.9813E-01  0.2389E-01  0.9332E-02  0.3704E-02  0.1893E-02  0.8964E-03  0.4173E-03  0.3662E-03  0.3127E-03  0.8247E-04  0.1992E-04  0.4887E-05  0.1750E-05  0.0000E+00
         NaN  0.5981E-01  0.1356E-01  0.4690E-02  0.1710E-02  0.8893E-03  0.4403E-03  0.2141E-03  0.1891E-03  0.1627E-03  0.4571E-04  0.1184E-04  0.3606E-05  0.1709E-05  0.0000E+00
         NaN  0.3691E-01  0.8074E-02  0.2571E-02  0.8178E-03  0.4007E-03  0.1943E-03  0.9447E-04  0.8352E-04  0.7196E-04  0.2041E-04  0.5386E-05  0.1716E-05  0.8900E-06  0.5113E-08
         NaN  0.2243E+00  0.5461E-01  0.2133E-01  0.8466E-02  0.4327E-02  0.2049E-02  0.9539E-03  0.8371E-03  0.7148E-03  0.1885E-03  0.4554E-04  0.1117E-04  0.3999E-05  0.0000E+00
         NaN  0.1367E+00  0.3099E-01  0.1072E-01  0.3909E-02  0.2033E-02  0.1006E-02  0.4893E-03  0.4323E-03  0.3720E-03  0.1045E-03  0.2705E-04  0.8242E-05  0.3906E-05  0.0000E+00
         NaN  0.8436E-01  0.1846E-01  0.5877E-02  0.1869E-02  0.9158E-03  0.4441E-03  0.2159E-03  0.1909E-03  0.1645E-03  0.4666E-04  0.1231E-04  0.3923E-05  0.2034E-05  0.1169E-07
    7    1    1    1    1    9   15
         NaN  0.5881E-02  0.1597E-02  0.4342E-03  0.7079E-04  0.1996E-04  0.5277E-05  0.9416E-06  0.6353E-06  0.3649E-06  0.0000E+00  0.0000E+00  0.0000E+00  0.0000E+00  0.0000E+00
         NaN  0.3170E-02  0.7317E-03  0.2446E-03  0.4972E-04  0.1584E-04  0.4917E-05  0.1511E-05  0.1207E-05  0.9044E-06  0.0000E+00  0.0000E+00  0.0000E+00  0.0000E+00  0.0000E+00
         NaN  0.1832E-02  0.3329E-03  0.1162E-03  0.2772E-04  0.9614E-05  0.3243E-05  0.1135E-05  0.9506E-06  0.7629E-06  0.5944E-07  0.0000E+00  0.0000E+00  0.0000E+00  0.0000E+00
         NaN  0.2058E-01  0.5589E-02  0.1520E-02  0.2478E-03  0.6985E-04  0.1847E-04  0.3296E-05  0.2223E-05  0.1277E-05  0.0000E+00  0.0000E+00  0.0000E+00  0.0000E+00  0.0000E+00
         NaN  0.1110E-01  0.2561E-02  0.8562E-03  0.1740E-03  0.5543E-04  0.1721E-04  0.5288E-05  0.4226E-05  0.3165E-05  0.0000E+00  0.0000E+00  0.0000E+00  0.0000E+00  0.0000E+00
         NaN  0.6413E-02  0.1165E-02  0.4066E-03  0.9703E-04  0.3365E-04  0.1135E-04  0.3974E-05  0.3327E-05  0.2670E-05  0.2081E-06  0.0000E+00  0.0000E+00  0.0000E+00  0.0000E+00
         NaN  0.4704E-01  0.1277E-01  0.3474E-02  0.5664E-03  0.1597E-03  0.4221E-04  0.7533E-05  0.5082E-05  0.2919E-05  0.0000E+00  0.0000E+00  0.0000E+00  0.0000E+00  0.0000E+00
         NaN  0.2536E-01  0.5853E-02  0.1957E-02  0.3978E-03  0.1267E-03  0.3934E-04  0.1209E-04  0.9659E-05  0.7235E-05  0.0000E+00  0.0000E+00  0.0000E+00  0.0000E+00  0.0000E+00
         NaN  0.1466E-01  0.2663E-02  0.9294E-03  0.2218E-03  0.7691E-04  0.2595E-04  0.9084E-05  0.7605E-05  0.6103E-05  0.4756E-06  0.0000E+00  0.0000E+00  0.0000E+00  0.0000E+00
    8    1    1    1    1    9   15
         NaN  0.3842E-02  0.8513E-03  0.1480E-03  0.1671E-04  0.3288E-05  0.1782E-06  0.0000E+00  0.0000E+00  0.0000E+00  0.0000E+00  0.0000E+00  0.0000E+00  0.0000E+00  0.0000E+00
         NaN  0.1918E-02  0.4480E-03  0.1006E-03  0.1406E-04  0.3629E-05  0.7226E-06  0.3670E-07  0.9971E-08  0.0000E+00  0.0000E+00  0.0000E+00  0.0000E+00  0.0000E+00  0.0000E+00
         NaN  0.1043E-02  0.2123E-03  0.5712E-04  0.9456E-05  0.2697E-05  0.7449E-06  0.1478E-06  0.9990E-07  0.5765E-07  0.0000E+00  0.0000E+00  0.0000E+00  0.0000E+00  0.0000E+00
         NaN  0.1345E-01  0.2980E-02  0.5179E-03  0.5849E-04  0.1151E-04  0.6235E-06  0.0000E+00  0.0000E+00  0.0000E+00  0.0000E+00  0.0000E+00  0.0000E+00  0.0000E+00  0.0000E+00
         NaN  0.6715E-02  0.1568E-02  0.3520E-03  0.4920E-04  0.1270E-04  0.2529E-05  0.1285E-06  0.3490E-07  0.0000E+00  0.0000E+00  0.0000E+00  0.0000E+00  0.0000E+00  0.0000E+00
         NaN  0.3650E-02  0.7431E-03  0.1999E-03  0.3310E-04  0.9440E-05  0.2607E-05  0.5172E-06  0.3496E-06  0.2018E-06  0.0000E+00  0.0000E+00  0.0000E+00  0.0000E+00  0.0000E+00
         NaN  0.3074E-01  0.6810E-02  0.1184E-02  0.1337E-03  0.2630E-04  0.1425E-05  0.0000E+00  0.0000E+00  0.0000E+00  0.0000E+00  0.0000E+00  0.0000E+00  0.0000E+00  0.0000E+00
         NaN  0.1535E-01  0.3584E-02  0.8045E-03  0.1125E-03  0.2903E-04  0.5781E-05  0.2936E-06  0.7977E-07  0.0000E+00  0.0000E+00  0.0000E+00  0.0000E+00  0.0000E+00  0.0000E+00
         NaN  0.8344E-02  0.1699E-02  0.4570E-03  0.7565E-04  0.2158E-04  0.5959E-05  0.1182E-05  0.7992E-06  0.4612E-06  0.0000E+00  0.0000E+00  0.0000E+00  0.0000E+00  0.0000E+00
    9    1    1    1    1    9   15
         NaN  0.1523E-02  0.1742E-03  0.1797E-04  0.7304E-06  0.0000E+00  0.0000E+00  0.0000E+00  0.0000E+00  0.0000E+00  0.0000E+00  0.0000E+00  0.0000E+00  0.0000E+00  0.0000E+00
         NaN  0.9319E-03  0.1703E-03  0.2254E-04  0.1801E-05  0.1510E-06  0.0000E+00  0.0000E+00  0.0000E+00  0.0000E+00  0.0000E+00  0.0000E+00  0.0000E+00  0.0000E+00  0.0000E+00
         NaN  0.5493E-03  0.1501E-03  0.2579E-04  0.2860E-05  0.5296E-06  0.3641E-07  0.0000E+00  0.0000E+00  0.0000E+00  0.0000E+00  0.0000E+00  0.0000E+00  0.0000E+00  0.0000E+00
         NaN  0.8379E-03  0.9581E-04  0.9886E-05  0.4017E-06  0.0000E+00  0.0000E+00  0.0000E+00  0.0000E+00  0.0000E+00  0.0000E+00  0.0000E+00  0.0000E+00  0.0000E+00  0.0000E+00
         NaN  0.5126E-03  0.9366E-04  0.1240E-04  0.9908E-06  0.8307E-07  0.0000E+00  0.0000E+00  0.0000E+00  0.0000E+00  0.0000E+00  0.0000E+00  0.0000E+00  0.0000E+00  0.0000E+00
         NaN  0.3021E-03  0.8254E-04  0.1419E-04  0.1573E-05  0.2913E-06  0.2003E-07  0.0000E+00  0.0000E+00  0.0000E+00  0.0000E+00  0.0000E+00  0.0000E+00  0.0000E+00  0.0000E+00
         NaN  0.1523E-03  0.1742E-04  0.1797E-05  0.7304E-07  0.0000E+00  0.0000E+00  0.0000E+00  0.0000E+00  0.0000E+00  0.0000E+00  0.0000E+00  0.0000E+00  0.0000E+00  0.0000E+00
         NaN  0.9319E-04  0.1703E-04  0.2254E-05  0.1801E-06  0.1510E-07  0.0000E+00  0.0000E+00  0.0000E+00  0.0000E+00  0.0000E+00  0.0000E+00  0.0000E+00  0.0000E+00  0.0000E+00
         NaN  0.5493E-04  0.1501E-04  0.2579E-05  0.2860E-06  0.5296E-07  0.3641E-08  0.0000E+00  0.0000E+00  0.0000E+00  0.0000E+00  0.0000E+00  0.0000E+00  0.0000E+00  0.0000E+00
   10    1    1    1    1    1   15
         NaN  0.2326E-02  0.1130E-03  0.9607E-05  0.4573E-06  0.2465E-07  0.0000E+00  0.0000E+00  0.0000E+00  0.0000E+00  0.0000E+00  0.0000E+00  0.0000E+00  0.0000E+00  0.0000E+00
   11    1    1    1    1    1   15
         NaN  0.7578E-02  0.6048E-03  0.6906E-04  0.5333E-05  0.7508E-06  0.4577E-07  0.0000E+00  0.0000E+00  0.0000E+00  0.0000E+00  0.0000E+00  0.0000E+00  0.0000E+00  0.0000E+00
   12    1    1    1    1    1   15
         NaN  0.3560E-02  0.1321E-03  0.9073E-05  0.2313E-06  0.1058E-08  0.0000E+00  0.0000E+00  0.0000E+00  0.0000E+00  0.0000E+00  0.0000E+00  0.0000E+00  0.0000E+00  0.0000E+00
   13    1    1    1    1    1   15
         NaN  0.6260E-02  0.4236E-03  0.4453E-04  0.3097E-05  0.4032E-06  0.2286E-07  0.0000E+00  0.0000E+00  0.0000E+00  0.0000E+00  0.0000E+00  0.0000E+00  0.0000E+00  0.0000E+00
   14    1    1    1    1    1   15
         NaN  0.2616E-02  0.1570E-03  0.1478E-04  0.7802E-06  0.6087E-07  0.4249E-09  0.0000E+00  0.0000E+00  0.0000E+00  0.0000E+00  0.0000E+00  0.0000E+00  0.0000E+00  0.0000E+00
   15    1    1    1    1    1   15
         NaN  0.5099E-02  0.6612E-03  0.1193E-03  0.1643E-04  0.4340E-05  0.1119E-05  0.2871E-06  0.2263E-06  0.1689E-06  0.1004E-07  0.5229E-10  0.0000E+00  0.0000E+00  0.0000E+00
   16    1    1    1    1    1   15
         NaN  0.5476E-02  0.1753E-03  0.1128E-04  0.2976E-06  0.5976E-09  0.0000E+00  0.0000E+00  0.0000E+00  0.0000E+00  0.0000E+00  0.0000E+00  0.0000E+00  0.0000E+00  0.0000E+00
   17    1    1    1    1    1   15
         NaN  0.1112E-02  0.3760E-04  0.2039E-05  0.1474E-08  0.0000E+00  0.0000E+00  0.0000E+00  0.0000E+00  0.0000E+00  0.0000E+00  0.0000E+00  0.0000E+00  0.0000E+00  0.0000E+00
   18    1    1    1    1    1   15
         NaN  0.3922E-02  0.2366E-03  0.2387E-04  0.1608E-05  0.1858E-06  0.5451E-08  0.0000E+00  0.0000E+00  0.0000E+00  0.0000E+00  0.0000E+00  0.0000E+00  0.0000E+00  0.0000E+00
   19    1    1    1    1    1   15
         NaN  0.1429E-03  0.5602E-06  0.0000E+00  0.0000E+00  0.0000E+00  0.0000E+00  0.0000E+00  0.0000E+00  0.0000E+00  0.0000E+00  0.0000E+00  0.0000E+00  0.0000E+00  0.0000E+00
   20    1    1    1    1    1   15
         NaN  0.1217E-02  0.1575E-04  0.1976E-06  0.0000E+00  0.0000E+00  0.0000E+00  0.0000E+00  0.0000E+00  0.0000E+00  0.0000E+00  0.0000E+00  0.0000E+00  0.0000E+00  0.0000E+00
   21    1    1    1    1    1   15
         NaN  0.7533E-03  0.1126E-04  0.2378E-06  0.0000E+00  0.0000E+00  0.0000E+00  0.0000E+00  0.0000E+00  0.0000E+00  0.0000E+00  0.0000E+00  0.0000E+00  0.0000E+00  0.0000E+00
   22    1    1    1    1    1   15
         NaN  0.1726E-02  0.4940E-04  0.2604E-05  0.4536E-07  0.4587E-09  0.0000E+00  0.0000E+00  0.0000E+00  0.0000E+00  0.0000E+00  0.0000E+00  0.0000E+00  0.0000E+00  0.0000E+00
   23    1    1    1    1    1   15
         NaN  0.7136E-03  0.1725E-04  0.6384E-06  0.0000E+00  0.0000E+00  0.0000E+00  0.0000E+00  0.0000E+00  0.0000E+00  0.0000E+00  0.0000E+00  0.0000E+00  0.0000E+00  0.0000E+00
   24    1    1    1    1    1   15
         NaN  0.7753E-02  0.4986E-03  0.5568E-04  0.4507E-05  0.7650E-06  0.9784E-07  0.6677E-08  0.3694E-08  0.1588E-08  0.0000E+00  0.0000E+00  0.0000E+00  0.0000E+00  0.0000E+00
   25    1    1    1    1    1   15
         NaN  0.1314E-03  0.1482E-06  0.0000E+00  0.0000E+00  0.0000E+00  0.0000E+00  0.0000E+00  0.0000E+00  0.0000E+00  0.0000E+00  0.0000E+00  0.0000E+00  0.0000E+00  0.0000E+00
   26    1    1    1    1    1   15
         NaN  0.2424E-02  0.1747E-03  0.1908E-04  0.1337E-05  0.1456E-06  0.2486E-08  0.0000E+00  0.0000E+00  0.0000E+00  0.0000E+00  0.0000E+00  0.0000E+00  0.0000E+00  0.0000E+00
   27    1    1    1    1    1   15
         NaN  0.6654E-02  0.1474E-03  0.5877E-05  0.2059E-08  0.0000E+00  0.0000E+00  0.0000E+00  0.0000E+00  0.0000E+00  0.0000E+00  0.0000E+00  0.0000E+00  0.0000E+00  0.0000E+00
   28    1    1    1    1    1   15
         NaN  0.1328E-02  0.3359E-04  0.1186E-05  0.0000E+00  0.0000E+00  0.0000E+00  0.0000E+00  0.0000E+00  0.0000E+00  0.0000E+00  0.0000E+00  0.0000E+00  0.0000E+00  0.0000E+00
   29    1    1    1    1    1   15
         NaN  0.8628E-03  0.9481E-05  0.2300E-07  0.0000E+00  0.0000E+00  0.0000E+00  0.0000E+00  0.0000E+00  0.0000E+00  0.0000E+00  0.0000E+00  0.0000E+00  0.0000E+00  0.0000E+00
   30    1    1    1    1    1   15
         NaN  0.9963E-03  0.1297E-03  0.1491E-04  0.9090E-06  0.9239E-08  0.0000E+00  0.0000E+00  0.0000E+00  0.0000E+00  0.0000E+00  0.0000E+00  0.0000E+00  0.0000E+00  0.0000E+00
   31    1    1    1    1    1   15
         NaN  0.4874E-03  0.8057E-04  0.1208E-04  0.1201E-05  0.1726E-06  0.1191E-10  0.0000E+00  0.0000E+00  0.0000E+00  0.0000E+00  0.0000E+00  0.0000E+00  0.0000E+00  0.0000E+00
   32    1    1    1    1    1   15
         NaN  0.1031E-02  0.1748E-03  0.2738E-04  0.2838E-05  0.4700E-06  0.1735E-07  0.0000E+00  0.0000E+00  0.0000E+00  0.0000E+00  0.0000E+00  0.0000E+00  0.0000E+00  0.0000E+00
   33    1    1    1    1    1   15
         NaN  0.2288E-02  0.4731E-03  0.1107E-03  0.1622E-04  0.4270E-05  0.9600E-06  0.1065E-06  0.5079E-07  0.1424E-07  0.0000E+00  0.0000E+00  0.0000E+00  0.0000E+00  0.0000E+00
