    1    1    1    1    1    9   15
         NaN  0.3596E-03  0.2958E-03  0.1818E-03  0.6857E-04  0.3022E-04  0.1474E-04  0.9851E-05  0.6300E-05  0.2046E-05  0.5228E-06  0.3143E-06  0.1424E-06  0.2601E-07  0.1356E-07
         NaN  0.3579E-03  0.2956E-03  0.1842E-03  0.7260E-04  0.3359E-04  0.1716E-04  0.1177E-04  0.7743E-05  0.2695E-05  0.7493E-06  0.4657E-06  0.2232E-06  0.4647E-07  0.2552E-07
         NaN  0.3570E-03  0.2953E-03  0.1847E-03  0.7382E-04  0.3476E-04  0.1808E-04  0.1253E-04  0.8342E-05  0.2990E-05  0.8605E-06  0.5419E-06  0.2654E-06  0.5828E-07  0.3272E-07
         NaN  0.1603E-02  0.1319E-02  0.8100E-03  0.3056E-03  0.1347E-03  0.6571E-04  0.4391E-04  0.2808E-04  0.9117E-05  0.2330E-05  0.1401E-05  0.6348E-06  0.1159E-06  0.6044E-07
         NaN  0.1595E-02  0.1318E-02  0.8208E-03  0.3236E-03  0.1497E-03  0.7650E-04  0.5245E-04  0.3451E-04  0.1201E-04  0.3340E-05  0.2076E-05  0.9947E-06  0.2071E-06  0.1137E-06
         NaN  0.1591E-02  0.1316E-02  0.8232E-03  0.3290E-03  0.1549E-03  0.8059E-04  0.5584E-04  0.3718E-04  0.1332E-04  0.3835E-05  0.2415E-05  0.1183E-05  0.2598E-06  0.1458E-06
         NaN  0.5109E-02  0.4203E-02  0.2582E-02  0.9741E-03  0.4292E-03  0.2095E-03  0.1399E-03  0.8950E-04  0.2906E-04  0.7427E-05  0.4465E-05  0.2023E-05  0.3695E-06  0.1926E-06
         NaN  0.5084E-02  0.4200E-02  0.2616E-02  0.1031E-02  0.4772E-03  0.2438E-03  0.1672E-03  0.1100E-03  0.3829E-04  0.1065E-04  0.6616E-05  0.3170E-05  0.6601E-06  0.3626E-06
         NaN  0.5072E-02  0.4195E-02  0.2624E-02  0.1049E-02  0.4938E-03  0.2569E-03  0.1780E-03  0.1185E-03  0.4247E-04  0.1222E-04  0.7699E-05  0.3770E-05  0.8280E-06  0.4649E-06
    2    1    1    1    1    9   15
         NaN  0.1372E-03  0.1794E-04  0.3071E-05  0.2639E-06  0.4220E-07  0.8132E-08  0.2972E-08  0.8424E-09  0.3395E-11  0.0000E+00  0.0000E+00  0.0000E+00  0.0000E+00  0.0000E+00
         NaN  0.1404E-03  0.2190E-04  0.4696E-05  0.5401E-06  0.1097E-06  0.2774E-07  0.1246E-07  0.4877E-08  0.2590E-09  0.2600E-13  0.0000E+00  0.0000E+00  0.0000E+00  0.0000E+00
         NaN  0.1412E-03  0.2331E-04  0.5506E-05  0.7329E-06  0.1657E-06  0.4709E-07  0.2305E-07  0.1017E-07  0.1009E-08  0.1862E-10  0.1319E-11  0.0000E+00  0.0000E+00  0.0000E+00
         NaN  0.6496E-03  0.8494E-04  0.1454E-04  0.1249E-05  0.1997E-06  0.3850E-07  0.1407E-07  0.3987E-08  0.1607E-10  0.0000E+00  0.0000E+00  0.0000E+00  0.0000E+00  0.0000E+00
         NaN  0.6648E-03  0.1037E-03  0.2223E-04  0.2557E-05  0.5192E-06  0.1313E-06  0.5899E-07  0.2309E-07  0.1226E-08  0.1231E-12  0.0000E+00  0.0000E+00  0.0000E+00  0.0000E+00
         NaN  0.6685E-03  0.1104E-03  0.2606E-04  0.3469E-05  0.7843E-06  0.2229E-06  0.1091E-06  0.4816E-07  0.4777E-08  0.8814E-10  0.6242E-11  0.0000E+00  0.0000E+00  0.0000E+00
         NaN  0.2030E-02  0.2654E-03  0.4542E-04  0.3904E-05  0.6242E-06  0.1203E-06  0.4396E-07  0.1246E-07  0.5023E-10  0.0000E+00  0.0000E+00  0.0000E+00  0.0000E+00  0.0000E+00
         NaN  0.2078E-02  0.3240E-03  0.6947E-04  0.7990E-05  0.1623E-05  0.4103E-06  0.1844E-06  0.7214E-07  0.3831E-08  0.3846E-12  0.0000E+00  0.0000E+00  0.0000E+00  0.0000E+00
         NaN  0.2089E-02  0.3449E-03  0.8145E-04  0.1084E-04  0.2451E-05  0.6966E-06  0.3409E-06  0.1505E-06  0.1493E-07  0.2755E-09  0.1951E-10  0.0000E+00  0.0000E+00  0.0000E+00
    3    1    1    1    1    9   15
         NaN  0.1637E-01  0.4181E-02  0.1499E-02  0.4322E-03  0.1785E-03  0.8364E-04  0.5450E-04  0.3381E-04  0.1011E-04  0.2300E-05  0.1317E-05  0.5466E-06  0.5305E-07  0.1265E-07
         NaN  0.1013E-01  0.2472E-02  0.8610E-03  0.2802E-03  0.1431E-03  0.8157E-04  0.5873E-04  0.4023E-04  0.1474E-04  0.4189E-05  0.2615E-05  0.1249E-05  0.2523E-06  0.1201E-06
         NaN  0.6414E-02  0.1521E-02  0.4963E-03  0.1412E-03  0.6826E-04  0.3890E-04  0.2830E-04  0.1967E-04  0.7476E-05  0.2206E-05  0.1398E-05  0.6854E-06  0.1545E-06  0.8096E-07
         NaN  0.5729E-01  0.1463E-01  0.5248E-02  0.1513E-02  0.6248E-03  0.2927E-03  0.1907E-03  0.1183E-03  0.3537E-04  0.8049E-05  0.4608E-05  0.1913E-05  0.1857E-06  0.4426E-07
         NaN  0.3545E-01  0.8653E-02  0.3014E-02  0.9808E-03  0.5010E-03  0.2855E-03  0.2056E-03  0.1408E-03  0.5159E-04  0.1466E-04  0.9152E-05  0.4371E-05  0.8831E-06  0.4202E-06
         NaN  0.2245E-01  0.5325E-02  0.1737E-02  0.4942E-03  0.2389E-03  0.1362E-03  0.9905E-04  0.6886E-04  0.2617E-04  0.7719E-05  0.4892E-05  0.2399E-05  0.5407E-06  0.2834E-06
         NaN  0.1309E+00  0.3345E-01  0.1199E-01  0.3458E-02  0.1428E-02  0.6691E-03  0.4360E-03  0.2705E-03  0.8086E-04  0.1840E-04  0.1053E-04  0.4373E-05  0.4244E-06  0.1012E-06
         NaN  0.8103E-01  0.1978E-01  0.6888E-02  0.2242E-02  0.1145E-02  0.6526E-03  0.4698E-03  0.3218E-03  0.1179E-03  0.3351E-04  0.2092E-04  0.9991E-05  0.2018E-05  0.9604E-06
         NaN  0.5132E-01  0.1217E-01  0.3970E-02  0.1130E-02  0.5461E-03  0.3112E-03  0.2264E-03  0.1574E-03  0.5981E-04  0.1764E-04  0.1118E-04  0.5483E-05  0.1236E-05  0.6477E-06
    4    1    1    1    1    9   15
         NaN  0.1458E-01  0.3020E-02  0.1079E-02  0.3288E-03  0.1333E-03  0.5919E-04  0.3727E-04  0.2228E-04  0.6075E-05  0.1226E-05  0.6410E-06  0.1919E-06  0.0000E+00  0.0000E+00
         NaN  0.9158E-02  0.1782E-02  0.5856E-03  0.1820E-03  0.8275E-04  0.4051E-04  0.2672E-04  0.1671E-04  0.5070E-05  0.1183E-05  0.6922E-06  0.2769E-06  0.2195E-08  0.0000E+00
         NaN  0.5805E-02  0.1091E-02  0.3293E-03  0.8616E-04  0.3700E-04  0.1811E-04  0.1204E-04  0.7601E-05  0.2360E-05  0.5690E-06  0.3394E-06  0.1490E-06  0.1044E-07  0.1367E-09
         NaN  0.5103E-01  0.1057E-01  0.3777E-02  0.1151E-02  0.4666E-03  0.2072E-03  0.1305E-03  0.7799E-04  0.2126E-04  0.4290E-05  0.2244E-05  0.6715E-06  0.0000E+00  0.0000E+00
         NaN  0.3205E-01  0.6236E-02  0.2050E-02  0.6370E-03  0.2896E-03  0.1418E-03  0.9351E-04  0.5850E-04  0.1774E-04  0.4139E-05  0.2423E-05  0.9691E-06  0.7683E-08  0.0000E+00
         NaN  0.2032E-01  0.3818E-02  0.1153E-02  0.3016E-03  0.1295E-03  0.6339E-04  0.4213E-04  0.2660E-04  0.8261E-05  0.1992E-05  0.1188E-05  0.5217E-06  0.3654E-07  0.4786E-09
         NaN  0.1166E+00  0.2416E-01  0.8632E-02  0.2631E-02  0.1067E-02  0.4736E-03  0.2982E-03  0.1783E-03  0.4860E-04  0.9805E-05  0.5128E-05  0.1535E-05  0.0000E+00  0.0000E+00
         NaN  0.7326E-01  0.1425E-01  0.4685E-02  0.1456E-02  0.6620E-03  0.3241E-03  0.2137E-03  0.1337E-03  0.4056E-04  0.9461E-05  0.5538E-05  0.2215E-05  0.1756E-07  0.0000E+00
         NaN  0.4644E-01  0.8728E-02  0.2635E-02  0.6893E-03  0.2960E-03  0.1449E-03  0.9629E-04  0.6081E-04  0.1888E-04  0.4552E-05  0.2716E-05  0.1192E-05  0.8352E-07  0.1094E-08
    5    1    1    1    1    9   15
         NaN  0.1523E-02  0.1742E-03  0.1797E-04  0.2931E-06  0.0000E+00  0.0000E+00  0.0000E+00  0.0000E+00  0.0000E+00  0.0000E+00  0.0000E+00  0.0000E+00  0.0000E+00  0.0000E+00
         NaN  0.9319E-03  0.1703E-03  0.2254E-04  0.1030E-05  0.7748E-08  0.0000E+00  0.0000E+00  0.0000E+00  0.0000E+00  0.0000E+00  0.0000E+00  0.0000E+00  0.0000E+00  0.0000E+00
         NaN  0.5493E-03  0.1501E-03  0.2579E-04  0.1862E-05  0.1517E-06  0.0000E+00  0.0000E+00  0.0000E+00  0.0000E+00  0.0000E+00  0.0000E+00  0.0000E+00  0.0000E+00  0.0000E+00
         NaN  0.8379E-03  0.9581E-04  0.9886E-05  0.1612E-06  0.0000E+00  0.0000E+00  0.0000E+00  0.0000E+00  0.0000E+00  0.0000E+00  0.0000E+00  0.0000E+00  0.0000E+00  0.0000E+00
         NaN  0.5126E-03  0.9366E-04  0.1240E-04  0.5663E-06  0.4261E-08  0.0000E+00  0.0000E+00  0.0000E+00  0.0000E+00  0.0000E+00  0.0000E+00  0.0000E+00  0.0000E+00  0.0000E+00
         NaN  0.3021E-03  0.8254E-04  0.1419E-04  0.1024E-05  0.8343E-07  0.0000E+00  0.0000E+00  0.0000E+00  0.0000E+00  0.0000E+00  0.0000E+00  0.0000E+00  0.0000E+00  0.0000E+00
         NaN  0.1523E-03  0.1742E-04  0.1797E-05  0.2931E-07  0.0000E+00  0.0000E+00  0.0000E+00  0.0000E+00  0.0000E+00  0.0000E+00  0.0000E+00  0.0000E+00  0.0000E+00  0.0000E+00
         NaN  0.9319E-04  0.1703E-04  0.2254E-05  0.1030E-06  0.7748E-09  0.0000E+00  0.0000E+00  0.0000E+00  0.0000E+00  0.0000E+00  0.0000E+00  0.0000E+00  0.0000E+00  0.0000E+00
         NaN  0.5493E-04  0.1501E-04  0.2579E-05  0.1862E-06  0.1517E-07  0.0000E+00  0.0000E+00  0.0000E+00  0.0000E+00  0.0000E+00  0.0000E+00  0.0000E+00  0.0000E+00  0.0000E+00
    6    1    1    1    1    1   15
         NaN  0.2326E-02  0.1130E-03  0.9607E-05  0.2348E-06  0.6619E-09  0.0000E+00  0.0000E+00  0.0000E+00  0.0000E+00  0.0000E+00  0.0000E+00  0.0000E+00  0.0000E+00  0.0000E+00
    7    1    1    1    1    1   15
         NaN  0.7578E-02  0.6048E-03  0.6906E-04  0.3217E-05  0.1901E-06  0.1002E-08  0.0000E+00  0.0000E+00  0.0000E+00  0.0000E+00  0.0000E+00  0.0000E+00  0.0000E+00  0.0000E+00
    8    1    1    1    1    1   15
         NaN  0.3560E-02  0.1321E-03  0.9073E-05  0.8823E-07  0.0000E+00  0.0000E+00  0.0000E+00  0.0000E+00  0.0000E+00  0.0000E+00  0.0000E+00  0.0000E+00  0.0000E+00  0.0000E+00
    9    1    1    1    1    1   15
         NaN  0.6260E-02  0.4236E-03  0.4453E-04  0.1829E-05  0.9732E-07  0.7912E-09  0.0000E+00  0.0000E+00  0.0000E+00  0.0000E+00  0.0000E+00  0.0000E+00  0.0000E+00  0.0000E+00
   10    1    1    1    1    1   15
         NaN  0.2616E-02  0.1570E-03  0.1478E-04  0.4172E-06  0.7543E-08  0.0000E+00  0.0000E+00  0.0000E+00  0.0000E+00  0.0000E+00  0.0000E+00  0.0000E+00  0.0000E+00  0.0000E+00
   11    1    1    1    1    1   15
         NaN  0.5099E-02  0.6612E-03  0.1193E-03  0.1138E-04  0.2046E-05  0.4692E-06  0.1996E-06  0.7315E-07  0.3140E-08  0.0000E+00  0.0000E+00  0.0000E+00  0.0000E+00  0.0000E+00
   12    1    1    1    1    1   15
         NaN  0.5476E-02  0.1753E-03  0.1128E-04  0.1128E-06  0.0000E+00  0.0000E+00  0.0000E+00  0.0000E+00  0.0000E+00  0.0000E+00  0.0000E+00  0.0000E+00  0.0000E+00  0.0000E+00
   13    1    1    1    1    1   15
         NaN  0.1112E-02  0.3760E-04  0.2039E-05  0.0000E+00  0.0000E+00  0.0000E+00  0.0000E+00  0.0000E+00  0.0000E+00  0.0000E+00  0.0000E+00  0.0000E+00  0.0000E+00  0.0000E+00
   14    1    1    1    1    1   15
         NaN  0.3922E-02  0.2366E-03  0.2387E-04  0.9310E-06  0.3695E-07  0.0000E+00  0.0000E+00  0.0000E+00  0.0000E+00  0.0000E+00  0.0000E+00  0.0000E+00  0.0000E+00  0.0000E+00
   15    1    1    1    1    1   15
         NaN  0.1429E-03  0.5602E-06  0.0000E+00  0.0000E+00  0.0000E+00  0.0000E+00  0.0000E+00  0.0000E+00  0.0000E+00  0.0000E+00  0.0000E+00  0.0000E+00  0.0000E+00  0.0000E+00
   16    1    1    1    1    1   15
         NaN  0.1217E-02  0.1575E-04  0.1976E-06  0.0000E+00  0.0000E+00  0.0000E+00  0.0000E+00  0.0000E+00  0.0000E+00  0.0000E+00  0.0000E+00  0.0000E+00  0.0000E+00  0.0000E+00
   17    1    1    1    1    1   15
         NaN  0.7533E-03  0.1126E-04  0.2378E-06  0.0000E+00  0.0000E+00  0.0000E+00  0.0000E+00  0.0000E+00  0.0000E+00  0.0000E+00  0.0000E+00  0.0000E+00  0.0000E+00  0.0000E+00
   18    1    1    1    1    1   15
         NaN  0.1726E-02  0.4940E-04  0.2604E-05  0.1708E-07  0.0000E+00  0.0000E+00  0.0000E+00  0.0000E+00  0.0000E+00  0.0000E+00  0.0000E+00  0.0000E+00  0.0000E+00  0.0000E+00
   19    1    1    1    1    1   15
         NaN  0.7136E-03  0.1725E-04  0.6384E-06  0.0000E+00  0.0000E+00  0.0000E+00  0.0000E+00  0.0000E+00  0.0000E+00  0.0000E+00  0.0000E+00  0.0000E+00  0.0000E+00  0.0000E+00
   20    1    1    1    1    1   15
         NaN  0.7753E-02  0.4986E-03  0.5568E-04  0.2799E-05  0.2563E-06  0.1974E-07  0.2617E-08  0.2478E-10  0.0000E+00  0.0000E+00  0.0000E+00  0.0000E+00  0.0000E+00  0.0000E+00
   21    1    1    1    1    1   15
         NaN  0.1314E-03  0.1482E-06  0.0000E+00  0.0000E+00  0.0000E+00  0.0000E+00  0.0000E+00  0.0000E+00  0.0000E+00  0.0000E+00  0.0000E+00  0.0000E+00  0.0000E+00  0.0000E+00
   22    1    1    1    1    1   15
         NaN  0.2424E-02  0.1747E-03  0.1908E-04  0.7765E-06  0.2414E-07  0.0000E+00  0.0000E+00  0.0000E+00  0.0000E+00  0.0000E+00  0.0000E+00  0.0000E+00  0.0000E+00  0.0000E+00
   23    1    1    1    1    1   15
         NaN  0.6654E-02  0.1474E-03  0.5877E-05  0.0000E+00  0.0000E+00  0.0000E+00  0.0000E+00  0.0000E+00  0.0000E+00  0.0000E+00  0.0000E+00  0.0000E+00  0.0000E+00  0.0000E+00
   24    1    1    1    1    1   15
         NaN  0.1328E-02  0.3359E-04  0.1186E-05  0.0000E+00  0.0000E+00  0.0000E+00  0.0000E+00  0.0000E+00  0.0000E+00  0.0000E+00  0.0000E+00  0.0000E+00  0.0000E+00  0.0000E+00
   25    1    1    1    1    1   15
         NaN  0.8628E-03  0.9481E-05  0.2300E-07  0.0000E+00  0.0000E+00  0.0000E+00  0.0000E+00  0.0000E+00  0.0000E+00  0.0000E+00  0.0000E+00  0.0000E+00  0.0000E+00  0.0000E+00
   26    1    1    1    1    1   15
         NaN  0.9963E-03  0.1297E-03  0.1491E-04  0.4351E-06  0.0000E+00  0.0000E+00  0.0000E+00  0.0000E+00  0.0000E+00  0.0000E+00  0.0000E+00  0.0000E+00  0.0000E+00  0.0000E+00
   27    1    1    1    1    1   15
         NaN  0.4874E-03  0.8057E-04  0.1208E-04  0.7567E-06  0.2807E-07  0.0000E+00  0.0000E+00  0.0000E+00  0.0000E+00  0.0000E+00  0.0000E+00  0.0000E+00  0.0000E+00  0.0000E+00
   28    1    1    1    1    1   15
         NaN  0.1031E-02  0.1748E-03  0.2738E-04  0.1822E-05  0.1127E-06  0.0000E+00  0.0000E+00  0.0000E+00  0.0000E+00  0.0000E+00  0.0000E+00  0.0000E+00  0.0000E+00  0.0000E+00
   29    1    1    1    1    1   15
         NaN  0.2288E-02  0.4731E-03  0.1107E-03  0.1127E-04  0.1946E-05  0.2766E-06  0.3098E-07  0.0000E+00  0.0000E+00  0.0000E+00  0.0000E+00  0.0000E+00  0.0000E+00  0.0000E+00
