    1    1    1    1    1    9   15
            NaN   0.359637E-03   0.295842E-03   0.181751E-03   0.685658E-04   0.302154E-04   0.147446E-04   0.985119E-05   0.630023E-05   0.204567E-05   0.522808E-06   0.314271E-06   0.142438E-06   0.260104E-07   0.135604E-07
            NaN   0.357871E-03   0.295632E-03   0.184175E-03   0.725984E-04   0.335940E-04   0.171643E-04   0.117685E-04   0.774284E-05   0.269507E-05   0.749340E-06   0.465725E-06   0.223175E-06   0.464679E-07   0.255219E-07
            NaN   0.357021E-03   0.295283E-03   0.184703E-03   0.738191E-04   0.347597E-04   0.180822E-04   0.125299E-04   0.834175E-05   0.298969E-05   0.860518E-06   0.541917E-06   0.265364E-06   0.582835E-07   0.327244E-07
            NaN   0.160284E-02   0.131851E-02   0.810031E-03   0.305586E-03   0.134665E-03   0.657139E-04   0.439050E-04   0.280790E-04   0.911718E-05   0.233006E-05   0.140065E-05   0.634822E-06   0.115924E-06   0.604365E-07
            NaN   0.159497E-02   0.131758E-02   0.820836E-03   0.323558E-03   0.149723E-03   0.764983E-04   0.524503E-04   0.345085E-04   0.120114E-04   0.333968E-05   0.207565E-05   0.994651E-06   0.207099E-06   0.113746E-06
            NaN   0.159118E-02   0.131603E-02   0.823190E-03   0.328999E-03   0.154918E-03   0.805891E-04   0.558434E-04   0.371777E-04   0.133245E-04   0.383518E-05   0.241523E-05   0.118268E-05   0.259759E-06   0.145847E-06
            NaN   0.510905E-02   0.420276E-02   0.258197E-02   0.974055E-03   0.429244E-03   0.209463E-03   0.139947E-03   0.895018E-04   0.290610E-04   0.742707E-05   0.446457E-05   0.202350E-05   0.369507E-06   0.192641E-06
            NaN   0.508397E-02   0.419979E-02   0.261641E-02   0.103134E-02   0.477241E-03   0.243838E-03   0.167185E-03   0.109996E-03   0.382865E-04   0.106452E-04   0.661615E-05   0.317045E-05   0.660128E-06   0.362567E-06
            NaN   0.507189E-02   0.419483E-02   0.262392E-02   0.104868E-02   0.493800E-03   0.256878E-03   0.178001E-03   0.118504E-03   0.424719E-04   0.122246E-04   0.769855E-05   0.376980E-05   0.827983E-06   0.464888E-06
    2    1    1    1    1    9   15
            NaN   0.137238E-03   0.179433E-04   0.307058E-05   0.263939E-06   0.421954E-07   0.813209E-08   0.297196E-08   0.842357E-09   0.339538E-11   0.000000E+00   0.000000E+00   0.000000E+00   0.000000E+00   0.000000E+00
            NaN   0.140439E-03   0.219002E-04   0.469627E-05   0.540101E-06   0.109683E-06   0.277358E-07   0.124624E-07   0.487673E-08   0.258956E-09   0.260009E-13   0.000000E+00   0.000000E+00   0.000000E+00   0.000000E+00
            NaN   0.141219E-03   0.233126E-04   0.550577E-05   0.732901E-06   0.165683E-06   0.470880E-07   0.230471E-07   0.101729E-07   0.100907E-08   0.186206E-10   0.131863E-11   0.000000E+00   0.000000E+00   0.000000E+00
            NaN   0.649647E-03   0.849387E-04   0.145353E-04   0.124942E-05   0.199742E-06   0.384951E-07   0.140684E-07   0.398749E-08   0.160728E-10   0.000000E+00   0.000000E+00   0.000000E+00   0.000000E+00   0.000000E+00
            NaN   0.664801E-03   0.103670E-03   0.222309E-04   0.255669E-05   0.519211E-06   0.131294E-06   0.589936E-07   0.230851E-07   0.122583E-08   0.123081E-12   0.000000E+00   0.000000E+00   0.000000E+00   0.000000E+00
            NaN   0.668493E-03   0.110356E-03   0.260628E-04   0.346935E-05   0.784300E-06   0.222902E-06   0.109098E-06   0.481558E-07   0.477668E-08   0.881447E-10   0.624205E-11   0.000000E+00   0.000000E+00   0.000000E+00
            NaN   0.203015E-02   0.265433E-03   0.454228E-04   0.390443E-05   0.624192E-06   0.120297E-06   0.439639E-07   0.124609E-07   0.502275E-10   0.000000E+00   0.000000E+00   0.000000E+00   0.000000E+00   0.000000E+00
            NaN   0.207750E-02   0.323968E-03   0.694714E-04   0.798966E-05   0.162253E-05   0.410293E-06   0.184355E-06   0.721409E-07   0.383072E-08   0.384629E-12   0.000000E+00   0.000000E+00   0.000000E+00   0.000000E+00
            NaN   0.208904E-02   0.344861E-03   0.814464E-04   0.108417E-04   0.245094E-05   0.696568E-06   0.340933E-06   0.150487E-06   0.149271E-07   0.275452E-09   0.195064E-10   0.000000E+00   0.000000E+00   0.000000E+00
    3    1    1    1    1    9   15
            NaN   0.163675E-01   0.418069E-02   0.149933E-02   0.432247E-03   0.178501E-03   0.836383E-04   0.544966E-04   0.338133E-04   0.101069E-04   0.229985E-05   0.131662E-05   0.546611E-06   0.530494E-07   0.126461E-07
            NaN   0.101291E-01   0.247223E-02   0.861041E-03   0.280226E-03   0.143148E-03   0.815725E-04   0.587298E-04   0.402302E-04   0.147386E-04   0.418906E-05   0.261484E-05   0.124891E-05   0.252309E-06   0.120053E-06
            NaN   0.641439E-02   0.152135E-02   0.496303E-03   0.141189E-03   0.682602E-04   0.389016E-04   0.283008E-04   0.196737E-04   0.747579E-05   0.220552E-05   0.139783E-05   0.685399E-06   0.154480E-06   0.809603E-07
            NaN   0.572864E-01   0.146324E-01   0.524767E-02   0.151287E-02   0.624753E-03   0.292734E-03   0.190738E-03   0.118347E-03   0.353741E-04   0.804946E-05   0.460815E-05   0.191314E-05   0.185673E-06   0.442614E-07
            NaN   0.354517E-01   0.865281E-02   0.301365E-02   0.980793E-03   0.501019E-03   0.285504E-03   0.205554E-03   0.140806E-03   0.515852E-04   0.146617E-04   0.915194E-05   0.437118E-05   0.883080E-06   0.420187E-06
            NaN   0.224504E-01   0.532473E-02   0.173706E-02   0.494161E-03   0.238911E-03   0.136156E-03   0.990529E-04   0.688579E-04   0.261653E-04   0.771933E-05   0.489239E-05   0.239889E-05   0.540681E-06   0.283361E-06
            NaN   0.130940E+00   0.334455E-01   0.119947E-01   0.345798E-02   0.142801E-02   0.669106E-03   0.435973E-03   0.270506E-03   0.808552E-04   0.183988E-04   0.105329E-04   0.437289E-05   0.424395E-06   0.101169E-06
            NaN   0.810326E-01   0.197778E-01   0.688833E-02   0.224181E-02   0.114519E-02   0.652580E-03   0.469838E-03   0.321842E-03   0.117909E-03   0.335125E-04   0.209187E-04   0.999126E-05   0.201847E-05   0.960428E-06
            NaN   0.513151E-01   0.121708E-01   0.397042E-02   0.112951E-02   0.546082E-03   0.311213E-03   0.226407E-03   0.157390E-03   0.598063E-04   0.176442E-04   0.111826E-04   0.548319E-05   0.123584E-05   0.647682E-06
    4    1    1    1    1    9   15
            NaN   0.145793E-01   0.301984E-02   0.107903E-02   0.328830E-03   0.133324E-03   0.591941E-04   0.372733E-04   0.222821E-04   0.607467E-05   0.122566E-05   0.641038E-06   0.191850E-06   0.000000E+00   0.000000E+00
            NaN   0.915769E-02   0.178160E-02   0.585627E-03   0.182014E-03   0.827547E-04   0.405091E-04   0.267180E-04   0.167141E-04   0.506994E-05   0.118265E-05   0.692232E-06   0.276872E-06   0.219524E-08   0.000000E+00
            NaN   0.580507E-02   0.109094E-02   0.329313E-03   0.861640E-04   0.370037E-04   0.181122E-04   0.120360E-04   0.760142E-05   0.236041E-05   0.569026E-06   0.339441E-06   0.149046E-06   0.104403E-07   0.136749E-09
            NaN   0.510274E-01   0.105694E-01   0.377662E-02   0.115091E-02   0.466635E-03   0.207179E-03   0.130456E-03   0.779874E-04   0.212613E-04   0.428980E-05   0.224363E-05   0.671475E-06   0.000000E+00   0.000000E+00
            NaN   0.320519E-01   0.623560E-02   0.204970E-02   0.637048E-03   0.289641E-03   0.141782E-03   0.935129E-04   0.584993E-04   0.177448E-04   0.413928E-05   0.242281E-05   0.969054E-06   0.768334E-08   0.000000E+00
            NaN   0.203177E-01   0.381829E-02   0.115259E-02   0.301574E-03   0.129513E-03   0.633928E-04   0.421261E-04   0.266050E-04   0.826144E-05   0.199159E-05   0.118805E-05   0.521661E-06   0.365411E-07   0.478621E-09
            NaN   0.116634E+00   0.241587E-01   0.863227E-02   0.263064E-02   0.106659E-02   0.473553E-03   0.298186E-03   0.178257E-03   0.485974E-04   0.980525E-05   0.512831E-05   0.153480E-05   0.000000E+00   0.000000E+00
            NaN   0.732615E-01   0.142528E-01   0.468502E-02   0.145611E-02   0.662037E-03   0.324073E-03   0.213744E-03   0.133713E-03   0.405595E-04   0.946121E-05   0.553785E-05   0.221498E-05   0.175619E-07   0.000000E+00
            NaN   0.464405E-01   0.872752E-02   0.263450E-02   0.689312E-03   0.296030E-03   0.144898E-03   0.962882E-04   0.608114E-04   0.188833E-04   0.455220E-05   0.271553E-05   0.119237E-05   0.835224E-07   0.109399E-08
    5    1    1    1    1    9   15
            NaN   0.152349E-02   0.174207E-03   0.179742E-04   0.293074E-06   0.000000E+00   0.000000E+00   0.000000E+00   0.000000E+00   0.000000E+00   0.000000E+00   0.000000E+00   0.000000E+00   0.000000E+00   0.000000E+00
            NaN   0.931924E-03   0.170296E-03   0.225391E-04   0.102958E-05   0.774774E-08   0.000000E+00   0.000000E+00   0.000000E+00   0.000000E+00   0.000000E+00   0.000000E+00   0.000000E+00   0.000000E+00   0.000000E+00
            NaN   0.549256E-03   0.150069E-03   0.257919E-04   0.186201E-05   0.151700E-06   0.000000E+00   0.000000E+00   0.000000E+00   0.000000E+00   0.000000E+00   0.000000E+00   0.000000E+00   0.000000E+00   0.000000E+00
            NaN   0.837920E-03   0.958136E-04   0.988579E-05   0.161191E-06   0.000000E+00   0.000000E+00   0.000000E+00   0.000000E+00   0.000000E+00   0.000000E+00   0.000000E+00   0.000000E+00   0.000000E+00   0.000000E+00
            NaN   0.512558E-03   0.936628E-04   0.123965E-04   0.566266E-06   0.426126E-08   0.000000E+00   0.000000E+00   0.000000E+00   0.000000E+00   0.000000E+00   0.000000E+00   0.000000E+00   0.000000E+00   0.000000E+00
            NaN   0.302091E-03   0.825382E-04   0.141856E-04   0.102411E-05   0.834349E-07   0.000000E+00   0.000000E+00   0.000000E+00   0.000000E+00   0.000000E+00   0.000000E+00   0.000000E+00   0.000000E+00   0.000000E+00
            NaN   0.152349E-03   0.174207E-04   0.179742E-05   0.293074E-07   0.000000E+00   0.000000E+00   0.000000E+00   0.000000E+00   0.000000E+00   0.000000E+00   0.000000E+00   0.000000E+00   0.000000E+00   0.000000E+00
            NaN   0.931924E-04   0.170296E-04   0.225391E-05   0.102958E-06   0.774774E-09   0.000000E+00   0.000000E+00   0.000000E+00   0.000000E+00   0.000000E+00   0.000000E+00   0.000000E+00   0.000000E+00   0.000000E+00
            NaN   0.549256E-04   0.150069E-04   0.257919E-05   0.186202E-06   0.151700E-07   0.000000E+00   0.000000E+00   0.000000E+00   0.000000E+00   0.000000E+00   0.000000E+00   0.000000E+00   0.000000E+00   0.000000E+00
    6    1    1    1    1    1   15
            NaN   0.232599E-02   0.112961E-03   0.960699E-05   0.234751E-06   0.661864E-09   0.000000E+00   0.000000E+00   0.000000E+00   0.000000E+00   0.000000E+00   0.000000E+00   0.000000E+00   0.000000E+00   0.000000E+00
    7    1    1    1    1    1   15
            NaN   0.757752E-02   0.604780E-03   0.690564E-04   0.321655E-05   0.190051E-06   0.100230E-08   0.000000E+00   0.000000E+00   0.000000E+00   0.000000E+00   0.000000E+00   0.000000E+00   0.000000E+00   0.000000E+00
    8    1    1    1    1    1   15
            NaN   0.356042E-02   0.132089E-03   0.907311E-05   0.882262E-07   0.000000E+00   0.000000E+00   0.000000E+00   0.000000E+00   0.000000E+00   0.000000E+00   0.000000E+00   0.000000E+00   0.000000E+00   0.000000E+00
    9    1    1    1    1    1   15
            NaN   0.625970E-02   0.423603E-03   0.445274E-04   0.182881E-05   0.973244E-07   0.791181E-09   0.000000E+00   0.000000E+00   0.000000E+00   0.000000E+00   0.000000E+00   0.000000E+00   0.000000E+00   0.000000E+00
   10    1    1    1    1    1   15
            NaN   0.261632E-02   0.157015E-03   0.147840E-04   0.417243E-06   0.754265E-08   0.000000E+00   0.000000E+00   0.000000E+00   0.000000E+00   0.000000E+00   0.000000E+00   0.000000E+00   0.000000E+00   0.000000E+00
   11    1    1    1    1    1   15
            NaN   0.509940E-02   0.661182E-03   0.119287E-03   0.113804E-04   0.204560E-05   0.469184E-06   0.199564E-06   0.731463E-07   0.313958E-08   0.000000E+00   0.000000E+00   0.000000E+00   0.000000E+00   0.000000E+00
   12    1    1    1    1    1   15
            NaN   0.547642E-02   0.175322E-03   0.112822E-04   0.112772E-06   0.000000E+00   0.000000E+00   0.000000E+00   0.000000E+00   0.000000E+00   0.000000E+00   0.000000E+00   0.000000E+00   0.000000E+00   0.000000E+00
   13    1    1    1    1    1   15
            NaN   0.111188E-02   0.375953E-04   0.203899E-05   0.000000E+00   0.000000E+00   0.000000E+00   0.000000E+00   0.000000E+00   0.000000E+00   0.000000E+00   0.000000E+00   0.000000E+00   0.000000E+00   0.000000E+00
   14    1    1    1    1    1   15
            NaN   0.392188E-02   0.236623E-03   0.238743E-04   0.930979E-06   0.369539E-07   0.000000E+00   0.000000E+00   0.000000E+00   0.000000E+00   0.000000E+00   0.000000E+00   0.000000E+00   0.000000E+00   0.000000E+00
   15    1    1    1    1    1   15
            NaN   0.142893E-03   0.560207E-06   0.000000E+00   0.000000E+00   0.000000E+00   0.000000E+00   0.000000E+00   0.000000E+00   0.000000E+00   0.000000E+00   0.000000E+00   0.000000E+00   0.000000E+00   0.000000E+00
   16    1    1    1    1    1   15
            NaN   0.121666E-02   0.157474E-04   0.197602E-06   0.000000E+00   0.000000E+00   0.000000E+00   0.000000E+00   0.000000E+00   0.000000E+00   0.000000E+00   0.000000E+00   0.000000E+00   0.000000E+00   0.000000E+00
   17    1    1    1    1    1   15
            NaN   0.753299E-03   0.112600E-04   0.237815E-06   0.000000E+00   0.000000E+00   0.000000E+00   0.000000E+00   0.000000E+00   0.000000E+00   0.000000E+00   0.000000E+00   0.000000E+00   0.000000E+00   0.000000E+00
   18    1    1    1    1    1   15
            NaN   0.172631E-02   0.494023E-04   0.260418E-05   0.170768E-07   0.000000E+00   0.000000E+00   0.000000E+00   0.000000E+00   0.000000E+00   0.000000E+00   0.000000E+00   0.000000E+00   0.000000E+00   0.000000E+00
   19    1    1    1    1    1   15
            NaN   0.713637E-03   0.172482E-04   0.638373E-06   0.000000E+00   0.000000E+00   0.000000E+00   0.000000E+00   0.000000E+00   0.000000E+00   0.000000E+00   0.000000E+00   0.000000E+00   0.000000E+00   0.000000E+00
   20    1    1    1    1    1   15
            NaN   0.775304E-02   0.498649E-03   0.556842E-04   0.279949E-05   0.256303E-06   0.197372E-07   0.261697E-08   0.247750E-10   0.000000E+00   0.000000E+00   0.000000E+00   0.000000E+00   0.000000E+00   0.000000E+00
   21    1    1    1    1    1   15
            NaN   0.131392E-03   0.148151E-06   0.000000E+00   0.000000E+00   0.000000E+00   0.000000E+00   0.000000E+00   0.000000E+00   0.000000E+00   0.000000E+00   0.000000E+00   0.000000E+00   0.000000E+00   0.000000E+00
   22    1    1    1    1    1   15
            NaN   0.242414E-02   0.174747E-03   0.190814E-04   0.776458E-06   0.241442E-07   0.000000E+00   0.000000E+00   0.000000E+00   0.000000E+00   0.000000E+00   0.000000E+00   0.000000E+00   0.000000E+00   0.000000E+00
   23    1    1    1    1    1   15
            NaN   0.665441E-02   0.147432E-03   0.587669E-05   0.000000E+00   0.000000E+00   0.000000E+00   0.000000E+00   0.000000E+00   0.000000E+00   0.000000E+00   0.000000E+00   0.000000E+00   0.000000E+00   0.000000E+00
   24    1    1    1    1    1   15
            NaN   0.132803E-02   0.335876E-04   0.118617E-05   0.000000E+00   0.000000E+00   0.000000E+00   0.000000E+00   0.000000E+00   0.000000E+00   0.000000E+00   0.000000E+00   0.000000E+00   0.000000E+00   0.000000E+00
   25    1    1    1    1    1   15
            NaN   0.862820E-03   0.948078E-05   0.229969E-07   0.000000E+00   0.000000E+00   0.000000E+00   0.000000E+00   0.000000E+00   0.000000E+00   0.000000E+00   0.000000E+00   0.000000E+00   0.000000E+00   0.000000E+00
   26    1    1    1    1    1   15
            NaN   0.996315E-03   0.129713E-03   0.149066E-04   0.435098E-06   0.000000E+00   0.000000E+00   0.000000E+00   0.000000E+00   0.000000E+00   0.000000E+00   0.000000E+00   0.000000E+00   0.000000E+00   0.000000E+00
   27    1    1    1    1    1   15
            NaN   0.487379E-03   0.805674E-04   0.120842E-04   0.756715E-06   0.280694E-07   0.000000E+00   0.000000E+00   0.000000E+00   0.000000E+00   0.000000E+00   0.000000E+00   0.000000E+00   0.000000E+00   0.000000E+00
   28    1    1    1    1    1   15
            NaN   0.103087E-02   0.174771E-03   0.273850E-04   0.182152E-05   0.112652E-06   0.000000E+00   0.000000E+00   0.000000E+00   0.000000E+00   0.000000E+00   0.000000E+00   0.000000E+00   0.000000E+00   0.000000E+00
   29    1    1    1    1    1   15
            NaN   0.228776E-02   0.473071E-03   0.110712E-03   0.112743E-04   0.194577E-05   0.276561E-06   0.309807E-07   0.000000E+00   0.000000E+00   0.000000E+00   0.000000E+00   0.000000E+00   0.000000E+00   0.000000E+00
