    5      Number of Magnitude Bins
     4.000     5.000     6.000     7.000     8.000
    7      Number of Distance Bins 
     0.707    20.000    50.000   100.000   200.000   300.000   659.659
    6      Number of Epsilon Bins  
    -7.119    -1.000     0.000     1.000     2.000    15.733
    7      Number of Xcos(T) Bins  
     0.000     0.100     0.200     0.300     0.350     0.400     2.000


-------------------------------------------------------------------------------------------------------------------

 SITE 1 COORDINATES:    34.374   33.317
    1  nProb
   15
 AMP:                                                NaN       0.010       0.015       0.030       0.054       0.065       0.070       0.089       0.100       0.120       0.150       0.200       0.250       0.340       0.450

------------------

  M_bar                                              NaN   0.539E+01   0.547E+01   0.552E+01   0.547E+01   0.544E+01   0.543E+01   0.541E+01   0.540E+01   0.539E+01   0.540E+01   0.543E+01   0.545E+01   0.552E+01   0.559E+01
  D_bar                                              NaN   0.110E+03   0.927E+02   0.648E+02   0.437E+02   0.376E+02   0.354E+02   0.290E+02   0.261E+02   0.221E+02   0.181E+02   0.144E+02   0.120E+02   0.101E+02   0.885E+01
  Eps_bar                                            NaN  -0.229E+00  -0.652E-01   0.271E+00   0.574E+00   0.674E+00   0.712E+00   0.834E+00   0.897E+00   0.995E+00   0.113E+01   0.132E+01   0.148E+01   0.174E+01   0.200E+01
  XCosT_bar                                          NaN        -NaN        -NaN        -NaN        -NaN        -NaN        -NaN        -NaN        -NaN        -NaN        -NaN        -NaN        -NaN        -NaN        -NaN

------------------

 XCos(Theta) Bins
  0.0000  0.1000   0.000E+00   0.000E+00   0.000E+00   0.000E+00   0.000E+00   0.000E+00   0.000E+00   0.000E+00   0.000E+00   0.000E+00   0.000E+00   0.000E+00   0.000E+00   0.000E+00   0.000E+00
  0.1000  0.2000   0.000E+00   0.000E+00   0.000E+00   0.000E+00   0.000E+00   0.000E+00   0.000E+00   0.000E+00   0.000E+00   0.000E+00   0.000E+00   0.000E+00   0.000E+00   0.000E+00   0.000E+00
  0.2000  0.3000   0.000E+00   0.000E+00   0.000E+00   0.000E+00   0.000E+00   0.000E+00   0.000E+00   0.000E+00   0.000E+00   0.000E+00   0.000E+00   0.000E+00   0.000E+00   0.000E+00   0.000E+00
  0.3000  0.3500   0.000E+00   0.000E+00   0.000E+00   0.000E+00   0.000E+00   0.000E+00   0.000E+00   0.000E+00   0.000E+00   0.000E+00   0.000E+00   0.000E+00   0.000E+00   0.000E+00   0.000E+00
  0.3500  0.4000   0.000E+00   0.000E+00   0.000E+00   0.000E+00   0.000E+00   0.000E+00   0.000E+00   0.000E+00   0.000E+00   0.000E+00   0.000E+00   0.000E+00   0.000E+00   0.000E+00   0.000E+00
  0.4000  2.0000   0.000E+00   0.000E+00   0.000E+00   0.000E+00   0.000E+00   0.000E+00   0.000E+00   0.000E+00   0.000E+00   0.000E+00   0.000E+00   0.000E+00   0.000E+00   0.000E+00   0.000E+00

------------------


     Eps. Range     Mag. Range   Dist. Range

     -7.1   15.7    4.0    5.0    0.7   20.0   0.000E+00   0.538E-01   0.942E-01   0.201E+00   0.287E+00   0.305E+00   0.310E+00   0.318E+00   0.318E+00   0.311E+00   0.294E+00   0.260E+00   0.228E+00   0.180E+00   0.135E+00
     -7.1   15.7    4.0    5.0   20.0   50.0   0.000E+00   0.211E+00   0.222E+00   0.163E+00   0.867E-01   0.646E-01   0.569E-01   0.357E-01   0.270E-01   0.166E-01   0.777E-02   0.157E-02   0.676E-04   0.000E+00   0.000E+00
     -7.1   15.7    4.0    5.0   50.0  100.0   0.000E+00   0.103E+00   0.572E-01   0.124E-01   0.140E-02   0.378E-03   0.183E-03   0.000E+00   0.000E+00   0.000E+00   0.000E+00   0.000E+00   0.000E+00   0.000E+00   0.000E+00
     -7.1   15.7    4.0    5.0  100.0  200.0   0.000E+00   0.227E-01   0.601E-02   0.624E-04   0.000E+00   0.000E+00   0.000E+00   0.000E+00   0.000E+00   0.000E+00   0.000E+00   0.000E+00   0.000E+00   0.000E+00   0.000E+00
     -7.1   15.7    4.0    5.0  200.0  300.0   0.000E+00   0.667E-03   0.000E+00   0.000E+00   0.000E+00   0.000E+00   0.000E+00   0.000E+00   0.000E+00   0.000E+00   0.000E+00   0.000E+00   0.000E+00   0.000E+00   0.000E+00
     -7.1   15.7    4.0    5.0  300.0  659.7   0.000E+00   0.000E+00   0.000E+00   0.000E+00   0.000E+00   0.000E+00   0.000E+00   0.000E+00   0.000E+00   0.000E+00   0.000E+00   0.000E+00   0.000E+00   0.000E+00   0.000E+00
     -7.1   15.7    5.0    6.0    0.7   20.0   0.000E+00   0.613E-02   0.118E-01   0.405E-01   0.114E+00   0.154E+00   0.171E+00   0.233E+00   0.267E+00   0.320E+00   0.384E+00   0.461E+00   0.515E+00   0.574E+00   0.612E+00
     -7.1   15.7    5.0    6.0   20.0   50.0   0.000E+00   0.465E-01   0.800E-01   0.160E+00   0.203E+00   0.202E+00   0.199E+00   0.184E+00   0.172E+00   0.152E+00   0.123E+00   0.855E-01   0.576E-01   0.251E-01   0.501E-02
     -7.1   15.7    5.0    6.0   50.0  100.0   0.000E+00   0.103E+00   0.118E+00   0.901E-01   0.457E-01   0.331E-01   0.288E-01   0.169E-01   0.121E-01   0.646E-02   0.204E-02   0.564E-04   0.000E+00   0.000E+00   0.000E+00
     -7.1   15.7    5.0    6.0  100.0  200.0   0.000E+00   0.160E+00   0.101E+00   0.276E-01   0.422E-02   0.150E-02   0.889E-03   0.565E-04   0.723E-06   0.000E+00   0.000E+00   0.000E+00   0.000E+00   0.000E+00   0.000E+00
     -7.1   15.7    5.0    6.0  200.0  300.0   0.000E+00   0.385E-01   0.159E-01   0.136E-02   0.000E+00   0.000E+00   0.000E+00   0.000E+00   0.000E+00   0.000E+00   0.000E+00   0.000E+00   0.000E+00   0.000E+00   0.000E+00
     -7.1   15.7    5.0    6.0  300.0  659.7   0.000E+00   0.408E-02   0.944E-03   0.448E-07   0.000E+00   0.000E+00   0.000E+00   0.000E+00   0.000E+00   0.000E+00   0.000E+00   0.000E+00   0.000E+00   0.000E+00   0.000E+00
     -7.1   15.7    6.0    7.0    0.7   20.0   0.000E+00   0.505E-03   0.978E-03   0.352E-02   0.119E-01   0.180E-01   0.211E-01   0.339E-01   0.424E-01   0.581E-01   0.811E-01   0.115E+00   0.144E+00   0.186E+00   0.228E+00
     -7.1   15.7    6.0    7.0   20.0   50.0   0.000E+00   0.402E-02   0.768E-02   0.238E-01   0.503E-01   0.592E-01   0.622E-01   0.692E-01   0.710E-01   0.715E-01   0.684E-01   0.601E-01   0.511E-01   0.352E-01   0.193E-01
     -7.1   15.7    6.0    7.0   50.0  100.0   0.000E+00   0.169E-01   0.289E-01   0.505E-01   0.461E-01   0.400E-01   0.374E-01   0.289E-01   0.247E-01   0.185E-01   0.115E-01   0.345E-02   0.354E-03   0.000E+00   0.000E+00
     -7.1   15.7    6.0    7.0  100.0  200.0   0.000E+00   0.962E-01   0.115E+00   0.871E-01   0.411E-01   0.288E-01   0.246E-01   0.134E-01   0.868E-02   0.319E-02   0.177E-03   0.000E+00   0.000E+00   0.000E+00   0.000E+00
     -7.1   15.7    6.0    7.0  200.0  300.0   0.000E+00   0.477E-01   0.377E-01   0.140E-01   0.317E-02   0.137E-02   0.880E-03   0.613E-04   0.608E-07   0.000E+00   0.000E+00   0.000E+00   0.000E+00   0.000E+00   0.000E+00
     -7.1   15.7    6.0    7.0  300.0  659.7   0.000E+00   0.216E-01   0.120E-01   0.244E-02   0.102E-03   0.368E-05   0.000E+00   0.000E+00   0.000E+00   0.000E+00   0.000E+00   0.000E+00   0.000E+00   0.000E+00   0.000E+00
     -7.1   15.7    7.0    8.0    0.7   20.0   0.000E+00   0.000E+00   0.000E+00   0.000E+00   0.000E+00   0.000E+00   0.000E+00   0.000E+00   0.000E+00   0.000E+00   0.000E+00   0.000E+00   0.000E+00   0.000E+00   0.000E+00
     -7.1   15.7    7.0    8.0   20.0   50.0   0.000E+00   0.000E+00   0.000E+00   0.000E+00   0.000E+00   0.000E+00   0.000E+00   0.000E+00   0.000E+00   0.000E+00   0.000E+00   0.000E+00   0.000E+00   0.000E+00   0.000E+00
     -7.1   15.7    7.0    8.0   50.0  100.0   0.000E+00   0.000E+00   0.000E+00   0.000E+00   0.000E+00   0.000E+00   0.000E+00   0.000E+00   0.000E+00   0.000E+00   0.000E+00   0.000E+00   0.000E+00   0.000E+00   0.000E+00
     -7.1   15.7    7.0    8.0  100.0  200.0   0.000E+00   0.309E-01   0.527E-01   0.938E-01   0.924E-01   0.828E-01   0.783E-01   0.628E-01   0.548E-01   0.425E-01   0.281E-01   0.132E-01   0.329E-02   0.000E+00   0.000E+00
     -7.1   15.7    7.0    8.0  200.0  300.0   0.000E+00   0.227E-01   0.299E-01   0.252E-01   0.126E-01   0.913E-02   0.790E-02   0.435E-02   0.281E-02   0.111E-02   0.159E-03   0.000E+00   0.000E+00   0.000E+00   0.000E+00
     -7.1   15.7    7.0    8.0  300.0  659.7   0.000E+00   0.969E-02   0.828E-02   0.341E-02   0.903E-03   0.383E-03   0.253E-03   0.686E-04   0.305E-04   0.402E-05   0.000E+00   0.000E+00   0.000E+00   0.000E+00   0.000E+00

------------------


     Eps. Range     Mag. Range   Dist. Range

     -7.1   -1.0    4.0    5.0    0.7   20.0   0.000E+00   0.526E-01   0.658E-01   0.461E-01   0.179E-01   0.107E-01   0.794E-02   0.279E-02   0.148E-02   0.167E-03   0.000E+00   0.000E+00   0.000E+00   0.000E+00   0.000E+00
     -7.1   -1.0    4.0    5.0   20.0   50.0   0.000E+00   0.454E-01   0.155E-01   0.000E+00   0.000E+00   0.000E+00   0.000E+00   0.000E+00   0.000E+00   0.000E+00   0.000E+00   0.000E+00   0.000E+00   0.000E+00   0.000E+00
     -7.1   -1.0    4.0    5.0   50.0  100.0   0.000E+00   0.000E+00   0.000E+00   0.000E+00   0.000E+00   0.000E+00   0.000E+00   0.000E+00   0.000E+00   0.000E+00   0.000E+00   0.000E+00   0.000E+00   0.000E+00   0.000E+00
     -7.1   -1.0    4.0    5.0  100.0  200.0   0.000E+00   0.000E+00   0.000E+00   0.000E+00   0.000E+00   0.000E+00   0.000E+00   0.000E+00   0.000E+00   0.000E+00   0.000E+00   0.000E+00   0.000E+00   0.000E+00   0.000E+00
     -7.1   -1.0    4.0    5.0  200.0  300.0   0.000E+00   0.000E+00   0.000E+00   0.000E+00   0.000E+00   0.000E+00   0.000E+00   0.000E+00   0.000E+00   0.000E+00   0.000E+00   0.000E+00   0.000E+00   0.000E+00   0.000E+00
     -7.1   -1.0    4.0    5.0  300.0  659.7   0.000E+00   0.000E+00   0.000E+00   0.000E+00   0.000E+00   0.000E+00   0.000E+00   0.000E+00   0.000E+00   0.000E+00   0.000E+00   0.000E+00   0.000E+00   0.000E+00   0.000E+00
     -7.1   -1.0    5.0    6.0    0.7   20.0   0.000E+00   0.613E-02   0.118E-01   0.378E-01   0.465E-01   0.393E-01   0.362E-01   0.267E-01   0.216E-01   0.147E-01   0.633E-02   0.421E-03   0.000E+00   0.000E+00   0.000E+00
     -7.1   -1.0    5.0    6.0   20.0   50.0   0.000E+00   0.438E-01   0.533E-01   0.230E-01   0.000E+00   0.000E+00   0.000E+00   0.000E+00   0.000E+00   0.000E+00   0.000E+00   0.000E+00   0.000E+00   0.000E+00   0.000E+00
     -7.1   -1.0    5.0    6.0   50.0  100.0   0.000E+00   0.277E-01   0.565E-02   0.000E+00   0.000E+00   0.000E+00   0.000E+00   0.000E+00   0.000E+00   0.000E+00   0.000E+00   0.000E+00   0.000E+00   0.000E+00   0.000E+00
     -7.1   -1.0    5.0    6.0  100.0  200.0   0.000E+00   0.000E+00   0.000E+00   0.000E+00   0.000E+00   0.000E+00   0.000E+00   0.000E+00   0.000E+00   0.000E+00   0.000E+00   0.000E+00   0.000E+00   0.000E+00   0.000E+00
     -7.1   -1.0    5.0    6.0  200.0  300.0   0.000E+00   0.000E+00   0.000E+00   0.000E+00   0.000E+00   0.000E+00   0.000E+00   0.000E+00   0.000E+00   0.000E+00   0.000E+00   0.000E+00   0.000E+00   0.000E+00   0.000E+00
     -7.1   -1.0    5.0    6.0  300.0  659.7   0.000E+00   0.000E+00   0.000E+00   0.000E+00   0.000E+00   0.000E+00   0.000E+00   0.000E+00   0.000E+00   0.000E+00   0.000E+00   0.000E+00   0.000E+00   0.000E+00   0.000E+00
     -7.1   -1.0    6.0    7.0    0.7   20.0   0.000E+00   0.505E-03   0.978E-03   0.352E-02   0.119E-01   0.138E-01   0.132E-01   0.105E-01   0.914E-02   0.703E-02   0.429E-02   0.136E-02   0.000E+00   0.000E+00   0.000E+00
     -7.1   -1.0    6.0    7.0   20.0   50.0   0.000E+00   0.402E-02   0.768E-02   0.134E-01   0.321E-02   0.578E-04   0.000E+00   0.000E+00   0.000E+00   0.000E+00   0.000E+00   0.000E+00   0.000E+00   0.000E+00   0.000E+00
     -7.1   -1.0    6.0    7.0   50.0  100.0   0.000E+00   0.168E-01   0.177E-01   0.000E+00   0.000E+00   0.000E+00   0.000E+00   0.000E+00   0.000E+00   0.000E+00   0.000E+00   0.000E+00   0.000E+00   0.000E+00   0.000E+00
     -7.1   -1.0    6.0    7.0  100.0  200.0   0.000E+00   0.312E-01   0.358E-03   0.000E+00   0.000E+00   0.000E+00   0.000E+00   0.000E+00   0.000E+00   0.000E+00   0.000E+00   0.000E+00   0.000E+00   0.000E+00   0.000E+00
     -7.1   -1.0    6.0    7.0  200.0  300.0   0.000E+00   0.000E+00   0.000E+00   0.000E+00   0.000E+00   0.000E+00   0.000E+00   0.000E+00   0.000E+00   0.000E+00   0.000E+00   0.000E+00   0.000E+00   0.000E+00   0.000E+00
     -7.1   -1.0    6.0    7.0  300.0  659.7   0.000E+00   0.000E+00   0.000E+00   0.000E+00   0.000E+00   0.000E+00   0.000E+00   0.000E+00   0.000E+00   0.000E+00   0.000E+00   0.000E+00   0.000E+00   0.000E+00   0.000E+00
     -7.1   -1.0    7.0    8.0    0.7   20.0   0.000E+00   0.000E+00   0.000E+00   0.000E+00   0.000E+00   0.000E+00   0.000E+00   0.000E+00   0.000E+00   0.000E+00   0.000E+00   0.000E+00   0.000E+00   0.000E+00   0.000E+00
     -7.1   -1.0    7.0    8.0   20.0   50.0   0.000E+00   0.000E+00   0.000E+00   0.000E+00   0.000E+00   0.000E+00   0.000E+00   0.000E+00   0.000E+00   0.000E+00   0.000E+00   0.000E+00   0.000E+00   0.000E+00   0.000E+00
     -7.1   -1.0    7.0    8.0   50.0  100.0   0.000E+00   0.000E+00   0.000E+00   0.000E+00   0.000E+00   0.000E+00   0.000E+00   0.000E+00   0.000E+00   0.000E+00   0.000E+00   0.000E+00   0.000E+00   0.000E+00   0.000E+00
     -7.1   -1.0    7.0    8.0  100.0  200.0   0.000E+00   0.306E-01   0.301E-01   0.000E+00   0.000E+00   0.000E+00   0.000E+00   0.000E+00   0.000E+00   0.000E+00   0.000E+00   0.000E+00   0.000E+00   0.000E+00   0.000E+00
     -7.1   -1.0    7.0    8.0  200.0  300.0   0.000E+00   0.861E-02   0.534E-03   0.000E+00   0.000E+00   0.000E+00   0.000E+00   0.000E+00   0.000E+00   0.000E+00   0.000E+00   0.000E+00   0.000E+00   0.000E+00   0.000E+00
     -7.1   -1.0    7.0    8.0  300.0  659.7   0.000E+00   0.156E-03   0.000E+00   0.000E+00   0.000E+00   0.000E+00   0.000E+00   0.000E+00   0.000E+00   0.000E+00   0.000E+00   0.000E+00   0.000E+00   0.000E+00   0.000E+00
     -1.0    0.0    4.0    5.0    0.7   20.0   0.000E+00   0.118E-02   0.284E-01   0.937E-01   0.842E-01   0.706E-01   0.658E-01   0.483E-01   0.350E-01   0.224E-01   0.815E-02   0.489E-03   0.000E+00   0.000E+00   0.000E+00
     -1.0    0.0    4.0    5.0   20.0   50.0   0.000E+00   0.998E-01   0.823E-01   0.126E-01   0.000E+00   0.000E+00   0.000E+00   0.000E+00   0.000E+00   0.000E+00   0.000E+00   0.000E+00   0.000E+00   0.000E+00   0.000E+00
     -1.0    0.0    4.0    5.0   50.0  100.0   0.000E+00   0.875E-02   0.000E+00   0.000E+00   0.000E+00   0.000E+00   0.000E+00   0.000E+00   0.000E+00   0.000E+00   0.000E+00   0.000E+00   0.000E+00   0.000E+00   0.000E+00
     -1.0    0.0    4.0    5.0  100.0  200.0   0.000E+00   0.000E+00   0.000E+00   0.000E+00   0.000E+00   0.000E+00   0.000E+00   0.000E+00   0.000E+00   0.000E+00   0.000E+00   0.000E+00   0.000E+00   0.000E+00   0.000E+00
     -1.0    0.0    4.0    5.0  200.0  300.0   0.000E+00   0.000E+00   0.000E+00   0.000E+00   0.000E+00   0.000E+00   0.000E+00   0.000E+00   0.000E+00   0.000E+00   0.000E+00   0.000E+00   0.000E+00   0.000E+00   0.000E+00
     -1.0    0.0    4.0    5.0  300.0  659.7   0.000E+00   0.000E+00   0.000E+00   0.000E+00   0.000E+00   0.000E+00   0.000E+00   0.000E+00   0.000E+00   0.000E+00   0.000E+00   0.000E+00   0.000E+00   0.000E+00   0.000E+00
     -1.0    0.0    5.0    6.0    0.7   20.0   0.000E+00   0.000E+00   0.000E+00   0.270E-02   0.593E-01   0.862E-01   0.946E-01   0.105E+00   0.101E+00   0.918E-01   0.779E-01   0.502E-01   0.247E-01   0.129E-02   0.000E+00
     -1.0    0.0    5.0    6.0   20.0   50.0   0.000E+00   0.276E-02   0.262E-01   0.826E-01   0.432E-01   0.206E-01   0.125E-01   0.000E+00   0.000E+00   0.000E+00   0.000E+00   0.000E+00   0.000E+00   0.000E+00   0.000E+00
     -1.0    0.0    5.0    6.0   50.0  100.0   0.000E+00   0.559E-01   0.537E-01   0.162E-02   0.000E+00   0.000E+00   0.000E+00   0.000E+00   0.000E+00   0.000E+00   0.000E+00   0.000E+00   0.000E+00   0.000E+00   0.000E+00
     -1.0    0.0    5.0    6.0  100.0  200.0   0.000E+00   0.253E-01   0.222E-03   0.000E+00   0.000E+00   0.000E+00   0.000E+00   0.000E+00   0.000E+00   0.000E+00   0.000E+00   0.000E+00   0.000E+00   0.000E+00   0.000E+00
     -1.0    0.0    5.0    6.0  200.0  300.0   0.000E+00   0.000E+00   0.000E+00   0.000E+00   0.000E+00   0.000E+00   0.000E+00   0.000E+00   0.000E+00   0.000E+00   0.000E+00   0.000E+00   0.000E+00   0.000E+00   0.000E+00
     -1.0    0.0    5.0    6.0  300.0  659.7   0.000E+00   0.000E+00   0.000E+00   0.000E+00   0.000E+00   0.000E+00   0.000E+00   0.000E+00   0.000E+00   0.000E+00   0.000E+00   0.000E+00   0.000E+00   0.000E+00   0.000E+00
     -1.0    0.0    6.0    7.0    0.7   20.0   0.000E+00   0.000E+00   0.000E+00   0.000E+00   0.000E+00   0.422E-02   0.785E-02   0.234E-01   0.305E-01   0.328E-01   0.296E-01   0.239E-01   0.169E-01   0.524E-02   0.000E+00
     -1.0    0.0    6.0    7.0   20.0   50.0   0.000E+00   0.000E+00   0.000E+00   0.104E-01   0.271E-01   0.249E-01   0.220E-01   0.923E-02   0.238E-02   0.000E+00   0.000E+00   0.000E+00   0.000E+00   0.000E+00   0.000E+00
     -1.0    0.0    6.0    7.0   50.0  100.0   0.000E+00   0.142E-03   0.112E-01   0.226E-01   0.000E+00   0.000E+00   0.000E+00   0.000E+00   0.000E+00   0.000E+00   0.000E+00   0.000E+00   0.000E+00   0.000E+00   0.000E+00
     -1.0    0.0    6.0    7.0  100.0  200.0   0.000E+00   0.546E-01   0.656E-01   0.000E+00   0.000E+00   0.000E+00   0.000E+00   0.000E+00   0.000E+00   0.000E+00   0.000E+00   0.000E+00   0.000E+00   0.000E+00   0.000E+00
     -1.0    0.0    6.0    7.0  200.0  300.0   0.000E+00   0.190E-01   0.816E-04   0.000E+00   0.000E+00   0.000E+00   0.000E+00   0.000E+00   0.000E+00   0.000E+00   0.000E+00   0.000E+00   0.000E+00   0.000E+00   0.000E+00
     -1.0    0.0    6.0    7.0  300.0  659.7   0.000E+00   0.289E-03   0.000E+00   0.000E+00   0.000E+00   0.000E+00   0.000E+00   0.000E+00   0.000E+00   0.000E+00   0.000E+00   0.000E+00   0.000E+00   0.000E+00   0.000E+00
     -1.0    0.0    7.0    8.0    0.7   20.0   0.000E+00   0.000E+00   0.000E+00   0.000E+00   0.000E+00   0.000E+00   0.000E+00   0.000E+00   0.000E+00   0.000E+00   0.000E+00   0.000E+00   0.000E+00   0.000E+00   0.000E+00
     -1.0    0.0    7.0    8.0   20.0   50.0   0.000E+00   0.000E+00   0.000E+00   0.000E+00   0.000E+00   0.000E+00   0.000E+00   0.000E+00   0.000E+00   0.000E+00   0.000E+00   0.000E+00   0.000E+00   0.000E+00   0.000E+00
     -1.0    0.0    7.0    8.0   50.0  100.0   0.000E+00   0.000E+00   0.000E+00   0.000E+00   0.000E+00   0.000E+00   0.000E+00   0.000E+00   0.000E+00   0.000E+00   0.000E+00   0.000E+00   0.000E+00   0.000E+00   0.000E+00
     -1.0    0.0    7.0    8.0  100.0  200.0   0.000E+00   0.267E-03   0.226E-01   0.453E-01   0.000E+00   0.000E+00   0.000E+00   0.000E+00   0.000E+00   0.000E+00   0.000E+00   0.000E+00   0.000E+00   0.000E+00   0.000E+00
     -1.0    0.0    7.0    8.0  200.0  300.0   0.000E+00   0.141E-01   0.213E-01   0.000E+00   0.000E+00   0.000E+00   0.000E+00   0.000E+00   0.000E+00   0.000E+00   0.000E+00   0.000E+00   0.000E+00   0.000E+00   0.000E+00
     -1.0    0.0    7.0    8.0  300.0  659.7   0.000E+00   0.514E-02   0.454E-03   0.000E+00   0.000E+00   0.000E+00   0.000E+00   0.000E+00   0.000E+00   0.000E+00   0.000E+00   0.000E+00   0.000E+00   0.000E+00   0.000E+00
      0.0    1.0    4.0    5.0    0.7   20.0   0.000E+00   0.000E+00   0.000E+00   0.588E-01   0.132E+00   0.142E+00   0.141E+00   0.128E+00   0.124E+00   0.107E+00   0.843E-01   0.417E-01   0.177E-01   0.101E-02   0.000E+00
      0.0    1.0    4.0    5.0   20.0   50.0   0.000E+00   0.590E-01   0.961E-01   0.704E-01   0.103E-01   0.114E-02   0.000E+00   0.000E+00   0.000E+00   0.000E+00   0.000E+00   0.000E+00   0.000E+00   0.000E+00   0.000E+00
      0.0    1.0    4.0    5.0   50.0  100.0   0.000E+00   0.480E-01   0.143E-01   0.000E+00   0.000E+00   0.000E+00   0.000E+00   0.000E+00   0.000E+00   0.000E+00   0.000E+00   0.000E+00   0.000E+00   0.000E+00   0.000E+00
      0.0    1.0    4.0    5.0  100.0  200.0   0.000E+00   0.000E+00   0.000E+00   0.000E+00   0.000E+00   0.000E+00   0.000E+00   0.000E+00   0.000E+00   0.000E+00   0.000E+00   0.000E+00   0.000E+00   0.000E+00   0.000E+00
      0.0    1.0    4.0    5.0  200.0  300.0   0.000E+00   0.000E+00   0.000E+00   0.000E+00   0.000E+00   0.000E+00   0.000E+00   0.000E+00   0.000E+00   0.000E+00   0.000E+00   0.000E+00   0.000E+00   0.000E+00   0.000E+00
      0.0    1.0    4.0    5.0  300.0  659.7   0.000E+00   0.000E+00   0.000E+00   0.000E+00   0.000E+00   0.000E+00   0.000E+00   0.000E+00   0.000E+00   0.000E+00   0.000E+00   0.000E+00   0.000E+00   0.000E+00   0.000E+00
      0.0    1.0    5.0    6.0    0.7   20.0   0.000E+00   0.000E+00   0.000E+00   0.000E+00   0.778E-02   0.280E-01   0.401E-01   0.938E-01   0.127E+00   0.169E+00   0.194E+00   0.191E+00   0.176E+00   0.123E+00   0.481E-01
      0.0    1.0    5.0    6.0   20.0   50.0   0.000E+00   0.000E+00   0.497E-03   0.504E-01   0.112E+00   0.106E+00   0.100E+00   0.670E-01   0.449E-01   0.156E-01   0.000E+00   0.000E+00   0.000E+00   0.000E+00   0.000E+00
      0.0    1.0    5.0    6.0   50.0  100.0   0.000E+00   0.196E-01   0.508E-01   0.445E-01   0.526E-03   0.000E+00   0.000E+00   0.000E+00   0.000E+00   0.000E+00   0.000E+00   0.000E+00   0.000E+00   0.000E+00   0.000E+00
      0.0    1.0    5.0    6.0  100.0  200.0   0.000E+00   0.904E-01   0.376E-01   0.000E+00   0.000E+00   0.000E+00   0.000E+00   0.000E+00   0.000E+00   0.000E+00   0.000E+00   0.000E+00   0.000E+00   0.000E+00   0.000E+00
      0.0    1.0    5.0    6.0  200.0  300.0   0.000E+00   0.645E-02   0.000E+00   0.000E+00   0.000E+00   0.000E+00   0.000E+00   0.000E+00   0.000E+00   0.000E+00   0.000E+00   0.000E+00   0.000E+00   0.000E+00   0.000E+00
      0.0    1.0    5.0    6.0  300.0  659.7   0.000E+00   0.000E+00   0.000E+00   0.000E+00   0.000E+00   0.000E+00   0.000E+00   0.000E+00   0.000E+00   0.000E+00   0.000E+00   0.000E+00   0.000E+00   0.000E+00   0.000E+00
      0.0    1.0    6.0    7.0    0.7   20.0   0.000E+00   0.000E+00   0.000E+00   0.000E+00   0.000E+00   0.000E+00   0.000E+00   0.000E+00   0.280E-02   0.183E-01   0.471E-01   0.671E-01   0.679E-01   0.609E-01   0.406E-01
      0.0    1.0    6.0    7.0   20.0   50.0   0.000E+00   0.000E+00   0.000E+00   0.000E+00   0.200E-01   0.327E-01   0.362E-01   0.424E-01   0.435E-01   0.341E-01   0.139E-01   0.000E+00   0.000E+00   0.000E+00   0.000E+00
      0.0    1.0    6.0    7.0   50.0  100.0   0.000E+00   0.000E+00   0.000E+00   0.274E-01   0.205E-01   0.356E-02   0.125E-02   0.000E+00   0.000E+00   0.000E+00   0.000E+00   0.000E+00   0.000E+00   0.000E+00   0.000E+00
      0.0    1.0    6.0    7.0  100.0  200.0   0.000E+00   0.104E-01   0.465E-01   0.427E-01   0.000E+00   0.000E+00   0.000E+00   0.000E+00   0.000E+00   0.000E+00   0.000E+00   0.000E+00   0.000E+00   0.000E+00   0.000E+00
      0.0    1.0    6.0    7.0  200.0  300.0   0.000E+00   0.276E-01   0.247E-01   0.000E+00   0.000E+00   0.000E+00   0.000E+00   0.000E+00   0.000E+00   0.000E+00   0.000E+00   0.000E+00   0.000E+00   0.000E+00   0.000E+00
      0.0    1.0    6.0    7.0  300.0  659.7   0.000E+00   0.133E-01   0.135E-02   0.000E+00   0.000E+00   0.000E+00   0.000E+00   0.000E+00   0.000E+00   0.000E+00   0.000E+00   0.000E+00   0.000E+00   0.000E+00   0.000E+00
      0.0    1.0    7.0    8.0    0.7   20.0   0.000E+00   0.000E+00   0.000E+00   0.000E+00   0.000E+00   0.000E+00   0.000E+00   0.000E+00   0.000E+00   0.000E+00   0.000E+00   0.000E+00   0.000E+00   0.000E+00   0.000E+00
      0.0    1.0    7.0    8.0   20.0   50.0   0.000E+00   0.000E+00   0.000E+00   0.000E+00   0.000E+00   0.000E+00   0.000E+00   0.000E+00   0.000E+00   0.000E+00   0.000E+00   0.000E+00   0.000E+00   0.000E+00   0.000E+00
      0.0    1.0    7.0    8.0   50.0  100.0   0.000E+00   0.000E+00   0.000E+00   0.000E+00   0.000E+00   0.000E+00   0.000E+00   0.000E+00   0.000E+00   0.000E+00   0.000E+00   0.000E+00   0.000E+00   0.000E+00   0.000E+00
      0.0    1.0    7.0    8.0  100.0  200.0   0.000E+00   0.000E+00   0.000E+00   0.479E-01   0.542E-01   0.270E-01   0.163E-01   0.000E+00   0.000E+00   0.000E+00   0.000E+00   0.000E+00   0.000E+00   0.000E+00   0.000E+00
      0.0    1.0    7.0    8.0  200.0  300.0   0.000E+00   0.000E+00   0.810E-02   0.125E-01   0.000E+00   0.000E+00   0.000E+00   0.000E+00   0.000E+00   0.000E+00   0.000E+00   0.000E+00   0.000E+00   0.000E+00   0.000E+00
      0.0    1.0    7.0    8.0  300.0  659.7   0.000E+00   0.437E-02   0.643E-02   0.143E-03   0.000E+00   0.000E+00   0.000E+00   0.000E+00   0.000E+00   0.000E+00   0.000E+00   0.000E+00   0.000E+00   0.000E+00   0.000E+00
      1.0    2.0    4.0    5.0    0.7   20.0   0.000E+00   0.000E+00   0.000E+00   0.213E-02   0.512E-01   0.740E-01   0.839E-01   0.113E+00   0.122E+00   0.129E+00   0.127E+00   0.120E+00   0.101E+00   0.554E-01   0.183E-01
      1.0    2.0    4.0    5.0   20.0   50.0   0.000E+00   0.662E-02   0.269E-01   0.659E-01   0.450E-01   0.316E-01   0.253E-01   0.844E-02   0.316E-02   0.000E+00   0.000E+00   0.000E+00   0.000E+00   0.000E+00   0.000E+00
      1.0    2.0    4.0    5.0   50.0  100.0   0.000E+00   0.390E-01   0.301E-01   0.262E-02   0.000E+00   0.000E+00   0.000E+00   0.000E+00   0.000E+00   0.000E+00   0.000E+00   0.000E+00   0.000E+00   0.000E+00   0.000E+00
      1.0    2.0    4.0    5.0  100.0  200.0   0.000E+00   0.903E-02   0.135E-03   0.000E+00   0.000E+00   0.000E+00   0.000E+00   0.000E+00   0.000E+00   0.000E+00   0.000E+00   0.000E+00   0.000E+00   0.000E+00   0.000E+00
      1.0    2.0    4.0    5.0  200.0  300.0   0.000E+00   0.000E+00   0.000E+00   0.000E+00   0.000E+00   0.000E+00   0.000E+00   0.000E+00   0.000E+00   0.000E+00   0.000E+00   0.000E+00   0.000E+00   0.000E+00   0.000E+00
      1.0    2.0    4.0    5.0  300.0  659.7   0.000E+00   0.000E+00   0.000E+00   0.000E+00   0.000E+00   0.000E+00   0.000E+00   0.000E+00   0.000E+00   0.000E+00   0.000E+00   0.000E+00   0.000E+00   0.000E+00   0.000E+00
      1.0    2.0    5.0    6.0    0.7   20.0   0.000E+00   0.000E+00   0.000E+00   0.000E+00   0.000E+00   0.000E+00   0.000E+00   0.700E-02   0.170E-01   0.443E-01   0.101E+00   0.190E+00   0.239E+00   0.270E+00   0.277E+00
      1.0    2.0    5.0    6.0   20.0   50.0   0.000E+00   0.000E+00   0.000E+00   0.406E-02   0.444E-01   0.677E-01   0.762E-01   0.940E-01   0.955E-01   0.895E-01   0.619E-01   0.166E-01   0.975E-04   0.000E+00   0.000E+00
      1.0    2.0    5.0    6.0   50.0  100.0   0.000E+00   0.000E+00   0.730E-02   0.386E-01   0.264E-01   0.126E-01   0.836E-02   0.548E-03   0.000E+00   0.000E+00   0.000E+00   0.000E+00   0.000E+00   0.000E+00   0.000E+00
      1.0    2.0    5.0    6.0  100.0  200.0   0.000E+00   0.410E-01   0.521E-01   0.902E-02   0.000E+00   0.000E+00   0.000E+00   0.000E+00   0.000E+00   0.000E+00   0.000E+00   0.000E+00   0.000E+00   0.000E+00   0.000E+00
      1.0    2.0    5.0    6.0  200.0  300.0   0.000E+00   0.251E-01   0.688E-02   0.000E+00   0.000E+00   0.000E+00   0.000E+00   0.000E+00   0.000E+00   0.000E+00   0.000E+00   0.000E+00   0.000E+00   0.000E+00   0.000E+00
      1.0    2.0    5.0    6.0  300.0  659.7   0.000E+00   0.111E-02   0.000E+00   0.000E+00   0.000E+00   0.000E+00   0.000E+00   0.000E+00   0.000E+00   0.000E+00   0.000E+00   0.000E+00   0.000E+00   0.000E+00   0.000E+00
      1.0    2.0    6.0    7.0    0.7   20.0   0.000E+00   0.000E+00   0.000E+00   0.000E+00   0.000E+00   0.000E+00   0.000E+00   0.000E+00   0.000E+00   0.000E+00   0.000E+00   0.228E-01   0.593E-01   0.967E-01   0.114E+00
      1.0    2.0    6.0    7.0   20.0   50.0   0.000E+00   0.000E+00   0.000E+00   0.000E+00   0.000E+00   0.159E-02   0.405E-02   0.175E-01   0.252E-01   0.344E-01   0.431E-01   0.360E-01   0.157E-01   0.000E+00   0.000E+00
      1.0    2.0    6.0    7.0   50.0  100.0   0.000E+00   0.000E+00   0.000E+00   0.498E-03   0.250E-01   0.334E-01   0.314E-01   0.163E-01   0.721E-02   0.677E-03   0.000E+00   0.000E+00   0.000E+00   0.000E+00   0.000E+00
      1.0    2.0    6.0    7.0  100.0  200.0   0.000E+00   0.000E+00   0.252E-02   0.408E-01   0.197E-01   0.243E-02   0.770E-03   0.000E+00   0.000E+00   0.000E+00   0.000E+00   0.000E+00   0.000E+00   0.000E+00   0.000E+00
      1.0    2.0    6.0    7.0  200.0  300.0   0.000E+00   0.107E-02   0.129E-01   0.782E-02   0.000E+00   0.000E+00   0.000E+00   0.000E+00   0.000E+00   0.000E+00   0.000E+00   0.000E+00   0.000E+00   0.000E+00   0.000E+00
      1.0    2.0    6.0    7.0  300.0  659.7   0.000E+00   0.709E-02   0.846E-02   0.000E+00   0.000E+00   0.000E+00   0.000E+00   0.000E+00   0.000E+00   0.000E+00   0.000E+00   0.000E+00   0.000E+00   0.000E+00   0.000E+00
      1.0    2.0    7.0    8.0    0.7   20.0   0.000E+00   0.000E+00   0.000E+00   0.000E+00   0.000E+00   0.000E+00   0.000E+00   0.000E+00   0.000E+00   0.000E+00   0.000E+00   0.000E+00   0.000E+00   0.000E+00   0.000E+00
      1.0    2.0    7.0    8.0   20.0   50.0   0.000E+00   0.000E+00   0.000E+00   0.000E+00   0.000E+00   0.000E+00   0.000E+00   0.000E+00   0.000E+00   0.000E+00   0.000E+00   0.000E+00   0.000E+00   0.000E+00   0.000E+00
      1.0    2.0    7.0    8.0   50.0  100.0   0.000E+00   0.000E+00   0.000E+00   0.000E+00   0.000E+00   0.000E+00   0.000E+00   0.000E+00   0.000E+00   0.000E+00   0.000E+00   0.000E+00   0.000E+00   0.000E+00   0.000E+00
      1.0    2.0    7.0    8.0  100.0  200.0   0.000E+00   0.000E+00   0.000E+00   0.733E-03   0.375E-01   0.490E-01   0.502E-01   0.440E-01   0.346E-01   0.632E-02   0.000E+00   0.000E+00   0.000E+00   0.000E+00   0.000E+00
      1.0    2.0    7.0    8.0  200.0  300.0   0.000E+00   0.000E+00   0.000E+00   0.128E-01   0.650E-02   0.146E-02   0.701E-03   0.000E+00   0.000E+00   0.000E+00   0.000E+00   0.000E+00   0.000E+00   0.000E+00   0.000E+00
      1.0    2.0    7.0    8.0  300.0  659.7   0.000E+00   0.240E-04   0.140E-02   0.172E-02   0.417E-04   0.000E+00   0.000E+00   0.000E+00   0.000E+00   0.000E+00   0.000E+00   0.000E+00   0.000E+00   0.000E+00   0.000E+00
      2.0   15.7    4.0    5.0    0.7   20.0   0.000E+00   0.000E+00   0.000E+00   0.000E+00   0.225E-02   0.842E-02   0.118E-01   0.257E-01   0.351E-01   0.515E-01   0.737E-01   0.974E-01   0.110E+00   0.123E+00   0.117E+00
      2.0   15.7    4.0    5.0   20.0   50.0   0.000E+00   0.000E+00   0.102E-02   0.143E-01   0.314E-01   0.319E-01   0.316E-01   0.272E-01   0.238E-01   0.166E-01   0.777E-02   0.157E-02   0.676E-04   0.000E+00   0.000E+00
      2.0   15.7    4.0    5.0   50.0  100.0   0.000E+00   0.741E-02   0.129E-01   0.977E-02   0.140E-02   0.378E-03   0.183E-03   0.000E+00   0.000E+00   0.000E+00   0.000E+00   0.000E+00   0.000E+00   0.000E+00   0.000E+00
      2.0   15.7    4.0    5.0  100.0  200.0   0.000E+00   0.137E-01   0.588E-02   0.624E-04   0.000E+00   0.000E+00   0.000E+00   0.000E+00   0.000E+00   0.000E+00   0.000E+00   0.000E+00   0.000E+00   0.000E+00   0.000E+00
      2.0   15.7    4.0    5.0  200.0  300.0   0.000E+00   0.667E-03   0.000E+00   0.000E+00   0.000E+00   0.000E+00   0.000E+00   0.000E+00   0.000E+00   0.000E+00   0.000E+00   0.000E+00   0.000E+00   0.000E+00   0.000E+00
      2.0   15.7    4.0    5.0  300.0  659.7   0.000E+00   0.000E+00   0.000E+00   0.000E+00   0.000E+00   0.000E+00   0.000E+00   0.000E+00   0.000E+00   0.000E+00   0.000E+00   0.000E+00   0.000E+00   0.000E+00   0.000E+00
      2.0   15.7    5.0    6.0    0.7   20.0   0.000E+00   0.000E+00   0.000E+00   0.000E+00   0.000E+00   0.000E+00   0.000E+00   0.000E+00   0.000E+00   0.000E+00   0.491E-02   0.299E-01   0.762E-01   0.180E+00   0.287E+00
      2.0   15.7    5.0    6.0   20.0   50.0   0.000E+00   0.000E+00   0.000E+00   0.000E+00   0.289E-02   0.776E-02   0.104E-01   0.228E-01   0.319E-01   0.466E-01   0.614E-01   0.690E-01   0.575E-01   0.251E-01   0.501E-02
      2.0   15.7    5.0    6.0   50.0  100.0   0.000E+00   0.000E+00   0.000E+00   0.534E-02   0.187E-01   0.205E-01   0.204E-01   0.163E-01   0.121E-01   0.646E-02   0.204E-02   0.564E-04   0.000E+00   0.000E+00   0.000E+00
      2.0   15.7    5.0    6.0  100.0  200.0   0.000E+00   0.364E-02   0.115E-01   0.186E-01   0.422E-02   0.150E-02   0.889E-03   0.565E-04   0.723E-06   0.000E+00   0.000E+00   0.000E+00   0.000E+00   0.000E+00   0.000E+00
      2.0   15.7    5.0    6.0  200.0  300.0   0.000E+00   0.702E-02   0.907E-02   0.136E-02   0.000E+00   0.000E+00   0.000E+00   0.000E+00   0.000E+00   0.000E+00   0.000E+00   0.000E+00   0.000E+00   0.000E+00   0.000E+00
      2.0   15.7    5.0    6.0  300.0  659.7   0.000E+00   0.297E-02   0.944E-03   0.448E-07   0.000E+00   0.000E+00   0.000E+00   0.000E+00   0.000E+00   0.000E+00   0.000E+00   0.000E+00   0.000E+00   0.000E+00   0.000E+00
      2.0   15.7    6.0    7.0    0.7   20.0   0.000E+00   0.000E+00   0.000E+00   0.000E+00   0.000E+00   0.000E+00   0.000E+00   0.000E+00   0.000E+00   0.000E+00   0.000E+00   0.000E+00   0.000E+00   0.231E-01   0.738E-01
      2.0   15.7    6.0    7.0   20.0   50.0   0.000E+00   0.000E+00   0.000E+00   0.000E+00   0.000E+00   0.000E+00   0.000E+00   0.000E+00   0.000E+00   0.296E-02   0.113E-01   0.241E-01   0.354E-01   0.352E-01   0.193E-01
      2.0   15.7    6.0    7.0   50.0  100.0   0.000E+00   0.000E+00   0.000E+00   0.000E+00   0.627E-03   0.310E-02   0.477E-02   0.126E-01   0.175E-01   0.179E-01   0.115E-01   0.345E-02   0.354E-03   0.000E+00   0.000E+00
      2.0   15.7    6.0    7.0  100.0  200.0   0.000E+00   0.000E+00   0.000E+00   0.363E-02   0.215E-01   0.264E-01   0.239E-01   0.134E-01   0.868E-02   0.319E-02   0.177E-03   0.000E+00   0.000E+00   0.000E+00   0.000E+00
      2.0   15.7    6.0    7.0  200.0  300.0   0.000E+00   0.000E+00   0.685E-04   0.620E-02   0.317E-02   0.137E-02   0.880E-03   0.613E-04   0.608E-07   0.000E+00   0.000E+00   0.000E+00   0.000E+00   0.000E+00   0.000E+00
      2.0   15.7    6.0    7.0  300.0  659.7   0.000E+00   0.954E-03   0.217E-02   0.244E-02   0.102E-03   0.368E-05   0.000E+00   0.000E+00   0.000E+00   0.000E+00   0.000E+00   0.000E+00   0.000E+00   0.000E+00   0.000E+00
      2.0   15.7    7.0    8.0    0.7   20.0   0.000E+00   0.000E+00   0.000E+00   0.000E+00   0.000E+00   0.000E+00   0.000E+00   0.000E+00   0.000E+00   0.000E+00   0.000E+00   0.000E+00   0.000E+00   0.000E+00   0.000E+00
      2.0   15.7    7.0    8.0   20.0   50.0   0.000E+00   0.000E+00   0.000E+00   0.000E+00   0.000E+00   0.000E+00   0.000E+00   0.000E+00   0.000E+00   0.000E+00   0.000E+00   0.000E+00   0.000E+00   0.000E+00   0.000E+00
      2.0   15.7    7.0    8.0   50.0  100.0   0.000E+00   0.000E+00   0.000E+00   0.000E+00   0.000E+00   0.000E+00   0.000E+00   0.000E+00   0.000E+00   0.000E+00   0.000E+00   0.000E+00   0.000E+00   0.000E+00   0.000E+00
      2.0   15.7    7.0    8.0  100.0  200.0   0.000E+00   0.000E+00   0.000E+00   0.000E+00   0.703E-03   0.683E-02   0.117E-01   0.187E-01   0.202E-01   0.362E-01   0.281E-01   0.132E-01   0.329E-02   0.000E+00   0.000E+00
      2.0   15.7    7.0    8.0  200.0  300.0   0.000E+00   0.000E+00   0.000E+00   0.000E+00   0.613E-02   0.766E-02   0.720E-02   0.435E-02   0.281E-02   0.111E-02   0.159E-03   0.000E+00   0.000E+00   0.000E+00   0.000E+00
      2.0   15.7    7.0    8.0  300.0  659.7   0.000E+00   0.000E+00   0.000E+00   0.154E-02   0.861E-03   0.383E-03   0.253E-03   0.686E-04   0.305E-04   0.402E-05   0.000E+00   0.000E+00   0.000E+00   0.000E+00   0.000E+00

-------------------------------------                                                                     --------------------------------------

