    1    1    1    1    1    9   15
            NaN   0.226708E-06   0.293195E-07   0.000000E+00   0.000000E+00   0.000000E+00   0.000000E+00   0.000000E+00   0.000000E+00   0.000000E+00   0.000000E+00   0.000000E+00   0.000000E+00   0.000000E+00   0.000000E+00
            NaN   0.730655E-06   0.144089E-06   0.219857E-08   0.000000E+00   0.000000E+00   0.000000E+00   0.000000E+00   0.000000E+00   0.000000E+00   0.000000E+00   0.000000E+00   0.000000E+00   0.000000E+00   0.000000E+00
            NaN   0.122066E-05   0.297194E-06   0.122679E-07   0.264265E-10   0.000000E+00   0.000000E+00   0.000000E+00   0.000000E+00   0.000000E+00   0.000000E+00   0.000000E+00   0.000000E+00   0.000000E+00   0.000000E+00
            NaN   0.101040E-05   0.130672E-06   0.000000E+00   0.000000E+00   0.000000E+00   0.000000E+00   0.000000E+00   0.000000E+00   0.000000E+00   0.000000E+00   0.000000E+00   0.000000E+00   0.000000E+00   0.000000E+00
            NaN   0.325640E-05   0.642180E-06   0.979866E-08   0.000000E+00   0.000000E+00   0.000000E+00   0.000000E+00   0.000000E+00   0.000000E+00   0.000000E+00   0.000000E+00   0.000000E+00   0.000000E+00   0.000000E+00
            NaN   0.544029E-05   0.132454E-05   0.546760E-07   0.117778E-09   0.000000E+00   0.000000E+00   0.000000E+00   0.000000E+00   0.000000E+00   0.000000E+00   0.000000E+00   0.000000E+00   0.000000E+00   0.000000E+00
            NaN   0.322064E-05   0.416517E-06   0.000000E+00   0.000000E+00   0.000000E+00   0.000000E+00   0.000000E+00   0.000000E+00   0.000000E+00   0.000000E+00   0.000000E+00   0.000000E+00   0.000000E+00   0.000000E+00
            NaN   0.103798E-04   0.204695E-05   0.312332E-07   0.000000E+00   0.000000E+00   0.000000E+00   0.000000E+00   0.000000E+00   0.000000E+00   0.000000E+00   0.000000E+00   0.000000E+00   0.000000E+00   0.000000E+00
            NaN   0.173409E-04   0.422197E-05   0.174280E-06   0.375418E-09   0.000000E+00   0.000000E+00   0.000000E+00   0.000000E+00   0.000000E+00   0.000000E+00   0.000000E+00   0.000000E+00   0.000000E+00   0.000000E+00
    2    1    1    1    1    9   15
            NaN   0.303813E-06   0.435218E-07   0.000000E+00   0.000000E+00   0.000000E+00   0.000000E+00   0.000000E+00   0.000000E+00   0.000000E+00   0.000000E+00   0.000000E+00   0.000000E+00   0.000000E+00   0.000000E+00
            NaN   0.904849E-06   0.188383E-06   0.406727E-08   0.000000E+00   0.000000E+00   0.000000E+00   0.000000E+00   0.000000E+00   0.000000E+00   0.000000E+00   0.000000E+00   0.000000E+00   0.000000E+00   0.000000E+00
            NaN   0.144539E-05   0.368107E-06   0.170857E-07   0.145490E-09   0.000000E+00   0.000000E+00   0.000000E+00   0.000000E+00   0.000000E+00   0.000000E+00   0.000000E+00   0.000000E+00   0.000000E+00   0.000000E+00
            NaN   0.143817E-05   0.206020E-06   0.000000E+00   0.000000E+00   0.000000E+00   0.000000E+00   0.000000E+00   0.000000E+00   0.000000E+00   0.000000E+00   0.000000E+00   0.000000E+00   0.000000E+00   0.000000E+00
            NaN   0.428331E-05   0.891751E-06   0.192533E-07   0.000000E+00   0.000000E+00   0.000000E+00   0.000000E+00   0.000000E+00   0.000000E+00   0.000000E+00   0.000000E+00   0.000000E+00   0.000000E+00   0.000000E+00
            NaN   0.684210E-05   0.174252E-05   0.808791E-07   0.688712E-09   0.000000E+00   0.000000E+00   0.000000E+00   0.000000E+00   0.000000E+00   0.000000E+00   0.000000E+00   0.000000E+00   0.000000E+00   0.000000E+00
            NaN   0.449427E-05   0.643814E-06   0.000000E+00   0.000000E+00   0.000000E+00   0.000000E+00   0.000000E+00   0.000000E+00   0.000000E+00   0.000000E+00   0.000000E+00   0.000000E+00   0.000000E+00   0.000000E+00
            NaN   0.133853E-04   0.278672E-05   0.601667E-07   0.000000E+00   0.000000E+00   0.000000E+00   0.000000E+00   0.000000E+00   0.000000E+00   0.000000E+00   0.000000E+00   0.000000E+00   0.000000E+00   0.000000E+00
            NaN   0.213816E-04   0.544537E-05   0.252747E-06   0.215222E-08   0.000000E+00   0.000000E+00   0.000000E+00   0.000000E+00   0.000000E+00   0.000000E+00   0.000000E+00   0.000000E+00   0.000000E+00   0.000000E+00
    3    1    1    1    1    9   15
            NaN   0.377106E-02   0.230918E-02   0.541767E-03   0.762807E-04   0.345935E-04   0.250779E-04   0.809272E-05   0.391858E-05   0.738723E-06   0.000000E+00   0.000000E+00   0.000000E+00   0.000000E+00   0.000000E+00
            NaN   0.168614E-02   0.100320E-02   0.290564E-03   0.511361E-04   0.250305E-04   0.186731E-04   0.683832E-05   0.394145E-05   0.146063E-05   0.205557E-06   0.000000E+00   0.000000E+00   0.000000E+00   0.000000E+00
            NaN   0.842077E-03   0.454944E-03   0.138996E-03   0.294293E-04   0.152618E-04   0.116628E-04   0.461846E-05   0.277124E-05   0.121549E-05   0.352131E-06   0.867835E-08   0.000000E+00   0.000000E+00   0.000000E+00
            NaN   0.131987E-01   0.808213E-02   0.189618E-02   0.266982E-03   0.121077E-03   0.877726E-04   0.283245E-04   0.137150E-04   0.258553E-05   0.000000E+00   0.000000E+00   0.000000E+00   0.000000E+00   0.000000E+00
            NaN   0.590150E-02   0.351122E-02   0.101698E-02   0.178976E-03   0.876067E-04   0.653559E-04   0.239341E-04   0.137951E-04   0.511219E-05   0.719449E-06   0.000000E+00   0.000000E+00   0.000000E+00   0.000000E+00
            NaN   0.294727E-02   0.159230E-02   0.486486E-03   0.103002E-03   0.534165E-04   0.408200E-04   0.161646E-04   0.969935E-05   0.425421E-05   0.123246E-05   0.303742E-07   0.000000E+00   0.000000E+00   0.000000E+00
            NaN   0.301685E-01   0.184734E-01   0.433414E-02   0.610245E-03   0.276748E-03   0.200623E-03   0.647418E-04   0.313486E-04   0.590979E-05   0.000000E+00   0.000000E+00   0.000000E+00   0.000000E+00   0.000000E+00
            NaN   0.134891E-01   0.802564E-02   0.232452E-02   0.409089E-03   0.200244E-03   0.149385E-03   0.547065E-04   0.315316E-04   0.116850E-04   0.164446E-05   0.000000E+00   0.000000E+00   0.000000E+00   0.000000E+00
            NaN   0.673662E-02   0.363955E-02   0.111197E-02   0.235434E-03   0.122095E-03   0.933028E-04   0.369477E-04   0.221700E-04   0.972390E-05   0.281705E-05   0.694268E-07   0.000000E+00   0.000000E+00   0.000000E+00
    4    1    1    1    1    9   15
            NaN   0.213764E-02   0.123902E-02   0.249975E-03   0.315549E-04   0.138292E-04   0.986843E-05   0.275109E-05   0.110272E-05   0.101138E-06   0.000000E+00   0.000000E+00   0.000000E+00   0.000000E+00   0.000000E+00
            NaN   0.991546E-03   0.580626E-03   0.151404E-03   0.240506E-04   0.113969E-04   0.839651E-05   0.294752E-05   0.161522E-05   0.496331E-06   0.270954E-07   0.000000E+00   0.000000E+00   0.000000E+00   0.000000E+00
            NaN   0.493538E-03   0.267844E-03   0.791018E-04   0.154881E-04   0.785313E-05   0.594653E-05   0.227657E-05   0.134643E-05   0.565983E-06   0.133601E-06   0.000000E+00   0.000000E+00   0.000000E+00   0.000000E+00
            NaN   0.748175E-02   0.433658E-02   0.874913E-03   0.110442E-03   0.484022E-04   0.345395E-04   0.962881E-05   0.385953E-05   0.353984E-06   0.000000E+00   0.000000E+00   0.000000E+00   0.000000E+00   0.000000E+00
            NaN   0.347041E-02   0.203219E-02   0.529912E-03   0.841771E-04   0.398893E-04   0.293878E-04   0.103163E-04   0.565329E-05   0.173716E-05   0.948340E-07   0.000000E+00   0.000000E+00   0.000000E+00   0.000000E+00
            NaN   0.172738E-02   0.937456E-03   0.276856E-03   0.542084E-04   0.274860E-04   0.208128E-04   0.796800E-05   0.471251E-05   0.198094E-05   0.467603E-06   0.000000E+00   0.000000E+00   0.000000E+00   0.000000E+00
            NaN   0.171011E-01   0.991218E-02   0.199980E-02   0.252439E-03   0.110634E-03   0.789475E-04   0.220087E-04   0.882178E-05   0.809107E-06   0.000000E+00   0.000000E+00   0.000000E+00   0.000000E+00   0.000000E+00
            NaN   0.793237E-02   0.464500E-02   0.121123E-02   0.192405E-03   0.911756E-04   0.671721E-04   0.235802E-04   0.129218E-04   0.397065E-05   0.216763E-06   0.000000E+00   0.000000E+00   0.000000E+00   0.000000E+00
            NaN   0.394831E-02   0.214276E-02   0.632814E-03   0.123905E-03   0.628250E-04   0.475722E-04   0.182126E-04   0.107715E-04   0.452786E-05   0.106881E-05   0.000000E+00   0.000000E+00   0.000000E+00   0.000000E+00
    5    1    1    1    1    9   15
            NaN   0.131456E-02   0.685951E-03   0.106382E-03   0.110594E-04   0.441830E-05   0.292772E-05   0.456872E-06   0.799197E-07   0.000000E+00   0.000000E+00   0.000000E+00   0.000000E+00   0.000000E+00   0.000000E+00
            NaN   0.554332E-03   0.315339E-03   0.702136E-04   0.976570E-05   0.442358E-05   0.319773E-05   0.102419E-05   0.493862E-06   0.997234E-07   0.000000E+00   0.000000E+00   0.000000E+00   0.000000E+00   0.000000E+00
            NaN   0.246267E-03   0.132842E-03   0.366082E-04   0.652454E-05   0.321246E-05   0.240206E-05   0.886954E-06   0.514922E-06   0.197577E-06   0.315505E-07   0.000000E+00   0.000000E+00   0.000000E+00   0.000000E+00
            NaN   0.460096E-02   0.240083E-02   0.372336E-03   0.387080E-04   0.154641E-04   0.102470E-04   0.159905E-05   0.279719E-06   0.000000E+00   0.000000E+00   0.000000E+00   0.000000E+00   0.000000E+00   0.000000E+00
            NaN   0.194016E-02   0.110369E-02   0.245748E-03   0.341799E-04   0.154825E-04   0.111921E-04   0.358465E-05   0.172852E-05   0.349032E-06   0.000000E+00   0.000000E+00   0.000000E+00   0.000000E+00   0.000000E+00
            NaN   0.861934E-03   0.464946E-03   0.128129E-03   0.228359E-04   0.112436E-04   0.840721E-05   0.310434E-05   0.180223E-05   0.691521E-06   0.110427E-06   0.000000E+00   0.000000E+00   0.000000E+00   0.000000E+00
            NaN   0.105165E-01   0.548761E-02   0.851054E-03   0.884755E-04   0.353464E-04   0.234218E-04   0.365497E-05   0.639358E-06   0.000000E+00   0.000000E+00   0.000000E+00   0.000000E+00   0.000000E+00   0.000000E+00
            NaN   0.443466E-02   0.252271E-02   0.561709E-03   0.781256E-04   0.353886E-04   0.255818E-04   0.819349E-05   0.395090E-05   0.797788E-06   0.000000E+00   0.000000E+00   0.000000E+00   0.000000E+00   0.000000E+00
            NaN   0.197013E-02   0.106273E-02   0.292865E-03   0.521963E-04   0.256997E-04   0.192165E-04   0.709563E-05   0.411937E-05   0.158062E-05   0.252404E-06   0.000000E+00   0.000000E+00   0.000000E+00   0.000000E+00
    6    1    1    1    1    9   15
            NaN   0.863630E-03   0.386248E-03   0.449157E-04   0.358529E-05   0.103068E-05   0.540141E-06   0.525350E-08   0.000000E+00   0.000000E+00   0.000000E+00   0.000000E+00   0.000000E+00   0.000000E+00   0.000000E+00
            NaN   0.374088E-03   0.198780E-03   0.339597E-04   0.383115E-05   0.160543E-05   0.111105E-05   0.240337E-06   0.724821E-07   0.000000E+00   0.000000E+00   0.000000E+00   0.000000E+00   0.000000E+00   0.000000E+00
            NaN   0.157867E-03   0.855296E-04   0.193274E-04   0.277571E-05   0.127146E-05   0.925483E-06   0.308170E-06   0.156445E-06   0.353442E-07   0.000000E+00   0.000000E+00   0.000000E+00   0.000000E+00   0.000000E+00
            NaN   0.302270E-02   0.135187E-02   0.157205E-03   0.125485E-04   0.360738E-05   0.189049E-05   0.183873E-07   0.000000E+00   0.000000E+00   0.000000E+00   0.000000E+00   0.000000E+00   0.000000E+00   0.000000E+00
            NaN   0.130931E-02   0.695732E-03   0.118859E-03   0.134090E-04   0.561899E-05   0.388867E-05   0.841181E-06   0.253687E-06   0.000000E+00   0.000000E+00   0.000000E+00   0.000000E+00   0.000000E+00   0.000000E+00
            NaN   0.552536E-03   0.299354E-03   0.676458E-04   0.971498E-05   0.445012E-05   0.323919E-05   0.107859E-05   0.547558E-06   0.123705E-06   0.000000E+00   0.000000E+00   0.000000E+00   0.000000E+00   0.000000E+00
            NaN   0.690904E-02   0.308999E-02   0.359325E-03   0.286824E-04   0.824543E-05   0.432112E-05   0.420280E-07   0.000000E+00   0.000000E+00   0.000000E+00   0.000000E+00   0.000000E+00   0.000000E+00   0.000000E+00
            NaN   0.299271E-02   0.159024E-02   0.271677E-03   0.306492E-04   0.128434E-04   0.888839E-05   0.192270E-05   0.579856E-06   0.000000E+00   0.000000E+00   0.000000E+00   0.000000E+00   0.000000E+00   0.000000E+00
            NaN   0.126294E-02   0.684237E-03   0.154619E-03   0.222057E-04   0.101717E-04   0.740386E-05   0.246536E-05   0.125156E-05   0.282754E-06   0.000000E+00   0.000000E+00   0.000000E+00   0.000000E+00   0.000000E+00
    7    1    1    1    1    9   15
            NaN   0.618693E-03   0.196672E-03   0.134779E-04   0.120569E-06   0.000000E+00   0.000000E+00   0.000000E+00   0.000000E+00   0.000000E+00   0.000000E+00   0.000000E+00   0.000000E+00   0.000000E+00   0.000000E+00
            NaN   0.334396E-03   0.131618E-03   0.124686E-04   0.689254E-06   0.103903E-06   0.262754E-07   0.000000E+00   0.000000E+00   0.000000E+00   0.000000E+00   0.000000E+00   0.000000E+00   0.000000E+00   0.000000E+00
            NaN   0.156211E-03   0.741170E-04   0.976260E-05   0.893516E-06   0.315470E-06   0.189468E-06   0.129883E-07   0.000000E+00   0.000000E+00   0.000000E+00   0.000000E+00   0.000000E+00   0.000000E+00   0.000000E+00
            NaN   0.216543E-02   0.688352E-03   0.471727E-04   0.421991E-06   0.000000E+00   0.000000E+00   0.000000E+00   0.000000E+00   0.000000E+00   0.000000E+00   0.000000E+00   0.000000E+00   0.000000E+00   0.000000E+00
            NaN   0.117039E-02   0.460662E-03   0.436401E-04   0.241239E-05   0.363661E-06   0.919638E-07   0.000000E+00   0.000000E+00   0.000000E+00   0.000000E+00   0.000000E+00   0.000000E+00   0.000000E+00   0.000000E+00
            NaN   0.546740E-03   0.259409E-03   0.341691E-04   0.312731E-05   0.110414E-05   0.663138E-06   0.454591E-07   0.000000E+00   0.000000E+00   0.000000E+00   0.000000E+00   0.000000E+00   0.000000E+00   0.000000E+00
            NaN   0.494955E-02   0.157338E-02   0.107823E-03   0.964550E-06   0.000000E+00   0.000000E+00   0.000000E+00   0.000000E+00   0.000000E+00   0.000000E+00   0.000000E+00   0.000000E+00   0.000000E+00   0.000000E+00
            NaN   0.267517E-02   0.105294E-02   0.997489E-04   0.551404E-05   0.831226E-06   0.210203E-06   0.000000E+00   0.000000E+00   0.000000E+00   0.000000E+00   0.000000E+00   0.000000E+00   0.000000E+00   0.000000E+00
            NaN   0.124969E-02   0.592936E-03   0.781008E-04   0.714813E-05   0.252376E-05   0.151574E-05   0.103907E-06   0.000000E+00   0.000000E+00   0.000000E+00   0.000000E+00   0.000000E+00   0.000000E+00   0.000000E+00
    8    1    1    1    1    9   15
            NaN   0.483114E-03   0.138893E-03   0.797477E-05   0.123089E-08   0.000000E+00   0.000000E+00   0.000000E+00   0.000000E+00   0.000000E+00   0.000000E+00   0.000000E+00   0.000000E+00   0.000000E+00   0.000000E+00
            NaN   0.291838E-03   0.102968E-03   0.830332E-05   0.257968E-06   0.860566E-08   0.000000E+00   0.000000E+00   0.000000E+00   0.000000E+00   0.000000E+00   0.000000E+00   0.000000E+00   0.000000E+00   0.000000E+00
            NaN   0.150462E-03   0.645822E-04   0.707522E-05   0.525221E-06   0.133175E-06   0.632711E-07   0.000000E+00   0.000000E+00   0.000000E+00   0.000000E+00   0.000000E+00   0.000000E+00   0.000000E+00   0.000000E+00
            NaN   0.169090E-02   0.486125E-03   0.279117E-04   0.430812E-08   0.000000E+00   0.000000E+00   0.000000E+00   0.000000E+00   0.000000E+00   0.000000E+00   0.000000E+00   0.000000E+00   0.000000E+00   0.000000E+00
            NaN   0.102143E-02   0.360389E-03   0.290616E-04   0.902887E-06   0.301198E-07   0.000000E+00   0.000000E+00   0.000000E+00   0.000000E+00   0.000000E+00   0.000000E+00   0.000000E+00   0.000000E+00   0.000000E+00
            NaN   0.526618E-03   0.226038E-03   0.247633E-04   0.183827E-05   0.466114E-06   0.221449E-06   0.000000E+00   0.000000E+00   0.000000E+00   0.000000E+00   0.000000E+00   0.000000E+00   0.000000E+00   0.000000E+00
            NaN   0.386491E-02   0.111114E-02   0.637982E-04   0.984714E-08   0.000000E+00   0.000000E+00   0.000000E+00   0.000000E+00   0.000000E+00   0.000000E+00   0.000000E+00   0.000000E+00   0.000000E+00   0.000000E+00
            NaN   0.233470E-02   0.823747E-03   0.664265E-04   0.206374E-05   0.688452E-07   0.000000E+00   0.000000E+00   0.000000E+00   0.000000E+00   0.000000E+00   0.000000E+00   0.000000E+00   0.000000E+00   0.000000E+00
            NaN   0.120370E-02   0.516657E-03   0.566017E-04   0.420177E-05   0.106540E-05   0.506169E-06   0.000000E+00   0.000000E+00   0.000000E+00   0.000000E+00   0.000000E+00   0.000000E+00   0.000000E+00   0.000000E+00
    9    1    1    1    1    9   15
            NaN   0.000000E+00   0.000000E+00   0.000000E+00   0.000000E+00   0.000000E+00   0.000000E+00   0.000000E+00   0.000000E+00   0.000000E+00   0.000000E+00   0.000000E+00   0.000000E+00   0.000000E+00   0.000000E+00
            NaN   0.000000E+00   0.000000E+00   0.000000E+00   0.000000E+00   0.000000E+00   0.000000E+00   0.000000E+00   0.000000E+00   0.000000E+00   0.000000E+00   0.000000E+00   0.000000E+00   0.000000E+00   0.000000E+00
            NaN   0.153358E-06   0.000000E+00   0.000000E+00   0.000000E+00   0.000000E+00   0.000000E+00   0.000000E+00   0.000000E+00   0.000000E+00   0.000000E+00   0.000000E+00   0.000000E+00   0.000000E+00   0.000000E+00
            NaN   0.000000E+00   0.000000E+00   0.000000E+00   0.000000E+00   0.000000E+00   0.000000E+00   0.000000E+00   0.000000E+00   0.000000E+00   0.000000E+00   0.000000E+00   0.000000E+00   0.000000E+00   0.000000E+00
            NaN   0.000000E+00   0.000000E+00   0.000000E+00   0.000000E+00   0.000000E+00   0.000000E+00   0.000000E+00   0.000000E+00   0.000000E+00   0.000000E+00   0.000000E+00   0.000000E+00   0.000000E+00   0.000000E+00
            NaN   0.843469E-07   0.000000E+00   0.000000E+00   0.000000E+00   0.000000E+00   0.000000E+00   0.000000E+00   0.000000E+00   0.000000E+00   0.000000E+00   0.000000E+00   0.000000E+00   0.000000E+00   0.000000E+00
            NaN   0.000000E+00   0.000000E+00   0.000000E+00   0.000000E+00   0.000000E+00   0.000000E+00   0.000000E+00   0.000000E+00   0.000000E+00   0.000000E+00   0.000000E+00   0.000000E+00   0.000000E+00   0.000000E+00
            NaN   0.000000E+00   0.000000E+00   0.000000E+00   0.000000E+00   0.000000E+00   0.000000E+00   0.000000E+00   0.000000E+00   0.000000E+00   0.000000E+00   0.000000E+00   0.000000E+00   0.000000E+00   0.000000E+00
            NaN   0.153358E-07   0.000000E+00   0.000000E+00   0.000000E+00   0.000000E+00   0.000000E+00   0.000000E+00   0.000000E+00   0.000000E+00   0.000000E+00   0.000000E+00   0.000000E+00   0.000000E+00   0.000000E+00
   10    1    1    1    1    1   15
            NaN   0.174101E-03   0.436604E-04   0.211880E-05   0.308416E-07   0.663431E-10   0.000000E+00   0.000000E+00   0.000000E+00   0.000000E+00   0.000000E+00   0.000000E+00   0.000000E+00   0.000000E+00   0.000000E+00
   11    1    1    1    1    1   15
            NaN   0.421162E-05   0.180274E-06   0.000000E+00   0.000000E+00   0.000000E+00   0.000000E+00   0.000000E+00   0.000000E+00   0.000000E+00   0.000000E+00   0.000000E+00   0.000000E+00   0.000000E+00   0.000000E+00
   12    1    1    1    1    1   15
            NaN   0.338037E-03   0.797336E-04   0.327831E-05   0.165374E-07   0.000000E+00   0.000000E+00   0.000000E+00   0.000000E+00   0.000000E+00   0.000000E+00   0.000000E+00   0.000000E+00   0.000000E+00   0.000000E+00
   13    1    1    1    1    1   15
            NaN   0.361018E-05   0.101254E-06   0.000000E+00   0.000000E+00   0.000000E+00   0.000000E+00   0.000000E+00   0.000000E+00   0.000000E+00   0.000000E+00   0.000000E+00   0.000000E+00   0.000000E+00   0.000000E+00
   14    1    1    1    1    1   15
            NaN   0.121446E-02   0.426030E-03   0.398431E-04   0.263963E-05   0.818465E-06   0.486604E-06   0.549595E-07   0.994647E-08   0.203432E-10   0.000000E+00   0.000000E+00   0.000000E+00   0.000000E+00   0.000000E+00
   15    1    1    1    1    1   15
            NaN   0.734161E-04   0.139311E-04   0.233967E-06   0.000000E+00   0.000000E+00   0.000000E+00   0.000000E+00   0.000000E+00   0.000000E+00   0.000000E+00   0.000000E+00   0.000000E+00   0.000000E+00   0.000000E+00
   16    1    1    1    1    1   15
            NaN   0.252984E-01   0.941810E-02   0.117053E-02   0.124451E-03   0.522362E-04   0.366381E-04   0.107162E-04   0.536788E-05   0.165543E-05   0.277116E-06   0.736892E-08   0.000000E+00   0.000000E+00   0.000000E+00
   17    1    1    1    1    1   15
            NaN   0.107332E-04   0.128398E-05   0.000000E+00   0.000000E+00   0.000000E+00   0.000000E+00   0.000000E+00   0.000000E+00   0.000000E+00   0.000000E+00   0.000000E+00   0.000000E+00   0.000000E+00   0.000000E+00
   18    1    1    1    1    1   15
            NaN   0.231115E-03   0.605567E-04   0.327277E-05   0.741551E-07   0.457190E-08   0.163489E-09   0.000000E+00   0.000000E+00   0.000000E+00   0.000000E+00   0.000000E+00   0.000000E+00   0.000000E+00   0.000000E+00
   19    1    1    1    1    1   15
            NaN   0.121276E-02   0.358976E-03   0.242755E-04   0.943054E-06   0.177763E-06   0.783103E-07   0.720618E-09   0.000000E+00   0.000000E+00   0.000000E+00   0.000000E+00   0.000000E+00   0.000000E+00   0.000000E+00
   20    1    1    1    1    1   15
            NaN   0.360358E-01   0.172518E-01   0.366465E-02   0.707285E-03   0.375155E-03   0.290243E-03   0.121461E-03   0.756952E-04   0.352673E-04   0.127369E-04   0.287556E-05   0.743605E-06   0.687894E-07   0.239645E-08
   21    1    1    1    1    1   15
            NaN   0.384813E-01   0.239496E-01   0.862331E-02   0.287304E-02   0.188424E-02   0.158901E-02   0.892176E-03   0.652837E-03   0.395071E-03   0.203722E-03   0.797998E-04   0.359409E-04   0.106837E-04   0.309610E-05
   22    1    1    1    1    1   15
            NaN   0.223010E-01   0.130271E-01   0.461677E-02   0.168154E-02   0.115811E-02   0.997561E-03   0.604296E-03   0.461603E-03   0.299822E-03   0.170039E-03   0.763613E-04   0.386853E-04   0.137820E-04   0.482441E-05
   23    1    1    1    1    1   15
            NaN   0.720408E-06   0.000000E+00   0.000000E+00   0.000000E+00   0.000000E+00   0.000000E+00   0.000000E+00   0.000000E+00   0.000000E+00   0.000000E+00   0.000000E+00   0.000000E+00   0.000000E+00   0.000000E+00
   24    1    1    1    1    1   15
            NaN   0.168402E-03   0.306489E-04   0.564575E-06   0.000000E+00   0.000000E+00   0.000000E+00   0.000000E+00   0.000000E+00   0.000000E+00   0.000000E+00   0.000000E+00   0.000000E+00   0.000000E+00   0.000000E+00
   25    1    1    1    1    1   15
            NaN   0.390436E-03   0.847037E-04   0.243421E-05   0.279015E-08   0.000000E+00   0.000000E+00   0.000000E+00   0.000000E+00   0.000000E+00   0.000000E+00   0.000000E+00   0.000000E+00   0.000000E+00   0.000000E+00
   26    1    1    1    1    1   15
            NaN   0.152534E-04   0.227736E-05   0.000000E+00   0.000000E+00   0.000000E+00   0.000000E+00   0.000000E+00   0.000000E+00   0.000000E+00   0.000000E+00   0.000000E+00   0.000000E+00   0.000000E+00   0.000000E+00
   27    1    1    1    1    1   15
            NaN   0.815883E-03   0.168697E-03   0.482734E-05   0.219737E-08   0.000000E+00   0.000000E+00   0.000000E+00   0.000000E+00   0.000000E+00   0.000000E+00   0.000000E+00   0.000000E+00   0.000000E+00   0.000000E+00
   28    1    1    1    1    1   15
            NaN   0.149763E-04   0.153346E-05   0.000000E+00   0.000000E+00   0.000000E+00   0.000000E+00   0.000000E+00   0.000000E+00   0.000000E+00   0.000000E+00   0.000000E+00   0.000000E+00   0.000000E+00   0.000000E+00
   29    1    1    1    1    1   15
            NaN   0.518630E-03   0.125426E-03   0.543440E-05   0.768336E-07   0.552597E-08   0.115249E-08   0.000000E+00   0.000000E+00   0.000000E+00   0.000000E+00   0.000000E+00   0.000000E+00   0.000000E+00   0.000000E+00
   30    1    1    1    1    1   15
            NaN   0.180532E-02   0.118882E-02   0.457116E-03   0.109236E-03   0.585673E-04   0.452782E-04   0.186463E-04   0.114169E-04   0.508517E-05   0.161826E-05   0.165630E-06   0.787603E-09   0.000000E+00   0.000000E+00
   31    1    1    1    1    1   15
            NaN   0.160076E-02   0.836776E-03   0.272798E-03   0.738739E-04   0.415713E-04   0.327156E-04   0.142898E-04   0.905545E-05   0.428971E-05   0.158447E-05   0.296433E-06   0.161416E-07   0.000000E+00   0.000000E+00
   32    1    1    1    1    1   15
            NaN   0.218594E-02   0.118157E-02   0.391230E-03   0.959882E-04   0.521567E-04   0.405356E-04   0.170099E-04   0.105437E-04   0.481704E-05   0.164288E-05   0.209571E-06   0.000000E+00   0.000000E+00   0.000000E+00
   33    1    1    1    1    1   15
            NaN   0.602785E-02   0.300142E-02   0.927292E-03   0.270008E-03   0.157175E-03   0.125274E-03   0.568468E-04   0.367436E-04   0.180056E-04   0.690413E-05   0.161538E-05   0.232413E-06   0.000000E+00   0.000000E+00
