    1    1    1    1    1    9   15
         NaN  0.2267E-06  0.2932E-07  0.0000E+00  0.0000E+00  0.0000E+00  0.0000E+00  0.0000E+00  0.0000E+00  0.0000E+00  0.0000E+00  0.0000E+00  0.0000E+00  0.0000E+00  0.0000E+00
         NaN  0.7307E-06  0.1441E-06  0.2199E-08  0.0000E+00  0.0000E+00  0.0000E+00  0.0000E+00  0.0000E+00  0.0000E+00  0.0000E+00  0.0000E+00  0.0000E+00  0.0000E+00  0.0000E+00
         NaN  0.1221E-05  0.2972E-06  0.1227E-07  0.2643E-10  0.0000E+00  0.0000E+00  0.0000E+00  0.0000E+00  0.0000E+00  0.0000E+00  0.0000E+00  0.0000E+00  0.0000E+00  0.0000E+00
         NaN  0.1010E-05  0.1307E-06  0.0000E+00  0.0000E+00  0.0000E+00  0.0000E+00  0.0000E+00  0.0000E+00  0.0000E+00  0.0000E+00  0.0000E+00  0.0000E+00  0.0000E+00  0.0000E+00
         NaN  0.3256E-05  0.6422E-06  0.9799E-08  0.0000E+00  0.0000E+00  0.0000E+00  0.0000E+00  0.0000E+00  0.0000E+00  0.0000E+00  0.0000E+00  0.0000E+00  0.0000E+00  0.0000E+00
         NaN  0.5440E-05  0.1325E-05  0.5468E-07  0.1178E-09  0.0000E+00  0.0000E+00  0.0000E+00  0.0000E+00  0.0000E+00  0.0000E+00  0.0000E+00  0.0000E+00  0.0000E+00  0.0000E+00
         NaN  0.3221E-05  0.4165E-06  0.0000E+00  0.0000E+00  0.0000E+00  0.0000E+00  0.0000E+00  0.0000E+00  0.0000E+00  0.0000E+00  0.0000E+00  0.0000E+00  0.0000E+00  0.0000E+00
         NaN  0.1038E-04  0.2047E-05  0.3123E-07  0.0000E+00  0.0000E+00  0.0000E+00  0.0000E+00  0.0000E+00  0.0000E+00  0.0000E+00  0.0000E+00  0.0000E+00  0.0000E+00  0.0000E+00
         NaN  0.1734E-04  0.4222E-05  0.1743E-06  0.3754E-09  0.0000E+00  0.0000E+00  0.0000E+00  0.0000E+00  0.0000E+00  0.0000E+00  0.0000E+00  0.0000E+00  0.0000E+00  0.0000E+00
    2    1    1    1    1    9   15
         NaN  0.3038E-06  0.4352E-07  0.0000E+00  0.0000E+00  0.0000E+00  0.0000E+00  0.0000E+00  0.0000E+00  0.0000E+00  0.0000E+00  0.0000E+00  0.0000E+00  0.0000E+00  0.0000E+00
         NaN  0.9048E-06  0.1884E-06  0.4067E-08  0.0000E+00  0.0000E+00  0.0000E+00  0.0000E+00  0.0000E+00  0.0000E+00  0.0000E+00  0.0000E+00  0.0000E+00  0.0000E+00  0.0000E+00
         NaN  0.1445E-05  0.3681E-06  0.1709E-07  0.1455E-09  0.0000E+00  0.0000E+00  0.0000E+00  0.0000E+00  0.0000E+00  0.0000E+00  0.0000E+00  0.0000E+00  0.0000E+00  0.0000E+00
         NaN  0.1438E-05  0.2060E-06  0.0000E+00  0.0000E+00  0.0000E+00  0.0000E+00  0.0000E+00  0.0000E+00  0.0000E+00  0.0000E+00  0.0000E+00  0.0000E+00  0.0000E+00  0.0000E+00
         NaN  0.4283E-05  0.8918E-06  0.1925E-07  0.0000E+00  0.0000E+00  0.0000E+00  0.0000E+00  0.0000E+00  0.0000E+00  0.0000E+00  0.0000E+00  0.0000E+00  0.0000E+00  0.0000E+00
         NaN  0.6842E-05  0.1743E-05  0.8088E-07  0.6887E-09  0.0000E+00  0.0000E+00  0.0000E+00  0.0000E+00  0.0000E+00  0.0000E+00  0.0000E+00  0.0000E+00  0.0000E+00  0.0000E+00
         NaN  0.4494E-05  0.6438E-06  0.0000E+00  0.0000E+00  0.0000E+00  0.0000E+00  0.0000E+00  0.0000E+00  0.0000E+00  0.0000E+00  0.0000E+00  0.0000E+00  0.0000E+00  0.0000E+00
         NaN  0.1339E-04  0.2787E-05  0.6017E-07  0.0000E+00  0.0000E+00  0.0000E+00  0.0000E+00  0.0000E+00  0.0000E+00  0.0000E+00  0.0000E+00  0.0000E+00  0.0000E+00  0.0000E+00
         NaN  0.2138E-04  0.5445E-05  0.2527E-06  0.2152E-08  0.0000E+00  0.0000E+00  0.0000E+00  0.0000E+00  0.0000E+00  0.0000E+00  0.0000E+00  0.0000E+00  0.0000E+00  0.0000E+00
    3    1    1    1    1    9   15
         NaN  0.3771E-02  0.2309E-02  0.5418E-03  0.7628E-04  0.3459E-04  0.2508E-04  0.8093E-05  0.3919E-05  0.7387E-06  0.0000E+00  0.0000E+00  0.0000E+00  0.0000E+00  0.0000E+00
         NaN  0.1686E-02  0.1003E-02  0.2906E-03  0.5114E-04  0.2503E-04  0.1867E-04  0.6838E-05  0.3941E-05  0.1461E-05  0.2056E-06  0.0000E+00  0.0000E+00  0.0000E+00  0.0000E+00
         NaN  0.8421E-03  0.4549E-03  0.1390E-03  0.2943E-04  0.1526E-04  0.1166E-04  0.4618E-05  0.2771E-05  0.1215E-05  0.3521E-06  0.8678E-08  0.0000E+00  0.0000E+00  0.0000E+00
         NaN  0.1320E-01  0.8082E-02  0.1896E-02  0.2670E-03  0.1211E-03  0.8777E-04  0.2832E-04  0.1372E-04  0.2586E-05  0.0000E+00  0.0000E+00  0.0000E+00  0.0000E+00  0.0000E+00
         NaN  0.5902E-02  0.3511E-02  0.1017E-02  0.1790E-03  0.8761E-04  0.6536E-04  0.2393E-04  0.1380E-04  0.5112E-05  0.7194E-06  0.0000E+00  0.0000E+00  0.0000E+00  0.0000E+00
         NaN  0.2947E-02  0.1592E-02  0.4865E-03  0.1030E-03  0.5342E-04  0.4082E-04  0.1616E-04  0.9699E-05  0.4254E-05  0.1232E-05  0.3037E-07  0.0000E+00  0.0000E+00  0.0000E+00
         NaN  0.3017E-01  0.1847E-01  0.4334E-02  0.6102E-03  0.2767E-03  0.2006E-03  0.6474E-04  0.3135E-04  0.5910E-05  0.0000E+00  0.0000E+00  0.0000E+00  0.0000E+00  0.0000E+00
         NaN  0.1349E-01  0.8026E-02  0.2325E-02  0.4091E-03  0.2002E-03  0.1494E-03  0.5471E-04  0.3153E-04  0.1169E-04  0.1644E-05  0.0000E+00  0.0000E+00  0.0000E+00  0.0000E+00
         NaN  0.6737E-02  0.3640E-02  0.1112E-02  0.2354E-03  0.1221E-03  0.9330E-04  0.3695E-04  0.2217E-04  0.9724E-05  0.2817E-05  0.6943E-07  0.0000E+00  0.0000E+00  0.0000E+00
    4    1    1    1    1    9   15
         NaN  0.2138E-02  0.1239E-02  0.2500E-03  0.3155E-04  0.1383E-04  0.9868E-05  0.2751E-05  0.1103E-05  0.1011E-06  0.0000E+00  0.0000E+00  0.0000E+00  0.0000E+00  0.0000E+00
         NaN  0.9915E-03  0.5806E-03  0.1514E-03  0.2405E-04  0.1140E-04  0.8397E-05  0.2948E-05  0.1615E-05  0.4963E-06  0.2710E-07  0.0000E+00  0.0000E+00  0.0000E+00  0.0000E+00
         NaN  0.4935E-03  0.2678E-03  0.7910E-04  0.1549E-04  0.7853E-05  0.5947E-05  0.2277E-05  0.1346E-05  0.5660E-06  0.1336E-06  0.0000E+00  0.0000E+00  0.0000E+00  0.0000E+00
         NaN  0.7482E-02  0.4337E-02  0.8749E-03  0.1104E-03  0.4840E-04  0.3454E-04  0.9629E-05  0.3860E-05  0.3540E-06  0.0000E+00  0.0000E+00  0.0000E+00  0.0000E+00  0.0000E+00
         NaN  0.3470E-02  0.2032E-02  0.5299E-03  0.8418E-04  0.3989E-04  0.2939E-04  0.1032E-04  0.5653E-05  0.1737E-05  0.9483E-07  0.0000E+00  0.0000E+00  0.0000E+00  0.0000E+00
         NaN  0.1727E-02  0.9375E-03  0.2769E-03  0.5421E-04  0.2749E-04  0.2081E-04  0.7968E-05  0.4713E-05  0.1981E-05  0.4676E-06  0.0000E+00  0.0000E+00  0.0000E+00  0.0000E+00
         NaN  0.1710E-01  0.9912E-02  0.2000E-02  0.2524E-03  0.1106E-03  0.7895E-04  0.2201E-04  0.8822E-05  0.8091E-06  0.0000E+00  0.0000E+00  0.0000E+00  0.0000E+00  0.0000E+00
         NaN  0.7932E-02  0.4645E-02  0.1211E-02  0.1924E-03  0.9118E-04  0.6717E-04  0.2358E-04  0.1292E-04  0.3971E-05  0.2168E-06  0.0000E+00  0.0000E+00  0.0000E+00  0.0000E+00
         NaN  0.3948E-02  0.2143E-02  0.6328E-03  0.1239E-03  0.6283E-04  0.4757E-04  0.1821E-04  0.1077E-04  0.4528E-05  0.1069E-05  0.0000E+00  0.0000E+00  0.0000E+00  0.0000E+00
    5    1    1    1    1    9   15
         NaN  0.1315E-02  0.6860E-03  0.1064E-03  0.1106E-04  0.4418E-05  0.2928E-05  0.4569E-06  0.7992E-07  0.0000E+00  0.0000E+00  0.0000E+00  0.0000E+00  0.0000E+00  0.0000E+00
         NaN  0.5543E-03  0.3153E-03  0.7021E-04  0.9766E-05  0.4424E-05  0.3198E-05  0.1024E-05  0.4939E-06  0.9972E-07  0.0000E+00  0.0000E+00  0.0000E+00  0.0000E+00  0.0000E+00
         NaN  0.2463E-03  0.1328E-03  0.3661E-04  0.6525E-05  0.3212E-05  0.2402E-05  0.8870E-06  0.5149E-06  0.1976E-06  0.3155E-07  0.0000E+00  0.0000E+00  0.0000E+00  0.0000E+00
         NaN  0.4601E-02  0.2401E-02  0.3723E-03  0.3871E-04  0.1546E-04  0.1025E-04  0.1599E-05  0.2797E-06  0.0000E+00  0.0000E+00  0.0000E+00  0.0000E+00  0.0000E+00  0.0000E+00
         NaN  0.1940E-02  0.1104E-02  0.2457E-03  0.3418E-04  0.1548E-04  0.1119E-04  0.3585E-05  0.1729E-05  0.3490E-06  0.0000E+00  0.0000E+00  0.0000E+00  0.0000E+00  0.0000E+00
         NaN  0.8619E-03  0.4649E-03  0.1281E-03  0.2284E-04  0.1124E-04  0.8407E-05  0.3104E-05  0.1802E-05  0.6915E-06  0.1104E-06  0.0000E+00  0.0000E+00  0.0000E+00  0.0000E+00
         NaN  0.1052E-01  0.5488E-02  0.8511E-03  0.8848E-04  0.3535E-04  0.2342E-04  0.3655E-05  0.6394E-06  0.0000E+00  0.0000E+00  0.0000E+00  0.0000E+00  0.0000E+00  0.0000E+00
         NaN  0.4435E-02  0.2523E-02  0.5617E-03  0.7813E-04  0.3539E-04  0.2558E-04  0.8193E-05  0.3951E-05  0.7978E-06  0.0000E+00  0.0000E+00  0.0000E+00  0.0000E+00  0.0000E+00
         NaN  0.1970E-02  0.1063E-02  0.2929E-03  0.5220E-04  0.2570E-04  0.1922E-04  0.7096E-05  0.4119E-05  0.1581E-05  0.2524E-06  0.0000E+00  0.0000E+00  0.0000E+00  0.0000E+00
    6    1    1    1    1    9   15
         NaN  0.8636E-03  0.3862E-03  0.4492E-04  0.3585E-05  0.1031E-05  0.5401E-06  0.5254E-08  0.0000E+00  0.0000E+00  0.0000E+00  0.0000E+00  0.0000E+00  0.0000E+00  0.0000E+00
         NaN  0.3741E-03  0.1988E-03  0.3396E-04  0.3831E-05  0.1605E-05  0.1111E-05  0.2403E-06  0.7248E-07  0.0000E+00  0.0000E+00  0.0000E+00  0.0000E+00  0.0000E+00  0.0000E+00
         NaN  0.1579E-03  0.8553E-04  0.1933E-04  0.2776E-05  0.1271E-05  0.9255E-06  0.3082E-06  0.1564E-06  0.3534E-07  0.0000E+00  0.0000E+00  0.0000E+00  0.0000E+00  0.0000E+00
         NaN  0.3023E-02  0.1352E-02  0.1572E-03  0.1255E-04  0.3607E-05  0.1890E-05  0.1839E-07  0.0000E+00  0.0000E+00  0.0000E+00  0.0000E+00  0.0000E+00  0.0000E+00  0.0000E+00
         NaN  0.1309E-02  0.6957E-03  0.1189E-03  0.1341E-04  0.5619E-05  0.3889E-05  0.8412E-06  0.2537E-06  0.0000E+00  0.0000E+00  0.0000E+00  0.0000E+00  0.0000E+00  0.0000E+00
         NaN  0.5525E-03  0.2994E-03  0.6765E-04  0.9715E-05  0.4450E-05  0.3239E-05  0.1079E-05  0.5476E-06  0.1237E-06  0.0000E+00  0.0000E+00  0.0000E+00  0.0000E+00  0.0000E+00
         NaN  0.6909E-02  0.3090E-02  0.3593E-03  0.2868E-04  0.8245E-05  0.4321E-05  0.4203E-07  0.0000E+00  0.0000E+00  0.0000E+00  0.0000E+00  0.0000E+00  0.0000E+00  0.0000E+00
         NaN  0.2993E-02  0.1590E-02  0.2717E-03  0.3065E-04  0.1284E-04  0.8888E-05  0.1923E-05  0.5799E-06  0.0000E+00  0.0000E+00  0.0000E+00  0.0000E+00  0.0000E+00  0.0000E+00
         NaN  0.1263E-02  0.6842E-03  0.1546E-03  0.2221E-04  0.1017E-04  0.7404E-05  0.2465E-05  0.1252E-05  0.2828E-06  0.0000E+00  0.0000E+00  0.0000E+00  0.0000E+00  0.0000E+00
    7    1    1    1    1    9   15
         NaN  0.6187E-03  0.1967E-03  0.1348E-04  0.1206E-06  0.0000E+00  0.0000E+00  0.0000E+00  0.0000E+00  0.0000E+00  0.0000E+00  0.0000E+00  0.0000E+00  0.0000E+00  0.0000E+00
         NaN  0.3344E-03  0.1316E-03  0.1247E-04  0.6893E-06  0.1039E-06  0.2628E-07  0.0000E+00  0.0000E+00  0.0000E+00  0.0000E+00  0.0000E+00  0.0000E+00  0.0000E+00  0.0000E+00
         NaN  0.1562E-03  0.7412E-04  0.9763E-05  0.8935E-06  0.3155E-06  0.1895E-06  0.1299E-07  0.0000E+00  0.0000E+00  0.0000E+00  0.0000E+00  0.0000E+00  0.0000E+00  0.0000E+00
         NaN  0.2165E-02  0.6884E-03  0.4717E-04  0.4220E-06  0.0000E+00  0.0000E+00  0.0000E+00  0.0000E+00  0.0000E+00  0.0000E+00  0.0000E+00  0.0000E+00  0.0000E+00  0.0000E+00
         NaN  0.1170E-02  0.4607E-03  0.4364E-04  0.2412E-05  0.3637E-06  0.9196E-07  0.0000E+00  0.0000E+00  0.0000E+00  0.0000E+00  0.0000E+00  0.0000E+00  0.0000E+00  0.0000E+00
         NaN  0.5467E-03  0.2594E-03  0.3417E-04  0.3127E-05  0.1104E-05  0.6631E-06  0.4546E-07  0.0000E+00  0.0000E+00  0.0000E+00  0.0000E+00  0.0000E+00  0.0000E+00  0.0000E+00
         NaN  0.4950E-02  0.1573E-02  0.1078E-03  0.9646E-06  0.0000E+00  0.0000E+00  0.0000E+00  0.0000E+00  0.0000E+00  0.0000E+00  0.0000E+00  0.0000E+00  0.0000E+00  0.0000E+00
         NaN  0.2675E-02  0.1053E-02  0.9975E-04  0.5514E-05  0.8312E-06  0.2102E-06  0.0000E+00  0.0000E+00  0.0000E+00  0.0000E+00  0.0000E+00  0.0000E+00  0.0000E+00  0.0000E+00
         NaN  0.1250E-02  0.5929E-03  0.7810E-04  0.7148E-05  0.2524E-05  0.1516E-05  0.1039E-06  0.0000E+00  0.0000E+00  0.0000E+00  0.0000E+00  0.0000E+00  0.0000E+00  0.0000E+00
    8    1    1    1    1    9   15
         NaN  0.4831E-03  0.1389E-03  0.7975E-05  0.1231E-08  0.0000E+00  0.0000E+00  0.0000E+00  0.0000E+00  0.0000E+00  0.0000E+00  0.0000E+00  0.0000E+00  0.0000E+00  0.0000E+00
         NaN  0.2918E-03  0.1030E-03  0.8303E-05  0.2580E-06  0.8606E-08  0.0000E+00  0.0000E+00  0.0000E+00  0.0000E+00  0.0000E+00  0.0000E+00  0.0000E+00  0.0000E+00  0.0000E+00
         NaN  0.1505E-03  0.6458E-04  0.7075E-05  0.5252E-06  0.1332E-06  0.6327E-07  0.0000E+00  0.0000E+00  0.0000E+00  0.0000E+00  0.0000E+00  0.0000E+00  0.0000E+00  0.0000E+00
         NaN  0.1691E-02  0.4861E-03  0.2791E-04  0.4308E-08  0.0000E+00  0.0000E+00  0.0000E+00  0.0000E+00  0.0000E+00  0.0000E+00  0.0000E+00  0.0000E+00  0.0000E+00  0.0000E+00
         NaN  0.1021E-02  0.3604E-03  0.2906E-04  0.9029E-06  0.3012E-07  0.0000E+00  0.0000E+00  0.0000E+00  0.0000E+00  0.0000E+00  0.0000E+00  0.0000E+00  0.0000E+00  0.0000E+00
         NaN  0.5266E-03  0.2260E-03  0.2476E-04  0.1838E-05  0.4661E-06  0.2214E-06  0.0000E+00  0.0000E+00  0.0000E+00  0.0000E+00  0.0000E+00  0.0000E+00  0.0000E+00  0.0000E+00
         NaN  0.3865E-02  0.1111E-02  0.6380E-04  0.9847E-08  0.0000E+00  0.0000E+00  0.0000E+00  0.0000E+00  0.0000E+00  0.0000E+00  0.0000E+00  0.0000E+00  0.0000E+00  0.0000E+00
         NaN  0.2335E-02  0.8237E-03  0.6643E-04  0.2064E-05  0.6885E-07  0.0000E+00  0.0000E+00  0.0000E+00  0.0000E+00  0.0000E+00  0.0000E+00  0.0000E+00  0.0000E+00  0.0000E+00
         NaN  0.1204E-02  0.5167E-03  0.5660E-04  0.4202E-05  0.1065E-05  0.5062E-06  0.0000E+00  0.0000E+00  0.0000E+00  0.0000E+00  0.0000E+00  0.0000E+00  0.0000E+00  0.0000E+00
    9    1    1    1    1    9   15
         NaN  0.0000E+00  0.0000E+00  0.0000E+00  0.0000E+00  0.0000E+00  0.0000E+00  0.0000E+00  0.0000E+00  0.0000E+00  0.0000E+00  0.0000E+00  0.0000E+00  0.0000E+00  0.0000E+00
         NaN  0.0000E+00  0.0000E+00  0.0000E+00  0.0000E+00  0.0000E+00  0.0000E+00  0.0000E+00  0.0000E+00  0.0000E+00  0.0000E+00  0.0000E+00  0.0000E+00  0.0000E+00  0.0000E+00
         NaN  0.1534E-06  0.0000E+00  0.0000E+00  0.0000E+00  0.0000E+00  0.0000E+00  0.0000E+00  0.0000E+00  0.0000E+00  0.0000E+00  0.0000E+00  0.0000E+00  0.0000E+00  0.0000E+00
         NaN  0.0000E+00  0.0000E+00  0.0000E+00  0.0000E+00  0.0000E+00  0.0000E+00  0.0000E+00  0.0000E+00  0.0000E+00  0.0000E+00  0.0000E+00  0.0000E+00  0.0000E+00  0.0000E+00
         NaN  0.0000E+00  0.0000E+00  0.0000E+00  0.0000E+00  0.0000E+00  0.0000E+00  0.0000E+00  0.0000E+00  0.0000E+00  0.0000E+00  0.0000E+00  0.0000E+00  0.0000E+00  0.0000E+00
         NaN  0.8435E-07  0.0000E+00  0.0000E+00  0.0000E+00  0.0000E+00  0.0000E+00  0.0000E+00  0.0000E+00  0.0000E+00  0.0000E+00  0.0000E+00  0.0000E+00  0.0000E+00  0.0000E+00
         NaN  0.0000E+00  0.0000E+00  0.0000E+00  0.0000E+00  0.0000E+00  0.0000E+00  0.0000E+00  0.0000E+00  0.0000E+00  0.0000E+00  0.0000E+00  0.0000E+00  0.0000E+00  0.0000E+00
         NaN  0.0000E+00  0.0000E+00  0.0000E+00  0.0000E+00  0.0000E+00  0.0000E+00  0.0000E+00  0.0000E+00  0.0000E+00  0.0000E+00  0.0000E+00  0.0000E+00  0.0000E+00  0.0000E+00
         NaN  0.1534E-07  0.0000E+00  0.0000E+00  0.0000E+00  0.0000E+00  0.0000E+00  0.0000E+00  0.0000E+00  0.0000E+00  0.0000E+00  0.0000E+00  0.0000E+00  0.0000E+00  0.0000E+00
   10    1    1    1    1    1   15
         NaN  0.1741E-03  0.4366E-04  0.2119E-05  0.3084E-07  0.6634E-10  0.0000E+00  0.0000E+00  0.0000E+00  0.0000E+00  0.0000E+00  0.0000E+00  0.0000E+00  0.0000E+00  0.0000E+00
   11    1    1    1    1    1   15
         NaN  0.4212E-05  0.1803E-06  0.0000E+00  0.0000E+00  0.0000E+00  0.0000E+00  0.0000E+00  0.0000E+00  0.0000E+00  0.0000E+00  0.0000E+00  0.0000E+00  0.0000E+00  0.0000E+00
   12    1    1    1    1    1   15
         NaN  0.3380E-03  0.7973E-04  0.3278E-05  0.1654E-07  0.0000E+00  0.0000E+00  0.0000E+00  0.0000E+00  0.0000E+00  0.0000E+00  0.0000E+00  0.0000E+00  0.0000E+00  0.0000E+00
   13    1    1    1    1    1   15
         NaN  0.3610E-05  0.1013E-06  0.0000E+00  0.0000E+00  0.0000E+00  0.0000E+00  0.0000E+00  0.0000E+00  0.0000E+00  0.0000E+00  0.0000E+00  0.0000E+00  0.0000E+00  0.0000E+00
   14    1    1    1    1    1   15
         NaN  0.1214E-02  0.4260E-03  0.3984E-04  0.2640E-05  0.8185E-06  0.4866E-06  0.5496E-07  0.9946E-08  0.2034E-10  0.0000E+00  0.0000E+00  0.0000E+00  0.0000E+00  0.0000E+00
   15    1    1    1    1    1   15
         NaN  0.7342E-04  0.1393E-04  0.2340E-06  0.0000E+00  0.0000E+00  0.0000E+00  0.0000E+00  0.0000E+00  0.0000E+00  0.0000E+00  0.0000E+00  0.0000E+00  0.0000E+00  0.0000E+00
   16    1    1    1    1    1   15
         NaN  0.2530E-01  0.9418E-02  0.1171E-02  0.1245E-03  0.5224E-04  0.3664E-04  0.1072E-04  0.5368E-05  0.1655E-05  0.2771E-06  0.7369E-08  0.0000E+00  0.0000E+00  0.0000E+00
   17    1    1    1    1    1   15
         NaN  0.1073E-04  0.1284E-05  0.0000E+00  0.0000E+00  0.0000E+00  0.0000E+00  0.0000E+00  0.0000E+00  0.0000E+00  0.0000E+00  0.0000E+00  0.0000E+00  0.0000E+00  0.0000E+00
   18    1    1    1    1    1   15
         NaN  0.2311E-03  0.6056E-04  0.3273E-05  0.7416E-07  0.4572E-08  0.1635E-09  0.0000E+00  0.0000E+00  0.0000E+00  0.0000E+00  0.0000E+00  0.0000E+00  0.0000E+00  0.0000E+00
   19    1    1    1    1    1   15
         NaN  0.1213E-02  0.3590E-03  0.2428E-04  0.9431E-06  0.1778E-06  0.7831E-07  0.7206E-09  0.0000E+00  0.0000E+00  0.0000E+00  0.0000E+00  0.0000E+00  0.0000E+00  0.0000E+00
   20    1    1    1    1    1   15
         NaN  0.3604E-01  0.1725E-01  0.3665E-02  0.7073E-03  0.3752E-03  0.2902E-03  0.1215E-03  0.7570E-04  0.3527E-04  0.1274E-04  0.2876E-05  0.7436E-06  0.6879E-07  0.2396E-08
   21    1    1    1    1    1   15
         NaN  0.3848E-01  0.2395E-01  0.8623E-02  0.2873E-02  0.1884E-02  0.1589E-02  0.8922E-03  0.6528E-03  0.3951E-03  0.2037E-03  0.7980E-04  0.3594E-04  0.1068E-04  0.3096E-05
   22    1    1    1    1    1   15
         NaN  0.2230E-01  0.1303E-01  0.4617E-02  0.1682E-02  0.1158E-02  0.9976E-03  0.6043E-03  0.4616E-03  0.2998E-03  0.1700E-03  0.7636E-04  0.3869E-04  0.1378E-04  0.4824E-05
   23    1    1    1    1    1   15
         NaN  0.7204E-06  0.0000E+00  0.0000E+00  0.0000E+00  0.0000E+00  0.0000E+00  0.0000E+00  0.0000E+00  0.0000E+00  0.0000E+00  0.0000E+00  0.0000E+00  0.0000E+00  0.0000E+00
   24    1    1    1    1    1   15
         NaN  0.1684E-03  0.3065E-04  0.5646E-06  0.0000E+00  0.0000E+00  0.0000E+00  0.0000E+00  0.0000E+00  0.0000E+00  0.0000E+00  0.0000E+00  0.0000E+00  0.0000E+00  0.0000E+00
   25    1    1    1    1    1   15
         NaN  0.3904E-03  0.8470E-04  0.2434E-05  0.2790E-08  0.0000E+00  0.0000E+00  0.0000E+00  0.0000E+00  0.0000E+00  0.0000E+00  0.0000E+00  0.0000E+00  0.0000E+00  0.0000E+00
   26    1    1    1    1    1   15
         NaN  0.1525E-04  0.2277E-05  0.0000E+00  0.0000E+00  0.0000E+00  0.0000E+00  0.0000E+00  0.0000E+00  0.0000E+00  0.0000E+00  0.0000E+00  0.0000E+00  0.0000E+00  0.0000E+00
   27    1    1    1    1    1   15
         NaN  0.8159E-03  0.1687E-03  0.4827E-05  0.2197E-08  0.0000E+00  0.0000E+00  0.0000E+00  0.0000E+00  0.0000E+00  0.0000E+00  0.0000E+00  0.0000E+00  0.0000E+00  0.0000E+00
   28    1    1    1    1    1   15
         NaN  0.1498E-04  0.1533E-05  0.0000E+00  0.0000E+00  0.0000E+00  0.0000E+00  0.0000E+00  0.0000E+00  0.0000E+00  0.0000E+00  0.0000E+00  0.0000E+00  0.0000E+00  0.0000E+00
   29    1    1    1    1    1   15
         NaN  0.5186E-03  0.1254E-03  0.5434E-05  0.7683E-07  0.5526E-08  0.1152E-08  0.0000E+00  0.0000E+00  0.0000E+00  0.0000E+00  0.0000E+00  0.0000E+00  0.0000E+00  0.0000E+00
   30    1    1    1    1    1   15
         NaN  0.1805E-02  0.1189E-02  0.4571E-03  0.1092E-03  0.5857E-04  0.4528E-04  0.1865E-04  0.1142E-04  0.5085E-05  0.1618E-05  0.1656E-06  0.7876E-09  0.0000E+00  0.0000E+00
   31    1    1    1    1    1   15
         NaN  0.1601E-02  0.8368E-03  0.2728E-03  0.7387E-04  0.4157E-04  0.3272E-04  0.1429E-04  0.9055E-05  0.4290E-05  0.1584E-05  0.2964E-06  0.1614E-07  0.0000E+00  0.0000E+00
   32    1    1    1    1    1   15
         NaN  0.2186E-02  0.1182E-02  0.3912E-03  0.9599E-04  0.5216E-04  0.4054E-04  0.1701E-04  0.1054E-04  0.4817E-05  0.1643E-05  0.2096E-06  0.0000E+00  0.0000E+00  0.0000E+00
   33    1    1    1    1    1   15
         NaN  0.6028E-02  0.3001E-02  0.9273E-03  0.2700E-03  0.1572E-03  0.1253E-03  0.5685E-04  0.3674E-04  0.1801E-04  0.6904E-05  0.1615E-05  0.2324E-06  0.0000E+00  0.0000E+00
