poligonal_sources_out                                                           
 
 Summary of Attenuation relationship used in the analysis:
 
Number of Problems:      1
Number of Attenuation Types:      1
 
Spectral Period  =     0.0100
Sigma Trunc      =     3.0000
Directivity Flag =          0
Ground Motion Values:
         NaN
      0.0100
      0.0150
      0.0250
      0.0400
      0.0500
      0.0553
      0.0800
      0.0900
      0.1000
      0.1500
      0.2200
      0.2800
      0.3300
      0.4500
 
Attenuation Type =      1
  Jcalc    Const1   Const2   Weight   SigVaradd  Scalc    SigFix   SSSCalc    iMix
   836     0.0000   0.0000  1.00000     0.0000                                    1
 
 
 psCorFlag =   0
 
  fault area (km^2) =    0.432E+04
  fault area (km^2) =    0.342E+04
  fault area (km^2) =    0.169E+02
  fault area (km^2) =    0.117E+04
  fault area (km^2) =    0.254E+04
  fault area (km^2) =    0.336E+04
  fault area (km^2) =    0.430E+04
 
 Output filename for hazard curves:  shivta_pga_haz_bgu_not_segmented.txt                                            
 
 Summary of Faults used in the analysis:
 
      29          Number of faults
 
    Fault Name                  nFlt System Number
 --------------------------------------------------
Kamag_Areal                       1    1
Shivta_Areal                      2    2
Jericho_Linear                    3    3
Arava_Linear                      4    4
Zin_Active                        5    5
Aragonese_Areal_                  6    6
Arif_Areal                        7    7
Arnona_Areal                      8    8
Barak_Areal                       9    9
Beit_Shean_Areal                 10   10
Central_Israel_Areal             11   11
Cyprus_Areal                     12   12
East_Sinai_Areal                 13   13
Elat_Areal                       14   14
Galil_Areal                      15   15
Mediterranean_1_Areal            16   16
Mediterranean_2_Areal            17   17
Mediterranean_3_Areal            18   18
Milhan_Areal                     19   19
Notrh_Jordan_Areal               20   20
Palmira_Areal                    21   21
Paran_Areal                      22   22
Suez_Areal                       23   23
Thamad_Areal                     24   24
W_Shiarn_Areal                   25   25
Carmel_Linear                    26   26
Roum_Linear                      27   27
Serghaya_Linear                  28   28
YHK_Linear                       29   29
 -*-*-*-*-*-*-*-*-*-*-*-*-*-*-*-*-*-*-*-*-*-*-*-*-*
 
 Filename for deaggregation output:  shivta_pga_deaggragation_bgu_not_segmented.txt                                  
 
    5      Number of Magnitude Bins
     4.000     5.000     6.000     7.000     8.350
    7      Number of Distance Bins 
     0.707    20.000    50.000   100.000   200.000   300.000   587.679
    6      Number of Epsilon Bins  
    -7.119    -1.000     0.000     1.000     2.000    15.419
    7      Number of Xcos(T) Bins  
     0.000     0.100     0.200     0.300     0.350     0.400     2.000
