      33       0          Number of faults, fault cases
Fault Name                       nFlt System Number Rupture Dist   BJF Dist  Campbell Dist nWidth nMaxmag Max Mag  Wts.  Fault Type   HWFlag    Vs


-------------------------------------------------------------------------------------------------------------------

 SITE 7 COORDINATES:    34.366   32.776
    1  nAtten
  Attenuation:     1      0.0100
   15  nAmp
 AMP:                                     pSeg al_Wt  MinDis         NaN    0.010000    0.015000    0.030000    0.053600    0.065000    0.070000    0.088700    0.100000    0.120000    0.150000    0.200000    0.250000    0.340000    0.450000
  Kamag_Areal                            1.000 1.000   198.5          NaN  0.1048E-04  0.2574E-05  0.1118E-06  0.1455E-08  0.1247E-09  0.1432E-10  0.0000E+00  0.0000E+00  0.0000E+00  0.0000E+00  0.0000E+00  0.0000E+00  0.0000E+00  0.0000E+00
  Shivta_Areal                           1.000 1.000   170.5          NaN  0.1480E-04  0.3896E-05  0.2031E-06  0.3902E-08  0.6146E-09  0.2352E-09  0.0000E+00  0.0000E+00  0.0000E+00  0.0000E+00  0.0000E+00  0.0000E+00  0.0000E+00  0.0000E+00
  Kinarot_Linear                         1.000 1.000   117.5          NaN  0.9443E-02  0.5586E-02  0.1626E-02  0.2969E-03  0.1471E-03  0.1103E-03  0.4120E-04  0.2388E-04  0.9236E-05  0.1779E-05  0.3344E-07  0.0000E+00  0.0000E+00  0.0000E+00
  Jericho_Vally_Linear                   1.000 1.000   123.7          NaN  0.6376E-02  0.3716E-02  0.1096E-02  0.2066E-03  0.1035E-03  0.7800E-04  0.2958E-04  0.1729E-04  0.6886E-05  0.1509E-05  0.3953E-07  0.0000E+00  0.0000E+00  0.0000E+00
  Dead_Sea_East_Linear                   1.000 1.000   158.8          NaN  0.3574E-02  0.2041E-02  0.5208E-03  0.8562E-04  0.4123E-04  0.3058E-04  0.1084E-04  0.5991E-05  0.2065E-05  0.3534E-06  0.6889E-08  0.0000E+00  0.0000E+00  0.0000E+00
  North_Arava_Linear                     1.000 1.000   218.8          NaN  0.2247E-02  0.1214E-02  0.2370E-03  0.3078E-04  0.1359E-04  0.9662E-05  0.2800E-05  0.1292E-05  0.2888E-06  0.1508E-07  0.0000E+00  0.0000E+00  0.0000E+00  0.0000E+00
  Central_Arava_Linear                   1.000 1.000   290.9          NaN  0.1920E-02  0.8164E-03  0.9082E-04  0.6756E-05  0.1924E-05  0.1068E-05  0.7281E-07  0.1670E-07  0.0000E+00  0.0000E+00  0.0000E+00  0.0000E+00  0.0000E+00  0.0000E+00
  Avrona_Linear                          1.000 1.000   326.6          NaN  0.1642E-02  0.6281E-03  0.5889E-04  0.3183E-05  0.6792E-06  0.3046E-06  0.1131E-07  0.0000E+00  0.0000E+00  0.0000E+00  0.0000E+00  0.0000E+00  0.0000E+00  0.0000E+00
  Zin_Active                             1.000 1.000   217.6          NaN  0.2418E-06  0.5648E-08  0.0000E+00  0.0000E+00  0.0000E+00  0.0000E+00  0.0000E+00  0.0000E+00  0.0000E+00  0.0000E+00  0.0000E+00  0.0000E+00  0.0000E+00  0.0000E+00
  Aragonese_Areal                        1.000 1.000   406.6          NaN  0.2590E-03  0.6910E-04  0.3889E-05  0.1010E-06  0.9167E-08  0.1230E-08  0.0000E+00  0.0000E+00  0.0000E+00  0.0000E+00  0.0000E+00  0.0000E+00  0.0000E+00  0.0000E+00
  Arif_Areal                             1.000 1.000   254.7          NaN  0.1468E-04  0.1608E-05  0.0000E+00  0.0000E+00  0.0000E+00  0.0000E+00  0.0000E+00  0.0000E+00  0.0000E+00  0.0000E+00  0.0000E+00  0.0000E+00  0.0000E+00  0.0000E+00
  Arnona_Areal                           1.000 1.000   450.2          NaN  0.4848E-03  0.1209E-03  0.5783E-05  0.8039E-07  0.1067E-08  0.0000E+00  0.0000E+00  0.0000E+00  0.0000E+00  0.0000E+00  0.0000E+00  0.0000E+00  0.0000E+00  0.0000E+00
  Barak_Areal                            1.000 1.000   254.9          NaN  0.1237E-04  0.1146E-05  0.0000E+00  0.0000E+00  0.0000E+00  0.0000E+00  0.0000E+00  0.0000E+00  0.0000E+00  0.0000E+00  0.0000E+00  0.0000E+00  0.0000E+00  0.0000E+00
  Beit_Shean_Areal                       1.000 1.000    94.6          NaN  0.2573E-02  0.1034E-02  0.1306E-03  0.1255E-04  0.4835E-05  0.3236E-05  0.7476E-06  0.2980E-06  0.4448E-07  0.2097E-09  0.0000E+00  0.0000E+00  0.0000E+00  0.0000E+00
  Central_Israel_Areal                   1.000 1.000    74.6          NaN  0.4318E-03  0.1195E-03  0.7199E-05  0.2451E-06  0.4479E-07  0.1945E-07  0.2449E-09  0.0000E+00  0.0000E+00  0.0000E+00  0.0000E+00  0.0000E+00  0.0000E+00  0.0000E+00
  Cyprus_Areal                           1.000 1.000   195.8          NaN  0.1391E-01  0.4835E-02  0.5149E-03  0.4625E-04  0.1786E-04  0.1207E-04  0.3046E-05  0.1361E-05  0.3064E-06  0.1910E-07  0.0000E+00  0.0000E+00  0.0000E+00  0.0000E+00
  East_Sinai_Areal                       1.000 1.000   293.5          NaN  0.2534E-04  0.3961E-05  0.5976E-09  0.0000E+00  0.0000E+00  0.0000E+00  0.0000E+00  0.0000E+00  0.0000E+00  0.0000E+00  0.0000E+00  0.0000E+00  0.0000E+00  0.0000E+00
  Elat_Areal                             1.000 1.000   363.8          NaN  0.3541E-03  0.9931E-04  0.6209E-05  0.2186E-06  0.3551E-07  0.1236E-07  0.0000E+00  0.0000E+00  0.0000E+00  0.0000E+00  0.0000E+00  0.0000E+00  0.0000E+00  0.0000E+00
  Galil_Areal                            1.000 1.000    71.1          NaN  0.1665E-02  0.5228E-03  0.3950E-04  0.1935E-05  0.4443E-06  0.2205E-06  0.7501E-08  0.6514E-10  0.0000E+00  0.0000E+00  0.0000E+00  0.0000E+00  0.0000E+00  0.0000E+00
  Mediterranean_1_Areal                  1.000 1.000    63.4          NaN  0.1050E-01  0.4125E-02  0.5512E-03  0.6110E-04  0.2584E-04  0.1818E-04  0.5370E-05  0.2697E-05  0.8313E-06  0.1414E-06  0.3395E-08  0.0000E+00  0.0000E+00  0.0000E+00
  Mediterranean_2_Areal                  1.000 1.000    45.2          NaN  0.1070E-01  0.4677E-02  0.8382E-03  0.1310E-03  0.6356E-04  0.4740E-04  0.1744E-04  0.1009E-04  0.4098E-05  0.1160E-05  0.1455E-06  0.1307E-07  0.0000E+00  0.0000E+00
  Mediterranean_3_Areal                  1.000 1.000     1.0          NaN  0.3368E-01  0.2054E-01  0.7424E-02  0.2598E-02  0.1750E-02  0.1493E-02  0.8760E-03  0.6579E-03  0.4163E-03  0.2286E-03  0.9856E-04  0.4843E-04  0.1658E-04  0.5615E-05
  Milhan_Areal                           1.000 1.000   304.4          NaN  0.2540E-05  0.1262E-06  0.0000E+00  0.0000E+00  0.0000E+00  0.0000E+00  0.0000E+00  0.0000E+00  0.0000E+00  0.0000E+00  0.0000E+00  0.0000E+00  0.0000E+00  0.0000E+00
  Notrh_Jordan_Areal                     1.000 1.000   123.9          NaN  0.3198E-03  0.6348E-04  0.1494E-05  0.0000E+00  0.0000E+00  0.0000E+00  0.0000E+00  0.0000E+00  0.0000E+00  0.0000E+00  0.0000E+00  0.0000E+00  0.0000E+00  0.0000E+00
  Palmira_Areal                          1.000 1.000   176.3          NaN  0.2526E-03  0.5022E-04  0.9805E-06  0.8938E-11  0.0000E+00  0.0000E+00  0.0000E+00  0.0000E+00  0.0000E+00  0.0000E+00  0.0000E+00  0.0000E+00  0.0000E+00  0.0000E+00
  Paran_Areal                            1.000 1.000   262.5          NaN  0.3828E-04  0.7022E-05  0.5188E-07  0.0000E+00  0.0000E+00  0.0000E+00  0.0000E+00  0.0000E+00  0.0000E+00  0.0000E+00  0.0000E+00  0.0000E+00  0.0000E+00  0.0000E+00
  Suez_Areal                             1.000 1.000   307.9          NaN  0.1288E-02  0.2880E-03  0.1059E-04  0.5052E-07  0.1162E-09  0.0000E+00  0.0000E+00  0.0000E+00  0.0000E+00  0.0000E+00  0.0000E+00  0.0000E+00  0.0000E+00  0.0000E+00
  Thamad_Areal                           1.000 1.000   338.4          NaN  0.3419E-04  0.4857E-05  0.0000E+00  0.0000E+00  0.0000E+00  0.0000E+00  0.0000E+00  0.0000E+00  0.0000E+00  0.0000E+00  0.0000E+00  0.0000E+00  0.0000E+00  0.0000E+00
  W_Shiarn_Areal                         1.000 1.000   132.7          NaN  0.5288E-03  0.1247E-03  0.4947E-05  0.4664E-07  0.1802E-08  0.1676E-09  0.0000E+00  0.0000E+00  0.0000E+00  0.0000E+00  0.0000E+00  0.0000E+00  0.0000E+00  0.0000E+00
  Carmel_Linear                          1.000 1.000    53.7          NaN  0.2649E-02  0.1679E-02  0.7411E-03  0.2338E-03  0.1369E-03  0.1093E-03  0.4966E-04  0.3206E-04  0.1567E-04  0.5947E-05  0.1297E-05  0.1912E-06  0.0000E+00  0.0000E+00
  Roum_Linear                            1.000 1.000   123.3          NaN  0.1053E-02  0.5720E-03  0.1918E-03  0.4673E-04  0.2528E-04  0.1962E-04  0.8187E-05  0.5056E-05  0.2302E-05  0.7784E-06  0.8665E-07  0.0000E+00  0.0000E+00  0.0000E+00
  Serghaya_Linear                        1.000 1.000   122.3          NaN  0.1788E-02  0.9925E-03  0.3318E-03  0.7864E-04  0.4226E-04  0.3271E-04  0.1355E-04  0.8331E-05  0.3747E-05  0.1229E-05  0.1387E-06  0.0000E+00  0.0000E+00  0.0000E+00
  YHK_Linear                             1.000 1.000   112.5          NaN  0.5004E-02  0.2525E-02  0.8132E-03  0.2376E-03  0.1379E-03  0.1097E-03  0.4957E-04  0.3195E-04  0.1559E-04  0.5944E-05  0.1337E-05  0.1812E-06  0.0000E+00  0.0000E+00
  Wt_Total_Events/yr                     0.000 0.000     0.0          NaN  0.1128E+00  0.5646E-01  0.1525E-01  0.4078E-02  0.2513E-02  0.2076E-02  0.1108E-02  0.7983E-03  0.4774E-03  0.2475E-03  0.1017E-03  0.4881E-04  0.1658E-04  0.5615E-05
  Poisson_Prob:                          0.000 0.000     0.0          NaN  0.1067E+00  0.5490E-01  0.1513E-01  0.4070E-02  0.2510E-02  0.2073E-02  0.1107E-02  0.7979E-03  0.4773E-03  0.2475E-03  0.1016E-03  0.4881E-04  0.1658E-04  0.5615E-05
  M_bar                                  0.000 0.000     0.0         NaN   0.560E+01   0.573E+01   0.584E+01   0.572E+01   0.565E+01   0.562E+01   0.553E+01   0.549E+01   0.544E+01   0.539E+01   0.538E+01   0.539E+01   0.546E+01   0.554E+01
  D_bar                                  0.000 0.000     0.0         NaN   0.131E+03   0.112E+03   0.807E+02   0.560E+02   0.479E+02   0.449E+02   0.359E+02   0.318E+02   0.259E+02   0.196E+02   0.138E+02   0.109E+02   0.895E+01   0.785E+01
  Eps_bar                                0.000 0.000     0.0         NaN  -0.136E+00  -0.115E-01   0.313E+00   0.646E+00   0.742E+00   0.776E+00   0.878E+00   0.927E+00   0.996E+00   0.108E+01   0.123E+01   0.137E+01   0.163E+01   0.189E+01

------------------

