      33       0          Number of faults, fault cases
Fault Name                       nFlt System Number Rupture Dist   BJF Dist  Campbell Dist nWidth nMaxmag Max Mag  Wts.  Fault Type   HWFlag    Vs


-------------------------------------------------------------------------------------------------------------------

 SITE 3 COORDINATES:    34.371   33.136
    1  nAtten
  Attenuation:     1      0.0100
   15  nAmp
 AMP:                                     pSeg al_Wt  MinDis         NaN    0.010000    0.015000    0.030000    0.053600    0.065000    0.070000    0.088700    0.100000    0.120000    0.150000    0.200000    0.250000    0.340000    0.450000
  Kamag_Areal                            1.000 1.000   236.2          NaN  0.5597E-05  0.1229E-05  0.3729E-07  0.1872E-09  0.0000E+00  0.0000E+00  0.0000E+00  0.0000E+00  0.0000E+00  0.0000E+00  0.0000E+00  0.0000E+00  0.0000E+00  0.0000E+00
  Shivta_Areal                           1.000 1.000   210.3          NaN  0.7391E-05  0.1713E-05  0.6240E-07  0.5726E-09  0.1368E-10  0.0000E+00  0.0000E+00  0.0000E+00  0.0000E+00  0.0000E+00  0.0000E+00  0.0000E+00  0.0000E+00  0.0000E+00
  Kinarot_Linear                         1.000 1.000   122.2          NaN  0.8318E-02  0.4967E-02  0.1401E-02  0.2457E-03  0.1203E-03  0.8981E-04  0.3297E-04  0.1879E-04  0.6886E-05  0.1194E-05  0.1889E-07  0.0000E+00  0.0000E+00  0.0000E+00
  Jericho_Vally_Linear                   1.000 1.000   143.3          NaN  0.4954E-02  0.2896E-02  0.7578E-03  0.1246E-03  0.5988E-04  0.4439E-04  0.1577E-04  0.8728E-05  0.2951E-05  0.4360E-06  0.4497E-08  0.0000E+00  0.0000E+00  0.0000E+00
  Dead_Sea_East_Linear                   1.000 1.000   188.7          NaN  0.2808E-02  0.1568E-02  0.3413E-03  0.4850E-04  0.2222E-04  0.1611E-04  0.5119E-05  0.2566E-05  0.7024E-06  0.5531E-07  0.0000E+00  0.0000E+00  0.0000E+00  0.0000E+00
  North_Arava_Linear                     1.000 1.000   254.4          NaN  0.1837E-02  0.9428E-03  0.1576E-03  0.1802E-04  0.7451E-05  0.5128E-05  0.1234E-05  0.4923E-06  0.6027E-07  0.1301E-08  0.0000E+00  0.0000E+00  0.0000E+00  0.0000E+00
  Central_Arava_Linear                   1.000 1.000   329.4          NaN  0.1544E-02  0.6020E-03  0.5838E-04  0.3420E-05  0.7902E-06  0.3822E-06  0.2144E-07  0.1526E-08  0.0000E+00  0.0000E+00  0.0000E+00  0.0000E+00  0.0000E+00  0.0000E+00
  Avrona_Linear                          1.000 1.000   365.7          NaN  0.1314E-02  0.4631E-03  0.3831E-04  0.1492E-05  0.2176E-06  0.8378E-07  0.0000E+00  0.0000E+00  0.0000E+00  0.0000E+00  0.0000E+00  0.0000E+00  0.0000E+00  0.0000E+00
  Zin_Active                             1.000 1.000   257.0          NaN  0.4564E-07  0.0000E+00  0.0000E+00  0.0000E+00  0.0000E+00  0.0000E+00  0.0000E+00  0.0000E+00  0.0000E+00  0.0000E+00  0.0000E+00  0.0000E+00  0.0000E+00  0.0000E+00
  Aragonese_Areal                        1.000 1.000   446.6          NaN  0.1980E-03  0.5062E-04  0.2583E-05  0.4693E-07  0.1110E-08  0.0000E+00  0.0000E+00  0.0000E+00  0.0000E+00  0.0000E+00  0.0000E+00  0.0000E+00  0.0000E+00  0.0000E+00
  Arif_Areal                             1.000 1.000   293.1          NaN  0.6305E-05  0.4280E-06  0.0000E+00  0.0000E+00  0.0000E+00  0.0000E+00  0.0000E+00  0.0000E+00  0.0000E+00  0.0000E+00  0.0000E+00  0.0000E+00  0.0000E+00  0.0000E+00
  Arnona_Areal                           1.000 1.000   490.2          NaN  0.3798E-03  0.9118E-04  0.3943E-05  0.3006E-07  0.0000E+00  0.0000E+00  0.0000E+00  0.0000E+00  0.0000E+00  0.0000E+00  0.0000E+00  0.0000E+00  0.0000E+00  0.0000E+00
  Barak_Areal                            1.000 1.000   293.2          NaN  0.5430E-05  0.2698E-06  0.0000E+00  0.0000E+00  0.0000E+00  0.0000E+00  0.0000E+00  0.0000E+00  0.0000E+00  0.0000E+00  0.0000E+00  0.0000E+00  0.0000E+00  0.0000E+00
  Beit_Shean_Areal                       1.000 1.000   109.3          NaN  0.1592E-02  0.5885E-03  0.6144E-04  0.4727E-05  0.1609E-05  0.1013E-05  0.1640E-06  0.4543E-07  0.1803E-08  0.0000E+00  0.0000E+00  0.0000E+00  0.0000E+00  0.0000E+00
  Central_Israel_Areal                   1.000 1.000   114.7          NaN  0.1270E-03  0.2701E-04  0.7722E-06  0.4164E-09  0.0000E+00  0.0000E+00  0.0000E+00  0.0000E+00  0.0000E+00  0.0000E+00  0.0000E+00  0.0000E+00  0.0000E+00  0.0000E+00
  Cyprus_Areal                           1.000 1.000   157.9          NaN  0.2045E-01  0.7425E-02  0.8725E-03  0.8737E-04  0.3565E-04  0.2468E-04  0.6860E-05  0.3321E-05  0.9422E-06  0.1241E-06  0.9472E-09  0.0000E+00  0.0000E+00  0.0000E+00
  East_Sinai_Areal                       1.000 1.000   333.6          NaN  0.1418E-04  0.1882E-05  0.0000E+00  0.0000E+00  0.0000E+00  0.0000E+00  0.0000E+00  0.0000E+00  0.0000E+00  0.0000E+00  0.0000E+00  0.0000E+00  0.0000E+00  0.0000E+00
  Elat_Areal                             1.000 1.000   403.7          NaN  0.2651E-03  0.7098E-04  0.4028E-05  0.1074E-06  0.1039E-07  0.1621E-08  0.0000E+00  0.0000E+00  0.0000E+00  0.0000E+00  0.0000E+00  0.0000E+00  0.0000E+00  0.0000E+00
  Galil_Areal                            1.000 1.000    72.3          NaN  0.1546E-02  0.4812E-03  0.3590E-04  0.1728E-05  0.4012E-06  0.2021E-06  0.7218E-08  0.0000E+00  0.0000E+00  0.0000E+00  0.0000E+00  0.0000E+00  0.0000E+00  0.0000E+00
  Mediterranean_1_Areal                  1.000 1.000    38.6          NaN  0.2378E-01  0.1058E-01  0.1935E-02  0.3090E-03  0.1515E-03  0.1135E-03  0.4242E-04  0.2477E-04  0.1029E-04  0.3077E-05  0.4623E-06  0.6669E-07  0.6493E-09  0.0000E+00
  Mediterranean_2_Areal                  1.000 1.000    22.2          NaN  0.2658E-01  0.1395E-01  0.3500E-02  0.8135E-03  0.4627E-03  0.3679E-03  0.1685E-03  0.1101E-03  0.5538E-04  0.2221E-04  0.5933E-05  0.1829E-05  0.2468E-06  0.1860E-07
  Mediterranean_3_Areal                  1.000 1.000     0.5          NaN  0.2841E-01  0.1744E-01  0.6519E-02  0.2373E-02  0.1622E-02  0.1392E-02  0.8307E-03  0.6291E-03  0.4027E-03  0.2239E-03  0.9782E-04  0.4847E-04  0.1675E-04  0.5701E-05
  Milhan_Areal                           1.000 1.000   343.6          NaN  0.1106E-05  0.8137E-08  0.0000E+00  0.0000E+00  0.0000E+00  0.0000E+00  0.0000E+00  0.0000E+00  0.0000E+00  0.0000E+00  0.0000E+00  0.0000E+00  0.0000E+00  0.0000E+00
  Notrh_Jordan_Areal                     1.000 1.000   122.9          NaN  0.2163E-03  0.4098E-04  0.8582E-06  0.0000E+00  0.0000E+00  0.0000E+00  0.0000E+00  0.0000E+00  0.0000E+00  0.0000E+00  0.0000E+00  0.0000E+00  0.0000E+00  0.0000E+00
  Palmira_Areal                          1.000 1.000   162.2          NaN  0.3457E-03  0.7328E-04  0.1921E-05  0.1255E-08  0.0000E+00  0.0000E+00  0.0000E+00  0.0000E+00  0.0000E+00  0.0000E+00  0.0000E+00  0.0000E+00  0.0000E+00  0.0000E+00
  Paran_Areal                            1.000 1.000   302.6          NaN  0.2052E-04  0.3286E-05  0.0000E+00  0.0000E+00  0.0000E+00  0.0000E+00  0.0000E+00  0.0000E+00  0.0000E+00  0.0000E+00  0.0000E+00  0.0000E+00  0.0000E+00  0.0000E+00
  Suez_Areal                             1.000 1.000   339.9          NaN  0.9472E-03  0.2009E-03  0.6288E-05  0.8061E-08  0.0000E+00  0.0000E+00  0.0000E+00  0.0000E+00  0.0000E+00  0.0000E+00  0.0000E+00  0.0000E+00  0.0000E+00  0.0000E+00
  Thamad_Areal                           1.000 1.000   378.4          NaN  0.1957E-04  0.2285E-05  0.0000E+00  0.0000E+00  0.0000E+00  0.0000E+00  0.0000E+00  0.0000E+00  0.0000E+00  0.0000E+00  0.0000E+00  0.0000E+00  0.0000E+00  0.0000E+00
  W_Shiarn_Areal                         1.000 1.000   124.1          NaN  0.5403E-03  0.1308E-03  0.5662E-05  0.7933E-07  0.5780E-08  0.1238E-08  0.0000E+00  0.0000E+00  0.0000E+00  0.0000E+00  0.0000E+00  0.0000E+00  0.0000E+00  0.0000E+00
  Carmel_Linear                          1.000 1.000    55.5          NaN  0.2193E-02  0.1422E-02  0.6023E-03  0.1725E-03  0.9811E-04  0.7749E-04  0.3413E-04  0.2170E-04  0.1033E-04  0.3742E-05  0.7134E-06  0.7441E-07  0.0000E+00  0.0000E+00
  Roum_Linear                            1.000 1.000   111.0          NaN  0.1418E-02  0.7481E-03  0.2472E-03  0.6537E-04  0.3641E-04  0.2855E-04  0.1233E-04  0.7761E-05  0.3638E-05  0.1323E-05  0.2213E-06  0.5398E-08  0.0000E+00  0.0000E+00
  Serghaya_Linear                        1.000 1.000   118.1          NaN  0.2097E-02  0.1142E-02  0.3825E-03  0.9472E-04  0.5162E-04  0.4016E-04  0.1691E-04  0.1050E-04  0.4810E-05  0.1648E-05  0.2210E-06  0.0000E+00  0.0000E+00  0.0000E+00
  YHK_Linear                             1.000 1.000   111.2          NaN  0.5841E-02  0.2915E-02  0.9059E-03  0.2634E-03  0.1531E-03  0.1220E-03  0.5525E-04  0.3568E-04  0.1746E-04  0.6682E-05  0.1549E-05  0.2157E-06  0.0000E+00  0.0000E+00
  Wt_Total_Events/yr                     0.000 0.000     0.0          NaN  0.1378E+00  0.6884E-01  0.1784E-01  0.4627E-02  0.2824E-02  0.2323E-02  0.1222E-02  0.8735E-03  0.5161E-03  0.2644E-03  0.1069E-03  0.5066E-04  0.1700E-04  0.5720E-05
  Poisson_Prob:                          0.000 0.000     0.0          NaN  0.1287E+00  0.6652E-01  0.1768E-01  0.4617E-02  0.2820E-02  0.2320E-02  0.1222E-02  0.8732E-03  0.5160E-03  0.2644E-03  0.1069E-03  0.5066E-04  0.1700E-04  0.5720E-05
  M_bar                                  0.000 0.000     0.0         NaN   0.548E+01   0.560E+01   0.572E+01   0.566E+01   0.562E+01   0.559E+01   0.553E+01   0.550E+01   0.545E+01   0.541E+01   0.540E+01   0.541E+01   0.547E+01   0.554E+01
  D_bar                                  0.000 0.000     0.0         NaN   0.119E+03   0.103E+03   0.754E+02   0.531E+02   0.459E+02   0.432E+02   0.350E+02   0.312E+02   0.257E+02   0.200E+02   0.146E+02   0.113E+02   0.909E+01   0.784E+01
  Eps_bar                                0.000 0.000     0.0         NaN  -0.139E+00   0.272E-01   0.373E+00   0.690E+00   0.785E+00   0.820E+00   0.923E+00   0.972E+00   0.104E+01   0.113E+01   0.127E+01   0.140E+01   0.164E+01   0.189E+01

------------------

