      33       0          Number of faults, fault cases
Fault Name                       nFlt System Number Rupture Dist   BJF Dist  Campbell Dist nWidth nMaxmag Max Mag  Wts.  Fault Type   HWFlag    Vs


-------------------------------------------------------------------------------------------------------------------

 SITE 8 COORDINATES:    34.364   32.685
    1  nAtten
  Attenuation:     1      0.0100
   15  nAmp
 AMP:                                     pSeg al_Wt  MinDis         NaN    0.010000    0.015000    0.030000    0.053600    0.065000    0.070000    0.088700    0.100000    0.120000    0.150000    0.200000    0.250000    0.340000    0.450000
  Kamag_Areal                            1.000 1.000   189.3          NaN  0.1235E-04  0.3127E-05  0.1476E-06  0.2198E-08  0.2767E-09  0.6711E-10  0.0000E+00  0.0000E+00  0.0000E+00  0.0000E+00  0.0000E+00  0.0000E+00  0.0000E+00  0.0000E+00
  Shivta_Areal                           1.000 1.000   160.5          NaN  0.1781E-04  0.4856E-05  0.2750E-06  0.6519E-08  0.1107E-08  0.4999E-09  0.1445E-11  0.0000E+00  0.0000E+00  0.0000E+00  0.0000E+00  0.0000E+00  0.0000E+00  0.0000E+00
  Kinarot_Linear                         1.000 1.000   116.7          NaN  0.9562E-02  0.5654E-02  0.1654E-02  0.3041E-03  0.1510E-03  0.1133E-03  0.4244E-04  0.2464E-04  0.9605E-05  0.1884E-05  0.3669E-07  0.0000E+00  0.0000E+00  0.0000E+00
  Jericho_Vally_Linear                   1.000 1.000   120.4          NaN  0.6763E-02  0.3927E-02  0.1179E-02  0.2279E-03  0.1151E-03  0.8697E-04  0.3330E-04  0.1962E-04  0.8002E-05  0.1870E-05  0.5096E-07  0.0000E+00  0.0000E+00  0.0000E+00
  Dead_Sea_East_Linear                   1.000 1.000   152.0          NaN  0.3814E-02  0.2181E-02  0.5769E-03  0.9844E-04  0.4797E-04  0.3576E-04  0.1295E-04  0.7281E-05  0.2628E-05  0.4962E-06  0.1229E-07  0.0000E+00  0.0000E+00  0.0000E+00
  North_Arava_Linear                     1.000 1.000   210.2          NaN  0.2372E-02  0.1295E-02  0.2631E-03  0.3534E-04  0.1583E-04  0.1134E-04  0.3414E-05  0.1630E-05  0.3961E-06  0.2236E-07  0.0000E+00  0.0000E+00  0.0000E+00  0.0000E+00
  Central_Arava_Linear                   1.000 1.000   281.4          NaN  0.2029E-02  0.8824E-03  0.1019E-03  0.7989E-05  0.2408E-05  0.1371E-05  0.1005E-06  0.2562E-07  0.0000E+00  0.0000E+00  0.0000E+00  0.0000E+00  0.0000E+00  0.0000E+00
  Avrona_Linear                          1.000 1.000   316.9          NaN  0.1737E-02  0.6792E-03  0.6585E-04  0.3841E-05  0.8652E-06  0.4066E-06  0.1862E-07  0.0000E+00  0.0000E+00  0.0000E+00  0.0000E+00  0.0000E+00  0.0000E+00  0.0000E+00
  Zin_Active                             1.000 1.000   207.7          NaN  0.3661E-06  0.1119E-07  0.0000E+00  0.0000E+00  0.0000E+00  0.0000E+00  0.0000E+00  0.0000E+00  0.0000E+00  0.0000E+00  0.0000E+00  0.0000E+00  0.0000E+00  0.0000E+00
  Aragonese_Areal                        1.000 1.000   396.6          NaN  0.2779E-03  0.7495E-04  0.4322E-05  0.1212E-06  0.1305E-07  0.2499E-08  0.0000E+00  0.0000E+00  0.0000E+00  0.0000E+00  0.0000E+00  0.0000E+00  0.0000E+00  0.0000E+00
  Arif_Areal                             1.000 1.000   245.2          NaN  0.1820E-04  0.2145E-05  0.0000E+00  0.0000E+00  0.0000E+00  0.0000E+00  0.0000E+00  0.0000E+00  0.0000E+00  0.0000E+00  0.0000E+00  0.0000E+00  0.0000E+00  0.0000E+00
  Arnona_Areal                           1.000 1.000   440.1          NaN  0.5166E-03  0.1300E-03  0.6382E-05  0.9997E-07  0.2307E-08  0.0000E+00  0.0000E+00  0.0000E+00  0.0000E+00  0.0000E+00  0.0000E+00  0.0000E+00  0.0000E+00  0.0000E+00
  Barak_Areal                            1.000 1.000   245.4          NaN  0.1527E-04  0.1565E-05  0.0000E+00  0.0000E+00  0.0000E+00  0.0000E+00  0.0000E+00  0.0000E+00  0.0000E+00  0.0000E+00  0.0000E+00  0.0000E+00  0.0000E+00  0.0000E+00
  Beit_Shean_Areal                       1.000 1.000    93.4          NaN  0.2831E-02  0.1154E-02  0.1511E-03  0.1507E-04  0.5927E-05  0.4003E-05  0.9664E-06  0.4018E-06  0.6800E-07  0.6639E-09  0.0000E+00  0.0000E+00  0.0000E+00  0.0000E+00
  Central_Israel_Areal                   1.000 1.000    64.6          NaN  0.6057E-03  0.1815E-03  0.1297E-04  0.6310E-06  0.1619E-06  0.8702E-07  0.6204E-08  0.7214E-09  0.0000E+00  0.0000E+00  0.0000E+00  0.0000E+00  0.0000E+00  0.0000E+00
  Cyprus_Areal                           1.000 1.000   205.3          NaN  0.1272E-01  0.4378E-02  0.4561E-03  0.3991E-04  0.1521E-04  0.1022E-04  0.2516E-05  0.1097E-05  0.2289E-06  0.1081E-07  0.0000E+00  0.0000E+00  0.0000E+00  0.0000E+00
  East_Sinai_Areal                       1.000 1.000   283.5          NaN  0.2947E-04  0.4775E-05  0.4007E-08  0.0000E+00  0.0000E+00  0.0000E+00  0.0000E+00  0.0000E+00  0.0000E+00  0.0000E+00  0.0000E+00  0.0000E+00  0.0000E+00  0.0000E+00
  Elat_Areal                             1.000 1.000   353.8          NaN  0.3820E-03  0.1085E-03  0.6948E-05  0.2599E-06  0.4628E-07  0.1774E-07  0.0000E+00  0.0000E+00  0.0000E+00  0.0000E+00  0.0000E+00  0.0000E+00  0.0000E+00  0.0000E+00
  Galil_Areal                            1.000 1.000    72.9          NaN  0.1549E-02  0.4778E-03  0.3485E-04  0.1585E-05  0.3327E-06  0.1557E-06  0.3366E-08  0.0000E+00  0.0000E+00  0.0000E+00  0.0000E+00  0.0000E+00  0.0000E+00  0.0000E+00
  Mediterranean_1_Areal                  1.000 1.000    69.8          NaN  0.8667E-02  0.3291E-02  0.4043E-03  0.4070E-04  0.1649E-04  0.1138E-04  0.3108E-05  0.1480E-05  0.4094E-06  0.5434E-07  0.2716E-09  0.0000E+00  0.0000E+00  0.0000E+00
  Mediterranean_2_Areal                  1.000 1.000    50.8          NaN  0.8562E-02  0.3620E-02  0.5978E-03  0.8501E-04  0.3981E-04  0.2926E-04  0.1023E-04  0.5732E-05  0.2189E-05  0.5537E-06  0.5172E-07  0.2050E-08  0.0000E+00  0.0000E+00
  Mediterranean_3_Areal                  1.000 1.000     1.1          NaN  0.3359E-01  0.2051E-01  0.7422E-02  0.2597E-02  0.1749E-02  0.1492E-02  0.8751E-03  0.6571E-03  0.4157E-03  0.2282E-03  0.9833E-04  0.4830E-04  0.1654E-04  0.5600E-05
  Milhan_Areal                           1.000 1.000   294.7          NaN  0.3105E-05  0.1947E-06  0.0000E+00  0.0000E+00  0.0000E+00  0.0000E+00  0.0000E+00  0.0000E+00  0.0000E+00  0.0000E+00  0.0000E+00  0.0000E+00  0.0000E+00  0.0000E+00
  Notrh_Jordan_Areal                     1.000 1.000   123.6          NaN  0.3449E-03  0.6891E-04  0.1638E-05  0.0000E+00  0.0000E+00  0.0000E+00  0.0000E+00  0.0000E+00  0.0000E+00  0.0000E+00  0.0000E+00  0.0000E+00  0.0000E+00  0.0000E+00
  Palmira_Areal                          1.000 1.000   181.0          NaN  0.2307E-03  0.4502E-04  0.7947E-06  0.0000E+00  0.0000E+00  0.0000E+00  0.0000E+00  0.0000E+00  0.0000E+00  0.0000E+00  0.0000E+00  0.0000E+00  0.0000E+00  0.0000E+00
  Paran_Areal                            1.000 1.000   252.5          NaN  0.4510E-04  0.8552E-05  0.8895E-07  0.0000E+00  0.0000E+00  0.0000E+00  0.0000E+00  0.0000E+00  0.0000E+00  0.0000E+00  0.0000E+00  0.0000E+00  0.0000E+00  0.0000E+00
  Suez_Areal                             1.000 1.000   300.2          NaN  0.1393E-02  0.3158E-03  0.1206E-04  0.7300E-07  0.5128E-09  0.0000E+00  0.0000E+00  0.0000E+00  0.0000E+00  0.0000E+00  0.0000E+00  0.0000E+00  0.0000E+00  0.0000E+00
  Thamad_Areal                           1.000 1.000   328.4          NaN  0.3953E-04  0.5843E-05  0.0000E+00  0.0000E+00  0.0000E+00  0.0000E+00  0.0000E+00  0.0000E+00  0.0000E+00  0.0000E+00  0.0000E+00  0.0000E+00  0.0000E+00  0.0000E+00
  W_Shiarn_Areal                         1.000 1.000   136.6          NaN  0.5159E-03  0.1203E-03  0.4592E-05  0.3570E-07  0.9088E-09  0.3015E-10  0.0000E+00  0.0000E+00  0.0000E+00  0.0000E+00  0.0000E+00  0.0000E+00  0.0000E+00  0.0000E+00
  Carmel_Linear                          1.000 1.000    57.8          NaN  0.2593E-02  0.1646E-02  0.7163E-03  0.2163E-03  0.1245E-03  0.9875E-04  0.4404E-04  0.2816E-04  0.1354E-04  0.5042E-05  0.9946E-06  0.9745E-07  0.0000E+00  0.0000E+00
  Roum_Linear                            1.000 1.000   128.1          NaN  0.9739E-03  0.5334E-03  0.1778E-03  0.4191E-04  0.2244E-04  0.1735E-04  0.7145E-05  0.4381E-05  0.1973E-05  0.6431E-06  0.5887E-07  0.0000E+00  0.0000E+00  0.0000E+00
  Serghaya_Linear                        1.000 1.000   125.4          NaN  0.1699E-02  0.9482E-03  0.3145E-03  0.7281E-04  0.3884E-04  0.2998E-04  0.1230E-04  0.7527E-05  0.3354E-05  0.1072E-05  0.1072E-06  0.0000E+00  0.0000E+00  0.0000E+00
  YHK_Linear                             1.000 1.000   113.4          NaN  0.4730E-02  0.2397E-02  0.7818E-03  0.2284E-03  0.1323E-03  0.1053E-03  0.4748E-04  0.3058E-04  0.1489E-04  0.5664E-05  0.1257E-05  0.1675E-06  0.0000E+00  0.0000E+00
  Wt_Total_Events/yr                     0.000 0.000     0.0          NaN  0.1086E+00  0.5465E-01  0.1495E-01  0.4018E-02  0.2478E-02  0.2048E-02  0.1095E-02  0.7896E-03  0.4729E-03  0.2455E-03  0.1009E-03  0.4857E-04  0.1654E-04  0.5600E-05
  Poisson_Prob:                          0.000 0.000     0.0          NaN  0.1029E+00  0.5318E-01  0.1484E-01  0.4010E-02  0.2475E-02  0.2046E-02  0.1094E-02  0.7893E-03  0.4728E-03  0.2455E-03  0.1009E-03  0.4857E-04  0.1654E-04  0.5600E-05
  M_bar                                  0.000 0.000     0.0         NaN   0.562E+01   0.575E+01   0.585E+01   0.572E+01   0.565E+01   0.562E+01   0.553E+01   0.549E+01   0.543E+01   0.539E+01   0.537E+01   0.539E+01   0.546E+01   0.554E+01
  D_bar                                  0.000 0.000     0.0         NaN   0.133E+03   0.113E+03   0.812E+02   0.563E+02   0.481E+02   0.451E+02   0.360E+02   0.318E+02   0.259E+02   0.195E+02   0.136E+02   0.108E+02   0.895E+01   0.785E+01
  Eps_bar                                0.000 0.000     0.0         NaN  -0.146E+00  -0.282E-01   0.301E+00   0.642E+00   0.738E+00   0.772E+00   0.874E+00   0.922E+00   0.992E+00   0.108E+01   0.122E+01   0.137E+01   0.163E+01   0.189E+01

------------------

