      33       0          Number of faults, fault cases
Fault Name                       nFlt System Number Rupture Dist   BJF Dist  Campbell Dist nWidth nMaxmag Max Mag  Wts.  Fault Type   HWFlag    Vs


-------------------------------------------------------------------------------------------------------------------

 SITE 6 COORDINATES:    34.367   32.866
    1  nAtten
  Attenuation:     1      0.0100
   15  nAmp
 AMP:                                     pSeg al_Wt  MinDis         NaN    0.010000    0.015000    0.030000    0.053600    0.065000    0.070000    0.088700    0.100000    0.120000    0.150000    0.200000    0.250000    0.340000    0.450000
  Kamag_Areal                            1.000 1.000   207.9          NaN  0.8918E-05  0.2128E-05  0.8479E-07  0.9412E-09  0.4165E-10  0.1305E-12  0.0000E+00  0.0000E+00  0.0000E+00  0.0000E+00  0.0000E+00  0.0000E+00  0.0000E+00  0.0000E+00
  Shivta_Areal                           1.000 1.000   180.4          NaN  0.1235E-04  0.3144E-05  0.1506E-06  0.2379E-08  0.3164E-09  0.9333E-10  0.0000E+00  0.0000E+00  0.0000E+00  0.0000E+00  0.0000E+00  0.0000E+00  0.0000E+00  0.0000E+00
  Kinarot_Linear                         1.000 1.000   118.3          NaN  0.9248E-02  0.5482E-02  0.1590E-02  0.2886E-03  0.1427E-03  0.1070E-03  0.3986E-04  0.2305E-04  0.8845E-05  0.1677E-05  0.3030E-07  0.0000E+00  0.0000E+00  0.0000E+00
  Jericho_Vally_Linear                   1.000 1.000   127.7          NaN  0.5994E-02  0.3503E-02  0.1010E-02  0.1847E-03  0.9172E-04  0.6890E-04  0.2580E-04  0.1492E-04  0.5771E-05  0.1171E-05  0.2752E-07  0.0000E+00  0.0000E+00  0.0000E+00
  Dead_Sea_East_Linear                   1.000 1.000   165.9          NaN  0.3355E-02  0.1910E-02  0.4693E-03  0.7433E-04  0.3536E-04  0.2610E-04  0.9030E-05  0.4892E-05  0.1602E-05  0.2347E-06  0.3135E-08  0.0000E+00  0.0000E+00  0.0000E+00
  North_Arava_Linear                     1.000 1.000   227.6          NaN  0.2132E-02  0.1139E-02  0.2135E-03  0.2684E-04  0.1166E-04  0.8231E-05  0.2289E-05  0.1018E-05  0.2033E-06  0.9649E-08  0.0000E+00  0.0000E+00  0.0000E+00  0.0000E+00
  Central_Arava_Linear                   1.000 1.000   300.5          NaN  0.1818E-02  0.7558E-03  0.8110E-04  0.5710E-05  0.1549E-05  0.8414E-06  0.5537E-07  0.1080E-07  0.0000E+00  0.0000E+00  0.0000E+00  0.0000E+00  0.0000E+00  0.0000E+00
  Avrona_Linear                          1.000 1.000   336.4          NaN  0.1552E-02  0.5813E-03  0.5274E-04  0.2639E-05  0.5195E-06  0.2166E-06  0.6402E-08  0.0000E+00  0.0000E+00  0.0000E+00  0.0000E+00  0.0000E+00  0.0000E+00  0.0000E+00
  Zin_Active                             1.000 1.000   227.4          NaN  0.1652E-06  0.2753E-08  0.0000E+00  0.0000E+00  0.0000E+00  0.0000E+00  0.0000E+00  0.0000E+00  0.0000E+00  0.0000E+00  0.0000E+00  0.0000E+00  0.0000E+00  0.0000E+00
  Aragonese_Areal                        1.000 1.000   416.6          NaN  0.2418E-03  0.6380E-04  0.3504E-05  0.8390E-07  0.6149E-08  0.4456E-09  0.0000E+00  0.0000E+00  0.0000E+00  0.0000E+00  0.0000E+00  0.0000E+00  0.0000E+00  0.0000E+00
  Arif_Areal                             1.000 1.000   264.3          NaN  0.1184E-04  0.1175E-05  0.0000E+00  0.0000E+00  0.0000E+00  0.0000E+00  0.0000E+00  0.0000E+00  0.0000E+00  0.0000E+00  0.0000E+00  0.0000E+00  0.0000E+00  0.0000E+00
  Arnona_Areal                           1.000 1.000   460.2          NaN  0.4554E-03  0.1124E-03  0.5244E-05  0.6412E-07  0.3325E-09  0.0000E+00  0.0000E+00  0.0000E+00  0.0000E+00  0.0000E+00  0.0000E+00  0.0000E+00  0.0000E+00  0.0000E+00
  Barak_Areal                            1.000 1.000   264.4          NaN  0.1005E-04  0.8241E-06  0.0000E+00  0.0000E+00  0.0000E+00  0.0000E+00  0.0000E+00  0.0000E+00  0.0000E+00  0.0000E+00  0.0000E+00  0.0000E+00  0.0000E+00  0.0000E+00
  Beit_Shean_Areal                       1.000 1.000    97.0          NaN  0.2311E-02  0.9129E-03  0.1106E-03  0.1016E-04  0.3821E-05  0.2530E-05  0.5515E-06  0.2076E-06  0.2619E-07  0.3232E-10  0.0000E+00  0.0000E+00  0.0000E+00  0.0000E+00
  Central_Israel_Areal                   1.000 1.000    84.6          NaN  0.3123E-03  0.8039E-04  0.4085E-05  0.8625E-07  0.8991E-08  0.2587E-08  0.0000E+00  0.0000E+00  0.0000E+00  0.0000E+00  0.0000E+00  0.0000E+00  0.0000E+00  0.0000E+00
  Cyprus_Areal                           1.000 1.000   186.3          NaN  0.1525E-01  0.5355E-02  0.5836E-03  0.5382E-04  0.2106E-04  0.1432E-04  0.3702E-05  0.1692E-05  0.4076E-06  0.3206E-07  0.0000E+00  0.0000E+00  0.0000E+00  0.0000E+00
  East_Sinai_Areal                       1.000 1.000   303.6          NaN  0.2184E-04  0.3287E-05  0.0000E+00  0.0000E+00  0.0000E+00  0.0000E+00  0.0000E+00  0.0000E+00  0.0000E+00  0.0000E+00  0.0000E+00  0.0000E+00  0.0000E+00  0.0000E+00
  Elat_Areal                             1.000 1.000   373.8          NaN  0.3287E-03  0.9109E-04  0.5559E-05  0.1834E-06  0.2701E-07  0.8365E-08  0.0000E+00  0.0000E+00  0.0000E+00  0.0000E+00  0.0000E+00  0.0000E+00  0.0000E+00  0.0000E+00
  Galil_Areal                            1.000 1.000    70.6          NaN  0.1729E-02  0.5483E-03  0.4231E-04  0.2164E-05  0.5234E-06  0.2690E-06  0.1200E-07  0.3257E-09  0.0000E+00  0.0000E+00  0.0000E+00  0.0000E+00  0.0000E+00  0.0000E+00
  Mediterranean_1_Areal                  1.000 1.000    57.3          NaN  0.1280E-01  0.5195E-02  0.7542E-03  0.9183E-04  0.4041E-04  0.2892E-04  0.9143E-05  0.4806E-05  0.1624E-05  0.3316E-06  0.1717E-07  0.5228E-10  0.0000E+00  0.0000E+00
  Mediterranean_2_Areal                  1.000 1.000    39.5          NaN  0.1341E-01  0.6065E-02  0.1175E-02  0.2013E-03  0.1011E-03  0.7649E-04  0.2954E-04  0.1758E-04  0.7534E-05  0.2349E-05  0.3705E-06  0.5267E-07  0.3798E-09  0.0000E+00
  Mediterranean_3_Areal                  1.000 1.000     0.9          NaN  0.3325E-01  0.2030E-01  0.7359E-02  0.2585E-02  0.1743E-02  0.1488E-02  0.8745E-03  0.6573E-03  0.4163E-03  0.2288E-03  0.9875E-04  0.4854E-04  0.1663E-04  0.5632E-05
  Milhan_Areal                           1.000 1.000   314.2          NaN  0.2073E-05  0.8200E-07  0.0000E+00  0.0000E+00  0.0000E+00  0.0000E+00  0.0000E+00  0.0000E+00  0.0000E+00  0.0000E+00  0.0000E+00  0.0000E+00  0.0000E+00  0.0000E+00
  Notrh_Jordan_Areal                     1.000 1.000   124.2          NaN  0.2940E-03  0.5788E-04  0.1340E-05  0.0000E+00  0.0000E+00  0.0000E+00  0.0000E+00  0.0000E+00  0.0000E+00  0.0000E+00  0.0000E+00  0.0000E+00  0.0000E+00  0.0000E+00
  Palmira_Areal                          1.000 1.000   172.0          NaN  0.2752E-03  0.5572E-04  0.1189E-05  0.9198E-10  0.0000E+00  0.0000E+00  0.0000E+00  0.0000E+00  0.0000E+00  0.0000E+00  0.0000E+00  0.0000E+00  0.0000E+00  0.0000E+00
  Paran_Areal                            1.000 1.000   272.6          NaN  0.3262E-04  0.5783E-05  0.2623E-07  0.0000E+00  0.0000E+00  0.0000E+00  0.0000E+00  0.0000E+00  0.0000E+00  0.0000E+00  0.0000E+00  0.0000E+00  0.0000E+00  0.0000E+00
  Suez_Areal                             1.000 1.000   315.7          NaN  0.1191E-02  0.2629E-03  0.9303E-05  0.3401E-07  0.6027E-11  0.0000E+00  0.0000E+00  0.0000E+00  0.0000E+00  0.0000E+00  0.0000E+00  0.0000E+00  0.0000E+00  0.0000E+00
  Thamad_Areal                           1.000 1.000   348.4          NaN  0.2966E-04  0.4014E-05  0.0000E+00  0.0000E+00  0.0000E+00  0.0000E+00  0.0000E+00  0.0000E+00  0.0000E+00  0.0000E+00  0.0000E+00  0.0000E+00  0.0000E+00  0.0000E+00
  W_Shiarn_Areal                         1.000 1.000   129.4          NaN  0.5381E-03  0.1281E-03  0.5247E-05  0.5756E-07  0.2929E-08  0.4095E-09  0.0000E+00  0.0000E+00  0.0000E+00  0.0000E+00  0.0000E+00  0.0000E+00  0.0000E+00  0.0000E+00
  Carmel_Linear                          1.000 1.000    51.3          NaN  0.2632E-02  0.1672E-02  0.7409E-03  0.2380E-03  0.1406E-03  0.1125E-03  0.5165E-04  0.3352E-04  0.1652E-04  0.6328E-05  0.1438E-05  0.2498E-06  0.0000E+00  0.0000E+00
  Roum_Linear                            1.000 1.000   119.1          NaN  0.1139E-02  0.6135E-03  0.2060E-03  0.5166E-04  0.2822E-04  0.2198E-04  0.9277E-05  0.5766E-05  0.2651E-05  0.9215E-06  0.1188E-06  0.0000E+00  0.0000E+00  0.0000E+00
  Serghaya_Linear                        1.000 1.000   120.0          NaN  0.1876E-02  0.1035E-02  0.3477E-03  0.8400E-04  0.4542E-04  0.3524E-04  0.1470E-04  0.9077E-05  0.4113E-05  0.1375E-05  0.1688E-06  0.0000E+00  0.0000E+00  0.0000E+00
  YHK_Linear                             1.000 1.000   112.6          NaN  0.5259E-02  0.2644E-02  0.8408E-03  0.2446E-03  0.1418E-03  0.1128E-03  0.5095E-04  0.3284E-04  0.1602E-04  0.6110E-05  0.1380E-05  0.1843E-06  0.0000E+00  0.0000E+00
  Wt_Total_Events/yr                     0.000 0.000     0.0          NaN  0.1175E+00  0.5859E-01  0.1561E-01  0.4146E-02  0.2550E-02  0.2105E-02  0.1121E-02  0.8067E-03  0.4816E-03  0.2494E-03  0.1023E-03  0.4903E-04  0.1663E-04  0.5632E-05
  Poisson_Prob:                          0.000 0.000     0.0          NaN  0.1109E+00  0.5690E-01  0.1549E-01  0.4137E-02  0.2546E-02  0.2102E-02  0.1120E-02  0.8063E-03  0.4815E-03  0.2494E-03  0.1023E-03  0.4903E-04  0.1663E-04  0.5632E-05
  M_bar                                  0.000 0.000     0.0         NaN   0.558E+01   0.571E+01   0.582E+01   0.571E+01   0.564E+01   0.562E+01   0.553E+01   0.549E+01   0.544E+01   0.540E+01   0.538E+01   0.540E+01   0.546E+01   0.554E+01
  D_bar                                  0.000 0.000     0.0         NaN   0.129E+03   0.110E+03   0.801E+02   0.557E+02   0.477E+02   0.447E+02   0.358E+02   0.317E+02   0.259E+02   0.196E+02   0.140E+02   0.110E+02   0.894E+01   0.784E+01
  Eps_bar                                0.000 0.000     0.0         NaN  -0.127E+00   0.467E-02   0.329E+00   0.654E+00   0.749E+00   0.783E+00   0.884E+00   0.932E+00   0.100E+01   0.109E+01   0.123E+01   0.138E+01   0.163E+01   0.189E+01

------------------

