      33       0          Number of faults, fault cases
Fault Name                       nFlt System Number Rupture Dist   BJF Dist  Campbell Dist nWidth nMaxmag Max Mag  Wts.  Fault Type   HWFlag    Vs


-------------------------------------------------------------------------------------------------------------------

 SITE 1 COORDINATES:    34.374   33.317
    1  nAtten
  Attenuation:     1      0.0100
   15  nAmp
 AMP:                                     pSeg al_Wt  MinDis         NaN    0.010000    0.015000    0.030000    0.053600    0.065000    0.070000    0.088700    0.100000    0.120000    0.150000    0.200000    0.250000    0.340000    0.450000
  Kamag_Areal                            1.000 1.000   255.3          NaN  0.4160E-05  0.8673E-06  0.2156E-07  0.3021E-10  0.0000E+00  0.0000E+00  0.0000E+00  0.0000E+00  0.0000E+00  0.0000E+00  0.0000E+00  0.0000E+00  0.0000E+00  0.0000E+00
  Shivta_Areal                           1.000 1.000   230.3          NaN  0.5355E-05  0.1172E-05  0.3514E-07  0.1746E-09  0.0000E+00  0.0000E+00  0.0000E+00  0.0000E+00  0.0000E+00  0.0000E+00  0.0000E+00  0.0000E+00  0.0000E+00  0.0000E+00
  Kinarot_Linear                         1.000 1.000   128.4          NaN  0.7544E-02  0.4504E-02  0.1211E-02  0.2021E-03  0.9746E-04  0.7235E-04  0.2592E-04  0.1444E-04  0.4942E-05  0.7557E-06  0.6769E-08  0.0000E+00  0.0000E+00  0.0000E+00
  Jericho_Vally_Linear                   1.000 1.000   156.0          NaN  0.4373E-02  0.2534E-02  0.6110E-03  0.9297E-04  0.4358E-04  0.3198E-04  0.1082E-04  0.5690E-05  0.1682E-05  0.1676E-06  0.0000E+00  0.0000E+00  0.0000E+00  0.0000E+00
  Dead_Sea_East_Linear                   1.000 1.000   205.0          NaN  0.2515E-02  0.1377E-02  0.2758E-03  0.3657E-04  0.1630E-04  0.1164E-04  0.3445E-05  0.1620E-05  0.3875E-06  0.2461E-07  0.0000E+00  0.0000E+00  0.0000E+00  0.0000E+00
  North_Arava_Linear                     1.000 1.000   272.7          NaN  0.1672E-02  0.8331E-03  0.1296E-03  0.1393E-04  0.5552E-05  0.3743E-05  0.8069E-06  0.2916E-06  0.2757E-07  0.0000E+00  0.0000E+00  0.0000E+00  0.0000E+00  0.0000E+00
  Central_Arava_Linear                   1.000 1.000   348.8          NaN  0.1387E-02  0.5192E-03  0.4730E-04  0.2404E-05  0.4892E-06  0.2093E-06  0.1013E-07  0.0000E+00  0.0000E+00  0.0000E+00  0.0000E+00  0.0000E+00  0.0000E+00  0.0000E+00
  Avrona_Linear                          1.000 1.000   385.3          NaN  0.1177E-02  0.3997E-03  0.3117E-04  0.1014E-05  0.1240E-06  0.4935E-07  0.0000E+00  0.0000E+00  0.0000E+00  0.0000E+00  0.0000E+00  0.0000E+00  0.0000E+00  0.0000E+00
  Zin_Active                             1.000 1.000   276.7          NaN  0.1687E-07  0.0000E+00  0.0000E+00  0.0000E+00  0.0000E+00  0.0000E+00  0.0000E+00  0.0000E+00  0.0000E+00  0.0000E+00  0.0000E+00  0.0000E+00  0.0000E+00  0.0000E+00
  Aragonese_Areal                        1.000 1.000   466.6          NaN  0.1741E-03  0.4366E-04  0.2119E-05  0.3084E-07  0.6634E-10  0.0000E+00  0.0000E+00  0.0000E+00  0.0000E+00  0.0000E+00  0.0000E+00  0.0000E+00  0.0000E+00  0.0000E+00
  Arif_Areal                             1.000 1.000   312.5          NaN  0.4212E-05  0.1803E-06  0.0000E+00  0.0000E+00  0.0000E+00  0.0000E+00  0.0000E+00  0.0000E+00  0.0000E+00  0.0000E+00  0.0000E+00  0.0000E+00  0.0000E+00  0.0000E+00
  Arnona_Areal                           1.000 1.000   510.3          NaN  0.3380E-03  0.7973E-04  0.3278E-05  0.1654E-07  0.0000E+00  0.0000E+00  0.0000E+00  0.0000E+00  0.0000E+00  0.0000E+00  0.0000E+00  0.0000E+00  0.0000E+00  0.0000E+00
  Barak_Areal                            1.000 1.000   312.5          NaN  0.3610E-05  0.1013E-06  0.0000E+00  0.0000E+00  0.0000E+00  0.0000E+00  0.0000E+00  0.0000E+00  0.0000E+00  0.0000E+00  0.0000E+00  0.0000E+00  0.0000E+00  0.0000E+00
  Beit_Shean_Areal                       1.000 1.000   121.0          NaN  0.1214E-02  0.4260E-03  0.3984E-04  0.2640E-05  0.8185E-06  0.4866E-06  0.5496E-07  0.9946E-08  0.2034E-10  0.0000E+00  0.0000E+00  0.0000E+00  0.0000E+00  0.0000E+00
  Central_Israel_Areal                   1.000 1.000   134.7          NaN  0.7342E-04  0.1393E-04  0.2340E-06  0.0000E+00  0.0000E+00  0.0000E+00  0.0000E+00  0.0000E+00  0.0000E+00  0.0000E+00  0.0000E+00  0.0000E+00  0.0000E+00  0.0000E+00
  Cyprus_Areal                           1.000 1.000   139.0          NaN  0.2530E-01  0.9418E-02  0.1171E-02  0.1245E-03  0.5224E-04  0.3664E-04  0.1072E-04  0.5368E-05  0.1655E-05  0.2771E-06  0.7369E-08  0.0000E+00  0.0000E+00  0.0000E+00
  East_Sinai_Areal                       1.000 1.000   353.7          NaN  0.1073E-04  0.1284E-05  0.0000E+00  0.0000E+00  0.0000E+00  0.0000E+00  0.0000E+00  0.0000E+00  0.0000E+00  0.0000E+00  0.0000E+00  0.0000E+00  0.0000E+00  0.0000E+00
  Elat_Areal                             1.000 1.000   423.7          NaN  0.2311E-03  0.6056E-04  0.3273E-05  0.7416E-07  0.4572E-08  0.1635E-09  0.0000E+00  0.0000E+00  0.0000E+00  0.0000E+00  0.0000E+00  0.0000E+00  0.0000E+00  0.0000E+00
  Galil_Areal                            1.000 1.000    75.6          NaN  0.1213E-02  0.3590E-03  0.2428E-04  0.9431E-06  0.1778E-06  0.7831E-07  0.7206E-09  0.0000E+00  0.0000E+00  0.0000E+00  0.0000E+00  0.0000E+00  0.0000E+00  0.0000E+00
  Mediterranean_1_Areal                  1.000 1.000    26.2          NaN  0.3604E-01  0.1725E-01  0.3665E-02  0.7073E-03  0.3752E-03  0.2902E-03  0.1215E-03  0.7570E-04  0.3527E-04  0.1274E-04  0.2876E-05  0.7436E-06  0.6879E-07  0.2396E-08
  Mediterranean_2_Areal                  1.000 1.000     5.0          NaN  0.3848E-01  0.2395E-01  0.8623E-02  0.2873E-02  0.1884E-02  0.1589E-02  0.8922E-03  0.6528E-03  0.3951E-03  0.2037E-03  0.7980E-04  0.3594E-04  0.1068E-04  0.3096E-05
  Mediterranean_3_Areal                  1.000 1.000     0.3          NaN  0.2230E-01  0.1303E-01  0.4617E-02  0.1682E-02  0.1158E-02  0.9976E-03  0.6043E-03  0.4616E-03  0.2998E-03  0.1700E-03  0.7636E-04  0.3869E-04  0.1378E-04  0.4824E-05
  Milhan_Areal                           1.000 1.000   363.3          NaN  0.7204E-06  0.0000E+00  0.0000E+00  0.0000E+00  0.0000E+00  0.0000E+00  0.0000E+00  0.0000E+00  0.0000E+00  0.0000E+00  0.0000E+00  0.0000E+00  0.0000E+00  0.0000E+00
  Notrh_Jordan_Areal                     1.000 1.000   123.6          NaN  0.1684E-03  0.3065E-04  0.5646E-06  0.0000E+00  0.0000E+00  0.0000E+00  0.0000E+00  0.0000E+00  0.0000E+00  0.0000E+00  0.0000E+00  0.0000E+00  0.0000E+00  0.0000E+00
  Palmira_Areal                          1.000 1.000   158.5          NaN  0.3904E-03  0.8470E-04  0.2434E-05  0.2790E-08  0.0000E+00  0.0000E+00  0.0000E+00  0.0000E+00  0.0000E+00  0.0000E+00  0.0000E+00  0.0000E+00  0.0000E+00  0.0000E+00
  Paran_Areal                            1.000 1.000   322.7          NaN  0.1525E-04  0.2277E-05  0.0000E+00  0.0000E+00  0.0000E+00  0.0000E+00  0.0000E+00  0.0000E+00  0.0000E+00  0.0000E+00  0.0000E+00  0.0000E+00  0.0000E+00  0.0000E+00
  Suez_Areal                             1.000 1.000   356.5          NaN  0.8159E-03  0.1687E-03  0.4827E-05  0.2197E-08  0.0000E+00  0.0000E+00  0.0000E+00  0.0000E+00  0.0000E+00  0.0000E+00  0.0000E+00  0.0000E+00  0.0000E+00  0.0000E+00
  Thamad_Areal                           1.000 1.000   398.4          NaN  0.1498E-04  0.1533E-05  0.0000E+00  0.0000E+00  0.0000E+00  0.0000E+00  0.0000E+00  0.0000E+00  0.0000E+00  0.0000E+00  0.0000E+00  0.0000E+00  0.0000E+00  0.0000E+00
  W_Shiarn_Areal                         1.000 1.000   124.4          NaN  0.5186E-03  0.1254E-03  0.5434E-05  0.7683E-07  0.5526E-08  0.1152E-08  0.0000E+00  0.0000E+00  0.0000E+00  0.0000E+00  0.0000E+00  0.0000E+00  0.0000E+00  0.0000E+00
  Carmel_Linear                          1.000 1.000    66.2          NaN  0.1805E-02  0.1189E-02  0.4571E-03  0.1092E-03  0.5857E-04  0.4528E-04  0.1865E-04  0.1142E-04  0.5085E-05  0.1618E-05  0.1656E-06  0.7876E-09  0.0000E+00  0.0000E+00
  Roum_Linear                            1.000 1.000   106.6          NaN  0.1601E-02  0.8368E-03  0.2728E-03  0.7387E-04  0.4157E-04  0.3272E-04  0.1429E-04  0.9055E-05  0.4290E-05  0.1584E-05  0.2964E-06  0.1614E-07  0.0000E+00  0.0000E+00
  Serghaya_Linear                        1.000 1.000   119.9          NaN  0.2186E-02  0.1182E-02  0.3912E-03  0.9599E-04  0.5216E-04  0.4054E-04  0.1701E-04  0.1054E-04  0.4817E-05  0.1643E-05  0.2096E-06  0.0000E+00  0.0000E+00  0.0000E+00
  YHK_Linear                             1.000 1.000   110.3          NaN  0.6028E-02  0.3001E-02  0.9273E-03  0.2700E-03  0.1572E-03  0.1253E-03  0.5685E-04  0.3674E-04  0.1801E-04  0.6904E-05  0.1615E-05  0.2324E-06  0.0000E+00  0.0000E+00
  Wt_Total_Events/yr                     0.000 0.000     0.0          NaN  0.1576E+00  0.8142E-01  0.2252E-01  0.6288E-02  0.3944E-02  0.3278E-02  0.1776E-02  0.1285E-02  0.7711E-03  0.3995E-03  0.1613E-03  0.7562E-04  0.2453E-04  0.7923E-05
  Poisson_Prob:                          0.000 0.000     0.0          NaN  0.1458E+00  0.7819E-01  0.2226E-01  0.6268E-02  0.3936E-02  0.3272E-02  0.1775E-02  0.1284E-02  0.7708E-03  0.3994E-03  0.1613E-03  0.7562E-04  0.2453E-04  0.7923E-05
  M_bar                                  0.000 0.000     0.0         NaN   0.539E+01   0.547E+01   0.552E+01   0.547E+01   0.544E+01   0.543E+01   0.541E+01   0.540E+01   0.539E+01   0.540E+01   0.543E+01   0.545E+01   0.552E+01   0.559E+01
  D_bar                                  0.000 0.000     0.0         NaN   0.110E+03   0.927E+02   0.648E+02   0.437E+02   0.376E+02   0.354E+02   0.290E+02   0.261E+02   0.221E+02   0.181E+02   0.144E+02   0.120E+02   0.101E+02   0.885E+01
  Eps_bar                                0.000 0.000     0.0         NaN  -0.229E+00  -0.652E-01   0.271E+00   0.574E+00   0.674E+00   0.712E+00   0.834E+00   0.897E+00   0.995E+00   0.113E+01   0.132E+01   0.148E+01   0.174E+01   0.200E+01

------------------

