      33       0          Number of faults, fault cases
Fault Name                       nFlt System Number Rupture Dist   BJF Dist  Campbell Dist nWidth nMaxmag Max Mag  Wts.  Fault Type   HWFlag    Vs


-------------------------------------------------------------------------------------------------------------------

 SITE10 COORDINATES:    34.362   32.505
    1  nAtten
  Attenuation:     1      0.0100
   15  nAmp
 AMP:                                     pSeg al_Wt  MinDis         NaN    0.010000    0.015000    0.030000    0.053600    0.065000    0.070000    0.088700    0.100000    0.120000    0.150000    0.200000    0.250000    0.340000    0.450000
  Kamag_Areal                            1.000 1.000   171.0          NaN  0.1729E-04  0.4664E-05  0.2572E-06  0.5539E-08  0.9345E-09  0.3944E-09  0.0000E+00  0.0000E+00  0.0000E+00  0.0000E+00  0.0000E+00  0.0000E+00  0.0000E+00  0.0000E+00
  Shivta_Areal                           1.000 1.000   140.7          NaN  0.2624E-04  0.7720E-05  0.5146E-06  0.1837E-07  0.3634E-08  0.1808E-08  0.9251E-10  0.3000E-11  0.0000E+00  0.0000E+00  0.0000E+00  0.0000E+00  0.0000E+00  0.0000E+00
  Kinarot_Linear                         1.000 1.000   115.4          NaN  0.9542E-02  0.5663E-02  0.1679E-02  0.3126E-03  0.1558E-03  0.1171E-03  0.4407E-04  0.2568E-04  0.1012E-04  0.2069E-05  0.4199E-07  0.0000E+00  0.0000E+00  0.0000E+00
  Jericho_Vally_Linear                   1.000 1.000   116.1          NaN  0.7506E-02  0.4319E-02  0.1321E-02  0.2642E-03  0.1347E-03  0.1022E-03  0.3963E-04  0.2358E-04  0.9898E-05  0.2496E-05  0.9718E-07  0.5192E-09  0.0000E+00  0.0000E+00
  Dead_Sea_East_Linear                   1.000 1.000   139.7          NaN  0.4362E-02  0.2492E-02  0.7021E-03  0.1289E-03  0.6424E-04  0.4833E-04  0.1818E-04  0.1051E-04  0.4093E-05  0.9055E-06  0.2920E-07  0.0000E+00  0.0000E+00  0.0000E+00
  North_Arava_Linear                     1.000 1.000   193.3          NaN  0.2656E-02  0.1477E-02  0.3253E-03  0.4683E-04  0.2155E-04  0.1566E-04  0.5043E-05  0.2561E-05  0.7181E-06  0.5782E-07  0.0000E+00  0.0000E+00  0.0000E+00  0.0000E+00
  Central_Arava_Linear                   1.000 1.000   262.4          NaN  0.2267E-02  0.1033E-02  0.1291E-03  0.1115E-04  0.3707E-05  0.2214E-05  0.2375E-06  0.5185E-07  0.1769E-08  0.0000E+00  0.0000E+00  0.0000E+00  0.0000E+00  0.0000E+00
  Avrona_Linear                          1.000 1.000   297.5          NaN  0.1946E-02  0.7961E-03  0.8284E-04  0.5530E-05  0.1408E-05  0.7394E-06  0.4010E-07  0.4284E-08  0.0000E+00  0.0000E+00  0.0000E+00  0.0000E+00  0.0000E+00  0.0000E+00
  Zin_Active                             1.000 1.000   188.2          NaN  0.7844E-06  0.4074E-07  0.0000E+00  0.0000E+00  0.0000E+00  0.0000E+00  0.0000E+00  0.0000E+00  0.0000E+00  0.0000E+00  0.0000E+00  0.0000E+00  0.0000E+00  0.0000E+00
  Aragonese_Areal                        1.000 1.000   376.6          NaN  0.3209E-03  0.8858E-04  0.5363E-05  0.1730E-06  0.2455E-07  0.7240E-08  0.0000E+00  0.0000E+00  0.0000E+00  0.0000E+00  0.0000E+00  0.0000E+00  0.0000E+00  0.0000E+00
  Arif_Areal                             1.000 1.000   226.2          NaN  0.2825E-04  0.3862E-05  0.0000E+00  0.0000E+00  0.0000E+00  0.0000E+00  0.0000E+00  0.0000E+00  0.0000E+00  0.0000E+00  0.0000E+00  0.0000E+00  0.0000E+00  0.0000E+00
  Arnona_Areal                           1.000 1.000   420.1          NaN  0.5880E-03  0.1510E-03  0.7791E-05  0.1508E-06  0.7004E-08  0.3727E-09  0.0000E+00  0.0000E+00  0.0000E+00  0.0000E+00  0.0000E+00  0.0000E+00  0.0000E+00  0.0000E+00
  Barak_Areal                            1.000 1.000   226.5          NaN  0.2336E-04  0.2846E-05  0.0000E+00  0.0000E+00  0.0000E+00  0.0000E+00  0.0000E+00  0.0000E+00  0.0000E+00  0.0000E+00  0.0000E+00  0.0000E+00  0.0000E+00  0.0000E+00
  Beit_Shean_Areal                       1.000 1.000    91.5          NaN  0.3272E-02  0.1362E-02  0.1879E-03  0.1977E-04  0.7997E-05  0.5470E-05  0.1397E-05  0.6123E-06  0.1212E-06  0.2067E-08  0.0000E+00  0.0000E+00  0.0000E+00  0.0000E+00
  Central_Israel_Areal                   1.000 1.000    44.6          NaN  0.1258E-02  0.4498E-03  0.4698E-04  0.3928E-05  0.1459E-05  0.9651E-06  0.2162E-06  0.8744E-07  0.1614E-07  0.6730E-09  0.0000E+00  0.0000E+00  0.0000E+00  0.0000E+00
  Cyprus_Areal                           1.000 1.000   224.5          NaN  0.1071E-01  0.3619E-02  0.3616E-03  0.3005E-04  0.1118E-04  0.7431E-05  0.1731E-05  0.7128E-06  0.1241E-06  0.2710E-08  0.0000E+00  0.0000E+00  0.0000E+00  0.0000E+00
  East_Sinai_Areal                       1.000 1.000   263.4          NaN  0.4019E-04  0.6976E-05  0.2592E-07  0.0000E+00  0.0000E+00  0.0000E+00  0.0000E+00  0.0000E+00  0.0000E+00  0.0000E+00  0.0000E+00  0.0000E+00  0.0000E+00  0.0000E+00
  Elat_Areal                             1.000 1.000   333.9          NaN  0.4467E-03  0.1300E-03  0.8756E-05  0.3678E-06  0.7600E-07  0.3363E-07  0.0000E+00  0.0000E+00  0.0000E+00  0.0000E+00  0.0000E+00  0.0000E+00  0.0000E+00  0.0000E+00
  Galil_Areal                            1.000 1.000    80.3          NaN  0.1225E-02  0.3585E-03  0.2352E-04  0.8192E-06  0.1215E-06  0.4449E-07  0.0000E+00  0.0000E+00  0.0000E+00  0.0000E+00  0.0000E+00  0.0000E+00  0.0000E+00  0.0000E+00
  Mediterranean_1_Areal                  1.000 1.000    82.7          NaN  0.6013E-02  0.2129E-02  0.2208E-03  0.1815E-04  0.6652E-05  0.4382E-05  0.9887E-06  0.4112E-06  0.8277E-07  0.4368E-08  0.0000E+00  0.0000E+00  0.0000E+00  0.0000E+00
  Mediterranean_2_Areal                  1.000 1.000    62.7          NaN  0.5600E-02  0.2210E-02  0.3060E-03  0.3571E-04  0.1548E-04  0.1102E-04  0.3406E-05  0.1760E-05  0.5729E-06  0.1069E-06  0.3176E-08  0.0000E+00  0.0000E+00  0.0000E+00
  Mediterranean_3_Areal                  1.000 1.000     0.9          NaN  0.3175E-01  0.1959E-01  0.7217E-02  0.2563E-02  0.1734E-02  0.1481E-02  0.8726E-03  0.6565E-03  0.4163E-03  0.2291E-03  0.9899E-04  0.4869E-04  0.1669E-04  0.5658E-05
  Milhan_Areal                           1.000 1.000   275.2          NaN  0.4714E-05  0.3940E-06  0.0000E+00  0.0000E+00  0.0000E+00  0.0000E+00  0.0000E+00  0.0000E+00  0.0000E+00  0.0000E+00  0.0000E+00  0.0000E+00  0.0000E+00  0.0000E+00
  Notrh_Jordan_Areal                     1.000 1.000   123.8          NaN  0.3911E-03  0.7880E-04  0.1879E-05  0.0000E+00  0.0000E+00  0.0000E+00  0.0000E+00  0.0000E+00  0.0000E+00  0.0000E+00  0.0000E+00  0.0000E+00  0.0000E+00  0.0000E+00
  Palmira_Areal                          1.000 1.000   191.7          NaN  0.1906E-03  0.3567E-04  0.4948E-06  0.0000E+00  0.0000E+00  0.0000E+00  0.0000E+00  0.0000E+00  0.0000E+00  0.0000E+00  0.0000E+00  0.0000E+00  0.0000E+00  0.0000E+00
  Paran_Areal                            1.000 1.000   232.5          NaN  0.6314E-04  0.1278E-04  0.2263E-06  0.0000E+00  0.0000E+00  0.0000E+00  0.0000E+00  0.0000E+00  0.0000E+00  0.0000E+00  0.0000E+00  0.0000E+00  0.0000E+00  0.0000E+00
  Suez_Areal                             1.000 1.000   285.3          NaN  0.1633E-02  0.3805E-03  0.1561E-04  0.1421E-06  0.3183E-08  0.9394E-10  0.0000E+00  0.0000E+00  0.0000E+00  0.0000E+00  0.0000E+00  0.0000E+00  0.0000E+00  0.0000E+00
  Thamad_Areal                           1.000 1.000   308.4          NaN  0.5312E-04  0.8407E-05  0.0000E+00  0.0000E+00  0.0000E+00  0.0000E+00  0.0000E+00  0.0000E+00  0.0000E+00  0.0000E+00  0.0000E+00  0.0000E+00  0.0000E+00  0.0000E+00
  W_Shiarn_Areal                         1.000 1.000   146.2          NaN  0.4814E-03  0.1093E-03  0.3793E-05  0.1707E-07  0.5044E-10  0.0000E+00  0.0000E+00  0.0000E+00  0.0000E+00  0.0000E+00  0.0000E+00  0.0000E+00  0.0000E+00  0.0000E+00
  Carmel_Linear                          1.000 1.000    69.0          NaN  0.2336E-02  0.1493E-02  0.6120E-03  0.1605E-03  0.8812E-04  0.6871E-04  0.2906E-04  0.1805E-04  0.8290E-05  0.2867E-05  0.3425E-06  0.0000E+00  0.0000E+00  0.0000E+00
  Roum_Linear                            1.000 1.000   139.4          NaN  0.8354E-03  0.4652E-03  0.1513E-03  0.3309E-04  0.1731E-04  0.1327E-04  0.5308E-05  0.3204E-05  0.1406E-05  0.4110E-06  0.1839E-07  0.0000E+00  0.0000E+00  0.0000E+00
  Serghaya_Linear                        1.000 1.000   133.5          NaN  0.1523E-02  0.8596E-03  0.2782E-03  0.6073E-04  0.3181E-04  0.2439E-04  0.9780E-05  0.5906E-05  0.2566E-05  0.7621E-06  0.4922E-07  0.0000E+00  0.0000E+00  0.0000E+00
  YHK_Linear                             1.000 1.000   116.1          NaN  0.4163E-02  0.2133E-02  0.7139E-03  0.2069E-03  0.1192E-03  0.9464E-04  0.4241E-04  0.2722E-04  0.1319E-04  0.4970E-05  0.1055E-05  0.1278E-06  0.0000E+00  0.0000E+00
  Wt_Total_Events/yr                     0.000 0.000     0.0          NaN  0.1013E+00  0.5147E-01  0.1440E-01  0.3903E-02  0.2414E-02  0.1998E-02  0.1074E-02  0.7768E-03  0.4675E-03  0.2438E-03  0.1006E-03  0.4882E-04  0.1669E-04  0.5658E-05
  Poisson_Prob:                          0.000 0.000     0.0          NaN  0.9631E-01  0.5017E-01  0.1430E-01  0.3895E-02  0.2411E-02  0.1996E-02  0.1074E-02  0.7765E-03  0.4674E-03  0.2438E-03  0.1006E-03  0.4882E-04  0.1669E-04  0.5658E-05
  M_bar                                  0.000 0.000     0.0         NaN   0.566E+01   0.578E+01   0.587E+01   0.571E+01   0.563E+01   0.560E+01   0.551E+01   0.547E+01   0.542E+01   0.537E+01   0.536E+01   0.538E+01   0.546E+01   0.554E+01
  D_bar                                  0.000 0.000     0.0         NaN   0.137E+03   0.115E+03   0.822E+02   0.567E+02   0.483E+02   0.451E+02   0.358E+02   0.315E+02   0.255E+02   0.190E+02   0.130E+02   0.106E+02   0.892E+01   0.782E+01
  Eps_bar                                0.000 0.000     0.0         NaN  -0.168E+00  -0.606E-01   0.280E+00   0.630E+00   0.725E+00   0.758E+00   0.856E+00   0.904E+00   0.973E+00   0.106E+01   0.120E+01   0.136E+01   0.163E+01   0.189E+01

------------------

