      33       0          Number of faults, fault cases
Fault Name                       nFlt System Number Rupture Dist   BJF Dist  Campbell Dist nWidth nMaxmag Max Mag  Wts.  Fault Type   HWFlag    Vs


-------------------------------------------------------------------------------------------------------------------

 SITE 2 COORDINATES:    34.373   33.227
    1  nAtten
  Attenuation:     1      0.0100
   15  nAmp
 AMP:                                     pSeg al_Wt  MinDis         NaN    0.010000    0.015000    0.030000    0.053600    0.065000    0.070000    0.088700    0.100000    0.120000    0.150000    0.200000    0.250000    0.340000    0.450000
  Kamag_Areal                            1.000 1.000   245.7          NaN  0.4820E-05  0.1031E-05  0.2837E-07  0.8866E-10  0.0000E+00  0.0000E+00  0.0000E+00  0.0000E+00  0.0000E+00  0.0000E+00  0.0000E+00  0.0000E+00  0.0000E+00  0.0000E+00
  Shivta_Areal                           1.000 1.000   220.3          NaN  0.6279E-05  0.1413E-05  0.4678E-07  0.3291E-09  0.8670E-12  0.0000E+00  0.0000E+00  0.0000E+00  0.0000E+00  0.0000E+00  0.0000E+00  0.0000E+00  0.0000E+00  0.0000E+00
  Kinarot_Linear                         1.000 1.000   124.9          NaN  0.7937E-02  0.4742E-02  0.1310E-02  0.2246E-03  0.1092E-03  0.8133E-04  0.2955E-04  0.1668E-04  0.5932E-05  0.9777E-06  0.1285E-07  0.0000E+00  0.0000E+00  0.0000E+00
  Jericho_Vally_Linear                   1.000 1.000   149.4          NaN  0.4652E-02  0.2710E-02  0.6816E-03  0.1078E-03  0.5119E-04  0.3776E-04  0.1311E-04  0.7092E-05  0.2255E-05  0.2879E-06  0.1571E-08  0.0000E+00  0.0000E+00  0.0000E+00
  Dead_Sea_East_Linear                   1.000 1.000   196.8          NaN  0.2655E-02  0.1469E-02  0.3068E-03  0.4209E-04  0.1904E-04  0.1370E-04  0.4205E-05  0.2044E-05  0.5253E-06  0.3514E-07  0.0000E+00  0.0000E+00  0.0000E+00  0.0000E+00
  North_Arava_Linear                     1.000 1.000   263.5          NaN  0.1752E-02  0.8861E-03  0.1428E-03  0.1583E-04  0.6428E-05  0.4381E-05  0.9981E-06  0.3783E-06  0.4220E-07  0.0000E+00  0.0000E+00  0.0000E+00  0.0000E+00  0.0000E+00
  Central_Arava_Linear                   1.000 1.000   339.1          NaN  0.1463E-02  0.5589E-03  0.5249E-04  0.2874E-05  0.6193E-06  0.2803E-06  0.1515E-07  0.4865E-10  0.0000E+00  0.0000E+00  0.0000E+00  0.0000E+00  0.0000E+00  0.0000E+00
  Avrona_Linear                          1.000 1.000   375.5          NaN  0.1243E-02  0.4300E-03  0.3454E-04  0.1238E-05  0.1590E-06  0.6231E-07  0.0000E+00  0.0000E+00  0.0000E+00  0.0000E+00  0.0000E+00  0.0000E+00  0.0000E+00  0.0000E+00
  Zin_Active                             1.000 1.000   266.8          NaN  0.2775E-07  0.0000E+00  0.0000E+00  0.0000E+00  0.0000E+00  0.0000E+00  0.0000E+00  0.0000E+00  0.0000E+00  0.0000E+00  0.0000E+00  0.0000E+00  0.0000E+00  0.0000E+00
  Aragonese_Areal                        1.000 1.000   456.6          NaN  0.1856E-03  0.4699E-04  0.2338E-05  0.3820E-07  0.4017E-09  0.0000E+00  0.0000E+00  0.0000E+00  0.0000E+00  0.0000E+00  0.0000E+00  0.0000E+00  0.0000E+00  0.0000E+00
  Arif_Areal                             1.000 1.000   302.8          NaN  0.5142E-05  0.2814E-06  0.0000E+00  0.0000E+00  0.0000E+00  0.0000E+00  0.0000E+00  0.0000E+00  0.0000E+00  0.0000E+00  0.0000E+00  0.0000E+00  0.0000E+00  0.0000E+00
  Arnona_Areal                           1.000 1.000   500.3          NaN  0.3582E-03  0.8522E-04  0.3594E-05  0.2261E-07  0.0000E+00  0.0000E+00  0.0000E+00  0.0000E+00  0.0000E+00  0.0000E+00  0.0000E+00  0.0000E+00  0.0000E+00  0.0000E+00
  Barak_Areal                            1.000 1.000   302.9          NaN  0.4428E-05  0.1706E-06  0.0000E+00  0.0000E+00  0.0000E+00  0.0000E+00  0.0000E+00  0.0000E+00  0.0000E+00  0.0000E+00  0.0000E+00  0.0000E+00  0.0000E+00  0.0000E+00
  Beit_Shean_Areal                       1.000 1.000   114.8          NaN  0.1392E-02  0.5016E-03  0.4960E-04  0.3551E-05  0.1158E-05  0.7106E-06  0.9815E-07  0.2283E-07  0.3643E-09  0.0000E+00  0.0000E+00  0.0000E+00  0.0000E+00  0.0000E+00
  Central_Israel_Areal                   1.000 1.000   124.7          NaN  0.9622E-04  0.1932E-04  0.4340E-06  0.0000E+00  0.0000E+00  0.0000E+00  0.0000E+00  0.0000E+00  0.0000E+00  0.0000E+00  0.0000E+00  0.0000E+00  0.0000E+00  0.0000E+00
  Cyprus_Areal                           1.000 1.000   148.4          NaN  0.2270E-01  0.8344E-02  0.1008E-02  0.1039E-03  0.4299E-04  0.2996E-04  0.8539E-05  0.4204E-05  0.1246E-05  0.1866E-06  0.2946E-08  0.0000E+00  0.0000E+00  0.0000E+00
  East_Sinai_Areal                       1.000 1.000   343.7          NaN  0.1233E-04  0.1556E-05  0.0000E+00  0.0000E+00  0.0000E+00  0.0000E+00  0.0000E+00  0.0000E+00  0.0000E+00  0.0000E+00  0.0000E+00  0.0000E+00  0.0000E+00  0.0000E+00
  Elat_Areal                             1.000 1.000   413.7          NaN  0.2474E-03  0.6552E-04  0.3628E-05  0.8933E-07  0.7105E-08  0.6835E-09  0.0000E+00  0.0000E+00  0.0000E+00  0.0000E+00  0.0000E+00  0.0000E+00  0.0000E+00  0.0000E+00
  Galil_Areal                            1.000 1.000    73.3          NaN  0.1389E-02  0.4230E-03  0.3025E-04  0.1334E-05  0.2855E-06  0.1367E-06  0.2999E-08  0.0000E+00  0.0000E+00  0.0000E+00  0.0000E+00  0.0000E+00  0.0000E+00  0.0000E+00
  Mediterranean_1_Areal                  1.000 1.000    32.3          NaN  0.2932E-01  0.1350E-01  0.2654E-02  0.4647E-03  0.2366E-03  0.1800E-03  0.7101E-04  0.4279E-04  0.1881E-04  0.6202E-05  0.1162E-05  0.2331E-06  0.1025E-07  0.7310E-11
  Mediterranean_2_Areal                  1.000 1.000    14.5          NaN  0.3260E-01  0.1862E-01  0.5434E-02  0.1454E-02  0.8771E-03  0.7149E-03  0.3568E-03  0.2445E-03  0.1327E-03  0.5903E-04  0.1859E-04  0.6864E-05  0.1429E-05  0.2501E-06
  Mediterranean_3_Areal                  1.000 1.000     0.4          NaN  0.2556E-01  0.1548E-01  0.5793E-02  0.2147E-02  0.1478E-02  0.1272E-02  0.7668E-03  0.5836E-03  0.3764E-03  0.2112E-03  0.9326E-04  0.4653E-04  0.1621E-04  0.5551E-05
  Milhan_Areal                           1.000 1.000   353.4          NaN  0.8992E-06  0.3718E-09  0.0000E+00  0.0000E+00  0.0000E+00  0.0000E+00  0.0000E+00  0.0000E+00  0.0000E+00  0.0000E+00  0.0000E+00  0.0000E+00  0.0000E+00  0.0000E+00
  Notrh_Jordan_Areal                     1.000 1.000   122.9          NaN  0.1918E-03  0.3567E-04  0.7060E-06  0.0000E+00  0.0000E+00  0.0000E+00  0.0000E+00  0.0000E+00  0.0000E+00  0.0000E+00  0.0000E+00  0.0000E+00  0.0000E+00  0.0000E+00
  Palmira_Areal                          1.000 1.000   160.0          NaN  0.3686E-03  0.7910E-04  0.2180E-05  0.1956E-08  0.0000E+00  0.0000E+00  0.0000E+00  0.0000E+00  0.0000E+00  0.0000E+00  0.0000E+00  0.0000E+00  0.0000E+00  0.0000E+00
  Paran_Areal                            1.000 1.000   312.7          NaN  0.1768E-04  0.2728E-05  0.0000E+00  0.0000E+00  0.0000E+00  0.0000E+00  0.0000E+00  0.0000E+00  0.0000E+00  0.0000E+00  0.0000E+00  0.0000E+00  0.0000E+00  0.0000E+00
  Suez_Areal                             1.000 1.000   348.1          NaN  0.8788E-03  0.1840E-03  0.5512E-05  0.4418E-08  0.0000E+00  0.0000E+00  0.0000E+00  0.0000E+00  0.0000E+00  0.0000E+00  0.0000E+00  0.0000E+00  0.0000E+00  0.0000E+00
  Thamad_Areal                           1.000 1.000   388.4          NaN  0.1709E-04  0.1866E-05  0.0000E+00  0.0000E+00  0.0000E+00  0.0000E+00  0.0000E+00  0.0000E+00  0.0000E+00  0.0000E+00  0.0000E+00  0.0000E+00  0.0000E+00  0.0000E+00
  W_Shiarn_Areal                         1.000 1.000   123.8          NaN  0.5320E-03  0.1289E-03  0.5607E-05  0.8032E-07  0.5987E-08  0.1310E-08  0.0000E+00  0.0000E+00  0.0000E+00  0.0000E+00  0.0000E+00  0.0000E+00  0.0000E+00  0.0000E+00
  Carmel_Linear                          1.000 1.000    60.3          NaN  0.1993E-02  0.1304E-02  0.5304E-03  0.1396E-03  0.7719E-04  0.6034E-04  0.2576E-04  0.1610E-04  0.7433E-05  0.2564E-05  0.3911E-06  0.1806E-07  0.0000E+00  0.0000E+00
  Roum_Linear                            1.000 1.000   108.9          NaN  0.1511E-02  0.7933E-03  0.2601E-03  0.6951E-04  0.3890E-04  0.3056E-04  0.1327E-04  0.8377E-05  0.3946E-05  0.1446E-05  0.2558E-06  0.9861E-08  0.0000E+00  0.0000E+00
  Serghaya_Linear                        1.000 1.000   119.0          NaN  0.2149E-02  0.1165E-02  0.3882E-03  0.9586E-04  0.5219E-04  0.4059E-04  0.1707E-04  0.1060E-04  0.4850E-05  0.1660E-05  0.2186E-06  0.0000E+00  0.0000E+00  0.0000E+00
  YHK_Linear                             1.000 1.000   110.4          NaN  0.5958E-02  0.2970E-02  0.9206E-03  0.2686E-03  0.1564E-03  0.1247E-03  0.5661E-04  0.3659E-04  0.1794E-04  0.6880E-05  0.1610E-05  0.2320E-06  0.0000E+00  0.0000E+00
  Wt_Total_Events/yr                     0.000 0.000     0.0          NaN  0.1472E+00  0.7455E-01  0.1962E-01  0.5143E-02  0.3148E-02  0.2591E-02  0.1364E-02  0.9729E-03  0.5721E-03  0.2905E-03  0.1155E-03  0.5389E-04  0.1765E-04  0.5801E-05
  Poisson_Prob:                          0.000 0.000     0.0          NaN  0.1369E+00  0.7183E-01  0.1943E-01  0.5129E-02  0.3143E-02  0.2588E-02  0.1363E-02  0.9725E-03  0.5720E-03  0.2905E-03  0.1155E-03  0.5389E-04  0.1765E-04  0.5801E-05
  M_bar                                  0.000 0.000     0.0         NaN   0.543E+01   0.554E+01   0.564E+01   0.561E+01   0.557E+01   0.556E+01   0.551E+01   0.549E+01   0.546E+01   0.544E+01   0.543E+01   0.544E+01   0.549E+01   0.556E+01
  D_bar                                  0.000 0.000     0.0         NaN   0.115E+03   0.979E+02   0.712E+02   0.500E+02   0.434E+02   0.409E+02   0.336E+02   0.301E+02   0.252E+02   0.201E+02   0.152E+02   0.121E+02   0.969E+01   0.823E+01
  Eps_bar                                0.000 0.000     0.0         NaN  -0.174E+00  -0.324E-03   0.358E+00   0.680E+00   0.779E+00   0.817E+00   0.931E+00   0.987E+00   0.107E+01   0.117E+01   0.133E+01   0.146E+01   0.169E+01   0.193E+01

------------------

