      33       0          Number of faults, fault cases
Fault Name                       nFlt System Number Rupture Dist   BJF Dist  Campbell Dist nWidth nMaxmag Max Mag  Wts.  Fault Type   HWFlag    Vs


-------------------------------------------------------------------------------------------------------------------

 SITE 9 COORDINATES:    34.363   32.595
    1  nAtten
  Attenuation:     1      0.0100
   15  nAmp
 AMP:                                     pSeg al_Wt  MinDis         NaN    0.010000    0.015000    0.030000    0.053600    0.065000    0.070000    0.088700    0.100000    0.120000    0.150000    0.200000    0.250000    0.340000    0.450000
  Kamag_Areal                            1.000 1.000   180.1          NaN  0.1459E-04  0.3811E-05  0.1948E-06  0.3440E-08  0.5324E-09  0.1851E-09  0.0000E+00  0.0000E+00  0.0000E+00  0.0000E+00  0.0000E+00  0.0000E+00  0.0000E+00  0.0000E+00
  Shivta_Areal                           1.000 1.000   150.6          NaN  0.2155E-04  0.6099E-05  0.3747E-06  0.1097E-07  0.1978E-08  0.9614E-09  0.2082E-10  0.0000E+00  0.0000E+00  0.0000E+00  0.0000E+00  0.0000E+00  0.0000E+00  0.0000E+00
  Kinarot_Linear                         1.000 1.000   115.8          NaN  0.9598E-02  0.5683E-02  0.1675E-02  0.3104E-03  0.1545E-03  0.1161E-03  0.4359E-04  0.2537E-04  0.9958E-05  0.2006E-05  0.4006E-07  0.0000E+00  0.0000E+00  0.0000E+00
  Jericho_Vally_Linear                   1.000 1.000   117.8          NaN  0.7145E-02  0.4131E-02  0.1255E-02  0.2476E-03  0.1257E-03  0.9525E-04  0.3675E-04  0.2179E-04  0.9036E-05  0.2210E-05  0.7620E-07  0.0000E+00  0.0000E+00  0.0000E+00
  Dead_Sea_East_Linear                   1.000 1.000   145.7          NaN  0.4076E-02  0.2332E-02  0.6374E-03  0.1129E-03  0.5564E-04  0.4167E-04  0.1540E-04  0.8777E-05  0.3302E-05  0.6771E-06  0.1940E-07  0.0000E+00  0.0000E+00  0.0000E+00
  North_Arava_Linear                     1.000 1.000   201.6          NaN  0.2507E-02  0.1383E-02  0.2925E-03  0.4065E-04  0.1846E-04  0.1333E-04  0.4154E-05  0.2049E-05  0.5385E-06  0.3661E-07  0.0000E+00  0.0000E+00  0.0000E+00  0.0000E+00
  Central_Arava_Linear                   1.000 1.000   271.9          NaN  0.2144E-02  0.9544E-03  0.1146E-03  0.9442E-05  0.2995E-05  0.1739E-05  0.1618E-06  0.3703E-07  0.0000E+00  0.0000E+00  0.0000E+00  0.0000E+00  0.0000E+00  0.0000E+00
  Avrona_Linear                          1.000 1.000   307.2          NaN  0.1838E-02  0.7351E-03  0.7378E-04  0.4612E-05  0.1112E-05  0.5590E-06  0.2708E-07  0.1346E-08  0.0000E+00  0.0000E+00  0.0000E+00  0.0000E+00  0.0000E+00  0.0000E+00
  Zin_Active                             1.000 1.000   198.0          NaN  0.5339E-06  0.1879E-07  0.0000E+00  0.0000E+00  0.0000E+00  0.0000E+00  0.0000E+00  0.0000E+00  0.0000E+00  0.0000E+00  0.0000E+00  0.0000E+00  0.0000E+00  0.0000E+00
  Aragonese_Areal                        1.000 1.000   386.6          NaN  0.2984E-03  0.8142E-04  0.4810E-05  0.1449E-06  0.1812E-07  0.4461E-08  0.0000E+00  0.0000E+00  0.0000E+00  0.0000E+00  0.0000E+00  0.0000E+00  0.0000E+00  0.0000E+00
  Arif_Areal                             1.000 1.000   235.7          NaN  0.2265E-04  0.2897E-05  0.0000E+00  0.0000E+00  0.0000E+00  0.0000E+00  0.0000E+00  0.0000E+00  0.0000E+00  0.0000E+00  0.0000E+00  0.0000E+00  0.0000E+00  0.0000E+00
  Arnona_Areal                           1.000 1.000   430.1          NaN  0.5508E-03  0.1401E-03  0.7047E-05  0.1233E-06  0.4154E-08  0.4083E-10  0.0000E+00  0.0000E+00  0.0000E+00  0.0000E+00  0.0000E+00  0.0000E+00  0.0000E+00  0.0000E+00
  Barak_Areal                            1.000 1.000   235.9          NaN  0.1886E-04  0.2116E-05  0.0000E+00  0.0000E+00  0.0000E+00  0.0000E+00  0.0000E+00  0.0000E+00  0.0000E+00  0.0000E+00  0.0000E+00  0.0000E+00  0.0000E+00  0.0000E+00
  Beit_Shean_Areal                       1.000 1.000    92.6          NaN  0.3068E-02  0.1266E-02  0.1706E-03  0.1754E-04  0.7008E-05  0.4768E-05  0.1189E-05  0.5099E-06  0.9452E-07  0.1339E-08  0.0000E+00  0.0000E+00  0.0000E+00  0.0000E+00
  Central_Israel_Areal                   1.000 1.000    54.6          NaN  0.8640E-03  0.2819E-03  0.2414E-04  0.1567E-05  0.4998E-06  0.3051E-06  0.4525E-07  0.1273E-07  0.7573E-09  0.0000E+00  0.0000E+00  0.0000E+00  0.0000E+00  0.0000E+00
  Cyprus_Areal                           1.000 1.000   214.9          NaN  0.1166E-01  0.3976E-02  0.4055E-03  0.3457E-04  0.1301E-04  0.8698E-05  0.2085E-05  0.8845E-06  0.1695E-06  0.5686E-08  0.0000E+00  0.0000E+00  0.0000E+00  0.0000E+00
  East_Sinai_Areal                       1.000 1.000   273.5          NaN  0.3437E-04  0.5764E-05  0.1135E-07  0.0000E+00  0.0000E+00  0.0000E+00  0.0000E+00  0.0000E+00  0.0000E+00  0.0000E+00  0.0000E+00  0.0000E+00  0.0000E+00  0.0000E+00
  Elat_Areal                             1.000 1.000   343.8          NaN  0.4128E-03  0.1186E-03  0.7792E-05  0.3092E-06  0.5967E-07  0.2479E-07  0.0000E+00  0.0000E+00  0.0000E+00  0.0000E+00  0.0000E+00  0.0000E+00  0.0000E+00  0.0000E+00
  Galil_Areal                            1.000 1.000    76.0          NaN  0.1394E-02  0.4199E-03  0.2920E-04  0.1186E-05  0.2167E-06  0.9221E-07  0.6385E-09  0.0000E+00  0.0000E+00  0.0000E+00  0.0000E+00  0.0000E+00  0.0000E+00  0.0000E+00
  Mediterranean_1_Areal                  1.000 1.000    76.1          NaN  0.7196E-02  0.2639E-02  0.2979E-03  0.2714E-04  0.1049E-04  0.7079E-05  0.1769E-05  0.7921E-06  0.1911E-06  0.1775E-07  0.0000E+00  0.0000E+00  0.0000E+00  0.0000E+00
  Mediterranean_2_Areal                  1.000 1.000    56.9          NaN  0.6898E-02  0.2819E-02  0.4270E-03  0.5510E-04  0.2486E-04  0.1799E-04  0.5941E-05  0.3209E-05  0.1139E-05  0.2521E-06  0.1525E-07  0.8514E-10  0.0000E+00  0.0000E+00
  Mediterranean_3_Areal                  1.000 1.000     1.0          NaN  0.3299E-01  0.2022E-01  0.7367E-02  0.2594E-02  0.1749E-02  0.1494E-02  0.8774E-03  0.6594E-03  0.4175E-03  0.2295E-03  0.9901E-04  0.4867E-04  0.1667E-04  0.5650E-05
  Milhan_Areal                           1.000 1.000   284.9          NaN  0.3829E-05  0.2843E-06  0.0000E+00  0.0000E+00  0.0000E+00  0.0000E+00  0.0000E+00  0.0000E+00  0.0000E+00  0.0000E+00  0.0000E+00  0.0000E+00  0.0000E+00  0.0000E+00
  Notrh_Jordan_Areal                     1.000 1.000   123.7          NaN  0.3688E-03  0.7404E-04  0.1767E-05  0.0000E+00  0.0000E+00  0.0000E+00  0.0000E+00  0.0000E+00  0.0000E+00  0.0000E+00  0.0000E+00  0.0000E+00  0.0000E+00  0.0000E+00
  Palmira_Areal                          1.000 1.000   186.2          NaN  0.2101E-03  0.4016E-04  0.6330E-06  0.0000E+00  0.0000E+00  0.0000E+00  0.0000E+00  0.0000E+00  0.0000E+00  0.0000E+00  0.0000E+00  0.0000E+00  0.0000E+00  0.0000E+00
  Paran_Areal                            1.000 1.000   242.5          NaN  0.5328E-04  0.1042E-04  0.1457E-06  0.0000E+00  0.0000E+00  0.0000E+00  0.0000E+00  0.0000E+00  0.0000E+00  0.0000E+00  0.0000E+00  0.0000E+00  0.0000E+00  0.0000E+00
  Suez_Areal                             1.000 1.000   292.7          NaN  0.1508E-02  0.3465E-03  0.1372E-04  0.1028E-06  0.1407E-08  0.2285E-11  0.0000E+00  0.0000E+00  0.0000E+00  0.0000E+00  0.0000E+00  0.0000E+00  0.0000E+00  0.0000E+00
  Thamad_Areal                           1.000 1.000   318.4          NaN  0.4578E-04  0.7000E-05  0.0000E+00  0.0000E+00  0.0000E+00  0.0000E+00  0.0000E+00  0.0000E+00  0.0000E+00  0.0000E+00  0.0000E+00  0.0000E+00  0.0000E+00  0.0000E+00
  W_Shiarn_Areal                         1.000 1.000   141.1          NaN  0.5000E-03  0.1151E-03  0.4203E-05  0.2566E-07  0.3337E-09  0.0000E+00  0.0000E+00  0.0000E+00  0.0000E+00  0.0000E+00  0.0000E+00  0.0000E+00  0.0000E+00  0.0000E+00
  Carmel_Linear                          1.000 1.000    63.2          NaN  0.2482E-02  0.1580E-02  0.6709E-03  0.1900E-03  0.1069E-03  0.8412E-04  0.3659E-04  0.2309E-04  0.1086E-04  0.3934E-05  0.6435E-06  0.2159E-07  0.0000E+00  0.0000E+00
  Roum_Linear                            1.000 1.000   133.5          NaN  0.9014E-03  0.4978E-03  0.1643E-03  0.3734E-04  0.1977E-04  0.1522E-04  0.6180E-05  0.3761E-05  0.1673E-05  0.5198E-06  0.3452E-07  0.0000E+00  0.0000E+00  0.0000E+00
  Serghaya_Linear                        1.000 1.000   129.1          NaN  0.1610E-02  0.9036E-03  0.2965E-03  0.6677E-04  0.3531E-04  0.2717E-04  0.1103E-04  0.6707E-05  0.2956E-05  0.9142E-06  0.7678E-07  0.0000E+00  0.0000E+00  0.0000E+00
  YHK_Linear                             1.000 1.000   114.6          NaN  0.4447E-02  0.2265E-02  0.7483E-03  0.2180E-03  0.1260E-03  0.1001E-03  0.4502E-04  0.2895E-04  0.1407E-04  0.5327E-05  0.1159E-05  0.1482E-06  0.0000E+00  0.0000E+00
  Wt_Total_Events/yr                     0.000 0.000     0.0          NaN  0.1049E+00  0.5304E-01  0.1469E-01  0.3969E-02  0.2452E-02  0.2028E-02  0.1087E-02  0.7853E-03  0.4715E-03  0.2454E-03  0.1011E-03  0.4884E-04  0.1667E-04  0.5650E-05
  Poisson_Prob:                          0.000 0.000     0.0          NaN  0.9957E-01  0.5166E-01  0.1458E-01  0.3961E-02  0.2449E-02  0.2026E-02  0.1087E-02  0.7850E-03  0.4714E-03  0.2454E-03  0.1011E-03  0.4884E-04  0.1667E-04  0.5650E-05
  M_bar                                  0.000 0.000     0.0         NaN   0.564E+01   0.577E+01   0.586E+01   0.572E+01   0.564E+01   0.561E+01   0.551E+01   0.547E+01   0.542E+01   0.538E+01   0.536E+01   0.539E+01   0.546E+01   0.554E+01
  D_bar                                  0.000 0.000     0.0         NaN   0.135E+03   0.114E+03   0.816E+02   0.565E+02   0.482E+02   0.451E+02   0.359E+02   0.316E+02   0.257E+02   0.192E+02   0.133E+02   0.107E+02   0.893E+01   0.783E+01
  Eps_bar                                0.000 0.000     0.0         NaN  -0.158E+00  -0.454E-01   0.288E+00   0.635E+00   0.731E+00   0.765E+00   0.865E+00   0.913E+00   0.983E+00   0.107E+01   0.121E+01   0.136E+01   0.163E+01   0.189E+01

------------------

