      33       0          Number of faults, fault cases
Fault Name                       nFlt System Number Rupture Dist   BJF Dist  Campbell Dist nWidth nMaxmag Max Mag  Wts.  Fault Type   HWFlag    Vs


-------------------------------------------------------------------------------------------------------------------

 SITE 5 COORDINATES:    34.369   32.956
    1  nAtten
  Attenuation:     1      0.0100
   15  nAmp
 AMP:                                     pSeg al_Wt  MinDis         NaN    0.010000    0.015000    0.030000    0.053600    0.065000    0.070000    0.088700    0.100000    0.120000    0.150000    0.200000    0.250000    0.340000    0.450000
  Kamag_Areal                            1.000 1.000   217.2          NaN  0.7612E-05  0.1766E-05  0.6434E-07  0.5872E-09  0.5932E-11  0.0000E+00  0.0000E+00  0.0000E+00  0.0000E+00  0.0000E+00  0.0000E+00  0.0000E+00  0.0000E+00  0.0000E+00
  Shivta_Areal                           1.000 1.000   190.4          NaN  0.1036E-04  0.2554E-05  0.1120E-06  0.1487E-08  0.1436E-09  0.2783E-10  0.0000E+00  0.0000E+00  0.0000E+00  0.0000E+00  0.0000E+00  0.0000E+00  0.0000E+00  0.0000E+00
  Kinarot_Linear                         1.000 1.000   119.2          NaN  0.8989E-02  0.5344E-02  0.1543E-02  0.2782E-03  0.1373E-03  0.1028E-03  0.3822E-04  0.2204E-04  0.8374E-05  0.1563E-05  0.2729E-07  0.0000E+00  0.0000E+00  0.0000E+00
  Jericho_Vally_Linear                   1.000 1.000   132.3          NaN  0.5627E-02  0.3294E-02  0.9235E-03  0.1634E-03  0.8031E-04  0.6008E-04  0.2217E-04  0.1267E-04  0.4720E-05  0.8741E-06  0.1806E-07  0.0000E+00  0.0000E+00  0.0000E+00
  Dead_Sea_East_Linear                   1.000 1.000   173.3          NaN  0.3156E-02  0.1788E-02  0.4223E-03  0.6447E-04  0.3029E-04  0.2225E-04  0.7499E-05  0.3968E-05  0.1224E-05  0.1527E-06  0.1237E-08  0.0000E+00  0.0000E+00  0.0000E+00
  North_Arava_Linear                     1.000 1.000   236.4          NaN  0.2027E-02  0.1069E-02  0.1927E-03  0.2346E-04  0.1004E-04  0.7027E-05  0.1867E-05  0.8011E-06  0.1386E-06  0.5719E-08  0.0000E+00  0.0000E+00  0.0000E+00  0.0000E+00
  Central_Arava_Linear                   1.000 1.000   310.1          NaN  0.1721E-02  0.7001E-03  0.7255E-04  0.4821E-05  0.1234E-05  0.6505E-06  0.4140E-07  0.5729E-08  0.0000E+00  0.0000E+00  0.0000E+00  0.0000E+00  0.0000E+00  0.0000E+00
  Avrona_Linear                          1.000 1.000   346.1          NaN  0.1468E-02  0.5384E-03  0.4734E-04  0.2186E-05  0.3911E-06  0.1533E-06  0.3539E-08  0.0000E+00  0.0000E+00  0.0000E+00  0.0000E+00  0.0000E+00  0.0000E+00  0.0000E+00
  Zin_Active                             1.000 1.000   237.2          NaN  0.1075E-06  0.1247E-08  0.0000E+00  0.0000E+00  0.0000E+00  0.0000E+00  0.0000E+00  0.0000E+00  0.0000E+00  0.0000E+00  0.0000E+00  0.0000E+00  0.0000E+00  0.0000E+00
  Aragonese_Areal                        1.000 1.000   426.6          NaN  0.2259E-03  0.5898E-04  0.3161E-05  0.6950E-07  0.3871E-08  0.7512E-10  0.0000E+00  0.0000E+00  0.0000E+00  0.0000E+00  0.0000E+00  0.0000E+00  0.0000E+00  0.0000E+00
  Arif_Areal                             1.000 1.000   273.9          NaN  0.9594E-05  0.8381E-06  0.0000E+00  0.0000E+00  0.0000E+00  0.0000E+00  0.0000E+00  0.0000E+00  0.0000E+00  0.0000E+00  0.0000E+00  0.0000E+00  0.0000E+00  0.0000E+00
  Arnona_Areal                           1.000 1.000   470.2          NaN  0.4281E-03  0.1047E-03  0.4761E-05  0.5053E-07  0.3549E-10  0.0000E+00  0.0000E+00  0.0000E+00  0.0000E+00  0.0000E+00  0.0000E+00  0.0000E+00  0.0000E+00  0.0000E+00
  Barak_Areal                            1.000 1.000   274.0          NaN  0.8179E-05  0.5806E-06  0.0000E+00  0.0000E+00  0.0000E+00  0.0000E+00  0.0000E+00  0.0000E+00  0.0000E+00  0.0000E+00  0.0000E+00  0.0000E+00  0.0000E+00  0.0000E+00
  Beit_Shean_Areal                       1.000 1.000   100.2          NaN  0.2055E-02  0.7955E-03  0.9201E-04  0.8020E-05  0.2931E-05  0.1914E-05  0.3868E-06  0.1348E-06  0.1333E-07  0.0000E+00  0.0000E+00  0.0000E+00  0.0000E+00  0.0000E+00
  Central_Israel_Areal                   1.000 1.000    94.6          NaN  0.2287E-03  0.5503E-04  0.2345E-05  0.2503E-07  0.8686E-09  0.5102E-10  0.0000E+00  0.0000E+00  0.0000E+00  0.0000E+00  0.0000E+00  0.0000E+00  0.0000E+00  0.0000E+00
  Cyprus_Areal                           1.000 1.000   176.8          NaN  0.1676E-01  0.5950E-02  0.6642E-03  0.6292E-04  0.2496E-04  0.1707E-04  0.4520E-05  0.2109E-05  0.5399E-06  0.5175E-07  0.7939E-11  0.0000E+00  0.0000E+00  0.0000E+00
  East_Sinai_Areal                       1.000 1.000   313.6          NaN  0.1887E-04  0.2731E-05  0.0000E+00  0.0000E+00  0.0000E+00  0.0000E+00  0.0000E+00  0.0000E+00  0.0000E+00  0.0000E+00  0.0000E+00  0.0000E+00  0.0000E+00  0.0000E+00
  Elat_Areal                             1.000 1.000   383.7          NaN  0.3056E-03  0.8369E-04  0.4984E-05  0.1537E-06  0.2010E-07  0.5295E-08  0.0000E+00  0.0000E+00  0.0000E+00  0.0000E+00  0.0000E+00  0.0000E+00  0.0000E+00  0.0000E+00
  Galil_Areal                            1.000 1.000    70.5          NaN  0.1728E-02  0.5490E-03  0.4254E-04  0.2197E-05  0.5397E-06  0.2803E-06  0.1329E-07  0.2117E-09  0.0000E+00  0.0000E+00  0.0000E+00  0.0000E+00  0.0000E+00  0.0000E+00
  Mediterranean_1_Areal                  1.000 1.000    51.0          NaN  0.1569E-01  0.6567E-02  0.1033E-02  0.1378E-03  0.6293E-04  0.4576E-04  0.1536E-04  0.8396E-05  0.3068E-05  0.7259E-06  0.6034E-07  0.2210E-08  0.0000E+00  0.0000E+00
  Mediterranean_2_Areal                  1.000 1.000    33.3          NaN  0.1687E-01  0.7927E-02  0.1659E-02  0.3121E-03  0.1626E-03  0.1248E-03  0.5067E-04  0.3101E-04  0.1398E-04  0.4752E-05  0.9132E-06  0.1786E-06  0.6360E-08  0.0000E+00
  Mediterranean_3_Areal                  1.000 1.000     0.8          NaN  0.3226E-01  0.1975E-01  0.7206E-02  0.2551E-02  0.1725E-02  0.1475E-02  0.8692E-03  0.6543E-03  0.4152E-03  0.2287E-03  0.9890E-04  0.4868E-04  0.1669E-04  0.5652E-05
  Milhan_Areal                           1.000 1.000   324.0          NaN  0.1687E-05  0.5228E-07  0.0000E+00  0.0000E+00  0.0000E+00  0.0000E+00  0.0000E+00  0.0000E+00  0.0000E+00  0.0000E+00  0.0000E+00  0.0000E+00  0.0000E+00  0.0000E+00
  Notrh_Jordan_Areal                     1.000 1.000   123.3          NaN  0.2678E-03  0.5218E-04  0.1179E-05  0.0000E+00  0.0000E+00  0.0000E+00  0.0000E+00  0.0000E+00  0.0000E+00  0.0000E+00  0.0000E+00  0.0000E+00  0.0000E+00  0.0000E+00
  Palmira_Areal                          1.000 1.000   168.2          NaN  0.2986E-03  0.6147E-04  0.1419E-05  0.2995E-09  0.0000E+00  0.0000E+00  0.0000E+00  0.0000E+00  0.0000E+00  0.0000E+00  0.0000E+00  0.0000E+00  0.0000E+00  0.0000E+00
  Paran_Areal                            1.000 1.000   282.6          NaN  0.2787E-04  0.4787E-05  0.1227E-07  0.0000E+00  0.0000E+00  0.0000E+00  0.0000E+00  0.0000E+00  0.0000E+00  0.0000E+00  0.0000E+00  0.0000E+00  0.0000E+00  0.0000E+00
  Suez_Areal                             1.000 1.000   323.7          NaN  0.1103E-02  0.2401E-03  0.8168E-05  0.2202E-07  0.0000E+00  0.0000E+00  0.0000E+00  0.0000E+00  0.0000E+00  0.0000E+00  0.0000E+00  0.0000E+00  0.0000E+00  0.0000E+00
  Thamad_Areal                           1.000 1.000   358.4          NaN  0.2581E-04  0.3333E-05  0.0000E+00  0.0000E+00  0.0000E+00  0.0000E+00  0.0000E+00  0.0000E+00  0.0000E+00  0.0000E+00  0.0000E+00  0.0000E+00  0.0000E+00  0.0000E+00
  W_Shiarn_Areal                         1.000 1.000   126.9          NaN  0.5432E-03  0.1303E-03  0.5473E-05  0.6724E-07  0.4102E-08  0.7264E-09  0.0000E+00  0.0000E+00  0.0000E+00  0.0000E+00  0.0000E+00  0.0000E+00  0.0000E+00  0.0000E+00
  Carmel_Linear                          1.000 1.000    50.8          NaN  0.2538E-02  0.1621E-02  0.7148E-03  0.2272E-03  0.1339E-03  0.1071E-03  0.4906E-04  0.3181E-04  0.1566E-04  0.5975E-05  0.1351E-05  0.2364E-06  0.0000E+00  0.0000E+00
  Roum_Linear                            1.000 1.000   115.6          NaN  0.1229E-02  0.6572E-03  0.2202E-03  0.5655E-04  0.3114E-04  0.2432E-04  0.1037E-04  0.6478E-05  0.3004E-05  0.1066E-05  0.1545E-06  0.1564E-08  0.0000E+00  0.0000E+00
  Serghaya_Linear                        1.000 1.000   118.5          NaN  0.1958E-02  0.1076E-02  0.3618E-03  0.8864E-04  0.4814E-04  0.3741E-04  0.1569E-04  0.9717E-05  0.4428E-05  0.1500E-05  0.1944E-06  0.0000E+00  0.0000E+00  0.0000E+00
  YHK_Linear                             1.000 1.000   113.4          NaN  0.5487E-02  0.2750E-02  0.8637E-03  0.2492E-03  0.1441E-03  0.1146E-03  0.5163E-04  0.3325E-04  0.1619E-04  0.6162E-05  0.1388E-05  0.1757E-06  0.0000E+00  0.0000E+00
  Wt_Total_Events/yr                     0.000 0.000     0.0          NaN  0.1231E+00  0.6118E-01  0.1609E-01  0.4232E-02  0.2596E-02  0.2141E-02  0.1137E-02  0.8166E-03  0.4865E-03  0.2515E-03  0.1030E-03  0.4927E-04  0.1670E-04  0.5652E-05
  Poisson_Prob:                          0.000 0.000     0.0          NaN  0.1158E+00  0.5935E-01  0.1596E-01  0.4223E-02  0.2593E-02  0.2139E-02  0.1136E-02  0.8163E-03  0.4864E-03  0.2515E-03  0.1030E-03  0.4927E-04  0.1670E-04  0.5652E-05
  M_bar                                  0.000 0.000     0.0         NaN   0.555E+01   0.569E+01   0.580E+01   0.570E+01   0.564E+01   0.561E+01   0.553E+01   0.549E+01   0.544E+01   0.540E+01   0.539E+01   0.540E+01   0.546E+01   0.554E+01
  D_bar                                  0.000 0.000     0.0         NaN   0.126E+03   0.109E+03   0.793E+02   0.553E+02   0.474E+02   0.445E+02   0.357E+02   0.316E+02   0.258E+02   0.197E+02   0.141E+02   0.110E+02   0.895E+01   0.785E+01
  Eps_bar                                0.000 0.000     0.0         NaN  -0.122E+00   0.194E-01   0.346E+00   0.666E+00   0.760E+00   0.793E+00   0.893E+00   0.940E+00   0.101E+01   0.109E+01   0.124E+01   0.138E+01   0.163E+01   0.190E+01

------------------

