      33       0          Number of faults, fault cases
Fault Name                       nFlt System Number Rupture Dist   BJF Dist  Campbell Dist nWidth nMaxmag Max Mag  Wts.  Fault Type   HWFlag    Vs


-------------------------------------------------------------------------------------------------------------------

 SITE11 COORDINATES:    34.360   32.415
    1  nAtten
  Attenuation:     1      0.0100
   15  nAmp
 AMP:                                     pSeg al_Wt  MinDis         NaN    0.010000    0.015000    0.030000    0.053600    0.065000    0.070000    0.088700    0.100000    0.120000    0.150000    0.200000    0.250000    0.340000    0.450000
  Kamag_Areal                            1.000 1.000   162.1          NaN  0.2056E-04  0.5735E-05  0.3406E-06  0.8978E-08  0.1562E-08  0.7489E-09  0.1944E-11  0.0000E+00  0.0000E+00  0.0000E+00  0.0000E+00  0.0000E+00  0.0000E+00  0.0000E+00
  Shivta_Areal                           1.000 1.000   130.8          NaN  0.3214E-04  0.9847E-05  0.7125E-06  0.3052E-07  0.6793E-08  0.3483E-08  0.2768E-09  0.3157E-10  0.0000E+00  0.0000E+00  0.0000E+00  0.0000E+00  0.0000E+00  0.0000E+00
  Kinarot_Linear                         1.000 1.000   115.2          NaN  0.9398E-02  0.5594E-02  0.1664E-02  0.3104E-03  0.1548E-03  0.1164E-03  0.4383E-04  0.2554E-04  0.1006E-04  0.2072E-05  0.4274E-07  0.0000E+00  0.0000E+00  0.0000E+00
  Jericho_Vally_Linear                   1.000 1.000   115.1          NaN  0.7830E-02  0.4483E-02  0.1373E-02  0.2769E-03  0.1415E-03  0.1075E-03  0.4180E-04  0.2492E-04  0.1054E-04  0.2706E-05  0.1108E-06  0.8630E-09  0.0000E+00  0.0000E+00
  Dead_Sea_East_Linear                   1.000 1.000   134.2          NaN  0.4673E-02  0.2663E-02  0.7702E-03  0.1464E-03  0.7373E-04  0.5570E-04  0.2128E-04  0.1245E-04  0.4999E-05  0.1187E-05  0.4586E-07  0.1409E-09  0.0000E+00  0.0000E+00
  North_Arava_Linear                     1.000 1.000   185.1          NaN  0.2820E-02  0.1578E-02  0.3621E-03  0.5403E-04  0.2518E-04  0.1842E-04  0.6108E-05  0.3188E-05  0.9515E-06  0.1024E-06  0.0000E+00  0.0000E+00  0.0000E+00  0.0000E+00
  Central_Arava_Linear                   1.000 1.000   252.9          NaN  0.2397E-02  0.1118E-02  0.1457E-03  0.1317E-04  0.4573E-05  0.2811E-05  0.3621E-06  0.7122E-07  0.3925E-08  0.0000E+00  0.0000E+00  0.0000E+00  0.0000E+00  0.0000E+00
  Avrona_Linear                          1.000 1.000   287.8          NaN  0.2060E-02  0.8629E-03  0.9320E-04  0.6617E-05  0.1781E-05  0.9661E-06  0.5571E-07  0.7810E-08  0.0000E+00  0.0000E+00  0.0000E+00  0.0000E+00  0.0000E+00  0.0000E+00
  Zin_Active                             1.000 1.000   178.5          NaN  0.1136E-05  0.7141E-07  0.0000E+00  0.0000E+00  0.0000E+00  0.0000E+00  0.0000E+00  0.0000E+00  0.0000E+00  0.0000E+00  0.0000E+00  0.0000E+00  0.0000E+00  0.0000E+00
  Aragonese_Areal                        1.000 1.000   366.6          NaN  0.3456E-03  0.9655E-04  0.5989E-05  0.2065E-06  0.3251E-07  0.1091E-07  0.0000E+00  0.0000E+00  0.0000E+00  0.0000E+00  0.0000E+00  0.0000E+00  0.0000E+00  0.0000E+00
  Arif_Areal                             1.000 1.000   216.7          NaN  0.3548E-04  0.5123E-05  0.0000E+00  0.0000E+00  0.0000E+00  0.0000E+00  0.0000E+00  0.0000E+00  0.0000E+00  0.0000E+00  0.0000E+00  0.0000E+00  0.0000E+00  0.0000E+00
  Arnona_Areal                           1.000 1.000   410.1          NaN  0.6283E-03  0.1631E-03  0.8626E-05  0.1833E-06  0.1118E-07  0.1191E-08  0.0000E+00  0.0000E+00  0.0000E+00  0.0000E+00  0.0000E+00  0.0000E+00  0.0000E+00  0.0000E+00
  Barak_Areal                            1.000 1.000   217.2          NaN  0.2902E-04  0.3787E-05  0.0000E+00  0.0000E+00  0.0000E+00  0.0000E+00  0.0000E+00  0.0000E+00  0.0000E+00  0.0000E+00  0.0000E+00  0.0000E+00  0.0000E+00  0.0000E+00
  Beit_Shean_Areal                       1.000 1.000    91.4          NaN  0.3428E-02  0.1437E-02  0.2015E-03  0.2155E-04  0.8795E-05  0.6040E-05  0.1567E-05  0.6973E-06  0.1443E-06  0.2761E-08  0.0000E+00  0.0000E+00  0.0000E+00  0.0000E+00
  Central_Israel_Areal                   1.000 1.000    34.6          NaN  0.1869E-02  0.7399E-03  0.9665E-04  0.1037E-04  0.4342E-05  0.3043E-05  0.8824E-06  0.4369E-06  0.1304E-06  0.2080E-07  0.4964E-09  0.0000E+00  0.0000E+00  0.0000E+00
  Cyprus_Areal                           1.000 1.000   234.2          NaN  0.9864E-02  0.3303E-02  0.3236E-03  0.2622E-04  0.9635E-05  0.6372E-05  0.1439E-05  0.5739E-06  0.8953E-07  0.1095E-08  0.0000E+00  0.0000E+00  0.0000E+00  0.0000E+00
  East_Sinai_Areal                       1.000 1.000   253.4          NaN  0.4714E-04  0.8465E-05  0.5119E-07  0.0000E+00  0.0000E+00  0.0000E+00  0.0000E+00  0.0000E+00  0.0000E+00  0.0000E+00  0.0000E+00  0.0000E+00  0.0000E+00  0.0000E+00
  Elat_Areal                             1.000 1.000   323.9          NaN  0.4842E-03  0.1428E-03  0.9858E-05  0.4372E-06  0.9637E-07  0.4502E-07  0.3447E-10  0.0000E+00  0.0000E+00  0.0000E+00  0.0000E+00  0.0000E+00  0.0000E+00  0.0000E+00
  Galil_Areal                            1.000 1.000    85.5          NaN  0.1050E-02  0.2975E-03  0.1824E-04  0.5141E-06  0.5589E-07  0.1574E-07  0.0000E+00  0.0000E+00  0.0000E+00  0.0000E+00  0.0000E+00  0.0000E+00  0.0000E+00  0.0000E+00
  Mediterranean_1_Areal                  1.000 1.000    89.8          NaN  0.5055E-02  0.1727E-02  0.1649E-03  0.1217E-04  0.4211E-05  0.2700E-05  0.5421E-06  0.2055E-06  0.3240E-07  0.6331E-09  0.0000E+00  0.0000E+00  0.0000E+00  0.0000E+00
  Mediterranean_2_Areal                  1.000 1.000    68.4          NaN  0.4585E-02  0.1744E-02  0.2203E-03  0.2318E-04  0.9620E-05  0.6717E-05  0.1923E-05  0.9439E-06  0.2770E-06  0.4055E-07  0.3016E-09  0.0000E+00  0.0000E+00  0.0000E+00
  Mediterranean_3_Areal                  1.000 1.000     0.8          NaN  0.2976E-01  0.1852E-01  0.6934E-02  0.2499E-02  0.1698E-02  0.1453E-02  0.8604E-03  0.6488E-03  0.4127E-03  0.2278E-03  0.9872E-04  0.4864E-04  0.1670E-04  0.5661E-05
  Milhan_Areal                           1.000 1.000   265.5          NaN  0.5820E-05  0.5494E-06  0.0000E+00  0.0000E+00  0.0000E+00  0.0000E+00  0.0000E+00  0.0000E+00  0.0000E+00  0.0000E+00  0.0000E+00  0.0000E+00  0.0000E+00  0.0000E+00
  Notrh_Jordan_Areal                     1.000 1.000   124.0          NaN  0.4117E-03  0.8315E-04  0.1976E-05  0.0000E+00  0.0000E+00  0.0000E+00  0.0000E+00  0.0000E+00  0.0000E+00  0.0000E+00  0.0000E+00  0.0000E+00  0.0000E+00  0.0000E+00
  Palmira_Areal                          1.000 1.000   197.6          NaN  0.1724E-03  0.3155E-04  0.3791E-06  0.0000E+00  0.0000E+00  0.0000E+00  0.0000E+00  0.0000E+00  0.0000E+00  0.0000E+00  0.0000E+00  0.0000E+00  0.0000E+00  0.0000E+00
  Paran_Areal                            1.000 1.000   222.5          NaN  0.7513E-04  0.1572E-04  0.3443E-06  0.0000E+00  0.0000E+00  0.0000E+00  0.0000E+00  0.0000E+00  0.0000E+00  0.0000E+00  0.0000E+00  0.0000E+00  0.0000E+00  0.0000E+00
  Suez_Areal                             1.000 1.000   278.0          NaN  0.1770E-02  0.4181E-03  0.1776E-04  0.1926E-06  0.6316E-08  0.4590E-09  0.0000E+00  0.0000E+00  0.0000E+00  0.0000E+00  0.0000E+00  0.0000E+00  0.0000E+00  0.0000E+00
  Thamad_Areal                           1.000 1.000   298.3          NaN  0.6175E-04  0.1016E-04  0.1825E-08  0.0000E+00  0.0000E+00  0.0000E+00  0.0000E+00  0.0000E+00  0.0000E+00  0.0000E+00  0.0000E+00  0.0000E+00  0.0000E+00  0.0000E+00
  W_Shiarn_Areal                         1.000 1.000   151.8          NaN  0.4608E-03  0.1030E-03  0.3380E-05  0.1038E-07  0.0000E+00  0.0000E+00  0.0000E+00  0.0000E+00  0.0000E+00  0.0000E+00  0.0000E+00  0.0000E+00  0.0000E+00  0.0000E+00
  Carmel_Linear                          1.000 1.000    74.8          NaN  0.2173E-02  0.1396E-02  0.5483E-03  0.1328E-03  0.7117E-04  0.5502E-04  0.2260E-04  0.1382E-04  0.6213E-05  0.1993E-05  0.1411E-06  0.0000E+00  0.0000E+00  0.0000E+00
  Roum_Linear                            1.000 1.000   145.8          NaN  0.7759E-03  0.4354E-03  0.1390E-03  0.2922E-04  0.1510E-04  0.1152E-04  0.4536E-05  0.2713E-05  0.1171E-05  0.3179E-06  0.6025E-08  0.0000E+00  0.0000E+00  0.0000E+00
  Serghaya_Linear                        1.000 1.000   138.5          NaN  0.1439E-02  0.8169E-03  0.2598E-03  0.5486E-04  0.2845E-04  0.2173E-04  0.8597E-05  0.5149E-05  0.2205E-05  0.6213E-06  0.2876E-07  0.0000E+00  0.0000E+00  0.0000E+00
  YHK_Linear                             1.000 1.000   118.3          NaN  0.3883E-02  0.2003E-02  0.6780E-03  0.1944E-03  0.1114E-03  0.8832E-04  0.3936E-04  0.2519E-04  0.1215E-04  0.4548E-05  0.9304E-06  0.1019E-06  0.0000E+00  0.0000E+00
  Wt_Total_Events/yr                     0.000 0.000     0.0          NaN  0.9764E-01  0.4981E-01  0.1404E-01  0.3813E-02  0.2362E-02  0.1957E-02  0.1055E-02  0.7647E-03  0.4617E-03  0.2414E-03  0.1000E-03  0.4874E-04  0.1670E-04  0.5661E-05
  Poisson_Prob:                          0.000 0.000     0.0          NaN  0.9303E-01  0.4859E-01  0.1394E-01  0.3805E-02  0.2360E-02  0.1955E-02  0.1055E-02  0.7644E-03  0.4615E-03  0.2414E-03  0.1000E-03  0.4874E-04  0.1670E-04  0.5661E-05
  M_bar                                  0.000 0.000     0.0         NaN   0.568E+01   0.580E+01   0.588E+01   0.571E+01   0.562E+01   0.559E+01   0.549E+01   0.545E+01   0.540E+01   0.536E+01   0.535E+01   0.538E+01   0.546E+01   0.554E+01
  D_bar                                  0.000 0.000     0.0         NaN   0.139E+03   0.117E+03   0.831E+02   0.571E+02   0.484E+02   0.452E+02   0.356E+02   0.313E+02   0.253E+02   0.187E+02   0.127E+02   0.105E+02   0.891E+01   0.782E+01
  Eps_bar                                0.000 0.000     0.0         NaN  -0.175E+00  -0.723E-01   0.274E+00   0.625E+00   0.717E+00   0.749E+00   0.844E+00   0.891E+00   0.960E+00   0.104E+01   0.119E+01   0.136E+01   0.163E+01   0.189E+01

------------------

