    5      Number of Magnitude Bins
     4.000     5.000     6.000     7.000     8.000
    7      Number of Distance Bins 
     0.707    20.000    50.000   100.000   200.000   300.000   587.679
    6      Number of Epsilon Bins  
    -7.119    -1.000     0.000     1.000     2.000    15.419
    7      Number of Xcos(T) Bins  
     0.000     0.100     0.200     0.300     0.350     0.400     2.000


-------------------------------------------------------------------------------------------------------------------

 SITE 1 COORDINATES:    34.635   31.069
    1  nProb
   15
 AMP:                                                NaN       0.010       0.015       0.030       0.054       0.065       0.070       0.089       0.100       0.120       0.150       0.200       0.250       0.340       0.450

------------------

  M_bar                                              NaN   0.584E+01   0.612E+01   0.650E+01   0.659E+01   0.656E+01   0.654E+01   0.644E+01   0.637E+01   0.624E+01   0.605E+01   0.576E+01   0.551E+01   0.532E+01   0.539E+01
  D_bar                                              NaN   0.146E+03   0.130E+03   0.105E+03   0.861E+02   0.797E+02   0.771E+02   0.682E+02   0.632E+02   0.550E+02   0.438E+02   0.291E+02   0.178E+02   0.838E+01   0.725E+01
  Eps_bar                                            NaN  -0.301E-01   0.514E-01   0.402E+00   0.911E+00   0.110E+01   0.116E+01   0.136E+01   0.144E+01   0.154E+01   0.161E+01   0.163E+01   0.160E+01   0.168E+01   0.196E+01
  XCosT_bar                                          NaN        -NaN        -NaN        -NaN        -NaN        -NaN        -NaN        -NaN        -NaN        -NaN        -NaN        -NaN        -NaN        -NaN        -NaN

------------------

 XCos(Theta) Bins
  0.0000  0.1000   0.000E+00   0.000E+00   0.000E+00   0.000E+00   0.000E+00   0.000E+00   0.000E+00   0.000E+00   0.000E+00   0.000E+00   0.000E+00   0.000E+00   0.000E+00   0.000E+00   0.000E+00
  0.1000  0.2000   0.000E+00   0.000E+00   0.000E+00   0.000E+00   0.000E+00   0.000E+00   0.000E+00   0.000E+00   0.000E+00   0.000E+00   0.000E+00   0.000E+00   0.000E+00   0.000E+00   0.000E+00
  0.2000  0.3000   0.000E+00   0.000E+00   0.000E+00   0.000E+00   0.000E+00   0.000E+00   0.000E+00   0.000E+00   0.000E+00   0.000E+00   0.000E+00   0.000E+00   0.000E+00   0.000E+00   0.000E+00
  0.3000  0.3500   0.000E+00   0.000E+00   0.000E+00   0.000E+00   0.000E+00   0.000E+00   0.000E+00   0.000E+00   0.000E+00   0.000E+00   0.000E+00   0.000E+00   0.000E+00   0.000E+00   0.000E+00
  0.3500  0.4000   0.000E+00   0.000E+00   0.000E+00   0.000E+00   0.000E+00   0.000E+00   0.000E+00   0.000E+00   0.000E+00   0.000E+00   0.000E+00   0.000E+00   0.000E+00   0.000E+00   0.000E+00
  0.4000  2.0000   0.000E+00   0.000E+00   0.000E+00   0.000E+00   0.000E+00   0.000E+00   0.000E+00   0.000E+00   0.000E+00   0.000E+00   0.000E+00   0.000E+00   0.000E+00   0.000E+00   0.000E+00

------------------


     Eps. Range     Mag. Range   Dist. Range

     -7.1   15.4    4.0    5.0    0.7   20.0   0.000E+00   0.150E-01   0.282E-01   0.655E-01   0.114E+00   0.135E+00   0.144E+00   0.176E+00   0.193E+00   0.219E+00   0.249E+00   0.278E+00   0.291E+00   0.264E+00   0.206E+00
     -7.1   15.4    4.0    5.0   20.0   50.0   0.000E+00   0.229E-01   0.266E-01   0.232E-01   0.153E-01   0.128E-01   0.119E-01   0.895E-02   0.743E-02   0.517E-02   0.272E-02   0.785E-03   0.499E-04   0.000E+00   0.000E+00
     -7.1   15.4    4.0    5.0   50.0  100.0   0.000E+00   0.123E+00   0.609E-01   0.932E-02   0.437E-03   0.124E-03   0.625E-04   0.000E+00   0.000E+00   0.000E+00   0.000E+00   0.000E+00   0.000E+00   0.000E+00   0.000E+00
     -7.1   15.4    4.0    5.0  100.0  200.0   0.000E+00   0.279E-01   0.841E-02   0.114E-03   0.000E+00   0.000E+00   0.000E+00   0.000E+00   0.000E+00   0.000E+00   0.000E+00   0.000E+00   0.000E+00   0.000E+00   0.000E+00
     -7.1   15.4    4.0    5.0  200.0  300.0   0.000E+00   0.541E-03   0.000E+00   0.000E+00   0.000E+00   0.000E+00   0.000E+00   0.000E+00   0.000E+00   0.000E+00   0.000E+00   0.000E+00   0.000E+00   0.000E+00   0.000E+00
     -7.1   15.4    4.0    5.0  300.0  587.7   0.000E+00   0.000E+00   0.000E+00   0.000E+00   0.000E+00   0.000E+00   0.000E+00   0.000E+00   0.000E+00   0.000E+00   0.000E+00   0.000E+00   0.000E+00   0.000E+00   0.000E+00
     -7.1   15.4    5.0    6.0    0.7   20.0   0.000E+00   0.165E-02   0.338E-02   0.123E-01   0.398E-01   0.589E-01   0.684E-01   0.108E+00   0.135E+00   0.185E+00   0.263E+00   0.392E+00   0.514E+00   0.647E+00   0.700E+00
     -7.1   15.4    5.0    6.0   20.0   50.0   0.000E+00   0.394E-02   0.672E-02   0.113E-01   0.147E-01   0.160E-01   0.166E-01   0.181E-01   0.186E-01   0.189E-01   0.185E-01   0.170E-01   0.150E-01   0.923E-02   0.246E-02
     -7.1   15.4    5.0    6.0   50.0  100.0   0.000E+00   0.178E+00   0.187E+00   0.108E+00   0.450E-01   0.305E-01   0.256E-01   0.118E-01   0.624E-02   0.129E-02   0.168E-03   0.688E-05   0.000E+00   0.000E+00   0.000E+00
     -7.1   15.4    5.0    6.0  100.0  200.0   0.000E+00   0.160E+00   0.110E+00   0.328E-01   0.609E-02   0.239E-02   0.148E-02   0.105E-03   0.151E-05   0.000E+00   0.000E+00   0.000E+00   0.000E+00   0.000E+00   0.000E+00
     -7.1   15.4    5.0    6.0  200.0  300.0   0.000E+00   0.450E-01   0.185E-01   0.122E-02   0.000E+00   0.000E+00   0.000E+00   0.000E+00   0.000E+00   0.000E+00   0.000E+00   0.000E+00   0.000E+00   0.000E+00   0.000E+00
     -7.1   15.4    5.0    6.0  300.0  587.7   0.000E+00   0.153E-01   0.402E-02   0.214E-06   0.000E+00   0.000E+00   0.000E+00   0.000E+00   0.000E+00   0.000E+00   0.000E+00   0.000E+00   0.000E+00   0.000E+00   0.000E+00
     -7.1   15.4    6.0    7.0    0.7   20.0   0.000E+00   0.528E-04   0.109E-03   0.412E-03   0.160E-02   0.263E-02   0.320E-02   0.590E-02   0.796E-02   0.123E-01   0.200E-01   0.346E-01   0.502E-01   0.721E-01   0.886E-01
     -7.1   15.4    6.0    7.0   20.0   50.0   0.000E+00   0.509E-04   0.103E-03   0.328E-03   0.806E-03   0.108E-02   0.120E-02   0.167E-02   0.194E-02   0.236E-02   0.284E-02   0.326E-02   0.339E-02   0.308E-02   0.226E-02
     -7.1   15.4    6.0    7.0   50.0  100.0   0.000E+00   0.400E-01   0.726E-01   0.133E+00   0.138E+00   0.130E+00   0.126E+00   0.111E+00   0.102E+00   0.854E-01   0.611E-01   0.195E-01   0.110E-04   0.000E+00   0.000E+00
     -7.1   15.4    6.0    7.0  100.0  200.0   0.000E+00   0.149E+00   0.210E+00   0.208E+00   0.133E+00   0.109E+00   0.996E-01   0.704E-01   0.558E-01   0.337E-01   0.938E-02   0.000E+00   0.000E+00   0.000E+00   0.000E+00
     -7.1   15.4    6.0    7.0  200.0  300.0   0.000E+00   0.539E-01   0.409E-01   0.137E-01   0.266E-02   0.988E-03   0.576E-03   0.304E-04   0.567E-07   0.000E+00   0.000E+00   0.000E+00   0.000E+00   0.000E+00   0.000E+00
     -7.1   15.4    6.0    7.0  300.0  587.7   0.000E+00   0.457E-01   0.251E-01   0.438E-02   0.168E-03   0.603E-05   0.000E+00   0.000E+00   0.000E+00   0.000E+00   0.000E+00   0.000E+00   0.000E+00   0.000E+00   0.000E+00
     -7.1   15.4    7.0    8.0    0.7   20.0   0.000E+00   0.000E+00   0.000E+00   0.000E+00   0.000E+00   0.000E+00   0.000E+00   0.000E+00   0.000E+00   0.000E+00   0.000E+00   0.000E+00   0.000E+00   0.000E+00   0.000E+00
     -7.1   15.4    7.0    8.0   20.0   50.0   0.000E+00   0.000E+00   0.000E+00   0.000E+00   0.000E+00   0.000E+00   0.000E+00   0.000E+00   0.000E+00   0.000E+00   0.000E+00   0.000E+00   0.000E+00   0.000E+00   0.000E+00
     -7.1   15.4    7.0    8.0   50.0  100.0   0.000E+00   0.310E-01   0.622E-01   0.180E+00   0.313E+00   0.342E+00   0.350E+00   0.360E+00   0.359E+00   0.346E+00   0.315E+00   0.245E+00   0.126E+00   0.449E-02   0.000E+00
     -7.1   15.4    7.0    8.0  100.0  200.0   0.000E+00   0.520E-01   0.940E-01   0.165E+00   0.159E+00   0.146E+00   0.140E+00   0.120E+00   0.109E+00   0.889E-01   0.574E-01   0.949E-02   0.258E-03   0.000E+00   0.000E+00
     -7.1   15.4    7.0    8.0  200.0  300.0   0.000E+00   0.169E-01   0.248E-01   0.241E-01   0.145E-01   0.116E-01   0.106E-01   0.710E-02   0.523E-02   0.243E-02   0.215E-03   0.000E+00   0.000E+00   0.000E+00   0.000E+00
     -7.1   15.4    7.0    8.0  300.0  587.7   0.000E+00   0.181E-01   0.167E-01   0.739E-02   0.226E-02   0.118E-02   0.846E-03   0.127E-03   0.147E-04   0.000E+00   0.000E+00   0.000E+00   0.000E+00   0.000E+00   0.000E+00

------------------


     Eps. Range     Mag. Range   Dist. Range

     -7.1   -1.0    4.0    5.0    0.7   20.0   0.000E+00   0.148E-01   0.204E-01   0.176E-01   0.100E-01   0.706E-02   0.565E-02   0.246E-02   0.140E-02   0.175E-03   0.000E+00   0.000E+00   0.000E+00   0.000E+00   0.000E+00
     -7.1   -1.0    4.0    5.0   20.0   50.0   0.000E+00   0.697E-02   0.236E-02   0.000E+00   0.000E+00   0.000E+00   0.000E+00   0.000E+00   0.000E+00   0.000E+00   0.000E+00   0.000E+00   0.000E+00   0.000E+00   0.000E+00
     -7.1   -1.0    4.0    5.0   50.0  100.0   0.000E+00   0.000E+00   0.000E+00   0.000E+00   0.000E+00   0.000E+00   0.000E+00   0.000E+00   0.000E+00   0.000E+00   0.000E+00   0.000E+00   0.000E+00   0.000E+00   0.000E+00
     -7.1   -1.0    4.0    5.0  100.0  200.0   0.000E+00   0.000E+00   0.000E+00   0.000E+00   0.000E+00   0.000E+00   0.000E+00   0.000E+00   0.000E+00   0.000E+00   0.000E+00   0.000E+00   0.000E+00   0.000E+00   0.000E+00
     -7.1   -1.0    4.0    5.0  200.0  300.0   0.000E+00   0.000E+00   0.000E+00   0.000E+00   0.000E+00   0.000E+00   0.000E+00   0.000E+00   0.000E+00   0.000E+00   0.000E+00   0.000E+00   0.000E+00   0.000E+00   0.000E+00
     -7.1   -1.0    4.0    5.0  300.0  587.7   0.000E+00   0.000E+00   0.000E+00   0.000E+00   0.000E+00   0.000E+00   0.000E+00   0.000E+00   0.000E+00   0.000E+00   0.000E+00   0.000E+00   0.000E+00   0.000E+00   0.000E+00
     -7.1   -1.0    5.0    6.0    0.7   20.0   0.000E+00   0.165E-02   0.338E-02   0.115E-01   0.172E-01   0.169E-01   0.167E-01   0.157E-01   0.147E-01   0.124E-01   0.695E-02   0.489E-03   0.000E+00   0.000E+00   0.000E+00
     -7.1   -1.0    5.0    6.0   20.0   50.0   0.000E+00   0.337E-02   0.259E-02   0.190E-02   0.000E+00   0.000E+00   0.000E+00   0.000E+00   0.000E+00   0.000E+00   0.000E+00   0.000E+00   0.000E+00   0.000E+00   0.000E+00
     -7.1   -1.0    5.0    6.0   50.0  100.0   0.000E+00   0.163E-01   0.205E-03   0.000E+00   0.000E+00   0.000E+00   0.000E+00   0.000E+00   0.000E+00   0.000E+00   0.000E+00   0.000E+00   0.000E+00   0.000E+00   0.000E+00
     -7.1   -1.0    5.0    6.0  100.0  200.0   0.000E+00   0.000E+00   0.000E+00   0.000E+00   0.000E+00   0.000E+00   0.000E+00   0.000E+00   0.000E+00   0.000E+00   0.000E+00   0.000E+00   0.000E+00   0.000E+00   0.000E+00
     -7.1   -1.0    5.0    6.0  200.0  300.0   0.000E+00   0.000E+00   0.000E+00   0.000E+00   0.000E+00   0.000E+00   0.000E+00   0.000E+00   0.000E+00   0.000E+00   0.000E+00   0.000E+00   0.000E+00   0.000E+00   0.000E+00
     -7.1   -1.0    5.0    6.0  300.0  587.7   0.000E+00   0.000E+00   0.000E+00   0.000E+00   0.000E+00   0.000E+00   0.000E+00   0.000E+00   0.000E+00   0.000E+00   0.000E+00   0.000E+00   0.000E+00   0.000E+00   0.000E+00
     -7.1   -1.0    6.0    7.0    0.7   20.0   0.000E+00   0.528E-04   0.109E-03   0.412E-03   0.160E-02   0.192E-02   0.193E-02   0.191E-02   0.186E-02   0.181E-02   0.151E-02   0.590E-03   0.000E+00   0.000E+00   0.000E+00
     -7.1   -1.0    6.0    7.0   20.0   50.0   0.000E+00   0.509E-04   0.103E-03   0.147E-03   0.149E-03   0.349E-05   0.000E+00   0.000E+00   0.000E+00   0.000E+00   0.000E+00   0.000E+00   0.000E+00   0.000E+00   0.000E+00
     -7.1   -1.0    6.0    7.0   50.0  100.0   0.000E+00   0.398E-01   0.429E-01   0.000E+00   0.000E+00   0.000E+00   0.000E+00   0.000E+00   0.000E+00   0.000E+00   0.000E+00   0.000E+00   0.000E+00   0.000E+00   0.000E+00
     -7.1   -1.0    6.0    7.0  100.0  200.0   0.000E+00   0.697E-01   0.137E-01   0.000E+00   0.000E+00   0.000E+00   0.000E+00   0.000E+00   0.000E+00   0.000E+00   0.000E+00   0.000E+00   0.000E+00   0.000E+00   0.000E+00
     -7.1   -1.0    6.0    7.0  200.0  300.0   0.000E+00   0.000E+00   0.000E+00   0.000E+00   0.000E+00   0.000E+00   0.000E+00   0.000E+00   0.000E+00   0.000E+00   0.000E+00   0.000E+00   0.000E+00   0.000E+00   0.000E+00
     -7.1   -1.0    6.0    7.0  300.0  587.7   0.000E+00   0.000E+00   0.000E+00   0.000E+00   0.000E+00   0.000E+00   0.000E+00   0.000E+00   0.000E+00   0.000E+00   0.000E+00   0.000E+00   0.000E+00   0.000E+00   0.000E+00
     -7.1   -1.0    7.0    8.0    0.7   20.0   0.000E+00   0.000E+00   0.000E+00   0.000E+00   0.000E+00   0.000E+00   0.000E+00   0.000E+00   0.000E+00   0.000E+00   0.000E+00   0.000E+00   0.000E+00   0.000E+00   0.000E+00
     -7.1   -1.0    7.0    8.0   20.0   50.0   0.000E+00   0.000E+00   0.000E+00   0.000E+00   0.000E+00   0.000E+00   0.000E+00   0.000E+00   0.000E+00   0.000E+00   0.000E+00   0.000E+00   0.000E+00   0.000E+00   0.000E+00
     -7.1   -1.0    7.0    8.0   50.0  100.0   0.000E+00   0.310E-01   0.622E-01   0.630E-02   0.000E+00   0.000E+00   0.000E+00   0.000E+00   0.000E+00   0.000E+00   0.000E+00   0.000E+00   0.000E+00   0.000E+00   0.000E+00
     -7.1   -1.0    7.0    8.0  100.0  200.0   0.000E+00   0.519E-01   0.568E-01   0.000E+00   0.000E+00   0.000E+00   0.000E+00   0.000E+00   0.000E+00   0.000E+00   0.000E+00   0.000E+00   0.000E+00   0.000E+00   0.000E+00
     -7.1   -1.0    7.0    8.0  200.0  300.0   0.000E+00   0.939E-02   0.000E+00   0.000E+00   0.000E+00   0.000E+00   0.000E+00   0.000E+00   0.000E+00   0.000E+00   0.000E+00   0.000E+00   0.000E+00   0.000E+00   0.000E+00
     -7.1   -1.0    7.0    8.0  300.0  587.7   0.000E+00   0.000E+00   0.000E+00   0.000E+00   0.000E+00   0.000E+00   0.000E+00   0.000E+00   0.000E+00   0.000E+00   0.000E+00   0.000E+00   0.000E+00   0.000E+00   0.000E+00
     -1.0    0.0    4.0    5.0    0.7   20.0   0.000E+00   0.276E-03   0.776E-02   0.298E-01   0.365E-01   0.365E-01   0.367E-01   0.346E-01   0.287E-01   0.224E-01   0.101E-01   0.713E-03   0.000E+00   0.000E+00   0.000E+00
     -1.0    0.0    4.0    5.0   20.0   50.0   0.000E+00   0.853E-02   0.126E-01   0.209E-02   0.000E+00   0.000E+00   0.000E+00   0.000E+00   0.000E+00   0.000E+00   0.000E+00   0.000E+00   0.000E+00   0.000E+00   0.000E+00
     -1.0    0.0    4.0    5.0   50.0  100.0   0.000E+00   0.204E-02   0.000E+00   0.000E+00   0.000E+00   0.000E+00   0.000E+00   0.000E+00   0.000E+00   0.000E+00   0.000E+00   0.000E+00   0.000E+00   0.000E+00   0.000E+00
     -1.0    0.0    4.0    5.0  100.0  200.0   0.000E+00   0.000E+00   0.000E+00   0.000E+00   0.000E+00   0.000E+00   0.000E+00   0.000E+00   0.000E+00   0.000E+00   0.000E+00   0.000E+00   0.000E+00   0.000E+00   0.000E+00
     -1.0    0.0    4.0    5.0  200.0  300.0   0.000E+00   0.000E+00   0.000E+00   0.000E+00   0.000E+00   0.000E+00   0.000E+00   0.000E+00   0.000E+00   0.000E+00   0.000E+00   0.000E+00   0.000E+00   0.000E+00   0.000E+00
     -1.0    0.0    4.0    5.0  300.0  587.7   0.000E+00   0.000E+00   0.000E+00   0.000E+00   0.000E+00   0.000E+00   0.000E+00   0.000E+00   0.000E+00   0.000E+00   0.000E+00   0.000E+00   0.000E+00   0.000E+00   0.000E+00
     -1.0    0.0    5.0    6.0    0.7   20.0   0.000E+00   0.000E+00   0.000E+00   0.747E-03   0.201E-01   0.319E-01   0.366E-01   0.483E-01   0.521E-01   0.574E-01   0.641E-01   0.587E-01   0.365E-01   0.184E-02   0.000E+00
     -1.0    0.0    5.0    6.0   20.0   50.0   0.000E+00   0.570E-03   0.401E-02   0.285E-02   0.459E-02   0.345E-02   0.247E-02   0.000E+00   0.000E+00   0.000E+00   0.000E+00   0.000E+00   0.000E+00   0.000E+00   0.000E+00
     -1.0    0.0    5.0    6.0   50.0  100.0   0.000E+00   0.103E+00   0.525E-01   0.753E-04   0.000E+00   0.000E+00   0.000E+00   0.000E+00   0.000E+00   0.000E+00   0.000E+00   0.000E+00   0.000E+00   0.000E+00   0.000E+00
     -1.0    0.0    5.0    6.0  100.0  200.0   0.000E+00   0.286E-01   0.257E-03   0.000E+00   0.000E+00   0.000E+00   0.000E+00   0.000E+00   0.000E+00   0.000E+00   0.000E+00   0.000E+00   0.000E+00   0.000E+00   0.000E+00
     -1.0    0.0    5.0    6.0  200.0  300.0   0.000E+00   0.000E+00   0.000E+00   0.000E+00   0.000E+00   0.000E+00   0.000E+00   0.000E+00   0.000E+00   0.000E+00   0.000E+00   0.000E+00   0.000E+00   0.000E+00   0.000E+00
     -1.0    0.0    5.0    6.0  300.0  587.7   0.000E+00   0.000E+00   0.000E+00   0.000E+00   0.000E+00   0.000E+00   0.000E+00   0.000E+00   0.000E+00   0.000E+00   0.000E+00   0.000E+00   0.000E+00   0.000E+00   0.000E+00
     -1.0    0.0    6.0    7.0    0.7   20.0   0.000E+00   0.000E+00   0.000E+00   0.000E+00   0.000E+00   0.711E-03   0.126E-02   0.398E-02   0.532E-02   0.653E-02   0.736E-02   0.833E-02   0.812E-02   0.284E-02   0.000E+00
     -1.0    0.0    6.0    7.0   20.0   50.0   0.000E+00   0.000E+00   0.000E+00   0.181E-03   0.334E-03   0.708E-03   0.828E-03   0.637E-03   0.178E-03   0.000E+00   0.000E+00   0.000E+00   0.000E+00   0.000E+00   0.000E+00
     -1.0    0.0    6.0    7.0   50.0  100.0   0.000E+00   0.205E-03   0.297E-01   0.677E-01   0.000E+00   0.000E+00   0.000E+00   0.000E+00   0.000E+00   0.000E+00   0.000E+00   0.000E+00   0.000E+00   0.000E+00   0.000E+00
     -1.0    0.0    6.0    7.0  100.0  200.0   0.000E+00   0.728E-01   0.137E+00   0.000E+00   0.000E+00   0.000E+00   0.000E+00   0.000E+00   0.000E+00   0.000E+00   0.000E+00   0.000E+00   0.000E+00   0.000E+00   0.000E+00
     -1.0    0.0    6.0    7.0  200.0  300.0   0.000E+00   0.130E-01   0.425E-04   0.000E+00   0.000E+00   0.000E+00   0.000E+00   0.000E+00   0.000E+00   0.000E+00   0.000E+00   0.000E+00   0.000E+00   0.000E+00   0.000E+00
     -1.0    0.0    6.0    7.0  300.0  587.7   0.000E+00   0.315E-03   0.000E+00   0.000E+00   0.000E+00   0.000E+00   0.000E+00   0.000E+00   0.000E+00   0.000E+00   0.000E+00   0.000E+00   0.000E+00   0.000E+00   0.000E+00
     -1.0    0.0    7.0    8.0    0.7   20.0   0.000E+00   0.000E+00   0.000E+00   0.000E+00   0.000E+00   0.000E+00   0.000E+00   0.000E+00   0.000E+00   0.000E+00   0.000E+00   0.000E+00   0.000E+00   0.000E+00   0.000E+00
     -1.0    0.0    7.0    8.0   20.0   50.0   0.000E+00   0.000E+00   0.000E+00   0.000E+00   0.000E+00   0.000E+00   0.000E+00   0.000E+00   0.000E+00   0.000E+00   0.000E+00   0.000E+00   0.000E+00   0.000E+00   0.000E+00
     -1.0    0.0    7.0    8.0   50.0  100.0   0.000E+00   0.000E+00   0.000E+00   0.174E+00   0.740E-02   0.000E+00   0.000E+00   0.000E+00   0.000E+00   0.000E+00   0.000E+00   0.000E+00   0.000E+00   0.000E+00   0.000E+00
     -1.0    0.0    7.0    8.0  100.0  200.0   0.000E+00   0.122E-03   0.372E-01   0.530E-01   0.000E+00   0.000E+00   0.000E+00   0.000E+00   0.000E+00   0.000E+00   0.000E+00   0.000E+00   0.000E+00   0.000E+00   0.000E+00
     -1.0    0.0    7.0    8.0  200.0  300.0   0.000E+00   0.755E-02   0.201E-01   0.000E+00   0.000E+00   0.000E+00   0.000E+00   0.000E+00   0.000E+00   0.000E+00   0.000E+00   0.000E+00   0.000E+00   0.000E+00   0.000E+00
     -1.0    0.0    7.0    8.0  300.0  587.7   0.000E+00   0.976E-02   0.523E-03   0.000E+00   0.000E+00   0.000E+00   0.000E+00   0.000E+00   0.000E+00   0.000E+00   0.000E+00   0.000E+00   0.000E+00   0.000E+00   0.000E+00
      0.0    1.0    4.0    5.0    0.7   20.0   0.000E+00   0.000E+00   0.000E+00   0.175E-01   0.487E-01   0.597E-01   0.632E-01   0.725E-01   0.803E-01   0.854E-01   0.865E-01   0.584E-01   0.301E-01   0.182E-02   0.000E+00
      0.0    1.0    4.0    5.0   20.0   50.0   0.000E+00   0.614E-02   0.801E-02   0.124E-01   0.221E-02   0.365E-03   0.000E+00   0.000E+00   0.000E+00   0.000E+00   0.000E+00   0.000E+00   0.000E+00   0.000E+00   0.000E+00
      0.0    1.0    4.0    5.0   50.0  100.0   0.000E+00   0.429E-01   0.352E-02   0.000E+00   0.000E+00   0.000E+00   0.000E+00   0.000E+00   0.000E+00   0.000E+00   0.000E+00   0.000E+00   0.000E+00   0.000E+00   0.000E+00
      0.0    1.0    4.0    5.0  100.0  200.0   0.000E+00   0.000E+00   0.000E+00   0.000E+00   0.000E+00   0.000E+00   0.000E+00   0.000E+00   0.000E+00   0.000E+00   0.000E+00   0.000E+00   0.000E+00   0.000E+00   0.000E+00
      0.0    1.0    4.0    5.0  200.0  300.0   0.000E+00   0.000E+00   0.000E+00   0.000E+00   0.000E+00   0.000E+00   0.000E+00   0.000E+00   0.000E+00   0.000E+00   0.000E+00   0.000E+00   0.000E+00   0.000E+00   0.000E+00
      0.0    1.0    4.0    5.0  300.0  587.7   0.000E+00   0.000E+00   0.000E+00   0.000E+00   0.000E+00   0.000E+00   0.000E+00   0.000E+00   0.000E+00   0.000E+00   0.000E+00   0.000E+00   0.000E+00   0.000E+00   0.000E+00
      0.0    1.0    5.0    6.0    0.7   20.0   0.000E+00   0.000E+00   0.000E+00   0.000E+00   0.251E-02   0.101E-01   0.152E-01   0.413E-01   0.603E-01   0.914E-01   0.127E+00   0.168E+00   0.199E+00   0.180E+00   0.750E-01
      0.0    1.0    5.0    6.0   20.0   50.0   0.000E+00   0.000E+00   0.119E-03   0.562E-02   0.479E-02   0.688E-02   0.806E-02   0.955E-02   0.827E-02   0.440E-02   0.000E+00   0.000E+00   0.000E+00   0.000E+00   0.000E+00
      0.0    1.0    5.0    6.0   50.0  100.0   0.000E+00   0.591E-01   0.109E+00   0.171E-01   0.291E-04   0.000E+00   0.000E+00   0.000E+00   0.000E+00   0.000E+00   0.000E+00   0.000E+00   0.000E+00   0.000E+00   0.000E+00
      0.0    1.0    5.0    6.0  100.0  200.0   0.000E+00   0.907E-01   0.446E-01   0.000E+00   0.000E+00   0.000E+00   0.000E+00   0.000E+00   0.000E+00   0.000E+00   0.000E+00   0.000E+00   0.000E+00   0.000E+00   0.000E+00
      0.0    1.0    5.0    6.0  200.0  300.0   0.000E+00   0.408E-02   0.000E+00   0.000E+00   0.000E+00   0.000E+00   0.000E+00   0.000E+00   0.000E+00   0.000E+00   0.000E+00   0.000E+00   0.000E+00   0.000E+00   0.000E+00
      0.0    1.0    5.0    6.0  300.0  587.7   0.000E+00   0.000E+00   0.000E+00   0.000E+00   0.000E+00   0.000E+00   0.000E+00   0.000E+00   0.000E+00   0.000E+00   0.000E+00   0.000E+00   0.000E+00   0.000E+00   0.000E+00
      0.0    1.0    6.0    7.0    0.7   20.0   0.000E+00   0.000E+00   0.000E+00   0.000E+00   0.000E+00   0.000E+00   0.000E+00   0.000E+00   0.783E-03   0.394E-02   0.111E-01   0.187E-01   0.231E-01   0.273E-01   0.213E-01
      0.0    1.0    6.0    7.0   20.0   50.0   0.000E+00   0.000E+00   0.000E+00   0.000E+00   0.323E-03   0.291E-03   0.223E-03   0.677E-03   0.138E-02   0.199E-02   0.135E-02   0.000E+00   0.000E+00   0.000E+00   0.000E+00
      0.0    1.0    6.0    7.0   50.0  100.0   0.000E+00   0.000E+00   0.000E+00   0.646E-01   0.694E-01   0.449E-04   0.188E-04   0.000E+00   0.000E+00   0.000E+00   0.000E+00   0.000E+00   0.000E+00   0.000E+00   0.000E+00
      0.0    1.0    6.0    7.0  100.0  200.0   0.000E+00   0.673E-02   0.572E-01   0.139E+00   0.000E+00   0.000E+00   0.000E+00   0.000E+00   0.000E+00   0.000E+00   0.000E+00   0.000E+00   0.000E+00   0.000E+00   0.000E+00
      0.0    1.0    6.0    7.0  200.0  300.0   0.000E+00   0.368E-01   0.202E-01   0.000E+00   0.000E+00   0.000E+00   0.000E+00   0.000E+00   0.000E+00   0.000E+00   0.000E+00   0.000E+00   0.000E+00   0.000E+00   0.000E+00
      0.0    1.0    6.0    7.0  300.0  587.7   0.000E+00   0.211E-01   0.188E-02   0.000E+00   0.000E+00   0.000E+00   0.000E+00   0.000E+00   0.000E+00   0.000E+00   0.000E+00   0.000E+00   0.000E+00   0.000E+00   0.000E+00
      0.0    1.0    7.0    8.0    0.7   20.0   0.000E+00   0.000E+00   0.000E+00   0.000E+00   0.000E+00   0.000E+00   0.000E+00   0.000E+00   0.000E+00   0.000E+00   0.000E+00   0.000E+00   0.000E+00   0.000E+00   0.000E+00
      0.0    1.0    7.0    8.0   20.0   50.0   0.000E+00   0.000E+00   0.000E+00   0.000E+00   0.000E+00   0.000E+00   0.000E+00   0.000E+00   0.000E+00   0.000E+00   0.000E+00   0.000E+00   0.000E+00   0.000E+00   0.000E+00
      0.0    1.0    7.0    8.0   50.0  100.0   0.000E+00   0.000E+00   0.000E+00   0.000E+00   0.306E+00   0.278E+00   0.222E+00   0.157E-01   0.000E+00   0.000E+00   0.000E+00   0.000E+00   0.000E+00   0.000E+00   0.000E+00
      0.0    1.0    7.0    8.0  100.0  200.0   0.000E+00   0.000E+00   0.000E+00   0.111E+00   0.327E-01   0.293E-02   0.000E+00   0.000E+00   0.000E+00   0.000E+00   0.000E+00   0.000E+00   0.000E+00   0.000E+00   0.000E+00
      0.0    1.0    7.0    8.0  200.0  300.0   0.000E+00   0.000E+00   0.468E-02   0.153E-01   0.000E+00   0.000E+00   0.000E+00   0.000E+00   0.000E+00   0.000E+00   0.000E+00   0.000E+00   0.000E+00   0.000E+00   0.000E+00
      0.0    1.0    7.0    8.0  300.0  587.7   0.000E+00   0.836E-02   0.125E-01   0.000E+00   0.000E+00   0.000E+00   0.000E+00   0.000E+00   0.000E+00   0.000E+00   0.000E+00   0.000E+00   0.000E+00   0.000E+00   0.000E+00
      1.0    2.0    4.0    5.0    0.7   20.0   0.000E+00   0.000E+00   0.000E+00   0.587E-03   0.177E-01   0.286E-01   0.339E-01   0.545E-01   0.650E-01   0.819E-01   0.103E+00   0.134E+00   0.142E+00   0.965E-01   0.331E-01
      1.0    2.0    4.0    5.0   20.0   50.0   0.000E+00   0.130E-02   0.342E-02   0.722E-02   0.896E-02   0.662E-02   0.528E-02   0.227E-02   0.113E-02   0.000E+00   0.000E+00   0.000E+00   0.000E+00   0.000E+00   0.000E+00
      1.0    2.0    4.0    5.0   50.0  100.0   0.000E+00   0.590E-01   0.349E-01   0.687E-03   0.000E+00   0.000E+00   0.000E+00   0.000E+00   0.000E+00   0.000E+00   0.000E+00   0.000E+00   0.000E+00   0.000E+00   0.000E+00
      1.0    2.0    4.0    5.0  100.0  200.0   0.000E+00   0.127E-01   0.297E-03   0.000E+00   0.000E+00   0.000E+00   0.000E+00   0.000E+00   0.000E+00   0.000E+00   0.000E+00   0.000E+00   0.000E+00   0.000E+00   0.000E+00
      1.0    2.0    4.0    5.0  200.0  300.0   0.000E+00   0.000E+00   0.000E+00   0.000E+00   0.000E+00   0.000E+00   0.000E+00   0.000E+00   0.000E+00   0.000E+00   0.000E+00   0.000E+00   0.000E+00   0.000E+00   0.000E+00
      1.0    2.0    4.0    5.0  300.0  587.7   0.000E+00   0.000E+00   0.000E+00   0.000E+00   0.000E+00   0.000E+00   0.000E+00   0.000E+00   0.000E+00   0.000E+00   0.000E+00   0.000E+00   0.000E+00   0.000E+00   0.000E+00
      1.0    2.0    5.0    6.0    0.7   20.0   0.000E+00   0.000E+00   0.000E+00   0.000E+00   0.000E+00   0.000E+00   0.000E+00   0.293E-02   0.781E-02   0.236E-01   0.627E-01   0.143E+00   0.214E+00   0.298E+00   0.351E+00
      1.0    2.0    5.0    6.0   20.0   50.0   0.000E+00   0.000E+00   0.000E+00   0.908E-03   0.458E-02   0.405E-02   0.398E-02   0.526E-02   0.689E-02   0.109E-01   0.131E-01   0.646E-02   0.504E-04   0.000E+00   0.000E+00
      1.0    2.0    5.0    6.0   50.0  100.0   0.000E+00   0.000E+00   0.246E-01   0.732E-01   0.578E-02   0.613E-03   0.413E-03   0.401E-04   0.000E+00   0.000E+00   0.000E+00   0.000E+00   0.000E+00   0.000E+00   0.000E+00
      1.0    2.0    5.0    6.0  100.0  200.0   0.000E+00   0.377E-01   0.546E-01   0.114E-01   0.000E+00   0.000E+00   0.000E+00   0.000E+00   0.000E+00   0.000E+00   0.000E+00   0.000E+00   0.000E+00   0.000E+00   0.000E+00
      1.0    2.0    5.0    6.0  200.0  300.0   0.000E+00   0.304E-01   0.552E-02   0.000E+00   0.000E+00   0.000E+00   0.000E+00   0.000E+00   0.000E+00   0.000E+00   0.000E+00   0.000E+00   0.000E+00   0.000E+00   0.000E+00
      1.0    2.0    5.0    6.0  300.0  587.7   0.000E+00   0.456E-02   0.000E+00   0.000E+00   0.000E+00   0.000E+00   0.000E+00   0.000E+00   0.000E+00   0.000E+00   0.000E+00   0.000E+00   0.000E+00   0.000E+00   0.000E+00
      1.0    2.0    6.0    7.0    0.7   20.0   0.000E+00   0.000E+00   0.000E+00   0.000E+00   0.000E+00   0.000E+00   0.000E+00   0.000E+00   0.000E+00   0.000E+00   0.000E+00   0.692E-02   0.189E-01   0.335E-01   0.425E-01
      1.0    2.0    6.0    7.0   20.0   50.0   0.000E+00   0.000E+00   0.000E+00   0.000E+00   0.000E+00   0.753E-04   0.151E-03   0.360E-03   0.384E-03   0.224E-03   0.118E-02   0.300E-02   0.214E-02   0.000E+00   0.000E+00
      1.0    2.0    6.0    7.0   50.0  100.0   0.000E+00   0.000E+00   0.000E+00   0.108E-02   0.673E-01   0.118E+00   0.109E+00   0.681E-01   0.181E-01   0.143E-04   0.000E+00   0.000E+00   0.000E+00   0.000E+00   0.000E+00
      1.0    2.0    6.0    7.0  100.0  200.0   0.000E+00   0.000E+00   0.192E-02   0.661E-01   0.957E-01   0.467E-01   0.281E-01   0.000E+00   0.000E+00   0.000E+00   0.000E+00   0.000E+00   0.000E+00   0.000E+00   0.000E+00
      1.0    2.0    6.0    7.0  200.0  300.0   0.000E+00   0.415E-02   0.202E-01   0.502E-02   0.000E+00   0.000E+00   0.000E+00   0.000E+00   0.000E+00   0.000E+00   0.000E+00   0.000E+00   0.000E+00   0.000E+00   0.000E+00
      1.0    2.0    6.0    7.0  300.0  587.7   0.000E+00   0.225E-01   0.161E-01   0.000E+00   0.000E+00   0.000E+00   0.000E+00   0.000E+00   0.000E+00   0.000E+00   0.000E+00   0.000E+00   0.000E+00   0.000E+00   0.000E+00
      1.0    2.0    7.0    8.0    0.7   20.0   0.000E+00   0.000E+00   0.000E+00   0.000E+00   0.000E+00   0.000E+00   0.000E+00   0.000E+00   0.000E+00   0.000E+00   0.000E+00   0.000E+00   0.000E+00   0.000E+00   0.000E+00
      1.0    2.0    7.0    8.0   20.0   50.0   0.000E+00   0.000E+00   0.000E+00   0.000E+00   0.000E+00   0.000E+00   0.000E+00   0.000E+00   0.000E+00   0.000E+00   0.000E+00   0.000E+00   0.000E+00   0.000E+00   0.000E+00
      1.0    2.0    7.0    8.0   50.0  100.0   0.000E+00   0.000E+00   0.000E+00   0.000E+00   0.000E+00   0.636E-01   0.128E+00   0.345E+00   0.354E+00   0.202E+00   0.175E-01   0.000E+00   0.000E+00   0.000E+00   0.000E+00
      1.0    2.0    7.0    8.0  100.0  200.0   0.000E+00   0.000E+00   0.000E+00   0.378E-03   0.123E+00   0.129E+00   0.117E+00   0.420E-01   0.887E-02   0.000E+00   0.000E+00   0.000E+00   0.000E+00   0.000E+00   0.000E+00
      1.0    2.0    7.0    8.0  200.0  300.0   0.000E+00   0.000E+00   0.000E+00   0.878E-02   0.942E-02   0.222E-02   0.188E-03   0.000E+00   0.000E+00   0.000E+00   0.000E+00   0.000E+00   0.000E+00   0.000E+00   0.000E+00
      1.0    2.0    7.0    8.0  300.0  587.7   0.000E+00   0.000E+00   0.363E-02   0.496E-02   0.000E+00   0.000E+00   0.000E+00   0.000E+00   0.000E+00   0.000E+00   0.000E+00   0.000E+00   0.000E+00   0.000E+00   0.000E+00
      2.0   15.4    4.0    5.0    0.7   20.0   0.000E+00   0.000E+00   0.000E+00   0.000E+00   0.718E-03   0.301E-02   0.446E-02   0.115E-01   0.172E-01   0.291E-01   0.499E-01   0.853E-01   0.118E+00   0.166E+00   0.173E+00
      2.0   15.4    4.0    5.0   20.0   50.0   0.000E+00   0.000E+00   0.225E-03   0.153E-02   0.416E-02   0.585E-02   0.662E-02   0.667E-02   0.630E-02   0.517E-02   0.272E-02   0.785E-03   0.499E-04   0.000E+00   0.000E+00
      2.0   15.4    4.0    5.0   50.0  100.0   0.000E+00   0.187E-01   0.224E-01   0.864E-02   0.437E-03   0.124E-03   0.625E-04   0.000E+00   0.000E+00   0.000E+00   0.000E+00   0.000E+00   0.000E+00   0.000E+00   0.000E+00
      2.0   15.4    4.0    5.0  100.0  200.0   0.000E+00   0.152E-01   0.811E-02   0.114E-03   0.000E+00   0.000E+00   0.000E+00   0.000E+00   0.000E+00   0.000E+00   0.000E+00   0.000E+00   0.000E+00   0.000E+00   0.000E+00
      2.0   15.4    4.0    5.0  200.0  300.0   0.000E+00   0.541E-03   0.000E+00   0.000E+00   0.000E+00   0.000E+00   0.000E+00   0.000E+00   0.000E+00   0.000E+00   0.000E+00   0.000E+00   0.000E+00   0.000E+00   0.000E+00
      2.0   15.4    4.0    5.0  300.0  587.7   0.000E+00   0.000E+00   0.000E+00   0.000E+00   0.000E+00   0.000E+00   0.000E+00   0.000E+00   0.000E+00   0.000E+00   0.000E+00   0.000E+00   0.000E+00   0.000E+00   0.000E+00
      2.0   15.4    5.0    6.0    0.7   20.0   0.000E+00   0.000E+00   0.000E+00   0.000E+00   0.000E+00   0.000E+00   0.000E+00   0.000E+00   0.000E+00   0.000E+00   0.291E-02   0.221E-01   0.646E-01   0.167E+00   0.274E+00
      2.0   15.4    5.0    6.0   20.0   50.0   0.000E+00   0.000E+00   0.000E+00   0.000E+00   0.720E-03   0.166E-02   0.205E-02   0.324E-02   0.340E-02   0.360E-02   0.540E-02   0.106E-01   0.150E-01   0.923E-02   0.246E-02
      2.0   15.4    5.0    6.0   50.0  100.0   0.000E+00   0.000E+00   0.000E+00   0.172E-01   0.392E-01   0.299E-01   0.252E-01   0.117E-01   0.624E-02   0.129E-02   0.168E-03   0.688E-05   0.000E+00   0.000E+00   0.000E+00
      2.0   15.4    5.0    6.0  100.0  200.0   0.000E+00   0.254E-02   0.107E-01   0.214E-01   0.609E-02   0.239E-02   0.148E-02   0.105E-03   0.151E-05   0.000E+00   0.000E+00   0.000E+00   0.000E+00   0.000E+00   0.000E+00
      2.0   15.4    5.0    6.0  200.0  300.0   0.000E+00   0.105E-01   0.130E-01   0.122E-02   0.000E+00   0.000E+00   0.000E+00   0.000E+00   0.000E+00   0.000E+00   0.000E+00   0.000E+00   0.000E+00   0.000E+00   0.000E+00
      2.0   15.4    5.0    6.0  300.0  587.7   0.000E+00   0.108E-01   0.402E-02   0.214E-06   0.000E+00   0.000E+00   0.000E+00   0.000E+00   0.000E+00   0.000E+00   0.000E+00   0.000E+00   0.000E+00   0.000E+00   0.000E+00
      2.0   15.4    6.0    7.0    0.7   20.0   0.000E+00   0.000E+00   0.000E+00   0.000E+00   0.000E+00   0.000E+00   0.000E+00   0.000E+00   0.000E+00   0.000E+00   0.000E+00   0.000E+00   0.000E+00   0.854E-02   0.248E-01
      2.0   15.4    6.0    7.0   20.0   50.0   0.000E+00   0.000E+00   0.000E+00   0.000E+00   0.000E+00   0.000E+00   0.000E+00   0.000E+00   0.000E+00   0.150E-03   0.309E-03   0.265E-03   0.126E-02   0.308E-02   0.226E-02
      2.0   15.4    6.0    7.0   50.0  100.0   0.000E+00   0.000E+00   0.000E+00   0.000E+00   0.169E-02   0.124E-01   0.176E-01   0.433E-01   0.841E-01   0.854E-01   0.611E-01   0.195E-01   0.110E-04   0.000E+00   0.000E+00
      2.0   15.4    6.0    7.0  100.0  200.0   0.000E+00   0.000E+00   0.000E+00   0.271E-02   0.375E-01   0.621E-01   0.715E-01   0.704E-01   0.558E-01   0.337E-01   0.938E-02   0.000E+00   0.000E+00   0.000E+00   0.000E+00
      2.0   15.4    6.0    7.0  200.0  300.0   0.000E+00   0.000E+00   0.357E-03   0.870E-02   0.266E-02   0.988E-03   0.576E-03   0.304E-04   0.567E-07   0.000E+00   0.000E+00   0.000E+00   0.000E+00   0.000E+00   0.000E+00
      2.0   15.4    6.0    7.0  300.0  587.7   0.000E+00   0.171E-02   0.711E-02   0.438E-02   0.168E-03   0.603E-05   0.000E+00   0.000E+00   0.000E+00   0.000E+00   0.000E+00   0.000E+00   0.000E+00   0.000E+00   0.000E+00
      2.0   15.4    7.0    8.0    0.7   20.0   0.000E+00   0.000E+00   0.000E+00   0.000E+00   0.000E+00   0.000E+00   0.000E+00   0.000E+00   0.000E+00   0.000E+00   0.000E+00   0.000E+00   0.000E+00   0.000E+00   0.000E+00
      2.0   15.4    7.0    8.0   20.0   50.0   0.000E+00   0.000E+00   0.000E+00   0.000E+00   0.000E+00   0.000E+00   0.000E+00   0.000E+00   0.000E+00   0.000E+00   0.000E+00   0.000E+00   0.000E+00   0.000E+00   0.000E+00
      2.0   15.4    7.0    8.0   50.0  100.0   0.000E+00   0.000E+00   0.000E+00   0.000E+00   0.000E+00   0.000E+00   0.000E+00   0.000E+00   0.422E-02   0.144E+00   0.297E+00   0.245E+00   0.126E+00   0.449E-02   0.000E+00
      2.0   15.4    7.0    8.0  100.0  200.0   0.000E+00   0.000E+00   0.000E+00   0.000E+00   0.299E-02   0.142E-01   0.231E-01   0.783E-01   0.998E-01   0.889E-01   0.574E-01   0.949E-02   0.258E-03   0.000E+00   0.000E+00
      2.0   15.4    7.0    8.0  200.0  300.0   0.000E+00   0.000E+00   0.000E+00   0.000E+00   0.511E-02   0.940E-02   0.104E-01   0.710E-02   0.523E-02   0.243E-02   0.215E-03   0.000E+00   0.000E+00   0.000E+00   0.000E+00
      2.0   15.4    7.0    8.0  300.0  587.7   0.000E+00   0.000E+00   0.000E+00   0.242E-02   0.226E-02   0.118E-02   0.846E-03   0.127E-03   0.147E-04   0.000E+00   0.000E+00   0.000E+00   0.000E+00   0.000E+00   0.000E+00

-------------------------------------                                                                     --------------------------------------

