      33       0          Number of faults, fault cases
Fault Name                       nFlt System Number Rupture Dist   BJF Dist  Campbell Dist nWidth nMaxmag Max Mag  Wts.  Fault Type   HWFlag    Vs


-------------------------------------------------------------------------------------------------------------------

 SITE 1 COORDINATES:    34.635   31.069
    1  nAtten
  Attenuation:     1      0.0100
   15  nAmp
 AMP:                                     pSeg al_Wt  MinDis         NaN    0.010000    0.015000    0.030000    0.053600    0.065000    0.070000    0.088700    0.100000    0.120000    0.150000    0.200000    0.250000    0.340000    0.450000
  Kamag_Areal                            1.000 1.000    37.4          NaN  0.6012E-03  0.2981E-03  0.6524E-04  0.1178E-04  0.5978E-05  0.4536E-05  0.1765E-05  0.1053E-05  0.4513E-06  0.1384E-06  0.1953E-07  0.2373E-08  0.2889E-10  0.0000E+00
  Shivta_Areal                           1.000 1.000     0.5          NaN  0.1923E-02  0.1708E-02  0.1020E-02  0.4678E-03  0.3369E-03  0.2941E-03  0.1839E-03  0.1418E-03  0.9267E-04  0.5239E-04  0.2309E-04  0.1143E-04  0.3907E-05  0.1303E-05
  Kinarot_Linear                         1.000 1.000   168.4          NaN  0.4960E-02  0.2786E-02  0.5541E-03  0.7162E-04  0.3162E-04  0.2247E-04  0.6402E-05  0.2869E-05  0.5965E-06  0.2535E-07  0.0000E+00  0.0000E+00  0.0000E+00  0.0000E+00
  Jericho_Vally_Linear                   1.000 1.000   113.9          NaN  0.6344E-02  0.3754E-02  0.1182E-02  0.2406E-03  0.1235E-03  0.9393E-04  0.3673E-04  0.2188E-04  0.9166E-05  0.2402E-05  0.1264E-06  0.1258E-08  0.0000E+00  0.0000E+00
  Dead_Sea_East_Linear                   1.000 1.000    80.5          NaN  0.1171E-01  0.6310E-02  0.2136E-02  0.6206E-03  0.3610E-03  0.2878E-03  0.1305E-03  0.8428E-04  0.4133E-04  0.1588E-04  0.3603E-05  0.6480E-06  0.6272E-08  0.0000E+00
  North_Arava_Linear                     1.000 1.000    78.3          NaN  0.1411E-01  0.7427E-02  0.2406E-02  0.7116E-03  0.4198E-03  0.3364E-03  0.1551E-03  0.1009E-03  0.5012E-04  0.1963E-04  0.4813E-05  0.1006E-05  0.1133E-07  0.0000E+00
  Central_Arava_Linear                   1.000 1.000   106.1          NaN  0.7621E-02  0.4565E-02  0.1480E-02  0.3076E-03  0.1586E-03  0.1209E-03  0.4752E-04  0.2845E-04  0.1208E-04  0.3236E-05  0.1755E-06  0.2117E-08  0.0000E+00  0.0000E+00
  Avrona_Linear                          1.000 1.000   137.2          NaN  0.5662E-02  0.3389E-02  0.8661E-03  0.1368E-03  0.6483E-04  0.4780E-04  0.1656E-04  0.8915E-05  0.2780E-05  0.3235E-06  0.0000E+00  0.0000E+00  0.0000E+00  0.0000E+00
  Zin_Active                             1.000 1.000    28.3          NaN  0.5763E-03  0.4182E-03  0.1197E-03  0.1980E-04  0.9489E-05  0.7019E-05  0.2443E-05  0.1325E-05  0.4380E-06  0.6796E-07  0.1359E-08  0.0000E+00  0.0000E+00  0.0000E+00
  Aragonese_Areal                        1.000 1.000   216.3          NaN  0.1345E-02  0.4610E-03  0.4378E-04  0.3248E-05  0.1102E-05  0.6914E-06  0.1125E-06  0.3023E-07  0.4262E-09  0.0000E+00  0.0000E+00  0.0000E+00  0.0000E+00  0.0000E+00
  Arif_Areal                             1.000 1.000    68.5          NaN  0.3058E-02  0.1114E-02  0.1096E-03  0.8021E-05  0.2662E-05  0.1613E-05  0.1725E-06  0.1206E-07  0.0000E+00  0.0000E+00  0.0000E+00  0.0000E+00  0.0000E+00  0.0000E+00
  Arnona_Areal                           1.000 1.000   260.4          NaN  0.2003E-02  0.6253E-03  0.4865E-04  0.2718E-05  0.7507E-06  0.4171E-06  0.2843E-07  0.2014E-08  0.0000E+00  0.0000E+00  0.0000E+00  0.0000E+00  0.0000E+00  0.0000E+00
  Barak_Areal                            1.000 1.000    74.0          NaN  0.1893E-02  0.6015E-03  0.4635E-04  0.2356E-05  0.5551E-06  0.2757E-06  0.5786E-08  0.0000E+00  0.0000E+00  0.0000E+00  0.0000E+00  0.0000E+00  0.0000E+00  0.0000E+00
  Beit_Shean_Areal                       1.000 1.000   117.9          NaN  0.1336E-02  0.4793E-03  0.4718E-04  0.3373E-05  0.1100E-05  0.6755E-06  0.9661E-07  0.2419E-07  0.4097E-09  0.0000E+00  0.0000E+00  0.0000E+00  0.0000E+00  0.0000E+00
  Central_Israel_Areal                   1.000 1.000    36.9          NaN  0.3347E-02  0.1398E-02  0.1953E-03  0.2171E-04  0.9172E-05  0.6444E-05  0.1872E-05  0.9218E-06  0.2695E-06  0.3995E-07  0.4597E-09  0.0000E+00  0.0000E+00  0.0000E+00
  Cyprus_Areal                           1.000 1.000   385.4          NaN  0.3399E-02  0.1011E-02  0.7642E-04  0.4343E-05  0.1287E-05  0.7442E-06  0.6441E-07  0.5829E-08  0.0000E+00  0.0000E+00  0.0000E+00  0.0000E+00  0.0000E+00  0.0000E+00
  East_Sinai_Areal                       1.000 1.000   107.4          NaN  0.8090E-03  0.2607E-03  0.2019E-04  0.9527E-06  0.1879E-06  0.8226E-07  0.5057E-09  0.0000E+00  0.0000E+00  0.0000E+00  0.0000E+00  0.0000E+00  0.0000E+00  0.0000E+00
  Elat_Areal                             1.000 1.000   172.8          NaN  0.2275E-02  0.8373E-03  0.9400E-04  0.8351E-05  0.3195E-05  0.2136E-05  0.4848E-06  0.1924E-06  0.2859E-07  0.3811E-10  0.0000E+00  0.0000E+00  0.0000E+00  0.0000E+00
  Galil_Areal                            1.000 1.000   179.3          NaN  0.5522E-04  0.8719E-05  0.1498E-07  0.0000E+00  0.0000E+00  0.0000E+00  0.0000E+00  0.0000E+00  0.0000E+00  0.0000E+00  0.0000E+00  0.0000E+00  0.0000E+00  0.0000E+00
  Mediterranean_1_Areal                  1.000 1.000   213.8          NaN  0.6423E-03  0.1418E-03  0.4542E-05  0.1833E-07  0.1081E-09  0.0000E+00  0.0000E+00  0.0000E+00  0.0000E+00  0.0000E+00  0.0000E+00  0.0000E+00  0.0000E+00  0.0000E+00
  Mediterranean_2_Areal                  1.000 1.000   189.5          NaN  0.4581E-03  0.1070E-03  0.4132E-05  0.4894E-07  0.3336E-08  0.5238E-09  0.0000E+00  0.0000E+00  0.0000E+00  0.0000E+00  0.0000E+00  0.0000E+00  0.0000E+00  0.0000E+00
  Mediterranean_3_Areal                  1.000 1.000   112.3          NaN  0.1392E-02  0.4245E-03  0.3176E-04  0.1669E-05  0.4748E-06  0.2757E-06  0.3347E-07  0.7873E-08  0.2030E-09  0.0000E+00  0.0000E+00  0.0000E+00  0.0000E+00  0.0000E+00
  Milhan_Areal                           1.000 1.000   114.8          NaN  0.2744E-03  0.6843E-04  0.3115E-05  0.8667E-08  0.0000E+00  0.0000E+00  0.0000E+00  0.0000E+00  0.0000E+00  0.0000E+00  0.0000E+00  0.0000E+00  0.0000E+00  0.0000E+00
  Notrh_Jordan_Areal                     1.000 1.000    86.0          NaN  0.1018E-02  0.2546E-03  0.1228E-04  0.2606E-06  0.2997E-07  0.8749E-08  0.0000E+00  0.0000E+00  0.0000E+00  0.0000E+00  0.0000E+00  0.0000E+00  0.0000E+00  0.0000E+00
  Palmira_Areal                          1.000 1.000   298.2          NaN  0.4109E-04  0.4973E-05  0.1802E-10  0.0000E+00  0.0000E+00  0.0000E+00  0.0000E+00  0.0000E+00  0.0000E+00  0.0000E+00  0.0000E+00  0.0000E+00  0.0000E+00  0.0000E+00
  Paran_Areal                            1.000 1.000    74.6          NaN  0.1871E-02  0.7583E-03  0.9668E-04  0.9303E-05  0.3632E-05  0.2443E-05  0.5257E-06  0.1800E-06  0.1407E-07  0.0000E+00  0.0000E+00  0.0000E+00  0.0000E+00  0.0000E+00
  Suez_Areal                             1.000 1.000   217.3          NaN  0.4912E-02  0.1362E-02  0.8248E-04  0.2966E-05  0.5250E-06  0.2170E-06  0.9386E-09  0.0000E+00  0.0000E+00  0.0000E+00  0.0000E+00  0.0000E+00  0.0000E+00  0.0000E+00
  Thamad_Areal                           1.000 1.000   149.8          NaN  0.8413E-03  0.2343E-03  0.1345E-04  0.1955E-06  0.2561E-10  0.0000E+00  0.0000E+00  0.0000E+00  0.0000E+00  0.0000E+00  0.0000E+00  0.0000E+00  0.0000E+00  0.0000E+00
  W_Shiarn_Areal                         1.000 1.000   221.6          NaN  0.2336E-03  0.4316E-04  0.4316E-06  0.0000E+00  0.0000E+00  0.0000E+00  0.0000E+00  0.0000E+00  0.0000E+00  0.0000E+00  0.0000E+00  0.0000E+00  0.0000E+00  0.0000E+00
  Carmel_Linear                          1.000 1.000   165.8          NaN  0.7696E-03  0.3975E-03  0.5821E-04  0.5731E-05  0.2177E-05  0.1389E-05  0.1641E-06  0.1239E-07  0.0000E+00  0.0000E+00  0.0000E+00  0.0000E+00  0.0000E+00  0.0000E+00
  Roum_Linear                            1.000 1.000   258.2          NaN  0.3612E-03  0.2012E-03  0.4016E-04  0.5118E-05  0.2245E-05  0.1602E-05  0.4542E-06  0.1921E-06  0.2300E-07  0.0000E+00  0.0000E+00  0.0000E+00  0.0000E+00  0.0000E+00
  Serghaya_Linear                        1.000 1.000   239.5          NaN  0.7437E-03  0.4159E-03  0.8565E-04  0.1129E-04  0.5018E-05  0.3590E-05  0.1064E-05  0.4825E-06  0.8772E-07  0.0000E+00  0.0000E+00  0.0000E+00  0.0000E+00  0.0000E+00
  YHK_Linear                             1.000 1.000   199.9          NaN  0.1583E-02  0.9108E-03  0.2734E-03  0.5124E-04  0.2558E-04  0.1925E-04  0.7234E-05  0.4198E-05  0.1656E-05  0.3384E-06  0.0000E+00  0.0000E+00  0.0000E+00  0.0000E+00
  Wt_Total_Events/yr                     0.000 0.000     0.0          NaN  0.8816E-01  0.4278E-01  0.1122E-01  0.2731E-02  0.1571E-02  0.1257E-02  0.5932E-03  0.3977E-03  0.2117E-03  0.9447E-04  0.3183E-04  0.1309E-04  0.3924E-05  0.1303E-05
  Poisson_Prob:                          0.000 0.000     0.0          NaN  0.8439E-01  0.4188E-01  0.1115E-01  0.2727E-02  0.1570E-02  0.1256E-02  0.5930E-03  0.3976E-03  0.2117E-03  0.9447E-04  0.3183E-04  0.1309E-04  0.3924E-05  0.1303E-05
  M_bar                                  0.000 0.000     0.0         NaN   0.584E+01   0.612E+01   0.650E+01   0.659E+01   0.656E+01   0.654E+01   0.644E+01   0.637E+01   0.624E+01   0.605E+01   0.576E+01   0.551E+01   0.532E+01   0.539E+01
  D_bar                                  0.000 0.000     0.0         NaN   0.146E+03   0.130E+03   0.105E+03   0.861E+02   0.797E+02   0.771E+02   0.682E+02   0.632E+02   0.550E+02   0.438E+02   0.291E+02   0.178E+02   0.838E+01   0.725E+01
  Eps_bar                                0.000 0.000     0.0         NaN  -0.301E-01   0.514E-01   0.402E+00   0.911E+00   0.110E+01   0.116E+01   0.136E+01   0.144E+01   0.154E+01   0.161E+01   0.163E+01   0.160E+01   0.168E+01   0.196E+01

------------------

