    5      Number of Magnitude Bins
     4.000     5.000     6.000     7.000     8.350
    7      Number of Distance Bins 
     0.707    20.000    50.000   100.000   200.000   300.000   587.679
    6      Number of Epsilon Bins  
    -7.119    -1.000     0.000     1.000     2.000    15.419
    7      Number of Xcos(T) Bins  
     0.000     0.100     0.200     0.300     0.350     0.400     2.000


-------------------------------------------------------------------------------------------------------------------

 SITE 1 COORDINATES:    34.635   31.069
    1  nProb
   15
 AMP:                                                NaN       0.010       0.015       0.025       0.040       0.050       0.055       0.080       0.090       0.100       0.150       0.220       0.280       0.330       0.450

------------------

  M_bar                                              NaN   0.568E+01   0.588E+01   0.616E+01   0.642E+01   0.651E+01   0.654E+01   0.655E+01   0.653E+01   0.650E+01   0.630E+01   0.606E+01   0.587E+01   0.568E+01   0.540E+01
  D_bar                                              NaN   0.159E+03   0.137E+03   0.106E+03   0.808E+02   0.716E+02   0.680E+02   0.571E+02   0.540E+02   0.513E+02   0.408E+02   0.308E+02   0.235E+02   0.170E+02   0.756E+01
  Eps_bar                                            NaN   0.241E+00   0.310E+00   0.307E+00   0.341E+00   0.430E+00   0.490E+00   0.787E+00   0.897E+00   0.997E+00   0.138E+01   0.169E+01   0.182E+01   0.186E+01   0.196E+01
  XCosT_bar                                          NaN        -NaN        -NaN        -NaN        -NaN        -NaN        -NaN        -NaN        -NaN        -NaN        -NaN        -NaN        -NaN        -NaN        -NaN

------------------

 XCos(Theta) Bins
  0.0000  0.1000   0.000E+00   0.000E+00   0.000E+00   0.000E+00   0.000E+00   0.000E+00   0.000E+00   0.000E+00   0.000E+00   0.000E+00   0.000E+00   0.000E+00   0.000E+00   0.000E+00   0.000E+00
  0.1000  0.2000   0.000E+00   0.000E+00   0.000E+00   0.000E+00   0.000E+00   0.000E+00   0.000E+00   0.000E+00   0.000E+00   0.000E+00   0.000E+00   0.000E+00   0.000E+00   0.000E+00   0.000E+00
  0.2000  0.3000   0.000E+00   0.000E+00   0.000E+00   0.000E+00   0.000E+00   0.000E+00   0.000E+00   0.000E+00   0.000E+00   0.000E+00   0.000E+00   0.000E+00   0.000E+00   0.000E+00   0.000E+00
  0.3000  0.3500   0.000E+00   0.000E+00   0.000E+00   0.000E+00   0.000E+00   0.000E+00   0.000E+00   0.000E+00   0.000E+00   0.000E+00   0.000E+00   0.000E+00   0.000E+00   0.000E+00   0.000E+00
  0.3500  0.4000   0.000E+00   0.000E+00   0.000E+00   0.000E+00   0.000E+00   0.000E+00   0.000E+00   0.000E+00   0.000E+00   0.000E+00   0.000E+00   0.000E+00   0.000E+00   0.000E+00   0.000E+00
  0.4000  2.0000   0.000E+00   0.000E+00   0.000E+00   0.000E+00   0.000E+00   0.000E+00   0.000E+00   0.000E+00   0.000E+00   0.000E+00   0.000E+00   0.000E+00   0.000E+00   0.000E+00   0.000E+00

------------------


     Eps. Range     Mag. Range   Dist. Range

     -7.1   15.4    4.0    5.0    0.7   20.0   0.000E+00   0.228E-01   0.488E-01   0.107E+00   0.163E+00   0.182E+00   0.190E+00   0.212E+00   0.219E+00   0.225E+00   0.241E+00   0.241E+00   0.236E+00   0.233E+00   0.205E+00
     -7.1   15.4    4.0    5.0   20.0   50.0   0.000E+00   0.347E-01   0.460E-01   0.499E-01   0.364E-01   0.278E-01   0.242E-01   0.135E-01   0.108E-01   0.868E-02   0.263E-02   0.319E-03   0.000E+00   0.000E+00   0.000E+00
     -7.1   15.4    4.0    5.0   50.0  100.0   0.000E+00   0.156E+00   0.919E-01   0.310E-01   0.524E-02   0.129E-02   0.601E-03   0.101E-04   0.000E+00   0.000E+00   0.000E+00   0.000E+00   0.000E+00   0.000E+00   0.000E+00
     -7.1   15.4    4.0    5.0  100.0  200.0   0.000E+00   0.252E-01   0.850E-02   0.777E-03   0.000E+00   0.000E+00   0.000E+00   0.000E+00   0.000E+00   0.000E+00   0.000E+00   0.000E+00   0.000E+00   0.000E+00   0.000E+00
     -7.1   15.4    4.0    5.0  200.0  300.0   0.000E+00   0.762E-03   0.000E+00   0.000E+00   0.000E+00   0.000E+00   0.000E+00   0.000E+00   0.000E+00   0.000E+00   0.000E+00   0.000E+00   0.000E+00   0.000E+00   0.000E+00
     -7.1   15.4    4.0    5.0  300.0  587.7   0.000E+00   0.000E+00   0.000E+00   0.000E+00   0.000E+00   0.000E+00   0.000E+00   0.000E+00   0.000E+00   0.000E+00   0.000E+00   0.000E+00   0.000E+00   0.000E+00   0.000E+00
     -7.1   15.4    5.0    6.0    0.7   20.0   0.000E+00   0.250E-02   0.585E-02   0.171E-01   0.410E-01   0.589E-01   0.688E-01   0.117E+00   0.137E+00   0.157E+00   0.255E+00   0.374E+00   0.469E+00   0.553E+00   0.697E+00
     -7.1   15.4    5.0    6.0   20.0   50.0   0.000E+00   0.597E-02   0.116E-01   0.203E-01   0.242E-01   0.243E-01   0.242E-01   0.230E-01   0.224E-01   0.217E-01   0.179E-01   0.138E-01   0.109E-01   0.861E-02   0.245E-02
     -7.1   15.4    5.0    6.0   50.0  100.0   0.000E+00   0.191E+00   0.233E+00   0.195E+00   0.106E+00   0.687E-01   0.548E-01   0.195E-01   0.124E-01   0.737E-02   0.177E-03   0.000E+00   0.000E+00   0.000E+00   0.000E+00
     -7.1   15.4    5.0    6.0  100.0  200.0   0.000E+00   0.145E+00   0.112E+00   0.541E-01   0.165E-01   0.719E-02   0.455E-02   0.335E-03   0.644E-04   0.142E-05   0.000E+00   0.000E+00   0.000E+00   0.000E+00   0.000E+00
     -7.1   15.4    5.0    6.0  200.0  300.0   0.000E+00   0.665E-01   0.311E-01   0.635E-02   0.123E-03   0.000E+00   0.000E+00   0.000E+00   0.000E+00   0.000E+00   0.000E+00   0.000E+00   0.000E+00   0.000E+00   0.000E+00
     -7.1   15.4    5.0    6.0  300.0  587.7   0.000E+00   0.232E-01   0.695E-02   0.241E-03   0.000E+00   0.000E+00   0.000E+00   0.000E+00   0.000E+00   0.000E+00   0.000E+00   0.000E+00   0.000E+00   0.000E+00   0.000E+00
     -7.1   15.4    6.0    7.0    0.7   20.0   0.000E+00   0.800E-04   0.188E-03   0.561E-03   0.147E-02   0.230E-02   0.281E-02   0.595E-02   0.755E-02   0.929E-02   0.193E-01   0.345E-01   0.481E-01   0.609E-01   0.881E-01
     -7.1   15.4    6.0    7.0   20.0   50.0   0.000E+00   0.772E-04   0.178E-03   0.483E-03   0.969E-03   0.124E-02   0.137E-02   0.192E-02   0.210E-02   0.227E-02   0.274E-02   0.283E-02   0.273E-02   0.271E-02   0.224E-02
     -7.1   15.4    6.0    7.0   50.0  100.0   0.000E+00   0.239E-01   0.487E-01   0.881E-01   0.921E-01   0.802E-01   0.735E-01   0.495E-01   0.427E-01   0.371E-01   0.161E-01   0.169E-02   0.108E-05   0.000E+00   0.000E+00
     -7.1   15.4    6.0    7.0  100.0  200.0   0.000E+00   0.574E-01   0.780E-01   0.737E-01   0.443E-01   0.305E-01   0.252E-01   0.103E-01   0.703E-02   0.475E-02   0.464E-03   0.000E+00   0.000E+00   0.000E+00   0.000E+00
     -7.1   15.4    6.0    7.0  200.0  300.0   0.000E+00   0.811E-01   0.701E-01   0.381E-01   0.130E-01   0.591E-02   0.376E-02   0.202E-03   0.278E-04   0.662E-07   0.000E+00   0.000E+00   0.000E+00   0.000E+00   0.000E+00
     -7.1   15.4    6.0    7.0  300.0  587.7   0.000E+00   0.692E-01   0.433E-01   0.154E-01   0.242E-02   0.529E-03   0.197E-03   0.000E+00   0.000E+00   0.000E+00   0.000E+00   0.000E+00   0.000E+00   0.000E+00   0.000E+00
     -7.1   15.4    7.0    8.4    0.7   20.0   0.000E+00   0.000E+00   0.000E+00   0.000E+00   0.000E+00   0.000E+00   0.000E+00   0.000E+00   0.000E+00   0.000E+00   0.000E+00   0.000E+00   0.000E+00   0.000E+00   0.000E+00
     -7.1   15.4    7.0    8.4   20.0   50.0   0.000E+00   0.000E+00   0.000E+00   0.000E+00   0.000E+00   0.000E+00   0.000E+00   0.000E+00   0.000E+00   0.000E+00   0.000E+00   0.000E+00   0.000E+00   0.000E+00   0.000E+00
     -7.1   15.4    7.0    8.4   50.0  100.0   0.000E+00   0.284E-01   0.657E-01   0.179E+00   0.352E+00   0.428E+00   0.454E+00   0.503E+00   0.503E+00   0.497E+00   0.433E+00   0.331E+00   0.233E+00   0.141E+00   0.498E-02
     -7.1   15.4    7.0    8.4  100.0  200.0   0.000E+00   0.127E-01   0.266E-01   0.512E-01   0.563E-01   0.497E-01   0.458E-01   0.313E-01   0.271E-01   0.236E-01   0.110E-01   0.814E-03   0.000E+00   0.000E+00   0.000E+00
     -7.1   15.4    7.0    8.4  200.0  300.0   0.000E+00   0.257E-01   0.429E-01   0.520E-01   0.365E-01   0.268E-01   0.228E-01   0.114E-01   0.849E-02   0.610E-02   0.208E-03   0.000E+00   0.000E+00   0.000E+00   0.000E+00
     -7.1   15.4    7.0    8.4  300.0  587.7   0.000E+00   0.275E-01   0.289E-01   0.192E-01   0.839E-02   0.465E-02   0.335E-02   0.480E-03   0.130E-03   0.171E-04   0.000E+00   0.000E+00   0.000E+00   0.000E+00   0.000E+00

------------------


     Eps. Range     Mag. Range   Dist. Range

     -7.1   -1.0    4.0    5.0    0.7   20.0   0.000E+00   0.223E-01   0.353E-01   0.390E-01   0.273E-01   0.190E-01   0.158E-01   0.508E-02   0.295E-02   0.164E-02   0.000E+00   0.000E+00   0.000E+00   0.000E+00   0.000E+00
     -7.1   -1.0    4.0    5.0   20.0   50.0   0.000E+00   0.106E-01   0.408E-02   0.000E+00   0.000E+00   0.000E+00   0.000E+00   0.000E+00   0.000E+00   0.000E+00   0.000E+00   0.000E+00   0.000E+00   0.000E+00   0.000E+00
     -7.1   -1.0    4.0    5.0   50.0  100.0   0.000E+00   0.000E+00   0.000E+00   0.000E+00   0.000E+00   0.000E+00   0.000E+00   0.000E+00   0.000E+00   0.000E+00   0.000E+00   0.000E+00   0.000E+00   0.000E+00   0.000E+00
     -7.1   -1.0    4.0    5.0  100.0  200.0   0.000E+00   0.000E+00   0.000E+00   0.000E+00   0.000E+00   0.000E+00   0.000E+00   0.000E+00   0.000E+00   0.000E+00   0.000E+00   0.000E+00   0.000E+00   0.000E+00   0.000E+00
     -7.1   -1.0    4.0    5.0  200.0  300.0   0.000E+00   0.000E+00   0.000E+00   0.000E+00   0.000E+00   0.000E+00   0.000E+00   0.000E+00   0.000E+00   0.000E+00   0.000E+00   0.000E+00   0.000E+00   0.000E+00   0.000E+00
     -7.1   -1.0    4.0    5.0  300.0  587.7   0.000E+00   0.000E+00   0.000E+00   0.000E+00   0.000E+00   0.000E+00   0.000E+00   0.000E+00   0.000E+00   0.000E+00   0.000E+00   0.000E+00   0.000E+00   0.000E+00   0.000E+00
     -7.1   -1.0    5.0    6.0    0.7   20.0   0.000E+00   0.250E-02   0.585E-02   0.171E-01   0.292E-01   0.294E-01   0.281E-01   0.215E-01   0.191E-01   0.171E-01   0.673E-02   0.000E+00   0.000E+00   0.000E+00   0.000E+00
     -7.1   -1.0    5.0    6.0   20.0   50.0   0.000E+00   0.510E-02   0.448E-02   0.433E-02   0.203E-02   0.124E-03   0.000E+00   0.000E+00   0.000E+00   0.000E+00   0.000E+00   0.000E+00   0.000E+00   0.000E+00   0.000E+00
     -7.1   -1.0    5.0    6.0   50.0  100.0   0.000E+00   0.222E-01   0.355E-03   0.000E+00   0.000E+00   0.000E+00   0.000E+00   0.000E+00   0.000E+00   0.000E+00   0.000E+00   0.000E+00   0.000E+00   0.000E+00   0.000E+00
     -7.1   -1.0    5.0    6.0  100.0  200.0   0.000E+00   0.000E+00   0.000E+00   0.000E+00   0.000E+00   0.000E+00   0.000E+00   0.000E+00   0.000E+00   0.000E+00   0.000E+00   0.000E+00   0.000E+00   0.000E+00   0.000E+00
     -7.1   -1.0    5.0    6.0  200.0  300.0   0.000E+00   0.000E+00   0.000E+00   0.000E+00   0.000E+00   0.000E+00   0.000E+00   0.000E+00   0.000E+00   0.000E+00   0.000E+00   0.000E+00   0.000E+00   0.000E+00   0.000E+00
     -7.1   -1.0    5.0    6.0  300.0  587.7   0.000E+00   0.000E+00   0.000E+00   0.000E+00   0.000E+00   0.000E+00   0.000E+00   0.000E+00   0.000E+00   0.000E+00   0.000E+00   0.000E+00   0.000E+00   0.000E+00   0.000E+00
     -7.1   -1.0    6.0    7.0    0.7   20.0   0.000E+00   0.800E-04   0.188E-03   0.561E-03   0.147E-02   0.230E-02   0.274E-02   0.254E-02   0.240E-02   0.217E-02   0.146E-02   0.157E-03   0.000E+00   0.000E+00   0.000E+00
     -7.1   -1.0    6.0    7.0   20.0   50.0   0.000E+00   0.772E-04   0.178E-03   0.310E-03   0.467E-03   0.473E-03   0.175E-03   0.000E+00   0.000E+00   0.000E+00   0.000E+00   0.000E+00   0.000E+00   0.000E+00   0.000E+00
     -7.1   -1.0    6.0    7.0   50.0  100.0   0.000E+00   0.237E-01   0.237E-01   0.851E-05   0.000E+00   0.000E+00   0.000E+00   0.000E+00   0.000E+00   0.000E+00   0.000E+00   0.000E+00   0.000E+00   0.000E+00   0.000E+00
     -7.1   -1.0    6.0    7.0  100.0  200.0   0.000E+00   0.966E-02   0.111E-02   0.000E+00   0.000E+00   0.000E+00   0.000E+00   0.000E+00   0.000E+00   0.000E+00   0.000E+00   0.000E+00   0.000E+00   0.000E+00   0.000E+00
     -7.1   -1.0    6.0    7.0  200.0  300.0   0.000E+00   0.000E+00   0.000E+00   0.000E+00   0.000E+00   0.000E+00   0.000E+00   0.000E+00   0.000E+00   0.000E+00   0.000E+00   0.000E+00   0.000E+00   0.000E+00   0.000E+00
     -7.1   -1.0    6.0    7.0  300.0  587.7   0.000E+00   0.000E+00   0.000E+00   0.000E+00   0.000E+00   0.000E+00   0.000E+00   0.000E+00   0.000E+00   0.000E+00   0.000E+00   0.000E+00   0.000E+00   0.000E+00   0.000E+00
     -7.1   -1.0    7.0    8.4    0.7   20.0   0.000E+00   0.000E+00   0.000E+00   0.000E+00   0.000E+00   0.000E+00   0.000E+00   0.000E+00   0.000E+00   0.000E+00   0.000E+00   0.000E+00   0.000E+00   0.000E+00   0.000E+00
     -7.1   -1.0    7.0    8.4   20.0   50.0   0.000E+00   0.000E+00   0.000E+00   0.000E+00   0.000E+00   0.000E+00   0.000E+00   0.000E+00   0.000E+00   0.000E+00   0.000E+00   0.000E+00   0.000E+00   0.000E+00   0.000E+00
     -7.1   -1.0    7.0    8.4   50.0  100.0   0.000E+00   0.284E-01   0.657E-01   0.149E+00   0.860E-02   0.000E+00   0.000E+00   0.000E+00   0.000E+00   0.000E+00   0.000E+00   0.000E+00   0.000E+00   0.000E+00   0.000E+00
     -7.1   -1.0    7.0    8.4  100.0  200.0   0.000E+00   0.125E-01   0.212E-01   0.000E+00   0.000E+00   0.000E+00   0.000E+00   0.000E+00   0.000E+00   0.000E+00   0.000E+00   0.000E+00   0.000E+00   0.000E+00   0.000E+00
     -7.1   -1.0    7.0    8.4  200.0  300.0   0.000E+00   0.142E-01   0.000E+00   0.000E+00   0.000E+00   0.000E+00   0.000E+00   0.000E+00   0.000E+00   0.000E+00   0.000E+00   0.000E+00   0.000E+00   0.000E+00   0.000E+00
     -7.1   -1.0    7.0    8.4  300.0  587.7   0.000E+00   0.000E+00   0.000E+00   0.000E+00   0.000E+00   0.000E+00   0.000E+00   0.000E+00   0.000E+00   0.000E+00   0.000E+00   0.000E+00   0.000E+00   0.000E+00   0.000E+00
     -1.0    0.0    4.0    5.0    0.7   20.0   0.000E+00   0.418E-03   0.134E-01   0.487E-01   0.643E-01   0.620E-01   0.595E-01   0.480E-01   0.401E-01   0.335E-01   0.982E-02   0.000E+00   0.000E+00   0.000E+00   0.000E+00
     -1.0    0.0    4.0    5.0   20.0   50.0   0.000E+00   0.129E-01   0.218E-01   0.879E-02   0.476E-04   0.000E+00   0.000E+00   0.000E+00   0.000E+00   0.000E+00   0.000E+00   0.000E+00   0.000E+00   0.000E+00   0.000E+00
     -1.0    0.0    4.0    5.0   50.0  100.0   0.000E+00   0.310E-02   0.000E+00   0.000E+00   0.000E+00   0.000E+00   0.000E+00   0.000E+00   0.000E+00   0.000E+00   0.000E+00   0.000E+00   0.000E+00   0.000E+00   0.000E+00
     -1.0    0.0    4.0    5.0  100.0  200.0   0.000E+00   0.000E+00   0.000E+00   0.000E+00   0.000E+00   0.000E+00   0.000E+00   0.000E+00   0.000E+00   0.000E+00   0.000E+00   0.000E+00   0.000E+00   0.000E+00   0.000E+00
     -1.0    0.0    4.0    5.0  200.0  300.0   0.000E+00   0.000E+00   0.000E+00   0.000E+00   0.000E+00   0.000E+00   0.000E+00   0.000E+00   0.000E+00   0.000E+00   0.000E+00   0.000E+00   0.000E+00   0.000E+00   0.000E+00
     -1.0    0.0    4.0    5.0  300.0  587.7   0.000E+00   0.000E+00   0.000E+00   0.000E+00   0.000E+00   0.000E+00   0.000E+00   0.000E+00   0.000E+00   0.000E+00   0.000E+00   0.000E+00   0.000E+00   0.000E+00   0.000E+00
     -1.0    0.0    5.0    6.0    0.7   20.0   0.000E+00   0.000E+00   0.000E+00   0.000E+00   0.118E-01   0.275E-01   0.353E-01   0.576E-01   0.599E-01   0.608E-01   0.620E-01   0.440E-01   0.178E-01   0.358E-02   0.000E+00
     -1.0    0.0    5.0    6.0   20.0   50.0   0.000E+00   0.864E-03   0.693E-02   0.655E-02   0.785E-02   0.815E-02   0.731E-02   0.954E-03   0.000E+00   0.000E+00   0.000E+00   0.000E+00   0.000E+00   0.000E+00   0.000E+00
     -1.0    0.0    5.0    6.0   50.0  100.0   0.000E+00   0.111E+00   0.713E-01   0.792E-03   0.000E+00   0.000E+00   0.000E+00   0.000E+00   0.000E+00   0.000E+00   0.000E+00   0.000E+00   0.000E+00   0.000E+00   0.000E+00
     -1.0    0.0    5.0    6.0  100.0  200.0   0.000E+00   0.219E-01   0.349E-03   0.000E+00   0.000E+00   0.000E+00   0.000E+00   0.000E+00   0.000E+00   0.000E+00   0.000E+00   0.000E+00   0.000E+00   0.000E+00   0.000E+00
     -1.0    0.0    5.0    6.0  200.0  300.0   0.000E+00   0.000E+00   0.000E+00   0.000E+00   0.000E+00   0.000E+00   0.000E+00   0.000E+00   0.000E+00   0.000E+00   0.000E+00   0.000E+00   0.000E+00   0.000E+00   0.000E+00
     -1.0    0.0    5.0    6.0  300.0  587.7   0.000E+00   0.000E+00   0.000E+00   0.000E+00   0.000E+00   0.000E+00   0.000E+00   0.000E+00   0.000E+00   0.000E+00   0.000E+00   0.000E+00   0.000E+00   0.000E+00   0.000E+00
     -1.0    0.0    6.0    7.0    0.7   20.0   0.000E+00   0.000E+00   0.000E+00   0.000E+00   0.000E+00   0.000E+00   0.728E-04   0.341E-02   0.515E-02   0.621E-02   0.712E-02   0.728E-02   0.544E-02   0.309E-02   0.000E+00
     -1.0    0.0    6.0    7.0   20.0   50.0   0.000E+00   0.000E+00   0.000E+00   0.172E-03   0.320E-03   0.271E-03   0.655E-03   0.125E-02   0.624E-03   0.208E-03   0.000E+00   0.000E+00   0.000E+00   0.000E+00   0.000E+00
     -1.0    0.0    6.0    7.0   50.0  100.0   0.000E+00   0.181E-03   0.250E-01   0.515E-01   0.103E-02   0.000E+00   0.000E+00   0.000E+00   0.000E+00   0.000E+00   0.000E+00   0.000E+00   0.000E+00   0.000E+00   0.000E+00
     -1.0    0.0    6.0    7.0  100.0  200.0   0.000E+00   0.404E-01   0.293E-01   0.251E-02   0.000E+00   0.000E+00   0.000E+00   0.000E+00   0.000E+00   0.000E+00   0.000E+00   0.000E+00   0.000E+00   0.000E+00   0.000E+00
     -1.0    0.0    6.0    7.0  200.0  300.0   0.000E+00   0.195E-01   0.735E-04   0.000E+00   0.000E+00   0.000E+00   0.000E+00   0.000E+00   0.000E+00   0.000E+00   0.000E+00   0.000E+00   0.000E+00   0.000E+00   0.000E+00
     -1.0    0.0    6.0    7.0  300.0  587.7   0.000E+00   0.477E-03   0.000E+00   0.000E+00   0.000E+00   0.000E+00   0.000E+00   0.000E+00   0.000E+00   0.000E+00   0.000E+00   0.000E+00   0.000E+00   0.000E+00   0.000E+00
     -1.0    0.0    7.0    8.4    0.7   20.0   0.000E+00   0.000E+00   0.000E+00   0.000E+00   0.000E+00   0.000E+00   0.000E+00   0.000E+00   0.000E+00   0.000E+00   0.000E+00   0.000E+00   0.000E+00   0.000E+00   0.000E+00
     -1.0    0.0    7.0    8.4   20.0   50.0   0.000E+00   0.000E+00   0.000E+00   0.000E+00   0.000E+00   0.000E+00   0.000E+00   0.000E+00   0.000E+00   0.000E+00   0.000E+00   0.000E+00   0.000E+00   0.000E+00   0.000E+00
     -1.0    0.0    7.0    8.4   50.0  100.0   0.000E+00   0.000E+00   0.000E+00   0.298E-01   0.316E+00   0.248E+00   0.179E+00   0.000E+00   0.000E+00   0.000E+00   0.000E+00   0.000E+00   0.000E+00   0.000E+00   0.000E+00
     -1.0    0.0    7.0    8.4  100.0  200.0   0.000E+00   0.185E-03   0.542E-02   0.437E-01   0.000E+00   0.000E+00   0.000E+00   0.000E+00   0.000E+00   0.000E+00   0.000E+00   0.000E+00   0.000E+00   0.000E+00   0.000E+00
     -1.0    0.0    7.0    8.4  200.0  300.0   0.000E+00   0.114E-01   0.348E-01   0.000E+00   0.000E+00   0.000E+00   0.000E+00   0.000E+00   0.000E+00   0.000E+00   0.000E+00   0.000E+00   0.000E+00   0.000E+00   0.000E+00
     -1.0    0.0    7.0    8.4  300.0  587.7   0.000E+00   0.148E-01   0.904E-03   0.000E+00   0.000E+00   0.000E+00   0.000E+00   0.000E+00   0.000E+00   0.000E+00   0.000E+00   0.000E+00   0.000E+00   0.000E+00   0.000E+00
      0.0    1.0    4.0    5.0    0.7   20.0   0.000E+00   0.000E+00   0.000E+00   0.190E-01   0.601E-01   0.763E-01   0.812E-01   0.894E-01   0.934E-01   0.938E-01   0.837E-01   0.415E-01   0.142E-01   0.261E-02   0.000E+00
      0.0    1.0    4.0    5.0   20.0   50.0   0.000E+00   0.930E-02   0.138E-01   0.287E-01   0.127E-01   0.484E-02   0.297E-02   0.000E+00   0.000E+00   0.000E+00   0.000E+00   0.000E+00   0.000E+00   0.000E+00   0.000E+00
      0.0    1.0    4.0    5.0   50.0  100.0   0.000E+00   0.617E-01   0.609E-02   0.000E+00   0.000E+00   0.000E+00   0.000E+00   0.000E+00   0.000E+00   0.000E+00   0.000E+00   0.000E+00   0.000E+00   0.000E+00   0.000E+00
      0.0    1.0    4.0    5.0  100.0  200.0   0.000E+00   0.000E+00   0.000E+00   0.000E+00   0.000E+00   0.000E+00   0.000E+00   0.000E+00   0.000E+00   0.000E+00   0.000E+00   0.000E+00   0.000E+00   0.000E+00   0.000E+00
      0.0    1.0    4.0    5.0  200.0  300.0   0.000E+00   0.000E+00   0.000E+00   0.000E+00   0.000E+00   0.000E+00   0.000E+00   0.000E+00   0.000E+00   0.000E+00   0.000E+00   0.000E+00   0.000E+00   0.000E+00   0.000E+00
      0.0    1.0    4.0    5.0  300.0  587.7   0.000E+00   0.000E+00   0.000E+00   0.000E+00   0.000E+00   0.000E+00   0.000E+00   0.000E+00   0.000E+00   0.000E+00   0.000E+00   0.000E+00   0.000E+00   0.000E+00   0.000E+00
      0.0    1.0    5.0    6.0    0.7   20.0   0.000E+00   0.000E+00   0.000E+00   0.000E+00   0.000E+00   0.206E-02   0.544E-02   0.369E-01   0.542E-01   0.704E-01   0.123E+00   0.152E+00   0.168E+00   0.162E+00   0.746E-01
      0.0    1.0    5.0    6.0   20.0   50.0   0.000E+00   0.000E+00   0.205E-03   0.929E-02   0.836E-02   0.747E-02   0.794E-02   0.123E-01   0.115E-01   0.966E-02   0.000E+00   0.000E+00   0.000E+00   0.000E+00   0.000E+00
      0.0    1.0    5.0    6.0   50.0  100.0   0.000E+00   0.585E-01   0.137E+00   0.883E-01   0.109E-02   0.187E-03   0.471E-05   0.000E+00   0.000E+00   0.000E+00   0.000E+00   0.000E+00   0.000E+00   0.000E+00   0.000E+00
      0.0    1.0    5.0    6.0  100.0  200.0   0.000E+00   0.831E-01   0.402E-01   0.567E-03   0.000E+00   0.000E+00   0.000E+00   0.000E+00   0.000E+00   0.000E+00   0.000E+00   0.000E+00   0.000E+00   0.000E+00   0.000E+00
      0.0    1.0    5.0    6.0  200.0  300.0   0.000E+00   0.570E-02   0.000E+00   0.000E+00   0.000E+00   0.000E+00   0.000E+00   0.000E+00   0.000E+00   0.000E+00   0.000E+00   0.000E+00   0.000E+00   0.000E+00   0.000E+00
      0.0    1.0    5.0    6.0  300.0  587.7   0.000E+00   0.000E+00   0.000E+00   0.000E+00   0.000E+00   0.000E+00   0.000E+00   0.000E+00   0.000E+00   0.000E+00   0.000E+00   0.000E+00   0.000E+00   0.000E+00   0.000E+00
      0.0    1.0    6.0    7.0    0.7   20.0   0.000E+00   0.000E+00   0.000E+00   0.000E+00   0.000E+00   0.000E+00   0.000E+00   0.000E+00   0.000E+00   0.915E-03   0.108E-01   0.174E-01   0.210E-01   0.243E-01   0.212E-01
      0.0    1.0    6.0    7.0   20.0   50.0   0.000E+00   0.000E+00   0.000E+00   0.000E+00   0.182E-03   0.496E-03   0.542E-03   0.276E-03   0.103E-02   0.161E-02   0.130E-02   0.000E+00   0.000E+00   0.000E+00   0.000E+00
      0.0    1.0    6.0    7.0   50.0  100.0   0.000E+00   0.000E+00   0.000E+00   0.366E-01   0.700E-01   0.343E-01   0.183E-01   0.000E+00   0.000E+00   0.000E+00   0.000E+00   0.000E+00   0.000E+00   0.000E+00   0.000E+00
      0.0    1.0    6.0    7.0  100.0  200.0   0.000E+00   0.739E-02   0.451E-01   0.376E-01   0.445E-02   0.000E+00   0.000E+00   0.000E+00   0.000E+00   0.000E+00   0.000E+00   0.000E+00   0.000E+00   0.000E+00   0.000E+00
      0.0    1.0    6.0    7.0  200.0  300.0   0.000E+00   0.553E-01   0.347E-01   0.181E-03   0.000E+00   0.000E+00   0.000E+00   0.000E+00   0.000E+00   0.000E+00   0.000E+00   0.000E+00   0.000E+00   0.000E+00   0.000E+00
      0.0    1.0    6.0    7.0  300.0  587.7   0.000E+00   0.320E-01   0.325E-02   0.000E+00   0.000E+00   0.000E+00   0.000E+00   0.000E+00   0.000E+00   0.000E+00   0.000E+00   0.000E+00   0.000E+00   0.000E+00   0.000E+00
      0.0    1.0    7.0    8.4    0.7   20.0   0.000E+00   0.000E+00   0.000E+00   0.000E+00   0.000E+00   0.000E+00   0.000E+00   0.000E+00   0.000E+00   0.000E+00   0.000E+00   0.000E+00   0.000E+00   0.000E+00   0.000E+00
      0.0    1.0    7.0    8.4   20.0   50.0   0.000E+00   0.000E+00   0.000E+00   0.000E+00   0.000E+00   0.000E+00   0.000E+00   0.000E+00   0.000E+00   0.000E+00   0.000E+00   0.000E+00   0.000E+00   0.000E+00   0.000E+00
      0.0    1.0    7.0    8.4   50.0  100.0   0.000E+00   0.000E+00   0.000E+00   0.000E+00   0.278E-01   0.180E+00   0.275E+00   0.398E+00   0.288E+00   0.183E+00   0.000E+00   0.000E+00   0.000E+00   0.000E+00   0.000E+00
      0.0    1.0    7.0    8.4  100.0  200.0   0.000E+00   0.000E+00   0.000E+00   0.747E-02   0.520E-01   0.188E-01   0.108E-01   0.000E+00   0.000E+00   0.000E+00   0.000E+00   0.000E+00   0.000E+00   0.000E+00   0.000E+00
      0.0    1.0    7.0    8.4  200.0  300.0   0.000E+00   0.000E+00   0.809E-02   0.460E-01   0.285E-02   0.000E+00   0.000E+00   0.000E+00   0.000E+00   0.000E+00   0.000E+00   0.000E+00   0.000E+00   0.000E+00   0.000E+00
      0.0    1.0    7.0    8.4  300.0  587.7   0.000E+00   0.127E-01   0.217E-01   0.114E-02   0.000E+00   0.000E+00   0.000E+00   0.000E+00   0.000E+00   0.000E+00   0.000E+00   0.000E+00   0.000E+00   0.000E+00   0.000E+00
      1.0    2.0    4.0    5.0    0.7   20.0   0.000E+00   0.000E+00   0.000E+00   0.000E+00   0.114E-01   0.246E-01   0.316E-01   0.595E-01   0.676E-01   0.760E-01   0.994E-01   0.115E+00   0.105E+00   0.883E-01   0.329E-01
      1.0    2.0    4.0    5.0   20.0   50.0   0.000E+00   0.196E-02   0.591E-02   0.985E-02   0.195E-01   0.165E-01   0.136E-01   0.421E-02   0.263E-02   0.132E-02   0.000E+00   0.000E+00   0.000E+00   0.000E+00   0.000E+00
      1.0    2.0    4.0    5.0   50.0  100.0   0.000E+00   0.706E-01   0.553E-01   0.408E-02   0.000E+00   0.000E+00   0.000E+00   0.000E+00   0.000E+00   0.000E+00   0.000E+00   0.000E+00   0.000E+00   0.000E+00   0.000E+00
      1.0    2.0    4.0    5.0  100.0  200.0   0.000E+00   0.110E-01   0.307E-03   0.000E+00   0.000E+00   0.000E+00   0.000E+00   0.000E+00   0.000E+00   0.000E+00   0.000E+00   0.000E+00   0.000E+00   0.000E+00   0.000E+00
      1.0    2.0    4.0    5.0  200.0  300.0   0.000E+00   0.000E+00   0.000E+00   0.000E+00   0.000E+00   0.000E+00   0.000E+00   0.000E+00   0.000E+00   0.000E+00   0.000E+00   0.000E+00   0.000E+00   0.000E+00   0.000E+00
      1.0    2.0    4.0    5.0  300.0  587.7   0.000E+00   0.000E+00   0.000E+00   0.000E+00   0.000E+00   0.000E+00   0.000E+00   0.000E+00   0.000E+00   0.000E+00   0.000E+00   0.000E+00   0.000E+00   0.000E+00   0.000E+00
      1.0    2.0    5.0    6.0    0.7   20.0   0.000E+00   0.000E+00   0.000E+00   0.000E+00   0.000E+00   0.000E+00   0.000E+00   0.101E-02   0.392E-02   0.912E-02   0.606E-01   0.147E+00   0.202E+00   0.254E+00   0.349E+00
      1.0    2.0    5.0    6.0   20.0   50.0   0.000E+00   0.000E+00   0.000E+00   0.107E-03   0.593E-02   0.780E-02   0.752E-02   0.615E-02   0.685E-02   0.805E-02   0.127E-01   0.251E-02   0.000E+00   0.000E+00   0.000E+00
      1.0    2.0    5.0    6.0   50.0  100.0   0.000E+00   0.000E+00   0.249E-01   0.955E-01   0.652E-01   0.224E-01   0.108E-01   0.227E-03   0.359E-04   0.000E+00   0.000E+00   0.000E+00   0.000E+00   0.000E+00   0.000E+00
      1.0    2.0    5.0    6.0  100.0  200.0   0.000E+00   0.373E-01   0.584E-01   0.272E-01   0.869E-03   0.000E+00   0.000E+00   0.000E+00   0.000E+00   0.000E+00   0.000E+00   0.000E+00   0.000E+00   0.000E+00   0.000E+00
      1.0    2.0    5.0    6.0  200.0  300.0   0.000E+00   0.451E-01   0.902E-02   0.000E+00   0.000E+00   0.000E+00   0.000E+00   0.000E+00   0.000E+00   0.000E+00   0.000E+00   0.000E+00   0.000E+00   0.000E+00   0.000E+00
      1.0    2.0    5.0    6.0  300.0  587.7   0.000E+00   0.691E-02   0.000E+00   0.000E+00   0.000E+00   0.000E+00   0.000E+00   0.000E+00   0.000E+00   0.000E+00   0.000E+00   0.000E+00   0.000E+00   0.000E+00   0.000E+00
      1.0    2.0    6.0    7.0    0.7   20.0   0.000E+00   0.000E+00   0.000E+00   0.000E+00   0.000E+00   0.000E+00   0.000E+00   0.000E+00   0.000E+00   0.000E+00   0.000E+00   0.966E-02   0.207E-01   0.276E-01   0.423E-01
      1.0    2.0    6.0    7.0   20.0   50.0   0.000E+00   0.000E+00   0.000E+00   0.000E+00   0.000E+00   0.000E+00   0.000E+00   0.394E-03   0.451E-03   0.448E-03   0.114E-02   0.256E-02   0.580E-03   0.000E+00   0.000E+00
      1.0    2.0    6.0    7.0   50.0  100.0   0.000E+00   0.000E+00   0.000E+00   0.000E+00   0.211E-01   0.454E-01   0.534E-01   0.296E-01   0.166E-01   0.668E-02   0.000E+00   0.000E+00   0.000E+00   0.000E+00   0.000E+00
      1.0    2.0    6.0    7.0  100.0  200.0   0.000E+00   0.000E+00   0.245E-02   0.327E-01   0.278E-01   0.138E-01   0.915E-02   0.164E-03   0.000E+00   0.000E+00   0.000E+00   0.000E+00   0.000E+00   0.000E+00   0.000E+00
      1.0    2.0    6.0    7.0  200.0  300.0   0.000E+00   0.628E-02   0.347E-01   0.232E-01   0.383E-03   0.000E+00   0.000E+00   0.000E+00   0.000E+00   0.000E+00   0.000E+00   0.000E+00   0.000E+00   0.000E+00   0.000E+00
      1.0    2.0    6.0    7.0  300.0  587.7   0.000E+00   0.341E-01   0.278E-01   0.209E-02   0.000E+00   0.000E+00   0.000E+00   0.000E+00   0.000E+00   0.000E+00   0.000E+00   0.000E+00   0.000E+00   0.000E+00   0.000E+00
      1.0    2.0    7.0    8.4    0.7   20.0   0.000E+00   0.000E+00   0.000E+00   0.000E+00   0.000E+00   0.000E+00   0.000E+00   0.000E+00   0.000E+00   0.000E+00   0.000E+00   0.000E+00   0.000E+00   0.000E+00   0.000E+00
      1.0    2.0    7.0    8.4   20.0   50.0   0.000E+00   0.000E+00   0.000E+00   0.000E+00   0.000E+00   0.000E+00   0.000E+00   0.000E+00   0.000E+00   0.000E+00   0.000E+00   0.000E+00   0.000E+00   0.000E+00   0.000E+00
      1.0    2.0    7.0    8.4   50.0  100.0   0.000E+00   0.000E+00   0.000E+00   0.000E+00   0.000E+00   0.000E+00   0.797E-03   0.105E+00   0.214E+00   0.311E+00   0.282E+00   0.000E+00   0.000E+00   0.000E+00   0.000E+00
      1.0    2.0    7.0    8.4  100.0  200.0   0.000E+00   0.000E+00   0.000E+00   0.000E+00   0.430E-02   0.306E-01   0.342E-01   0.155E-01   0.957E-02   0.360E-02   0.000E+00   0.000E+00   0.000E+00   0.000E+00   0.000E+00
      1.0    2.0    7.0    8.4  200.0  300.0   0.000E+00   0.000E+00   0.000E+00   0.603E-02   0.318E-01   0.195E-01   0.123E-01   0.000E+00   0.000E+00   0.000E+00   0.000E+00   0.000E+00   0.000E+00   0.000E+00   0.000E+00
      1.0    2.0    7.0    8.4  300.0  587.7   0.000E+00   0.000E+00   0.628E-02   0.153E-01   0.157E-02   0.000E+00   0.000E+00   0.000E+00   0.000E+00   0.000E+00   0.000E+00   0.000E+00   0.000E+00   0.000E+00   0.000E+00
      2.0   15.4    4.0    5.0    0.7   20.0   0.000E+00   0.000E+00   0.000E+00   0.000E+00   0.000E+00   0.494E-03   0.156E-02   0.103E-01   0.152E-01   0.201E-01   0.483E-01   0.843E-01   0.116E+00   0.142E+00   0.172E+00
      2.0   15.4    4.0    5.0   20.0   50.0   0.000E+00   0.000E+00   0.389E-03   0.258E-02   0.417E-02   0.643E-02   0.766E-02   0.927E-02   0.819E-02   0.736E-02   0.263E-02   0.319E-03   0.000E+00   0.000E+00   0.000E+00
      2.0   15.4    4.0    5.0   50.0  100.0   0.000E+00   0.204E-01   0.304E-01   0.269E-01   0.524E-02   0.129E-02   0.601E-03   0.101E-04   0.000E+00   0.000E+00   0.000E+00   0.000E+00   0.000E+00   0.000E+00   0.000E+00
      2.0   15.4    4.0    5.0  100.0  200.0   0.000E+00   0.141E-01   0.819E-02   0.777E-03   0.000E+00   0.000E+00   0.000E+00   0.000E+00   0.000E+00   0.000E+00   0.000E+00   0.000E+00   0.000E+00   0.000E+00   0.000E+00
      2.0   15.4    4.0    5.0  200.0  300.0   0.000E+00   0.762E-03   0.000E+00   0.000E+00   0.000E+00   0.000E+00   0.000E+00   0.000E+00   0.000E+00   0.000E+00   0.000E+00   0.000E+00   0.000E+00   0.000E+00   0.000E+00
      2.0   15.4    4.0    5.0  300.0  587.7   0.000E+00   0.000E+00   0.000E+00   0.000E+00   0.000E+00   0.000E+00   0.000E+00   0.000E+00   0.000E+00   0.000E+00   0.000E+00   0.000E+00   0.000E+00   0.000E+00   0.000E+00
      2.0   15.4    5.0    6.0    0.7   20.0   0.000E+00   0.000E+00   0.000E+00   0.000E+00   0.000E+00   0.000E+00   0.000E+00   0.000E+00   0.000E+00   0.000E+00   0.281E-02   0.308E-01   0.812E-01   0.134E+00   0.273E+00
      2.0   15.4    5.0    6.0   20.0   50.0   0.000E+00   0.000E+00   0.000E+00   0.000E+00   0.000E+00   0.790E-03   0.141E-02   0.353E-02   0.403E-02   0.397E-02   0.522E-02   0.113E-01   0.109E-01   0.861E-02   0.245E-02
      2.0   15.4    5.0    6.0   50.0  100.0   0.000E+00   0.000E+00   0.000E+00   0.108E-01   0.396E-01   0.462E-01   0.440E-01   0.193E-01   0.123E-01   0.737E-02   0.177E-03   0.000E+00   0.000E+00   0.000E+00   0.000E+00
      2.0   15.4    5.0    6.0  100.0  200.0   0.000E+00   0.293E-02   0.125E-01   0.263E-01   0.156E-01   0.719E-02   0.455E-02   0.335E-03   0.644E-04   0.142E-05   0.000E+00   0.000E+00   0.000E+00   0.000E+00   0.000E+00
      2.0   15.4    5.0    6.0  200.0  300.0   0.000E+00   0.157E-01   0.221E-01   0.635E-02   0.123E-03   0.000E+00   0.000E+00   0.000E+00   0.000E+00   0.000E+00   0.000E+00   0.000E+00   0.000E+00   0.000E+00   0.000E+00
      2.0   15.4    5.0    6.0  300.0  587.7   0.000E+00   0.163E-01   0.695E-02   0.241E-03   0.000E+00   0.000E+00   0.000E+00   0.000E+00   0.000E+00   0.000E+00   0.000E+00   0.000E+00   0.000E+00   0.000E+00   0.000E+00
      2.0   15.4    6.0    7.0    0.7   20.0   0.000E+00   0.000E+00   0.000E+00   0.000E+00   0.000E+00   0.000E+00   0.000E+00   0.000E+00   0.000E+00   0.000E+00   0.000E+00   0.000E+00   0.978E-03   0.594E-02   0.246E-01
      2.0   15.4    6.0    7.0   20.0   50.0   0.000E+00   0.000E+00   0.000E+00   0.000E+00   0.000E+00   0.000E+00   0.000E+00   0.000E+00   0.000E+00   0.000E+00   0.299E-03   0.276E-03   0.215E-02   0.271E-02   0.224E-02
      2.0   15.4    6.0    7.0   50.0  100.0   0.000E+00   0.000E+00   0.000E+00   0.000E+00   0.000E+00   0.383E-03   0.185E-02   0.199E-01   0.262E-01   0.304E-01   0.161E-01   0.169E-02   0.108E-05   0.000E+00   0.000E+00
      2.0   15.4    6.0    7.0  100.0  200.0   0.000E+00   0.000E+00   0.000E+00   0.101E-02   0.121E-01   0.167E-01   0.161E-01   0.102E-01   0.703E-02   0.475E-02   0.464E-03   0.000E+00   0.000E+00   0.000E+00   0.000E+00
      2.0   15.4    6.0    7.0  200.0  300.0   0.000E+00   0.000E+00   0.617E-03   0.148E-01   0.127E-01   0.591E-02   0.376E-02   0.202E-03   0.278E-04   0.662E-07   0.000E+00   0.000E+00   0.000E+00   0.000E+00   0.000E+00
      2.0   15.4    6.0    7.0  300.0  587.7   0.000E+00   0.258E-02   0.123E-01   0.133E-01   0.242E-02   0.529E-03   0.197E-03   0.000E+00   0.000E+00   0.000E+00   0.000E+00   0.000E+00   0.000E+00   0.000E+00   0.000E+00
      2.0   15.4    7.0    8.4    0.7   20.0   0.000E+00   0.000E+00   0.000E+00   0.000E+00   0.000E+00   0.000E+00   0.000E+00   0.000E+00   0.000E+00   0.000E+00   0.000E+00   0.000E+00   0.000E+00   0.000E+00   0.000E+00
      2.0   15.4    7.0    8.4   20.0   50.0   0.000E+00   0.000E+00   0.000E+00   0.000E+00   0.000E+00   0.000E+00   0.000E+00   0.000E+00   0.000E+00   0.000E+00   0.000E+00   0.000E+00   0.000E+00   0.000E+00   0.000E+00
      2.0   15.4    7.0    8.4   50.0  100.0   0.000E+00   0.000E+00   0.000E+00   0.000E+00   0.000E+00   0.000E+00   0.000E+00   0.000E+00   0.166E-03   0.212E-02   0.152E+00   0.331E+00   0.233E+00   0.141E+00   0.498E-02
      2.0   15.4    7.0    8.4  100.0  200.0   0.000E+00   0.000E+00   0.000E+00   0.000E+00   0.000E+00   0.301E-03   0.793E-03   0.158E-01   0.175E-01   0.200E-01   0.110E-01   0.814E-03   0.000E+00   0.000E+00   0.000E+00
      2.0   15.4    7.0    8.4  200.0  300.0   0.000E+00   0.000E+00   0.000E+00   0.000E+00   0.179E-02   0.721E-02   0.105E-01   0.114E-01   0.849E-02   0.610E-02   0.208E-03   0.000E+00   0.000E+00   0.000E+00   0.000E+00
      2.0   15.4    7.0    8.4  300.0  587.7   0.000E+00   0.000E+00   0.000E+00   0.276E-02   0.682E-02   0.465E-02   0.335E-02   0.480E-03   0.130E-03   0.171E-04   0.000E+00   0.000E+00   0.000E+00   0.000E+00   0.000E+00

-------------------------------------                                                                     --------------------------------------

