    1    1    1    1    1    9   15
            NaN   0.101440E-03   0.477000E-04   0.142154E-04   0.338046E-05   0.151626E-05   0.102856E-05   0.211886E-06   0.120159E-06   0.697915E-07   0.465284E-08   0.112283E-10   0.000000E+00   0.000000E+00   0.000000E+00
            NaN   0.105843E-03   0.528863E-04   0.183551E-04   0.538770E-05   0.269636E-05   0.192345E-05   0.485121E-06   0.297641E-06   0.187919E-06   0.238463E-07   0.108895E-08   0.215235E-10   0.000000E+00   0.000000E+00
            NaN   0.107013E-03   0.544239E-04   0.198711E-04   0.637850E-05   0.337343E-05   0.247112E-05   0.690918E-06   0.439512E-06   0.287430E-06   0.448749E-07   0.424209E-08   0.463054E-09   0.450532E-10   0.000000E+00
            NaN   0.452098E-03   0.212590E-03   0.633554E-04   0.150661E-04   0.675771E-05   0.458412E-05   0.944338E-06   0.535529E-06   0.311048E-06   0.207369E-07   0.500427E-10   0.000000E+00   0.000000E+00   0.000000E+00
            NaN   0.471724E-03   0.235705E-03   0.818054E-04   0.240120E-04   0.120172E-04   0.857250E-05   0.216210E-05   0.132653E-05   0.837522E-06   0.106279E-06   0.485324E-08   0.959264E-10   0.000000E+00   0.000000E+00
            NaN   0.476939E-03   0.242558E-03   0.885620E-04   0.284279E-04   0.150348E-04   0.110133E-04   0.307930E-05   0.195883E-05   0.128102E-05   0.200000E-06   0.189062E-07   0.206375E-08   0.200794E-09   0.000000E+00
            NaN   0.144106E-02   0.677632E-03   0.201945E-03   0.480233E-04   0.215402E-04   0.146119E-04   0.301008E-05   0.170700E-05   0.991466E-06   0.660988E-07   0.159511E-09   0.000000E+00   0.000000E+00   0.000000E+00
            NaN   0.150362E-02   0.751310E-03   0.260755E-03   0.765383E-04   0.383048E-04   0.273248E-04   0.689170E-05   0.422833E-05   0.266960E-05   0.338764E-06   0.154697E-07   0.305766E-09   0.000000E+00   0.000000E+00
            NaN   0.152024E-02   0.773154E-03   0.282291E-03   0.906138E-04   0.479234E-04   0.351050E-04   0.981527E-05   0.624376E-05   0.408326E-05   0.637499E-06   0.602636E-07   0.657821E-08   0.640032E-09   0.000000E+00
    2    1    1    1    1    9   15
            NaN   0.321736E-03   0.285136E-03   0.202181E-03   0.117272E-03   0.837497E-04   0.707566E-04   0.348358E-04   0.269377E-04   0.211219E-04   0.735213E-05   0.226523E-05   0.980126E-06   0.528532E-06   0.146663E-06
            NaN   0.320488E-03   0.284782E-03   0.203804E-03   0.120664E-03   0.875885E-04   0.746722E-04   0.383475E-04   0.301354E-04   0.239940E-04   0.891343E-05   0.294445E-05   0.133814E-05   0.748586E-06   0.224396E-06
            NaN   0.319821E-03   0.284403E-03   0.204071E-03   0.121560E-03   0.886908E-04   0.758366E-04   0.395386E-04   0.312682E-04   0.250517E-04   0.957278E-05   0.326149E-05   0.151412E-05   0.860299E-06   0.266586E-06
            NaN   0.152301E-02   0.134975E-02   0.957068E-03   0.555132E-03   0.396448E-03   0.334943E-03   0.164903E-03   0.127516E-03   0.999852E-04   0.348030E-04   0.107230E-04   0.463965E-05   0.250193E-05   0.694265E-06
            NaN   0.151710E-02   0.134808E-02   0.964753E-03   0.571193E-03   0.414620E-03   0.353478E-03   0.181527E-03   0.142653E-03   0.113581E-03   0.421937E-04   0.139382E-04   0.633441E-05   0.354360E-05   0.106223E-05
            NaN   0.151394E-02   0.134628E-02   0.966018E-03   0.575430E-03   0.419838E-03   0.358990E-03   0.187165E-03   0.148015E-03   0.118588E-03   0.453150E-04   0.154390E-04   0.716745E-05   0.407242E-05   0.126195E-05
            NaN   0.475941E-02   0.421798E-02   0.299084E-02   0.173479E-02   0.123890E-02   0.104670E-02   0.515322E-03   0.398487E-03   0.312454E-03   0.108759E-03   0.335092E-04   0.144989E-04   0.781853E-05   0.216958E-05
            NaN   0.474095E-02   0.421276E-02   0.301485E-02   0.178498E-02   0.129569E-02   0.110462E-02   0.567271E-03   0.445790E-03   0.354941E-03   0.131855E-03   0.435570E-04   0.197950E-04   0.110738E-04   0.331947E-05
            NaN   0.473107E-02   0.420714E-02   0.301881E-02   0.179822E-02   0.131199E-02   0.112184E-02   0.584890E-03   0.462547E-03   0.370587E-03   0.141609E-03   0.482468E-04   0.223983E-04   0.127263E-04   0.394359E-05
    3    1    1    1    1    9   15
            NaN   0.450903E-02   0.236345E-02   0.105058E-02   0.464011E-03   0.290401E-03   0.229048E-03   0.819836E-04   0.560347E-04   0.390517E-04   0.811956E-05   0.131208E-05   0.247197E-06   0.288718E-07   0.000000E+00
            NaN   0.264670E-02   0.130543E-02   0.527600E-03   0.236414E-03   0.159097E-03   0.131156E-03   0.567079E-04   0.411675E-04   0.302141E-04   0.763195E-05   0.158759E-05   0.498976E-06   0.176918E-06   0.000000E+00
            NaN   0.163219E-02   0.775622E-03   0.282963E-03   0.110741E-03   0.716601E-04   0.587033E-04   0.262559E-04   0.195068E-04   0.146427E-04   0.403214E-05   0.921359E-06   0.319951E-06   0.140204E-06   0.826183E-08
            NaN   0.157816E-01   0.827207E-02   0.367701E-02   0.162404E-02   0.101641E-02   0.801670E-03   0.286943E-03   0.196121E-03   0.136681E-03   0.284184E-04   0.459229E-05   0.865191E-06   0.101051E-06   0.000000E+00
            NaN   0.926345E-02   0.456900E-02   0.184660E-02   0.827450E-03   0.556840E-03   0.459047E-03   0.198478E-03   0.144086E-03   0.105750E-03   0.267118E-04   0.555656E-05   0.174642E-05   0.619212E-06   0.000000E+00
            NaN   0.571265E-02   0.271468E-02   0.990370E-03   0.387595E-03   0.250810E-03   0.205461E-03   0.918956E-04   0.682736E-04   0.512495E-04   0.141125E-04   0.322476E-05   0.111983E-05   0.490712E-06   0.289164E-07
            NaN   0.360722E-01   0.189076E-01   0.840460E-02   0.371209E-02   0.232321E-02   0.183239E-02   0.655869E-03   0.448277E-03   0.312413E-03   0.649565E-04   0.104967E-04   0.197758E-05   0.230974E-06   0.000000E+00
            NaN   0.211736E-01   0.104434E-01   0.422080E-02   0.189131E-02   0.127278E-02   0.104925E-02   0.453663E-03   0.329340E-03   0.241713E-03   0.610556E-04   0.127007E-04   0.399181E-05   0.141534E-05   0.000000E+00
            NaN   0.130575E-01   0.620497E-02   0.226370E-02   0.885931E-03   0.573281E-03   0.469626E-03   0.210047E-03   0.156054E-03   0.117142E-03   0.322571E-04   0.737087E-05   0.255961E-05   0.112163E-05   0.660946E-07
    4    1    1    1    1    9   15
            NaN   0.383450E-02   0.199245E-02   0.881072E-03   0.391146E-03   0.244034E-03   0.191795E-03   0.672254E-04   0.455998E-04   0.315725E-04   0.639986E-05   0.979697E-06   0.137322E-06   0.000000E+00   0.000000E+00
            NaN   0.229181E-02   0.112100E-02   0.441825E-03   0.188128E-03   0.121514E-03   0.979613E-04   0.385592E-04   0.271507E-04   0.194152E-04   0.448396E-05   0.858522E-06   0.229151E-06   0.525127E-07   0.000000E+00
            NaN   0.141688E-02   0.669210E-03   0.239337E-03   0.898290E-04   0.560469E-04   0.449584E-04   0.182728E-04   0.131308E-04   0.957425E-05   0.238924E-05   0.497282E-06   0.161146E-06   0.609873E-07   0.108550E-09
            NaN   0.134208E-01   0.697359E-02   0.308375E-02   0.136901E-02   0.854121E-03   0.671283E-03   0.235289E-03   0.159599E-03   0.110504E-03   0.223995E-04   0.342894E-05   0.480627E-06   0.000000E+00   0.000000E+00
            NaN   0.802135E-02   0.392352E-02   0.154639E-02   0.658449E-03   0.425298E-03   0.342865E-03   0.134957E-03   0.950274E-04   0.679531E-04   0.156938E-04   0.300483E-05   0.802030E-06   0.183795E-06   0.000000E+00
            NaN   0.495909E-02   0.234224E-02   0.837680E-03   0.314401E-03   0.196164E-03   0.157354E-03   0.639547E-04   0.459580E-04   0.335099E-04   0.836233E-05   0.174049E-05   0.564010E-06   0.213456E-06   0.379925E-09
            NaN   0.306760E-01   0.159396E-01   0.704857E-02   0.312917E-02   0.195228E-02   0.153436E-02   0.537803E-03   0.364798E-03   0.252580E-03   0.511989E-04   0.783757E-05   0.109858E-05   0.000000E+00   0.000000E+00
            NaN   0.183345E-01   0.896804E-02   0.353460E-02   0.150503E-02   0.972110E-03   0.783691E-03   0.308474E-03   0.217206E-03   0.155321E-03   0.358716E-04   0.686817E-05   0.183321E-05   0.420102E-06   0.000000E+00
            NaN   0.113351E-01   0.535368E-02   0.191470E-02   0.718632E-03   0.448375E-03   0.359667E-03   0.146182E-03   0.105047E-03   0.765940E-04   0.191139E-04   0.397826E-05   0.128917E-05   0.487898E-06   0.868399E-09
    5    1    1    1    1    9   15
            NaN   0.168012E-02   0.110899E-02   0.399703E-03   0.950169E-04   0.415979E-04   0.277953E-04   0.502936E-05   0.250632E-05   0.118954E-05   0.000000E+00   0.000000E+00   0.000000E+00   0.000000E+00   0.000000E+00
            NaN   0.993976E-03   0.742688E-03   0.337106E-03   0.982319E-04   0.468256E-04   0.325260E-04   0.724803E-05   0.418791E-05   0.243494E-05   0.815635E-07   0.000000E+00   0.000000E+00   0.000000E+00   0.000000E+00
            NaN   0.576818E-03   0.464800E-03   0.256844E-03   0.930512E-04   0.486291E-04   0.351353E-04   0.911470E-05   0.562088E-05   0.355096E-05   0.373088E-06   0.000000E+00   0.000000E+00   0.000000E+00   0.000000E+00
            NaN   0.924066E-03   0.609943E-03   0.219837E-03   0.522593E-04   0.228788E-04   0.152874E-04   0.276615E-05   0.137847E-05   0.654246E-06   0.000000E+00   0.000000E+00   0.000000E+00   0.000000E+00   0.000000E+00
            NaN   0.546687E-03   0.408478E-03   0.185408E-03   0.540275E-04   0.257541E-04   0.178893E-04   0.398642E-05   0.230335E-05   0.133922E-05   0.448599E-07   0.000000E+00   0.000000E+00   0.000000E+00   0.000000E+00
            NaN   0.317250E-03   0.255640E-03   0.141264E-03   0.511782E-04   0.267460E-04   0.193244E-04   0.501308E-05   0.309148E-05   0.195303E-05   0.205198E-06   0.000000E+00   0.000000E+00   0.000000E+00   0.000000E+00
            NaN   0.168012E-03   0.110899E-03   0.399703E-04   0.950169E-05   0.415979E-05   0.277953E-05   0.502936E-06   0.250632E-06   0.118954E-06   0.000000E+00   0.000000E+00   0.000000E+00   0.000000E+00   0.000000E+00
            NaN   0.993976E-04   0.742688E-04   0.337106E-04   0.982319E-05   0.468256E-05   0.325260E-05   0.724803E-06   0.418791E-06   0.243494E-06   0.815635E-08   0.000000E+00   0.000000E+00   0.000000E+00   0.000000E+00
            NaN   0.576818E-04   0.464800E-04   0.256844E-04   0.930513E-05   0.486291E-05   0.351353E-05   0.911470E-06   0.562088E-06   0.355096E-06   0.373088E-07   0.000000E+00   0.000000E+00   0.000000E+00   0.000000E+00
    6    1    1    1    1    1   15
            NaN   0.134460E-02   0.461022E-03   0.874888E-04   0.131549E-04   0.462481E-05   0.275609E-05   0.268839E-06   0.979752E-07   0.302346E-07   0.000000E+00   0.000000E+00   0.000000E+00   0.000000E+00   0.000000E+00
    7    1    1    1    1    1   15
            NaN   0.305792E-02   0.111378E-02   0.217424E-03   0.330353E-04   0.114894E-04   0.679666E-05   0.547177E-06   0.140971E-06   0.120584E-07   0.000000E+00   0.000000E+00   0.000000E+00   0.000000E+00   0.000000E+00
    8    1    1    1    1    1   15
            NaN   0.200330E-02   0.625302E-03   0.102508E-03   0.131869E-04   0.408223E-05   0.224542E-05   0.113787E-06   0.224039E-07   0.201408E-08   0.000000E+00   0.000000E+00   0.000000E+00   0.000000E+00   0.000000E+00
    9    1    1    1    1    1   15
            NaN   0.189335E-02   0.601480E-03   0.983899E-04   0.122333E-04   0.363084E-05   0.191649E-05   0.514376E-07   0.369199E-08   0.000000E+00   0.000000E+00   0.000000E+00   0.000000E+00   0.000000E+00   0.000000E+00
   10    1    1    1    1    1   15
            NaN   0.133598E-02   0.479256E-03   0.935284E-04   0.141599E-04   0.486170E-05   0.284601E-05   0.247287E-06   0.833190E-07   0.241949E-07   0.000000E+00   0.000000E+00   0.000000E+00   0.000000E+00   0.000000E+00
   11    1    1    1    1    1   15
            NaN   0.334659E-02   0.139812E-02   0.349675E-03   0.703353E-04   0.290902E-04   0.189788E-04   0.328350E-05   0.172418E-05   0.921834E-06   0.399463E-07   0.338356E-11   0.000000E+00   0.000000E+00   0.000000E+00
   12    1    1    1    1    1   15
            NaN   0.339867E-02   0.101134E-02   0.162134E-03   0.204182E-04   0.642523E-05   0.361973E-05   0.226492E-06   0.517943E-07   0.582898E-08   0.000000E+00   0.000000E+00   0.000000E+00   0.000000E+00   0.000000E+00
   13    1    1    1    1    1   15
            NaN   0.808959E-03   0.260737E-03   0.428871E-04   0.529492E-05   0.151365E-05   0.760901E-06   0.103751E-07   0.258483E-09   0.000000E+00   0.000000E+00   0.000000E+00   0.000000E+00   0.000000E+00   0.000000E+00
   14    1    1    1    1    1   15
            NaN   0.227450E-02   0.837261E-03   0.178998E-03   0.304356E-04   0.115283E-04   0.719860E-05   0.967246E-06   0.436824E-06   0.192378E-06   0.381149E-10   0.000000E+00   0.000000E+00   0.000000E+00   0.000000E+00
   15    1    1    1    1    1   15
            NaN   0.552221E-04   0.871875E-05   0.245151E-06   0.000000E+00   0.000000E+00   0.000000E+00   0.000000E+00   0.000000E+00   0.000000E+00   0.000000E+00   0.000000E+00   0.000000E+00   0.000000E+00   0.000000E+00
   16    1    1    1    1    1   15
            NaN   0.642259E-03   0.141800E-03   0.131077E-04   0.533930E-06   0.498691E-07   0.108729E-07   0.000000E+00   0.000000E+00   0.000000E+00   0.000000E+00   0.000000E+00   0.000000E+00   0.000000E+00   0.000000E+00
   17    1    1    1    1    1   15
            NaN   0.458070E-03   0.106956E-03   0.110603E-04   0.626170E-06   0.979209E-07   0.348315E-07   0.000000E+00   0.000000E+00   0.000000E+00   0.000000E+00   0.000000E+00   0.000000E+00   0.000000E+00   0.000000E+00
   18    1    1    1    1    1   15
            NaN   0.139230E-02   0.424486E-03   0.678448E-04   0.831661E-05   0.251312E-05   0.137890E-05   0.915328E-07   0.286227E-07   0.787278E-08   0.000000E+00   0.000000E+00   0.000000E+00   0.000000E+00   0.000000E+00
   19    1    1    1    1    1   15
            NaN   0.274380E-03   0.684251E-04   0.786313E-05   0.496337E-06   0.416341E-07   0.247705E-08   0.000000E+00   0.000000E+00   0.000000E+00   0.000000E+00   0.000000E+00   0.000000E+00   0.000000E+00   0.000000E+00
   20    1    1    1    1    1   15
            NaN   0.101756E-02   0.254574E-03   0.301701E-04   0.236141E-05   0.475560E-06   0.194628E-06   0.391909E-10   0.000000E+00   0.000000E+00   0.000000E+00   0.000000E+00   0.000000E+00   0.000000E+00   0.000000E+00
   21    1    1    1    1    1   15
            NaN   0.410919E-04   0.497277E-05   0.280171E-07   0.000000E+00   0.000000E+00   0.000000E+00   0.000000E+00   0.000000E+00   0.000000E+00   0.000000E+00   0.000000E+00   0.000000E+00   0.000000E+00   0.000000E+00
   22    1    1    1    1    1   15
            NaN   0.187091E-02   0.758339E-03   0.178924E-03   0.327286E-04   0.127468E-04   0.804577E-05   0.109834E-05   0.468246E-06   0.179959E-06   0.000000E+00   0.000000E+00   0.000000E+00   0.000000E+00   0.000000E+00
   23    1    1    1    1    1   15
            NaN   0.491180E-02   0.136162E-02   0.187652E-03   0.191786E-04   0.489666E-05   0.232865E-05   0.241382E-07   0.382807E-09   0.000000E+00   0.000000E+00   0.000000E+00   0.000000E+00   0.000000E+00   0.000000E+00
   24    1    1    1    1    1   15
            NaN   0.841326E-03   0.234335E-03   0.313731E-04   0.272752E-05   0.441079E-06   0.126524E-06   0.000000E+00   0.000000E+00   0.000000E+00   0.000000E+00   0.000000E+00   0.000000E+00   0.000000E+00   0.000000E+00
   25    1    1    1    1    1   15
            NaN   0.233583E-03   0.431605E-04   0.232166E-05   0.156349E-08   0.000000E+00   0.000000E+00   0.000000E+00   0.000000E+00   0.000000E+00   0.000000E+00   0.000000E+00   0.000000E+00   0.000000E+00   0.000000E+00
   26    1    1    1    1    1   15
            NaN   0.769627E-03   0.397511E-03   0.106023E-03   0.199965E-04   0.783292E-05   0.496193E-05   0.505028E-06   0.133991E-06   0.123893E-07   0.000000E+00   0.000000E+00   0.000000E+00   0.000000E+00   0.000000E+00
   27    1    1    1    1    1   15
            NaN   0.361156E-03   0.201238E-03   0.674142E-04   0.155971E-04   0.676435E-05   0.450285E-05   0.827749E-06   0.413568E-06   0.192125E-06   0.000000E+00   0.000000E+00   0.000000E+00   0.000000E+00   0.000000E+00
   28    1    1    1    1    1   15
            NaN   0.743663E-03   0.415865E-03   0.142267E-03   0.338117E-04   0.148553E-04   0.995293E-05   0.188068E-05   0.974674E-06   0.482470E-06   0.000000E+00   0.000000E+00   0.000000E+00   0.000000E+00   0.000000E+00
   29    1    1    1    1    1   15
            NaN   0.158260E-02   0.910827E-03   0.402599E-03   0.129489E-03   0.647800E-04   0.459884E-04   0.112436E-04   0.678181E-05   0.419780E-05   0.338426E-06   0.000000E+00   0.000000E+00   0.000000E+00   0.000000E+00
