    1    1    1    1    1    9   15
         NaN  0.1014E-03  0.4770E-04  0.8476E-05  0.1162E-05  0.5322E-06  0.3871E-06  0.1291E-06  0.6979E-07  0.2429E-07  0.4653E-08  0.1296E-09  0.0000E+00  0.0000E+00  0.0000E+00
         NaN  0.1058E-03  0.5289E-04  0.1181E-04  0.2139E-05  0.1082E-05  0.8193E-06  0.3166E-06  0.1879E-06  0.7980E-07  0.2385E-07  0.2867E-08  0.2029E-09  0.0000E+00  0.0000E+00
         NaN  0.1070E-03  0.5442E-04  0.1317E-04  0.2726E-05  0.1452E-05  0.1123E-05  0.4653E-06  0.2874E-06  0.1311E-06  0.4487E-07  0.8356E-08  0.1467E-08  0.2527E-10  0.0000E+00
         NaN  0.4521E-03  0.2126E-03  0.3778E-04  0.5179E-05  0.2372E-05  0.1725E-05  0.5756E-06  0.3110E-06  0.1083E-06  0.2074E-07  0.5778E-09  0.0000E+00  0.0000E+00  0.0000E+00
         NaN  0.4717E-03  0.2357E-03  0.5263E-04  0.9535E-05  0.4822E-05  0.3652E-05  0.1411E-05  0.8375E-06  0.3557E-06  0.1063E-06  0.1278E-07  0.9043E-09  0.0000E+00  0.0000E+00
         NaN  0.4769E-03  0.2426E-03  0.5869E-04  0.1215E-04  0.6473E-05  0.5004E-05  0.2074E-05  0.1281E-05  0.5844E-06  0.2000E-06  0.3724E-07  0.6540E-08  0.1126E-09  0.0000E+00
         NaN  0.1441E-02  0.6776E-03  0.1204E-03  0.1651E-04  0.7560E-05  0.5499E-05  0.1835E-05  0.9915E-06  0.3451E-06  0.6610E-07  0.1842E-08  0.0000E+00  0.0000E+00  0.0000E+00
         NaN  0.1504E-02  0.7513E-03  0.1678E-03  0.3039E-04  0.1537E-04  0.1164E-04  0.4498E-05  0.2670E-05  0.1134E-05  0.3388E-06  0.4073E-07  0.2882E-08  0.0000E+00  0.0000E+00
         NaN  0.1520E-02  0.7732E-03  0.1871E-03  0.3872E-04  0.2063E-04  0.1595E-04  0.6611E-05  0.4083E-05  0.1863E-05  0.6375E-06  0.1187E-06  0.2085E-07  0.3591E-09  0.0000E+00
    2    1    1    1    1    9   15
         NaN  0.3217E-03  0.2851E-03  0.1681E-03  0.7463E-04  0.5282E-04  0.4577E-04  0.2783E-04  0.2112E-04  0.1346E-04  0.7352E-05  0.3088E-05  0.1467E-05  0.4703E-06  0.1467E-06
         NaN  0.3205E-03  0.2848E-03  0.1705E-03  0.7854E-04  0.5669E-04  0.4955E-04  0.3107E-04  0.2399E-04  0.1572E-04  0.8913E-05  0.3942E-05  0.1956E-05  0.6709E-06  0.2244E-06
         NaN  0.3198E-03  0.2844E-03  0.1710E-03  0.7968E-04  0.5790E-04  0.5076E-04  0.3221E-04  0.2505E-04  0.1661E-04  0.9573E-05  0.4332E-05  0.2191E-05  0.7733E-06  0.2666E-06
         NaN  0.1523E-02  0.1350E-02  0.7956E-03  0.3533E-03  0.2500E-03  0.2167E-03  0.1317E-03  0.9999E-04  0.6370E-04  0.3480E-04  0.1462E-04  0.6946E-05  0.2226E-05  0.6943E-06
         NaN  0.1517E-02  0.1348E-02  0.8069E-03  0.3718E-03  0.2683E-03  0.2345E-03  0.1471E-03  0.1136E-03  0.7443E-04  0.4219E-04  0.1866E-04  0.9261E-05  0.3176E-05  0.1062E-05
         NaN  0.1514E-02  0.1346E-02  0.8094E-03  0.3772E-03  0.2741E-03  0.2403E-03  0.1525E-03  0.1186E-03  0.7864E-04  0.4531E-04  0.2051E-04  0.1037E-04  0.3660E-05  0.1262E-05
         NaN  0.4759E-02  0.4218E-02  0.2486E-02  0.1104E-02  0.7814E-03  0.6771E-03  0.4117E-03  0.3125E-03  0.1991E-03  0.1088E-03  0.4569E-04  0.2171E-04  0.6958E-05  0.2170E-05
         NaN  0.4741E-02  0.4213E-02  0.2522E-02  0.1162E-02  0.8386E-03  0.7329E-03  0.4596E-03  0.3549E-03  0.2326E-03  0.1319E-03  0.5832E-04  0.2894E-04  0.9924E-05  0.3319E-05
         NaN  0.4731E-02  0.4207E-02  0.2529E-02  0.1179E-02  0.8566E-03  0.7510E-03  0.4765E-03  0.3706E-03  0.2458E-03  0.1416E-03  0.6408E-04  0.3241E-04  0.1144E-04  0.3944E-05
    3    1    1    1    1    9   15
         NaN  0.2562E-02  0.1363E-02  0.2133E-03  0.2216E-04  0.8845E-05  0.5851E-05  0.8896E-06  0.1415E-06  0.0000E+00  0.0000E+00  0.0000E+00  0.0000E+00  0.0000E+00  0.0000E+00
         NaN  0.1100E-02  0.6422E-03  0.1402E-03  0.1895E-04  0.8503E-05  0.6124E-05  0.1890E-05  0.8666E-06  0.1457E-06  0.0000E+00  0.0000E+00  0.0000E+00  0.0000E+00  0.0000E+00
         NaN  0.4969E-03  0.2821E-03  0.7636E-04  0.1281E-04  0.6188E-05  0.4586E-05  0.1648E-05  0.9370E-06  0.3277E-06  0.3250E-07  0.0000E+00  0.0000E+00  0.0000E+00  0.0000E+00
         NaN  0.8968E-02  0.4772E-02  0.7466E-03  0.7755E-04  0.3096E-04  0.2048E-04  0.3114E-05  0.4952E-06  0.0000E+00  0.0000E+00  0.0000E+00  0.0000E+00  0.0000E+00  0.0000E+00
         NaN  0.3849E-02  0.2248E-02  0.4908E-03  0.6632E-04  0.2976E-04  0.2143E-04  0.6614E-05  0.3033E-05  0.5100E-06  0.0000E+00  0.0000E+00  0.0000E+00  0.0000E+00  0.0000E+00
         NaN  0.1739E-02  0.9875E-03  0.2673E-03  0.4484E-04  0.2166E-04  0.1605E-04  0.5769E-05  0.3279E-05  0.1147E-05  0.1137E-06  0.0000E+00  0.0000E+00  0.0000E+00  0.0000E+00
         NaN  0.2050E-01  0.1091E-01  0.1707E-02  0.1773E-03  0.7076E-04  0.4681E-04  0.7117E-05  0.1132E-05  0.0000E+00  0.0000E+00  0.0000E+00  0.0000E+00  0.0000E+00  0.0000E+00
         NaN  0.8798E-02  0.5137E-02  0.1122E-02  0.1516E-03  0.6803E-04  0.4899E-04  0.1512E-04  0.6933E-05  0.1166E-05  0.0000E+00  0.0000E+00  0.0000E+00  0.0000E+00  0.0000E+00
         NaN  0.3975E-02  0.2257E-02  0.6109E-03  0.1025E-03  0.4950E-04  0.3669E-04  0.1319E-04  0.7496E-05  0.2621E-05  0.2600E-06  0.0000E+00  0.0000E+00  0.0000E+00  0.0000E+00
    4    1    1    1    1    9   15
         NaN  0.2962E-02  0.1839E-02  0.5233E-03  0.8827E-04  0.4258E-04  0.3159E-04  0.1134E-04  0.6386E-05  0.2176E-05  0.2349E-06  0.0000E+00  0.0000E+00  0.0000E+00  0.0000E+00
         NaN  0.1462E-02  0.8533E-03  0.2853E-03  0.6158E-04  0.3203E-04  0.2449E-04  0.9719E-05  0.5847E-05  0.2551E-05  0.7173E-06  0.1878E-07  0.0000E+00  0.0000E+00  0.0000E+00
         NaN  0.7860E-03  0.4143E-03  0.1365E-03  0.3548E-04  0.1963E-04  0.1536E-04  0.6586E-05  0.4128E-05  0.1922E-05  0.6924E-06  0.1057E-06  0.1613E-08  0.0000E+00  0.0000E+00
         NaN  0.1037E-01  0.6437E-02  0.1832E-02  0.3090E-03  0.1490E-03  0.1106E-03  0.3970E-04  0.2235E-04  0.7614E-05  0.8222E-06  0.0000E+00  0.0000E+00  0.0000E+00  0.0000E+00
         NaN  0.5117E-02  0.2986E-02  0.9984E-03  0.2155E-03  0.1121E-03  0.8572E-04  0.3402E-04  0.2046E-04  0.8929E-05  0.2510E-05  0.6575E-07  0.0000E+00  0.0000E+00  0.0000E+00
         NaN  0.2751E-02  0.1450E-02  0.4778E-03  0.1242E-03  0.6871E-04  0.5376E-04  0.2305E-04  0.1445E-04  0.6726E-05  0.2424E-05  0.3701E-06  0.5644E-08  0.0000E+00  0.0000E+00
         NaN  0.2369E-01  0.1471E-01  0.4187E-02  0.7062E-03  0.3407E-03  0.2527E-03  0.9074E-04  0.5109E-04  0.1740E-04  0.1879E-05  0.0000E+00  0.0000E+00  0.0000E+00  0.0000E+00
         NaN  0.1170E-01  0.6826E-02  0.2282E-02  0.4927E-03  0.2562E-03  0.1959E-03  0.7775E-04  0.4678E-04  0.2041E-04  0.5738E-05  0.1503E-06  0.0000E+00  0.0000E+00  0.0000E+00
         NaN  0.6288E-02  0.3315E-02  0.1092E-02  0.2838E-03  0.1571E-03  0.1229E-03  0.5269E-04  0.3303E-04  0.1537E-04  0.5539E-05  0.8459E-06  0.1290E-07  0.0000E+00  0.0000E+00
    5    1    1    1    1    9   15
         NaN  0.5114E-02  0.2952E-02  0.1089E-02  0.2913E-03  0.1619E-03  0.1268E-03  0.5443E-04  0.3413E-04  0.1592E-04  0.5728E-05  0.8798E-06  0.1249E-07  0.0000E+00  0.0000E+00
         NaN  0.2768E-02  0.1452E-02  0.4776E-03  0.1461E-03  0.8670E-04  0.6959E-04  0.3218E-04  0.2098E-04  0.1045E-04  0.4081E-05  0.1022E-05  0.2019E-06  0.0000E+00  0.0000E+00
         NaN  0.1590E-02  0.7827E-03  0.2173E-03  0.6612E-04  0.4085E-04  0.3337E-04  0.1635E-04  0.1097E-04  0.5720E-05  0.2387E-05  0.6746E-06  0.2125E-06  0.8041E-08  0.0000E+00
         NaN  0.1790E-01  0.1033E-01  0.3811E-02  0.1020E-02  0.5667E-03  0.4438E-03  0.1905E-03  0.1194E-03  0.5571E-04  0.2005E-04  0.3079E-05  0.4373E-07  0.0000E+00  0.0000E+00
         NaN  0.9690E-02  0.5080E-02  0.1671E-02  0.5112E-03  0.3035E-03  0.2436E-03  0.1126E-03  0.7344E-04  0.3658E-04  0.1428E-04  0.3575E-05  0.7068E-06  0.0000E+00  0.0000E+00
         NaN  0.5564E-02  0.2739E-02  0.7606E-03  0.2314E-03  0.1430E-03  0.1168E-03  0.5724E-04  0.3840E-04  0.2002E-04  0.8355E-05  0.2361E-05  0.7438E-06  0.2814E-07  0.0000E+00
         NaN  0.4091E-01  0.2362E-01  0.8711E-02  0.2330E-02  0.1295E-02  0.1014E-02  0.4355E-03  0.2730E-03  0.1273E-03  0.4582E-04  0.7039E-05  0.9994E-07  0.0000E+00  0.0000E+00
         NaN  0.2215E-01  0.1161E-01  0.3820E-02  0.1169E-02  0.6936E-03  0.5567E-03  0.2574E-03  0.1679E-03  0.8361E-04  0.3265E-04  0.8173E-05  0.1616E-05  0.0000E+00  0.0000E+00
         NaN  0.1272E-01  0.6262E-02  0.1739E-02  0.5289E-03  0.3268E-03  0.2670E-03  0.1308E-03  0.8778E-04  0.4576E-04  0.1910E-04  0.5397E-05  0.1700E-05  0.6433E-07  0.0000E+00
    6    1    1    1    1    9   15
         NaN  0.6011E-02  0.3360E-02  0.1214E-02  0.3479E-03  0.1987E-03  0.1572E-03  0.6953E-04  0.4431E-04  0.2119E-04  0.7937E-05  0.1600E-05  0.1233E-06  0.0000E+00  0.0000E+00
         NaN  0.3362E-02  0.1729E-02  0.5375E-03  0.1635E-03  0.9809E-04  0.7908E-04  0.3709E-04  0.2434E-04  0.1226E-04  0.4867E-05  0.1276E-05  0.3081E-06  0.0000E+00  0.0000E+00
         NaN  0.1988E-02  0.9728E-03  0.2574E-03  0.7379E-04  0.4519E-04  0.3684E-04  0.1799E-04  0.1206E-04  0.6280E-05  0.2627E-05  0.7423E-06  0.2418E-06  0.1453E-07  0.0000E+00
         NaN  0.2104E-01  0.1176E-01  0.4250E-02  0.1218E-02  0.6955E-03  0.5501E-03  0.2434E-03  0.1551E-03  0.7418E-04  0.2778E-04  0.5599E-05  0.4317E-06  0.0000E+00  0.0000E+00
         NaN  0.1177E-01  0.6053E-02  0.1881E-02  0.5724E-03  0.3433E-03  0.2768E-03  0.1298E-03  0.8519E-04  0.4292E-04  0.1703E-04  0.4466E-05  0.1078E-05  0.0000E+00  0.0000E+00
         NaN  0.6957E-02  0.3405E-02  0.9007E-03  0.2583E-03  0.1582E-03  0.1289E-03  0.6298E-04  0.4220E-04  0.2198E-04  0.9196E-05  0.2598E-05  0.8461E-06  0.5085E-07  0.0000E+00
         NaN  0.4809E-01  0.2688E-01  0.9715E-02  0.2783E-02  0.1590E-02  0.1257E-02  0.5562E-03  0.3545E-03  0.1696E-03  0.6349E-04  0.1280E-04  0.9867E-06  0.0000E+00  0.0000E+00
         NaN  0.2689E-01  0.1383E-01  0.4300E-02  0.1308E-02  0.7848E-03  0.6327E-03  0.2967E-03  0.1947E-03  0.9809E-04  0.3894E-04  0.1021E-04  0.2464E-05  0.0000E+00  0.0000E+00
         NaN  0.1590E-01  0.7782E-02  0.2059E-02  0.5903E-03  0.3615E-03  0.2947E-03  0.1439E-03  0.9646E-04  0.5024E-04  0.2102E-04  0.5938E-05  0.1934E-05  0.1162E-06  0.0000E+00
    7    1    1    1    1    9   15
         NaN  0.3605E-02  0.2282E-02  0.6866E-03  0.1209E-03  0.5904E-04  0.4400E-04  0.1606E-04  0.9209E-05  0.3339E-05  0.4398E-06  0.0000E+00  0.0000E+00  0.0000E+00  0.0000E+00
         NaN  0.1746E-02  0.1026E-02  0.3499E-03  0.7718E-04  0.4035E-04  0.3091E-04  0.1235E-04  0.7449E-05  0.3286E-05  0.9596E-06  0.3041E-07  0.0000E+00  0.0000E+00  0.0000E+00
         NaN  0.9286E-03  0.4920E-03  0.1611E-03  0.4200E-04  0.2328E-04  0.1822E-04  0.7831E-05  0.4918E-05  0.2295E-05  0.8306E-06  0.1338E-06  0.2714E-08  0.0000E+00  0.0000E+00
         NaN  0.1262E-01  0.7988E-02  0.2403E-02  0.4230E-03  0.2066E-03  0.1540E-03  0.5621E-04  0.3223E-04  0.1169E-04  0.1539E-05  0.0000E+00  0.0000E+00  0.0000E+00  0.0000E+00
         NaN  0.6109E-02  0.3591E-02  0.1225E-02  0.2701E-03  0.1412E-03  0.1082E-03  0.4321E-04  0.2607E-04  0.1150E-04  0.3359E-05  0.1064E-06  0.0000E+00  0.0000E+00  0.0000E+00
         NaN  0.3250E-02  0.1722E-02  0.5637E-03  0.1470E-03  0.8148E-04  0.6378E-04  0.2741E-04  0.1721E-04  0.8033E-05  0.2907E-05  0.4683E-06  0.9498E-08  0.0000E+00  0.0000E+00
         NaN  0.2884E-01  0.1826E-01  0.5493E-02  0.9669E-03  0.4723E-03  0.3520E-03  0.1285E-03  0.7367E-04  0.2671E-04  0.3518E-05  0.0000E+00  0.0000E+00  0.0000E+00  0.0000E+00
         NaN  0.1396E-01  0.8209E-02  0.2799E-02  0.6174E-03  0.3228E-03  0.2473E-03  0.9876E-04  0.5959E-04  0.2629E-04  0.7677E-05  0.2433E-06  0.0000E+00  0.0000E+00  0.0000E+00
         NaN  0.7429E-02  0.3936E-02  0.1288E-02  0.3360E-03  0.1862E-03  0.1458E-03  0.6265E-04  0.3935E-04  0.1836E-04  0.6645E-05  0.1070E-05  0.2171E-07  0.0000E+00  0.0000E+00
    8    1    1    1    1    9   15
         NaN  0.2751E-02  0.1652E-02  0.3561E-03  0.4697E-04  0.2087E-04  0.1500E-04  0.4468E-05  0.1944E-05  0.2480E-06  0.0000E+00  0.0000E+00  0.0000E+00  0.0000E+00  0.0000E+00
         NaN  0.1288E-02  0.7773E-03  0.2142E-03  0.3536E-04  0.1696E-04  0.1255E-04  0.4476E-05  0.2503E-05  0.8258E-06  0.6935E-07  0.0000E+00  0.0000E+00  0.0000E+00  0.0000E+00
         NaN  0.6461E-03  0.3621E-03  0.1115E-03  0.2234E-04  0.1138E-04  0.8638E-05  0.3332E-05  0.1976E-05  0.8386E-06  0.2067E-06  0.0000E+00  0.0000E+00  0.0000E+00  0.0000E+00
         NaN  0.9627E-02  0.5781E-02  0.1246E-02  0.1644E-03  0.7304E-04  0.5249E-04  0.1564E-04  0.6805E-05  0.8679E-06  0.0000E+00  0.0000E+00  0.0000E+00  0.0000E+00  0.0000E+00
         NaN  0.4506E-02  0.2720E-02  0.7498E-03  0.1238E-03  0.5935E-04  0.4392E-04  0.1566E-04  0.8761E-05  0.2890E-05  0.2427E-06  0.0000E+00  0.0000E+00  0.0000E+00  0.0000E+00
         NaN  0.2261E-02  0.1267E-02  0.3904E-03  0.7817E-04  0.3984E-04  0.3023E-04  0.1166E-04  0.6917E-05  0.2935E-05  0.7234E-06  0.0000E+00  0.0000E+00  0.0000E+00  0.0000E+00
         NaN  0.2201E-01  0.1321E-01  0.2849E-02  0.3758E-03  0.1670E-03  0.1200E-03  0.3574E-04  0.1555E-04  0.1984E-05  0.0000E+00  0.0000E+00  0.0000E+00  0.0000E+00  0.0000E+00
         NaN  0.1030E-01  0.6218E-02  0.1714E-02  0.2829E-03  0.1356E-03  0.1004E-03  0.3580E-04  0.2002E-04  0.6606E-05  0.5548E-06  0.0000E+00  0.0000E+00  0.0000E+00  0.0000E+00
         NaN  0.5169E-02  0.2897E-02  0.8924E-03  0.1787E-03  0.9106E-04  0.6910E-04  0.2665E-04  0.1581E-04  0.6708E-05  0.1653E-05  0.0000E+00  0.0000E+00  0.0000E+00  0.0000E+00
    9    1    1    1    1    9   15
         NaN  0.1680E-02  0.1109E-02  0.2411E-03  0.3156E-04  0.1388E-04  0.9864E-05  0.2751E-05  0.1190E-05  0.1839E-06  0.0000E+00  0.0000E+00  0.0000E+00  0.0000E+00  0.0000E+00
         NaN  0.9940E-03  0.7427E-03  0.2212E-03  0.3649E-04  0.1744E-04  0.1289E-04  0.4495E-05  0.2435E-05  0.7734E-06  0.8156E-07  0.0000E+00  0.0000E+00  0.0000E+00  0.0000E+00
         NaN  0.5768E-03  0.4648E-03  0.1836E-03  0.3894E-04  0.2006E-04  0.1527E-04  0.5977E-05  0.3551E-05  0.1478E-05  0.3731E-06  0.1235E-07  0.0000E+00  0.0000E+00  0.0000E+00
         NaN  0.9241E-03  0.6099E-03  0.1326E-03  0.1736E-04  0.7634E-05  0.5425E-05  0.1513E-05  0.6542E-06  0.1011E-06  0.0000E+00  0.0000E+00  0.0000E+00  0.0000E+00  0.0000E+00
         NaN  0.5467E-03  0.4085E-03  0.1216E-03  0.2007E-04  0.9594E-05  0.7091E-05  0.2472E-05  0.1339E-05  0.4254E-06  0.4486E-07  0.0000E+00  0.0000E+00  0.0000E+00  0.0000E+00
         NaN  0.3173E-03  0.2556E-03  0.1010E-03  0.2142E-04  0.1103E-04  0.8397E-05  0.3287E-05  0.1953E-05  0.8127E-06  0.2052E-06  0.6793E-08  0.0000E+00  0.0000E+00  0.0000E+00
         NaN  0.1680E-03  0.1109E-03  0.2411E-04  0.3156E-05  0.1388E-05  0.9864E-06  0.2751E-06  0.1190E-06  0.1839E-07  0.0000E+00  0.0000E+00  0.0000E+00  0.0000E+00  0.0000E+00
         NaN  0.9940E-04  0.7427E-04  0.2212E-04  0.3649E-05  0.1744E-05  0.1289E-05  0.4495E-06  0.2435E-06  0.7734E-07  0.8156E-08  0.0000E+00  0.0000E+00  0.0000E+00  0.0000E+00
         NaN  0.5768E-04  0.4648E-04  0.1836E-04  0.3894E-05  0.2006E-05  0.1527E-05  0.5977E-06  0.3551E-06  0.1478E-06  0.3731E-07  0.1235E-08  0.0000E+00  0.0000E+00  0.0000E+00
   10    1    1    1    1    1   15
         NaN  0.1345E-02  0.4610E-03  0.4378E-04  0.3248E-05  0.1102E-05  0.6914E-06  0.1125E-06  0.3023E-07  0.4262E-09  0.0000E+00  0.0000E+00  0.0000E+00  0.0000E+00  0.0000E+00
   11    1    1    1    1    1   15
         NaN  0.3058E-02  0.1114E-02  0.1096E-03  0.8021E-05  0.2662E-05  0.1613E-05  0.1725E-06  0.1206E-07  0.0000E+00  0.0000E+00  0.0000E+00  0.0000E+00  0.0000E+00  0.0000E+00
   12    1    1    1    1    1   15
         NaN  0.2003E-02  0.6253E-03  0.4865E-04  0.2718E-05  0.7507E-06  0.4171E-06  0.2843E-07  0.2014E-08  0.0000E+00  0.0000E+00  0.0000E+00  0.0000E+00  0.0000E+00  0.0000E+00
   13    1    1    1    1    1   15
         NaN  0.1893E-02  0.6015E-03  0.4635E-04  0.2356E-05  0.5551E-06  0.2757E-06  0.5786E-08  0.0000E+00  0.0000E+00  0.0000E+00  0.0000E+00  0.0000E+00  0.0000E+00  0.0000E+00
   14    1    1    1    1    1   15
         NaN  0.1336E-02  0.4793E-03  0.4718E-04  0.3373E-05  0.1100E-05  0.6755E-06  0.9661E-07  0.2419E-07  0.4097E-09  0.0000E+00  0.0000E+00  0.0000E+00  0.0000E+00  0.0000E+00
   15    1    1    1    1    1   15
         NaN  0.3347E-02  0.1398E-02  0.1953E-03  0.2171E-04  0.9172E-05  0.6444E-05  0.1872E-05  0.9218E-06  0.2695E-06  0.3995E-07  0.4597E-09  0.0000E+00  0.0000E+00  0.0000E+00
   16    1    1    1    1    1   15
         NaN  0.3399E-02  0.1011E-02  0.7642E-04  0.4343E-05  0.1287E-05  0.7442E-06  0.6441E-07  0.5829E-08  0.0000E+00  0.0000E+00  0.0000E+00  0.0000E+00  0.0000E+00  0.0000E+00
   17    1    1    1    1    1   15
         NaN  0.8090E-03  0.2607E-03  0.2019E-04  0.9527E-06  0.1879E-06  0.8226E-07  0.5057E-09  0.0000E+00  0.0000E+00  0.0000E+00  0.0000E+00  0.0000E+00  0.0000E+00  0.0000E+00
   18    1    1    1    1    1   15
         NaN  0.2275E-02  0.8373E-03  0.9400E-04  0.8351E-05  0.3195E-05  0.2136E-05  0.4848E-06  0.1924E-06  0.2859E-07  0.3811E-10  0.0000E+00  0.0000E+00  0.0000E+00  0.0000E+00
   19    1    1    1    1    1   15
         NaN  0.5522E-04  0.8719E-05  0.1498E-07  0.0000E+00  0.0000E+00  0.0000E+00  0.0000E+00  0.0000E+00  0.0000E+00  0.0000E+00  0.0000E+00  0.0000E+00  0.0000E+00  0.0000E+00
   20    1    1    1    1    1   15
         NaN  0.6423E-03  0.1418E-03  0.4542E-05  0.1833E-07  0.1081E-09  0.0000E+00  0.0000E+00  0.0000E+00  0.0000E+00  0.0000E+00  0.0000E+00  0.0000E+00  0.0000E+00  0.0000E+00
   21    1    1    1    1    1   15
         NaN  0.4581E-03  0.1070E-03  0.4132E-05  0.4894E-07  0.3336E-08  0.5238E-09  0.0000E+00  0.0000E+00  0.0000E+00  0.0000E+00  0.0000E+00  0.0000E+00  0.0000E+00  0.0000E+00
   22    1    1    1    1    1   15
         NaN  0.1392E-02  0.4245E-03  0.3176E-04  0.1669E-05  0.4748E-06  0.2757E-06  0.3347E-07  0.7873E-08  0.2030E-09  0.0000E+00  0.0000E+00  0.0000E+00  0.0000E+00  0.0000E+00
   23    1    1    1    1    1   15
         NaN  0.2744E-03  0.6843E-04  0.3115E-05  0.8667E-08  0.0000E+00  0.0000E+00  0.0000E+00  0.0000E+00  0.0000E+00  0.0000E+00  0.0000E+00  0.0000E+00  0.0000E+00  0.0000E+00
   24    1    1    1    1    1   15
         NaN  0.1018E-02  0.2546E-03  0.1228E-04  0.2606E-06  0.2997E-07  0.8749E-08  0.0000E+00  0.0000E+00  0.0000E+00  0.0000E+00  0.0000E+00  0.0000E+00  0.0000E+00  0.0000E+00
   25    1    1    1    1    1   15
         NaN  0.4109E-04  0.4973E-05  0.1802E-10  0.0000E+00  0.0000E+00  0.0000E+00  0.0000E+00  0.0000E+00  0.0000E+00  0.0000E+00  0.0000E+00  0.0000E+00  0.0000E+00  0.0000E+00
   26    1    1    1    1    1   15
         NaN  0.1871E-02  0.7583E-03  0.9668E-04  0.9303E-05  0.3632E-05  0.2443E-05  0.5257E-06  0.1800E-06  0.1407E-07  0.0000E+00  0.0000E+00  0.0000E+00  0.0000E+00  0.0000E+00
   27    1    1    1    1    1   15
         NaN  0.4912E-02  0.1362E-02  0.8248E-04  0.2966E-05  0.5250E-06  0.2170E-06  0.9386E-09  0.0000E+00  0.0000E+00  0.0000E+00  0.0000E+00  0.0000E+00  0.0000E+00  0.0000E+00
   28    1    1    1    1    1   15
         NaN  0.8413E-03  0.2343E-03  0.1345E-04  0.1955E-06  0.2561E-10  0.0000E+00  0.0000E+00  0.0000E+00  0.0000E+00  0.0000E+00  0.0000E+00  0.0000E+00  0.0000E+00  0.0000E+00
   29    1    1    1    1    1   15
         NaN  0.2336E-03  0.4316E-04  0.4316E-06  0.0000E+00  0.0000E+00  0.0000E+00  0.0000E+00  0.0000E+00  0.0000E+00  0.0000E+00  0.0000E+00  0.0000E+00  0.0000E+00  0.0000E+00
   30    1    1    1    1    1   15
         NaN  0.7696E-03  0.3975E-03  0.5821E-04  0.5731E-05  0.2177E-05  0.1389E-05  0.1641E-06  0.1239E-07  0.0000E+00  0.0000E+00  0.0000E+00  0.0000E+00  0.0000E+00  0.0000E+00
   31    1    1    1    1    1   15
         NaN  0.3612E-03  0.2012E-03  0.4016E-04  0.5118E-05  0.2245E-05  0.1602E-05  0.4542E-06  0.1921E-06  0.2300E-07  0.0000E+00  0.0000E+00  0.0000E+00  0.0000E+00  0.0000E+00
   32    1    1    1    1    1   15
         NaN  0.7437E-03  0.4159E-03  0.8565E-04  0.1129E-04  0.5018E-05  0.3590E-05  0.1064E-05  0.4825E-06  0.8772E-07  0.0000E+00  0.0000E+00  0.0000E+00  0.0000E+00  0.0000E+00
   33    1    1    1    1    1   15
         NaN  0.1583E-02  0.9108E-03  0.2734E-03  0.5124E-04  0.2558E-04  0.1925E-04  0.7234E-05  0.4198E-05  0.1656E-05  0.3384E-06  0.0000E+00  0.0000E+00  0.0000E+00  0.0000E+00
