             33   nFlt, nWidth
    1    1    1    1    1    1    1    1    1    1    1    1    1    1    1    1    1    1    1    1
    1    1    1    1    1    1    1    1    1    1    1    1    1
  1.000000
    1  Kamag_Areal                                     segment fault name              
   25    9  nMag, nParamVar
  0.040000  0.120000  0.040000  0.120000  0.360000  0.120000  0.040000  0.120000  0.040000
   1   1   4.050  0.7388E-04  0.7206E-04  0.7148E-04  0.3293E-03  0.3212E-03  0.3186E-03  0.1050E-02  0.1024E-02  0.1015E-02
   1   1   4.150  0.5923E-04  0.5777E-04  0.5731E-04  0.2640E-03  0.2575E-03  0.2554E-03  0.8414E-03  0.8207E-03  0.8141E-03
   1   1   4.250  0.4748E-04  0.4631E-04  0.4594E-04  0.2116E-03  0.2064E-03  0.2048E-03  0.6745E-03  0.6580E-03  0.6526E-03
   1   1   4.350  0.3807E-04  0.3713E-04  0.3683E-04  0.1697E-03  0.1655E-03  0.1641E-03  0.5408E-03  0.5275E-03  0.5232E-03
   1   1   4.450  0.3052E-04  0.2977E-04  0.2953E-04  0.1360E-03  0.1327E-03  0.1316E-03  0.4335E-03  0.4229E-03  0.4194E-03
   1   1   4.550  0.2446E-04  0.2386E-04  0.2367E-04  0.1090E-03  0.1064E-03  0.1055E-03  0.3475E-03  0.3390E-03  0.3363E-03
   1   1   4.650  0.1961E-04  0.1913E-04  0.1898E-04  0.8741E-04  0.8526E-04  0.8457E-04  0.2786E-03  0.2718E-03  0.2696E-03
   1   1   4.750  0.1572E-04  0.1534E-04  0.1521E-04  0.7007E-04  0.6835E-04  0.6780E-04  0.2234E-03  0.2179E-03  0.2161E-03
   1   1   4.850  0.1260E-04  0.1229E-04  0.1220E-04  0.5618E-04  0.5480E-04  0.5435E-04  0.1791E-03  0.1747E-03  0.1733E-03
   1   1   4.950  0.1010E-04  0.9856E-05  0.9777E-05  0.4504E-04  0.4393E-04  0.4357E-04  0.1436E-03  0.1400E-03  0.1389E-03
   1   1   5.050  0.8101E-05  0.7902E-05  0.7838E-05  0.3610E-04  0.3522E-04  0.3493E-04  0.1151E-03  0.1123E-03  0.1113E-03
   1   1   5.150  0.6494E-05  0.6335E-05  0.6283E-05  0.2894E-04  0.2823E-04  0.2800E-04  0.9226E-04  0.8999E-04  0.8926E-04
   1   1   5.250  0.5206E-05  0.5078E-05  0.5037E-05  0.2320E-04  0.2263E-04  0.2245E-04  0.7396E-04  0.7214E-04  0.7156E-04
   1   1   5.350  0.4174E-05  0.4071E-05  0.4038E-05  0.1860E-04  0.1814E-04  0.1800E-04  0.5929E-04  0.5784E-04  0.5737E-04
   1   1   5.450  0.3346E-05  0.3264E-05  0.3237E-05  0.1491E-04  0.1455E-04  0.1443E-04  0.4753E-04  0.4637E-04  0.4599E-04
   1   1   5.550  0.2682E-05  0.2616E-05  0.2595E-05  0.1196E-04  0.1166E-04  0.1157E-04  0.3811E-04  0.3717E-04  0.3687E-04
   1   1   5.650  0.0000E+00  0.2098E-05  0.2081E-05  0.0000E+00  0.9349E-05  0.9273E-05  0.0000E+00  0.2980E-04  0.2956E-04
   1   1   5.750  0.0000E+00  0.1682E-05  0.1668E-05  0.0000E+00  0.7495E-05  0.7434E-05  0.0000E+00  0.2389E-04  0.2370E-04
   1   1   5.850  0.0000E+00  0.1348E-05  0.1337E-05  0.0000E+00  0.6008E-05  0.5960E-05  0.0000E+00  0.1915E-04  0.1900E-04
   1   1   5.950  0.0000E+00  0.1081E-05  0.1072E-05  0.0000E+00  0.4817E-05  0.4778E-05  0.0000E+00  0.1535E-04  0.1523E-04
   1   1   6.050  0.0000E+00  0.8664E-06  0.8594E-06  0.0000E+00  0.3861E-05  0.3830E-05  0.0000E+00  0.1231E-04  0.1221E-04
   1   1   6.150  0.0000E+00  0.0000E+00  0.6890E-06  0.0000E+00  0.0000E+00  0.3071E-05  0.0000E+00  0.0000E+00  0.9788E-05
   1   1   6.250  0.0000E+00  0.0000E+00  0.5523E-06  0.0000E+00  0.0000E+00  0.2462E-05  0.0000E+00  0.0000E+00  0.7846E-05
   1   1   6.350  0.0000E+00  0.0000E+00  0.4428E-06  0.0000E+00  0.0000E+00  0.1973E-05  0.0000E+00  0.0000E+00  0.6290E-05
   1   1   6.450  0.0000E+00  0.0000E+00  0.3550E-06  0.0000E+00  0.0000E+00  0.1582E-05  0.0000E+00  0.0000E+00  0.5043E-05
  1.000000
    2  Shivta_Areal                                    segment fault name              
   25    9  nMag, nParamVar
  0.040000  0.120000  0.040000  0.120000  0.360000  0.120000  0.040000  0.120000  0.040000
   2   1   4.050  0.6956E-04  0.6785E-04  0.6730E-04  0.3293E-03  0.3212E-03  0.3186E-03  0.1029E-02  0.1004E-02  0.9956E-03
   2   1   4.150  0.5576E-04  0.5439E-04  0.5395E-04  0.2640E-03  0.2575E-03  0.2554E-03  0.8249E-03  0.8046E-03  0.7981E-03
   2   1   4.250  0.4470E-04  0.4361E-04  0.4325E-04  0.2116E-03  0.2064E-03  0.2048E-03  0.6613E-03  0.6451E-03  0.6398E-03
   2   1   4.350  0.3584E-04  0.3496E-04  0.3468E-04  0.1697E-03  0.1655E-03  0.1641E-03  0.5302E-03  0.5171E-03  0.5130E-03
   2   1   4.450  0.2873E-04  0.2802E-04  0.2780E-04  0.1360E-03  0.1327E-03  0.1316E-03  0.4250E-03  0.4146E-03  0.4112E-03
   2   1   4.550  0.2303E-04  0.2247E-04  0.2229E-04  0.1090E-03  0.1064E-03  0.1055E-03  0.3407E-03  0.3323E-03  0.3297E-03
   2   1   4.650  0.1847E-04  0.1801E-04  0.1787E-04  0.8741E-04  0.8526E-04  0.8457E-04  0.2732E-03  0.2664E-03  0.2643E-03
   2   1   4.750  0.1480E-04  0.1444E-04  0.1432E-04  0.7007E-04  0.6835E-04  0.6780E-04  0.2190E-03  0.2136E-03  0.2119E-03
   2   1   4.850  0.1187E-04  0.1158E-04  0.1148E-04  0.5618E-04  0.5480E-04  0.5435E-04  0.1756E-03  0.1712E-03  0.1699E-03
   2   1   4.950  0.9514E-05  0.9280E-05  0.9205E-05  0.4504E-04  0.4393E-04  0.4357E-04  0.1407E-03  0.1373E-03  0.1362E-03
   2   1   5.050  0.7627E-05  0.7439E-05  0.7379E-05  0.3610E-04  0.3522E-04  0.3493E-04  0.1128E-03  0.1101E-03  0.1092E-03
   2   1   5.150  0.6114E-05  0.5964E-05  0.5916E-05  0.2894E-04  0.2823E-04  0.2800E-04  0.9045E-04  0.8823E-04  0.8751E-04
   2   1   5.250  0.4902E-05  0.4781E-05  0.4743E-05  0.2320E-04  0.2263E-04  0.2245E-04  0.7251E-04  0.7073E-04  0.7016E-04
   2   1   5.350  0.3930E-05  0.3833E-05  0.3802E-05  0.1860E-04  0.1814E-04  0.1800E-04  0.5813E-04  0.5670E-04  0.5624E-04
   2   1   5.450  0.3150E-05  0.3073E-05  0.3048E-05  0.1491E-04  0.1455E-04  0.1443E-04  0.4660E-04  0.4546E-04  0.4509E-04
   2   1   5.550  0.2526E-05  0.2463E-05  0.2444E-05  0.1196E-04  0.1166E-04  0.1157E-04  0.3736E-04  0.3644E-04  0.3615E-04
   2   1   5.650  0.0000E+00  0.1975E-05  0.1959E-05  0.0000E+00  0.9349E-05  0.9273E-05  0.0000E+00  0.2921E-04  0.2898E-04
   2   1   5.750  0.0000E+00  0.1583E-05  0.1570E-05  0.0000E+00  0.7495E-05  0.7434E-05  0.0000E+00  0.2342E-04  0.2323E-04
   2   1   5.850  0.0000E+00  0.1269E-05  0.1259E-05  0.0000E+00  0.6008E-05  0.5960E-05  0.0000E+00  0.1878E-04  0.1862E-04
   2   1   5.950  0.0000E+00  0.1018E-05  0.1009E-05  0.0000E+00  0.4817E-05  0.4778E-05  0.0000E+00  0.1505E-04  0.1493E-04
   2   1   6.050  0.0000E+00  0.8157E-06  0.8091E-06  0.0000E+00  0.3861E-05  0.3830E-05  0.0000E+00  0.1207E-04  0.1197E-04
   2   1   6.150  0.0000E+00  0.0000E+00  0.6487E-06  0.0000E+00  0.0000E+00  0.3071E-05  0.0000E+00  0.0000E+00  0.9596E-05
   2   1   6.250  0.0000E+00  0.0000E+00  0.5200E-06  0.0000E+00  0.0000E+00  0.2462E-05  0.0000E+00  0.0000E+00  0.7693E-05
   2   1   6.350  0.0000E+00  0.0000E+00  0.4169E-06  0.0000E+00  0.0000E+00  0.1973E-05  0.0000E+00  0.0000E+00  0.6167E-05
   2   1   6.450  0.0000E+00  0.0000E+00  0.3342E-06  0.0000E+00  0.0000E+00  0.1582E-05  0.0000E+00  0.0000E+00  0.4944E-05
  1.000000
    3  Kinarot_Linear                                          segment fault name      
   36    9  nMag, nParamVar
  0.040000  0.120000  0.040000  0.120000  0.360000  0.120000  0.040000  0.120000  0.040000
   3   1   4.050  0.1075E-01  0.6868E-02  0.4390E-02  0.3761E-01  0.2404E-01  0.1536E-01  0.8596E-01  0.5494E-01  0.3512E-01
   3   1   4.150  0.8614E-02  0.5506E-02  0.3519E-02  0.3015E-01  0.1927E-01  0.1232E-01  0.6891E-01  0.4405E-01  0.2815E-01
   3   1   4.250  0.6906E-02  0.4414E-02  0.2821E-02  0.2417E-01  0.1545E-01  0.9874E-02  0.5525E-01  0.3531E-01  0.2257E-01
   3   1   4.350  0.5536E-02  0.3539E-02  0.2262E-02  0.1938E-01  0.1238E-01  0.7916E-02  0.4429E-01  0.2831E-01  0.1809E-01
   3   1   4.450  0.4438E-02  0.2837E-02  0.1813E-02  0.1553E-01  0.9929E-02  0.6346E-02  0.3551E-01  0.2269E-01  0.1450E-01
   3   1   4.550  0.3558E-02  0.2274E-02  0.1454E-02  0.1245E-01  0.7960E-02  0.5087E-02  0.2847E-01  0.1819E-01  0.1163E-01
   3   1   4.650  0.2852E-02  0.1823E-02  0.1165E-02  0.9984E-02  0.6381E-02  0.4078E-02  0.2282E-01  0.1459E-01  0.9322E-02
   3   1   4.750  0.2287E-02  0.1462E-02  0.9342E-03  0.8004E-02  0.5115E-02  0.3270E-02  0.1829E-01  0.1169E-01  0.7473E-02
   3   1   4.850  0.1833E-02  0.1172E-02  0.7489E-03  0.6416E-02  0.4101E-02  0.2621E-02  0.1467E-01  0.9374E-02  0.5991E-02
   3   1   4.950  0.1470E-02  0.9393E-03  0.6004E-03  0.5144E-02  0.3288E-02  0.2101E-02  0.1176E-01  0.7515E-02  0.4803E-02
   3   1   5.050  0.1178E-02  0.7530E-03  0.4813E-03  0.4124E-02  0.2636E-02  0.1685E-02  0.9426E-02  0.6024E-02  0.3850E-02
   3   1   5.150  0.9445E-03  0.6037E-03  0.3858E-03  0.3306E-02  0.2113E-02  0.1350E-02  0.7556E-02  0.4830E-02  0.3087E-02
   3   1   5.250  0.7572E-03  0.4840E-03  0.3093E-03  0.2650E-02  0.1694E-02  0.1083E-02  0.6058E-02  0.3872E-02  0.2475E-02
   3   1   5.350  0.6070E-03  0.3880E-03  0.2480E-03  0.2125E-02  0.1358E-02  0.8679E-03  0.4856E-02  0.3104E-02  0.1984E-02
   3   1   5.450  0.4867E-03  0.3110E-03  0.1988E-03  0.1703E-02  0.1089E-02  0.6958E-03  0.3893E-02  0.2488E-02  0.1590E-02
   3   1   5.550  0.3901E-03  0.2494E-03  0.1594E-03  0.1365E-02  0.8727E-03  0.5578E-03  0.3121E-02  0.1995E-02  0.1275E-02
   3   1   5.650  0.3128E-03  0.1999E-03  0.1278E-03  0.1095E-02  0.6997E-03  0.4472E-03  0.2502E-02  0.1599E-02  0.1022E-02
   3   1   5.750  0.2507E-03  0.1603E-03  0.1024E-03  0.8776E-03  0.5609E-03  0.3585E-03  0.2006E-02  0.1282E-02  0.8194E-03
   3   1   5.850  0.2010E-03  0.1285E-03  0.8211E-04  0.7035E-03  0.4497E-03  0.2874E-03  0.1608E-02  0.1028E-02  0.6569E-03
   3   1   5.950  0.1611E-03  0.1030E-03  0.6583E-04  0.5640E-03  0.3605E-03  0.2304E-03  0.1289E-02  0.8240E-03  0.5266E-03
   3   1   6.050  0.1292E-03  0.8257E-04  0.5277E-04  0.4522E-03  0.2890E-03  0.1847E-03  0.1034E-02  0.6606E-03  0.4222E-03
   3   1   6.150  0.1036E-03  0.6619E-04  0.4231E-04  0.3625E-03  0.2317E-03  0.1481E-03  0.8285E-03  0.5296E-03  0.3385E-03
   3   1   6.250  0.8303E-04  0.5307E-04  0.3392E-04  0.2906E-03  0.1857E-03  0.1187E-03  0.6642E-03  0.4245E-03  0.2713E-03
   3   1   6.350  0.1160E-03  0.4254E-04  0.2719E-04  0.4060E-03  0.1489E-03  0.9517E-04  0.9280E-03  0.3403E-03  0.2175E-03
   3   1   6.450  0.5545E-03  0.3411E-04  0.2180E-04  0.1941E-02  0.1194E-03  0.7629E-04  0.4436E-02  0.2728E-03  0.1744E-03
   3   1   6.550  0.5545E-03  0.2734E-04  0.1747E-04  0.1941E-02  0.9569E-04  0.6116E-04  0.4436E-02  0.2187E-03  0.1398E-03
   3   1   6.650  0.5545E-03  0.2192E-04  0.1401E-04  0.1941E-02  0.7672E-04  0.4903E-04  0.4436E-02  0.1754E-03  0.1121E-03
   3   1   6.750  0.5545E-03  0.8924E-04  0.1123E-04  0.1941E-02  0.3123E-03  0.3931E-04  0.4436E-02  0.7139E-03  0.8985E-04
   3   1   6.850  0.4991E-03  0.1599E-03  0.9004E-05  0.1747E-02  0.5598E-03  0.3151E-04  0.3993E-02  0.1279E-02  0.7203E-04
   3   1   6.950  0.0000E+00  0.1599E-03  0.7218E-05  0.0000E+00  0.5598E-03  0.2526E-04  0.0000E+00  0.1279E-02  0.5774E-04
   3   1   7.050  0.0000E+00  0.1599E-03  0.5787E-05  0.0000E+00  0.5598E-03  0.2025E-04  0.0000E+00  0.1279E-02  0.4629E-04
   3   1   7.150  0.0000E+00  0.1599E-03  0.4202E-04  0.0000E+00  0.5598E-03  0.1471E-03  0.0000E+00  0.1279E-02  0.3362E-03
   3   1   7.250  0.0000E+00  0.7997E-04  0.4612E-04  0.0000E+00  0.2799E-03  0.1614E-03  0.0000E+00  0.6397E-03  0.3690E-03
   3   1   7.350  0.0000E+00  0.0000E+00  0.4612E-04  0.0000E+00  0.0000E+00  0.1614E-03  0.0000E+00  0.0000E+00  0.3690E-03
   3   1   7.450  0.0000E+00  0.0000E+00  0.4612E-04  0.0000E+00  0.0000E+00  0.1614E-03  0.0000E+00  0.0000E+00  0.3690E-03
   3   1   7.550  0.0000E+00  0.0000E+00  0.4612E-04  0.0000E+00  0.0000E+00  0.1614E-03  0.0000E+00  0.0000E+00  0.3690E-03
  1.000000
    4  Jericho_Vally_Linear                                            segment fault na
   38    9  nMag, nParamVar
  0.040000  0.120000  0.040000  0.120000  0.360000  0.120000  0.040000  0.120000  0.040000
   4   1   4.050  0.9790E-02  0.6415E-02  0.4151E-02  0.3427E-01  0.2245E-01  0.1453E-01  0.7832E-01  0.5132E-01  0.3321E-01
   4   1   4.150  0.7849E-02  0.5143E-02  0.3328E-02  0.2747E-01  0.1800E-01  0.1165E-01  0.6279E-01  0.4114E-01  0.2663E-01
   4   1   4.250  0.6292E-02  0.4123E-02  0.2668E-02  0.2202E-01  0.1443E-01  0.9338E-02  0.5034E-01  0.3298E-01  0.2134E-01
   4   1   4.350  0.5044E-02  0.3305E-02  0.2139E-02  0.1766E-01  0.1157E-01  0.7486E-02  0.4035E-01  0.2644E-01  0.1711E-01
   4   1   4.450  0.4044E-02  0.2650E-02  0.1715E-02  0.1415E-01  0.9274E-02  0.6002E-02  0.3235E-01  0.2120E-01  0.1372E-01
   4   1   4.550  0.3242E-02  0.2124E-02  0.1375E-02  0.1135E-01  0.7435E-02  0.4811E-02  0.2594E-01  0.1699E-01  0.1100E-01
   4   1   4.650  0.2599E-02  0.1703E-02  0.1102E-02  0.9096E-02  0.5960E-02  0.3857E-02  0.2079E-01  0.1362E-01  0.8816E-02
   4   1   4.750  0.2084E-02  0.1365E-02  0.8835E-03  0.7292E-02  0.4778E-02  0.3092E-02  0.1667E-01  0.1092E-01  0.7068E-02
   4   1   4.850  0.1670E-02  0.1094E-02  0.7083E-03  0.5846E-02  0.3831E-02  0.2479E-02  0.1336E-01  0.8756E-02  0.5666E-02
   4   1   4.950  0.1339E-02  0.8774E-03  0.5678E-03  0.4687E-02  0.3071E-02  0.1987E-02  0.1071E-01  0.7019E-02  0.4542E-02
   4   1   5.050  0.1074E-02  0.7034E-03  0.4552E-03  0.3757E-02  0.2462E-02  0.1593E-02  0.8588E-02  0.5627E-02  0.3642E-02
   4   1   5.150  0.8606E-03  0.5639E-03  0.3649E-03  0.3012E-02  0.1974E-02  0.1277E-02  0.6885E-02  0.4511E-02  0.2919E-02
   4   1   5.250  0.6899E-03  0.4521E-03  0.2926E-03  0.2415E-02  0.1582E-02  0.1024E-02  0.5519E-02  0.3617E-02  0.2340E-02
   4   1   5.350  0.5531E-03  0.3624E-03  0.2345E-03  0.1936E-02  0.1268E-02  0.8209E-03  0.4425E-02  0.2899E-02  0.1876E-02
   4   1   5.450  0.4434E-03  0.2905E-03  0.1880E-03  0.1552E-02  0.1017E-02  0.6581E-03  0.3547E-02  0.2324E-02  0.1504E-02
   4   1   5.550  0.3555E-03  0.2329E-03  0.1507E-03  0.1244E-02  0.8152E-03  0.5276E-03  0.2844E-02  0.1863E-02  0.1206E-02
   4   1   5.650  0.2850E-03  0.1867E-03  0.1208E-03  0.9974E-03  0.6535E-03  0.4229E-03  0.2280E-02  0.1494E-02  0.9667E-03
   4   1   5.750  0.2285E-03  0.1497E-03  0.9687E-04  0.7996E-03  0.5239E-03  0.3391E-03  0.1828E-02  0.1198E-02  0.7750E-03
   4   1   5.850  0.1831E-03  0.1200E-03  0.7766E-04  0.6410E-03  0.4200E-03  0.2718E-03  0.1465E-02  0.9600E-03  0.6213E-03
   4   1   5.950  0.1468E-03  0.9621E-04  0.6226E-04  0.5139E-03  0.3367E-03  0.2179E-03  0.1175E-02  0.7696E-03  0.4981E-03
   4   1   6.050  0.1177E-03  0.7713E-04  0.4991E-04  0.4120E-03  0.2699E-03  0.1747E-03  0.9417E-03  0.6170E-03  0.3993E-03
   4   1   6.150  0.9436E-04  0.6183E-04  0.4001E-04  0.3303E-03  0.2164E-03  0.1400E-03  0.7549E-03  0.4946E-03  0.3201E-03
   4   1   6.250  0.7565E-04  0.4957E-04  0.3208E-04  0.2648E-03  0.1735E-03  0.1123E-03  0.6052E-03  0.3965E-03  0.2566E-03
   4   1   6.350  0.6065E-04  0.3974E-04  0.2572E-04  0.2123E-03  0.1391E-03  0.9001E-04  0.4852E-03  0.3179E-03  0.2057E-03
   4   1   6.450  0.4862E-04  0.3186E-04  0.2062E-04  0.1702E-03  0.1115E-03  0.7216E-04  0.3890E-03  0.2549E-03  0.1649E-03
   4   1   6.550  0.1632E-03  0.2554E-04  0.1653E-04  0.5712E-03  0.8939E-04  0.5785E-04  0.1306E-02  0.2043E-03  0.1322E-03
   4   1   6.650  0.3470E-03  0.2047E-04  0.1325E-04  0.1214E-02  0.7166E-04  0.4637E-04  0.2776E-02  0.1638E-03  0.1060E-03
   4   1   6.750  0.3470E-03  0.1641E-04  0.1062E-04  0.1214E-02  0.5745E-04  0.3718E-04  0.2776E-02  0.1313E-03  0.8497E-04
   4   1   6.850  0.3470E-03  0.1316E-04  0.8515E-05  0.1214E-02  0.4606E-04  0.2980E-04  0.2776E-02  0.1053E-03  0.6812E-04
   4   1   6.950  0.3470E-03  0.1072E-03  0.6827E-05  0.1214E-02  0.3753E-03  0.2389E-04  0.2776E-02  0.8578E-03  0.5461E-04
   4   1   7.050  0.2082E-03  0.1072E-03  0.5473E-05  0.7287E-03  0.3753E-03  0.1915E-04  0.1666E-02  0.8578E-03  0.4378E-04
   4   1   7.150  0.0000E+00  0.1072E-03  0.4387E-05  0.0000E+00  0.3753E-03  0.1536E-04  0.0000E+00  0.8578E-03  0.3510E-04
   4   1   7.250  0.0000E+00  0.1072E-03  0.1786E-04  0.0000E+00  0.3753E-03  0.6252E-04  0.0000E+00  0.8578E-03  0.1429E-03
   4   1   7.350  0.0000E+00  0.1072E-03  0.3201E-04  0.0000E+00  0.3753E-03  0.1120E-03  0.0000E+00  0.8578E-03  0.2561E-03
   4   1   7.450  0.0000E+00  0.5113E-09  0.3201E-04  0.0000E+00  0.1790E-08  0.1120E-03  0.0000E+00  0.4091E-08  0.2561E-03
   4   1   7.550  0.0000E+00  0.0000E+00  0.3201E-04  0.0000E+00  0.0000E+00  0.1120E-03  0.0000E+00  0.0000E+00  0.2561E-03
   4   1   7.650  0.0000E+00  0.0000E+00  0.3201E-04  0.0000E+00  0.0000E+00  0.1120E-03  0.0000E+00  0.0000E+00  0.2561E-03
   4   1   7.750  0.0000E+00  0.0000E+00  0.1601E-04  0.0000E+00  0.0000E+00  0.5602E-04  0.0000E+00  0.0000E+00  0.1280E-03
  1.000000
    5  Dead_Sea_East_Linear                                            segment fault na
   40    9  nMag, nParamVar
  0.040000  0.120000  0.040000  0.120000  0.360000  0.120000  0.040000  0.120000  0.040000
   5   1   4.050  0.1033E-01  0.6443E-02  0.3967E-02  0.3617E-01  0.2255E-01  0.1389E-01  0.8268E-01  0.5155E-01  0.3174E-01
   5   1   4.150  0.8285E-02  0.5165E-02  0.3181E-02  0.2900E-01  0.1808E-01  0.1113E-01  0.6628E-01  0.4132E-01  0.2544E-01
   5   1   4.250  0.6642E-02  0.4141E-02  0.2550E-02  0.2325E-01  0.1449E-01  0.8924E-02  0.5314E-01  0.3313E-01  0.2040E-01
   5   1   4.350  0.5325E-02  0.3320E-02  0.2044E-02  0.1864E-01  0.1162E-01  0.7154E-02  0.4260E-01  0.2656E-01  0.1635E-01
   5   1   4.450  0.4269E-02  0.2661E-02  0.1639E-02  0.1494E-01  0.9315E-02  0.5735E-02  0.3415E-01  0.2129E-01  0.1311E-01
   5   1   4.550  0.3422E-02  0.2134E-02  0.1314E-02  0.1198E-01  0.7467E-02  0.4598E-02  0.2738E-01  0.1707E-01  0.1051E-01
   5   1   4.650  0.2743E-02  0.1710E-02  0.1053E-02  0.9602E-02  0.5986E-02  0.3686E-02  0.2195E-01  0.1368E-01  0.8425E-02
   5   1   4.750  0.2199E-02  0.1371E-02  0.8443E-03  0.7698E-02  0.4799E-02  0.2955E-02  0.1760E-01  0.1097E-01  0.6754E-02
   5   1   4.850  0.1763E-02  0.1099E-02  0.6769E-03  0.6171E-02  0.3847E-02  0.2369E-02  0.1411E-01  0.8794E-02  0.5415E-02
   5   1   4.950  0.1414E-02  0.8813E-03  0.5426E-03  0.4947E-02  0.3084E-02  0.1899E-02  0.1131E-01  0.7050E-02  0.4341E-02
   5   1   5.050  0.1133E-02  0.7065E-03  0.4350E-03  0.3966E-02  0.2473E-02  0.1523E-02  0.9066E-02  0.5652E-02  0.3480E-02
   5   1   5.150  0.9085E-03  0.5664E-03  0.3487E-03  0.3180E-02  0.1982E-02  0.1221E-02  0.7268E-02  0.4531E-02  0.2790E-02
   5   1   5.250  0.7283E-03  0.4540E-03  0.2796E-03  0.2549E-02  0.1589E-02  0.9785E-03  0.5826E-02  0.3632E-02  0.2237E-02
   5   1   5.350  0.5839E-03  0.3640E-03  0.2241E-03  0.2043E-02  0.1274E-02  0.7845E-03  0.4671E-02  0.2912E-02  0.1793E-02
   5   1   5.450  0.4681E-03  0.2918E-03  0.1797E-03  0.1638E-02  0.1021E-02  0.6289E-03  0.3744E-02  0.2334E-02  0.1437E-02
   5   1   5.550  0.3752E-03  0.2339E-03  0.1440E-03  0.1313E-02  0.8188E-03  0.5042E-03  0.3002E-02  0.1872E-02  0.1152E-02
   5   1   5.650  0.3008E-03  0.1875E-03  0.1155E-03  0.1053E-02  0.6564E-03  0.4042E-03  0.2407E-02  0.1500E-02  0.9238E-03
   5   1   5.750  0.2412E-03  0.1503E-03  0.9258E-04  0.8441E-03  0.5262E-03  0.3240E-03  0.1929E-02  0.1203E-02  0.7406E-03
   5   1   5.850  0.1933E-03  0.1205E-03  0.7422E-04  0.6767E-03  0.4219E-03  0.2598E-03  0.1547E-02  0.9643E-03  0.5937E-03
   5   1   5.950  0.1550E-03  0.9663E-04  0.5950E-04  0.5425E-03  0.3382E-03  0.2082E-03  0.1240E-02  0.7730E-03  0.4760E-03
   5   1   6.050  0.1243E-03  0.7746E-04  0.4770E-04  0.4349E-03  0.2711E-03  0.1669E-03  0.9940E-03  0.6197E-03  0.3816E-03
   5   1   6.150  0.9961E-04  0.6210E-04  0.3824E-04  0.3486E-03  0.2174E-03  0.1338E-03  0.7969E-03  0.4968E-03  0.3059E-03
   5   1   6.250  0.7986E-04  0.4979E-04  0.3065E-04  0.2795E-03  0.1742E-03  0.1073E-03  0.6388E-03  0.3983E-03  0.2452E-03
   5   1   6.350  0.6402E-04  0.3991E-04  0.2458E-04  0.2241E-03  0.1397E-03  0.8601E-04  0.5121E-03  0.3193E-03  0.1966E-03
   5   1   6.450  0.5132E-04  0.3200E-04  0.1970E-04  0.1796E-03  0.1120E-03  0.6896E-04  0.4106E-03  0.2560E-03  0.1576E-03
   5   1   6.550  0.4114E-04  0.2565E-04  0.1579E-04  0.1440E-03  0.8978E-04  0.5528E-04  0.3291E-03  0.2052E-03  0.1264E-03
   5   1   6.650  0.3299E-04  0.2056E-04  0.1266E-04  0.1154E-03  0.7197E-04  0.4432E-04  0.2639E-03  0.1645E-03  0.1013E-03
   5   1   6.750  0.2688E-03  0.1649E-04  0.1015E-04  0.9408E-03  0.5770E-04  0.3553E-04  0.2150E-02  0.1319E-03  0.8121E-04
   5   1   6.850  0.2688E-03  0.1322E-04  0.8138E-05  0.9408E-03  0.4626E-04  0.2848E-04  0.2150E-02  0.1057E-03  0.6510E-04
   5   1   6.950  0.2688E-03  0.1059E-04  0.6524E-05  0.9408E-03  0.3708E-04  0.2283E-04  0.2150E-02  0.8476E-04  0.5219E-04
   5   1   7.050  0.2688E-03  0.2141E-04  0.5230E-05  0.9408E-03  0.7494E-04  0.1830E-04  0.2150E-02  0.1713E-03  0.4184E-04
   5   1   7.150  0.2688E-03  0.7235E-04  0.4193E-05  0.9408E-03  0.2532E-03  0.1467E-04  0.2150E-02  0.5788E-03  0.3354E-04
   5   1   7.250  0.0000E+00  0.7235E-04  0.3361E-05  0.0000E+00  0.2532E-03  0.1176E-04  0.0000E+00  0.5788E-03  0.2689E-04
   5   1   7.350  0.0000E+00  0.7235E-04  0.2695E-05  0.0000E+00  0.2532E-03  0.9431E-05  0.0000E+00  0.5788E-03  0.2156E-04
   5   1   7.450  0.0000E+00  0.7235E-04  0.7205E-05  0.0000E+00  0.2532E-03  0.2522E-04  0.0000E+00  0.5788E-03  0.5764E-04
   5   1   7.550  0.0000E+00  0.5788E-04  0.1881E-04  0.0000E+00  0.2026E-03  0.6584E-04  0.0000E+00  0.4630E-03  0.1505E-03
   5   1   7.650  0.0000E+00  0.0000E+00  0.1881E-04  0.0000E+00  0.0000E+00  0.6584E-04  0.0000E+00  0.0000E+00  0.1505E-03
   5   1   7.750  0.0000E+00  0.0000E+00  0.1881E-04  0.0000E+00  0.0000E+00  0.6584E-04  0.0000E+00  0.0000E+00  0.1505E-03
   5   1   7.850  0.0000E+00  0.0000E+00  0.1881E-04  0.0000E+00  0.0000E+00  0.6584E-04  0.0000E+00  0.0000E+00  0.1505E-03
   5   1   7.950  0.0000E+00  0.0000E+00  0.1317E-04  0.0000E+00  0.0000E+00  0.4609E-04  0.0000E+00  0.0000E+00  0.1053E-03
  1.000000
    6  North_Arava_Linear                                              segment fault na
   40    9  nMag, nParamVar
  0.040000  0.120000  0.040000  0.120000  0.360000  0.120000  0.040000  0.120000  0.040000
   6   1   4.050  0.1076E-01  0.6711E-02  0.4184E-02  0.3767E-01  0.2349E-01  0.1464E-01  0.8611E-01  0.5368E-01  0.3347E-01
   6   1   4.150  0.8629E-02  0.5380E-02  0.3354E-02  0.3020E-01  0.1883E-01  0.1174E-01  0.6903E-01  0.4304E-01  0.2683E-01
   6   1   4.250  0.6918E-02  0.4313E-02  0.2689E-02  0.2421E-01  0.1509E-01  0.9411E-02  0.5534E-01  0.3450E-01  0.2151E-01
   6   1   4.350  0.5546E-02  0.3457E-02  0.2156E-02  0.1941E-01  0.1210E-01  0.7544E-02  0.4437E-01  0.2766E-01  0.1724E-01
   6   1   4.450  0.4446E-02  0.2772E-02  0.1728E-02  0.1556E-01  0.9701E-02  0.6048E-02  0.3557E-01  0.2217E-01  0.1382E-01
   6   1   4.550  0.3564E-02  0.2222E-02  0.1385E-02  0.1247E-01  0.7777E-02  0.4849E-02  0.2851E-01  0.1778E-01  0.1108E-01
   6   1   4.650  0.2857E-02  0.1781E-02  0.1111E-02  0.1000E-01  0.6235E-02  0.3887E-02  0.2286E-01  0.1425E-01  0.8885E-02
   6   1   4.750  0.2291E-02  0.1428E-02  0.8903E-03  0.8017E-02  0.4998E-02  0.3116E-02  0.1833E-01  0.1142E-01  0.7123E-02
   6   1   4.850  0.1836E-02  0.1145E-02  0.7138E-03  0.6427E-02  0.4007E-02  0.2498E-02  0.1469E-01  0.9159E-02  0.5710E-02
   6   1   4.950  0.1472E-02  0.9178E-03  0.5722E-03  0.5153E-02  0.3212E-02  0.2003E-02  0.1178E-01  0.7343E-02  0.4578E-02
   6   1   5.050  0.1180E-02  0.7358E-03  0.4587E-03  0.4131E-02  0.2575E-02  0.1606E-02  0.9442E-02  0.5886E-02  0.3670E-02
   6   1   5.150  0.9462E-03  0.5899E-03  0.3678E-03  0.3312E-02  0.2065E-02  0.1287E-02  0.7569E-02  0.4719E-02  0.2942E-02
   6   1   5.250  0.7585E-03  0.4729E-03  0.2948E-03  0.2655E-02  0.1655E-02  0.1032E-02  0.6068E-02  0.3783E-02  0.2359E-02
   6   1   5.350  0.6081E-03  0.3791E-03  0.2364E-03  0.2128E-02  0.1327E-02  0.8272E-03  0.4865E-02  0.3033E-02  0.1891E-02
   6   1   5.450  0.4875E-03  0.3039E-03  0.1895E-03  0.1706E-02  0.1064E-02  0.6632E-03  0.3900E-02  0.2431E-02  0.1516E-02
   6   1   5.550  0.3908E-03  0.2436E-03  0.1519E-03  0.1368E-02  0.8528E-03  0.5316E-03  0.3126E-02  0.1949E-02  0.1215E-02
   6   1   5.650  0.3133E-03  0.1953E-03  0.1218E-03  0.1097E-02  0.6836E-03  0.4262E-03  0.2506E-02  0.1563E-02  0.9742E-03
   6   1   5.750  0.2512E-03  0.1566E-03  0.9762E-04  0.8791E-03  0.5481E-03  0.3417E-03  0.2009E-02  0.1253E-02  0.7810E-03
   6   1   5.850  0.2014E-03  0.1255E-03  0.7826E-04  0.7047E-03  0.4394E-03  0.2739E-03  0.1611E-02  0.1004E-02  0.6261E-03
   6   1   5.950  0.1614E-03  0.1006E-03  0.6274E-04  0.5650E-03  0.3522E-03  0.2196E-03  0.1291E-02  0.8051E-03  0.5019E-03
   6   1   6.050  0.1294E-03  0.8068E-04  0.5030E-04  0.4529E-03  0.2824E-03  0.1760E-03  0.1035E-02  0.6454E-03  0.4024E-03
   6   1   6.150  0.1037E-03  0.6468E-04  0.4032E-04  0.3631E-03  0.2264E-03  0.1411E-03  0.8299E-03  0.5174E-03  0.3226E-03
   6   1   6.250  0.8317E-04  0.5185E-04  0.3233E-04  0.2911E-03  0.1815E-03  0.1131E-03  0.6654E-03  0.4148E-03  0.2586E-03
   6   1   6.350  0.6667E-04  0.4157E-04  0.2592E-04  0.2334E-03  0.1455E-03  0.9070E-04  0.5334E-03  0.3325E-03  0.2073E-03
   6   1   6.450  0.5345E-04  0.3332E-04  0.2078E-04  0.1871E-03  0.1166E-03  0.7272E-04  0.4276E-03  0.2666E-03  0.1662E-03
   6   1   6.550  0.4285E-04  0.2672E-04  0.1666E-04  0.1500E-03  0.9350E-04  0.5829E-04  0.3428E-03  0.2137E-03  0.1332E-03
   6   1   6.650  0.3435E-04  0.2142E-04  0.1335E-04  0.1202E-03  0.7496E-04  0.4673E-04  0.2748E-03  0.1713E-03  0.1068E-03
   6   1   6.750  0.1153E-03  0.1717E-04  0.1070E-04  0.4036E-03  0.6009E-04  0.3747E-04  0.9225E-03  0.1374E-03  0.8563E-04
   6   1   6.850  0.2452E-03  0.1376E-04  0.8581E-05  0.8581E-03  0.4818E-04  0.3003E-04  0.1961E-02  0.1101E-03  0.6865E-04
   6   1   6.950  0.2452E-03  0.1103E-04  0.6880E-05  0.8581E-03  0.3862E-04  0.2408E-04  0.1961E-02  0.8828E-04  0.5504E-04
   6   1   7.050  0.2452E-03  0.8846E-05  0.5515E-05  0.8581E-03  0.3096E-04  0.1930E-04  0.1961E-02  0.7077E-04  0.4412E-04
   6   1   7.150  0.2452E-03  0.4262E-04  0.4421E-05  0.8581E-03  0.1492E-03  0.1547E-04  0.1961E-02  0.3410E-03  0.3537E-04
   6   1   7.250  0.1471E-03  0.6599E-04  0.3545E-05  0.5149E-03  0.2310E-03  0.1241E-04  0.1177E-02  0.5279E-03  0.2836E-04
   6   1   7.350  0.0000E+00  0.6599E-04  0.2842E-05  0.0000E+00  0.2310E-03  0.9945E-05  0.0000E+00  0.5279E-03  0.2273E-04
   6   1   7.450  0.0000E+00  0.6599E-04  0.2278E-05  0.0000E+00  0.2310E-03  0.7973E-05  0.0000E+00  0.5279E-03  0.1822E-04
   6   1   7.550  0.0000E+00  0.6599E-04  0.1461E-04  0.0000E+00  0.2310E-03  0.5113E-04  0.0000E+00  0.5279E-03  0.1169E-03
   6   1   7.650  0.0000E+00  0.2640E-04  0.1776E-04  0.0000E+00  0.9239E-04  0.6216E-04  0.0000E+00  0.2112E-03  0.1421E-03
   6   1   7.750  0.0000E+00  0.0000E+00  0.1776E-04  0.0000E+00  0.0000E+00  0.6216E-04  0.0000E+00  0.0000E+00  0.1421E-03
   6   1   7.850  0.0000E+00  0.0000E+00  0.1776E-04  0.0000E+00  0.0000E+00  0.6216E-04  0.0000E+00  0.0000E+00  0.1421E-03
   6   1   7.950  0.0000E+00  0.0000E+00  0.1776E-04  0.0000E+00  0.0000E+00  0.6216E-04  0.0000E+00  0.0000E+00  0.1421E-03
  1.000000
    7  Central_Arava_Linear                                            segment fault na
   37    9  nMag, nParamVar
  0.040000  0.120000  0.040000  0.120000  0.360000  0.120000  0.040000  0.120000  0.040000
   7   1   4.050  0.9159E-02  0.5927E-02  0.3788E-02  0.3206E-01  0.2074E-01  0.1326E-01  0.7327E-01  0.4741E-01  0.3030E-01
   7   1   4.150  0.7342E-02  0.4751E-02  0.3037E-02  0.2570E-01  0.1663E-01  0.1063E-01  0.5874E-01  0.3801E-01  0.2429E-01
   7   1   4.250  0.5886E-02  0.3809E-02  0.2435E-02  0.2060E-01  0.1333E-01  0.8521E-02  0.4709E-01  0.3047E-01  0.1948E-01
   7   1   4.350  0.4719E-02  0.3054E-02  0.1952E-02  0.1652E-01  0.1069E-01  0.6831E-02  0.3775E-01  0.2443E-01  0.1561E-01
   7   1   4.450  0.3783E-02  0.2448E-02  0.1565E-02  0.1324E-01  0.8568E-02  0.5476E-02  0.3026E-01  0.1958E-01  0.1252E-01
   7   1   4.550  0.3033E-02  0.1963E-02  0.1254E-02  0.1061E-01  0.6869E-02  0.4390E-02  0.2426E-01  0.1570E-01  0.1003E-01
   7   1   4.650  0.2431E-02  0.1573E-02  0.1006E-02  0.8509E-02  0.5507E-02  0.3520E-02  0.1945E-01  0.1259E-01  0.8045E-02
   7   1   4.750  0.1949E-02  0.1261E-02  0.8062E-03  0.6822E-02  0.4415E-02  0.2822E-02  0.1559E-01  0.1009E-01  0.6449E-02
   7   1   4.850  0.1563E-02  0.1011E-02  0.6463E-03  0.5469E-02  0.3539E-02  0.2262E-02  0.1250E-01  0.8089E-02  0.5170E-02
   7   1   4.950  0.1253E-02  0.8106E-03  0.5181E-03  0.4384E-02  0.2837E-02  0.1813E-02  0.1002E-01  0.6485E-02  0.4145E-02
   7   1   5.050  0.1004E-02  0.6499E-03  0.4154E-03  0.3515E-02  0.2275E-02  0.1454E-02  0.8034E-02  0.5199E-02  0.3323E-02
   7   1   5.150  0.8051E-03  0.5210E-03  0.3330E-03  0.2818E-02  0.1823E-02  0.1165E-02  0.6440E-02  0.4168E-02  0.2664E-02
   7   1   5.250  0.6454E-03  0.4177E-03  0.2669E-03  0.2259E-02  0.1462E-02  0.9343E-03  0.5163E-02  0.3341E-02  0.2136E-02
   7   1   5.350  0.5174E-03  0.3348E-03  0.2140E-03  0.1811E-02  0.1172E-02  0.7490E-03  0.4139E-02  0.2679E-02  0.1712E-02
   7   1   5.450  0.4148E-03  0.2684E-03  0.1716E-03  0.1452E-02  0.9395E-03  0.6005E-03  0.3318E-02  0.2147E-02  0.1373E-02
   7   1   5.550  0.3325E-03  0.2152E-03  0.1375E-03  0.1164E-02  0.7532E-03  0.4814E-03  0.2660E-02  0.1722E-02  0.1100E-02
   7   1   5.650  0.2666E-03  0.1725E-03  0.1103E-03  0.9330E-03  0.6038E-03  0.3859E-03  0.2133E-02  0.1380E-02  0.8821E-03
   7   1   5.750  0.2137E-03  0.1383E-03  0.8839E-04  0.7480E-03  0.4841E-03  0.3094E-03  0.1710E-02  0.1106E-02  0.7072E-03
   7   1   5.850  0.1713E-03  0.1109E-03  0.7086E-04  0.5996E-03  0.3881E-03  0.2480E-03  0.1371E-02  0.8870E-03  0.5669E-03
   7   1   5.950  0.1373E-03  0.8888E-04  0.5681E-04  0.4807E-03  0.3111E-03  0.1988E-03  0.1099E-02  0.7111E-03  0.4545E-03
   7   1   6.050  0.1101E-03  0.7126E-04  0.4554E-04  0.3854E-03  0.2494E-03  0.1594E-03  0.8809E-03  0.5701E-03  0.3643E-03
   7   1   6.150  0.8827E-04  0.5712E-04  0.3651E-04  0.3090E-03  0.1999E-03  0.1278E-03  0.7062E-03  0.4570E-03  0.2921E-03
   7   1   6.250  0.7077E-04  0.4580E-04  0.2927E-04  0.2477E-03  0.1603E-03  0.1024E-03  0.5661E-03  0.3664E-03  0.2342E-03
   7   1   6.350  0.5673E-04  0.3671E-04  0.2347E-04  0.1986E-03  0.1285E-03  0.8213E-04  0.4539E-03  0.2937E-03  0.1877E-03
   7   1   6.450  0.2310E-03  0.2943E-04  0.1881E-04  0.8084E-03  0.1030E-03  0.6584E-04  0.1848E-02  0.2355E-03  0.1505E-03
   7   1   6.550  0.4139E-03  0.2360E-04  0.1508E-04  0.1449E-02  0.8258E-04  0.5278E-04  0.3312E-02  0.1888E-03  0.1206E-03
   7   1   6.650  0.4139E-03  0.1892E-04  0.1209E-04  0.1449E-02  0.6621E-04  0.4231E-04  0.3312E-02  0.1513E-03  0.9672E-04
   7   1   6.750  0.4139E-03  0.1516E-04  0.9692E-05  0.1449E-02  0.5308E-04  0.3392E-04  0.3312E-02  0.1213E-03  0.7754E-04
   7   1   6.850  0.4139E-03  0.1236E-03  0.7770E-05  0.1449E-02  0.4325E-03  0.2720E-04  0.3312E-02  0.9886E-03  0.6216E-04
   7   1   6.950  0.2070E-03  0.1236E-03  0.6229E-05  0.7244E-03  0.4325E-03  0.2180E-04  0.1656E-02  0.9886E-03  0.4983E-04
   7   1   7.050  0.0000E+00  0.1236E-03  0.4994E-05  0.0000E+00  0.4325E-03  0.1748E-04  0.0000E+00  0.9886E-03  0.3995E-04
   7   1   7.150  0.0000E+00  0.1236E-03  0.1676E-04  0.0000E+00  0.4325E-03  0.5867E-04  0.0000E+00  0.9886E-03  0.1341E-03
   7   1   7.250  0.0000E+00  0.1236E-03  0.3564E-04  0.0000E+00  0.4325E-03  0.1247E-03  0.0000E+00  0.9886E-03  0.2851E-03
   7   1   7.350  0.0000E+00  0.0000E+00  0.3564E-04  0.0000E+00  0.0000E+00  0.1247E-03  0.0000E+00  0.0000E+00  0.2851E-03
   7   1   7.450  0.0000E+00  0.0000E+00  0.3564E-04  0.0000E+00  0.0000E+00  0.1247E-03  0.0000E+00  0.0000E+00  0.2851E-03
   7   1   7.550  0.0000E+00  0.0000E+00  0.3564E-04  0.0000E+00  0.0000E+00  0.1247E-03  0.0000E+00  0.0000E+00  0.2851E-03
   7   1   7.650  0.0000E+00  0.0000E+00  0.2138E-04  0.0000E+00  0.0000E+00  0.7484E-04  0.0000E+00  0.0000E+00  0.1711E-03
  1.000000
    8  Avrona_Linear                                           segment fault name      
   36    9  nMag, nParamVar
  0.040000  0.120000  0.040000  0.120000  0.360000  0.120000  0.040000  0.120000  0.040000
   8   1   4.050  0.9014E-02  0.5980E-02  0.3918E-02  0.3155E-01  0.2093E-01  0.1371E-01  0.7211E-01  0.4784E-01  0.3135E-01
   8   1   4.150  0.7226E-02  0.4794E-02  0.3141E-02  0.2529E-01  0.1678E-01  0.1099E-01  0.5781E-01  0.3835E-01  0.2513E-01
   8   1   4.250  0.5793E-02  0.3843E-02  0.2518E-02  0.2028E-01  0.1345E-01  0.8814E-02  0.4634E-01  0.3075E-01  0.2015E-01
   8   1   4.350  0.4644E-02  0.3081E-02  0.2019E-02  0.1625E-01  0.1078E-01  0.7066E-02  0.3715E-01  0.2465E-01  0.1615E-01
   8   1   4.450  0.3723E-02  0.2470E-02  0.1618E-02  0.1303E-01  0.8645E-02  0.5665E-02  0.2978E-01  0.1976E-01  0.1295E-01
   8   1   4.550  0.2985E-02  0.1980E-02  0.1297E-02  0.1045E-01  0.6931E-02  0.4541E-02  0.2388E-01  0.1584E-01  0.1038E-01
   8   1   4.650  0.2393E-02  0.1587E-02  0.1040E-02  0.8375E-02  0.5556E-02  0.3641E-02  0.1914E-01  0.1270E-01  0.8321E-02
   8   1   4.750  0.1918E-02  0.1273E-02  0.8339E-03  0.6714E-02  0.4454E-02  0.2919E-02  0.1535E-01  0.1018E-01  0.6671E-02
   8   1   4.850  0.1538E-02  0.1020E-02  0.6685E-03  0.5382E-02  0.3571E-02  0.2340E-02  0.1230E-01  0.8162E-02  0.5348E-02
   8   1   4.950  0.1233E-02  0.8179E-03  0.5359E-03  0.4315E-02  0.2863E-02  0.1876E-02  0.9863E-02  0.6543E-02  0.4287E-02
   8   1   5.050  0.9883E-03  0.6557E-03  0.4296E-03  0.3459E-02  0.2295E-02  0.1504E-02  0.7907E-02  0.5246E-02  0.3437E-02
   8   1   5.150  0.7923E-03  0.5257E-03  0.3444E-03  0.2773E-02  0.1840E-02  0.1205E-02  0.6339E-02  0.4205E-02  0.2755E-02
   8   1   5.250  0.6352E-03  0.4214E-03  0.2761E-03  0.2223E-02  0.1475E-02  0.9664E-03  0.5082E-02  0.3371E-02  0.2209E-02
   8   1   5.350  0.5092E-03  0.3378E-03  0.2214E-03  0.1782E-02  0.1182E-02  0.7748E-03  0.4074E-02  0.2703E-02  0.1771E-02
   8   1   5.450  0.4082E-03  0.2708E-03  0.1775E-03  0.1429E-02  0.9479E-03  0.6211E-03  0.3266E-02  0.2167E-02  0.1420E-02
   8   1   5.550  0.3273E-03  0.2171E-03  0.1423E-03  0.1145E-02  0.7599E-03  0.4979E-03  0.2618E-02  0.1737E-02  0.1138E-02
   8   1   5.650  0.2624E-03  0.1741E-03  0.1141E-03  0.9183E-03  0.6092E-03  0.3992E-03  0.2099E-02  0.1392E-02  0.9124E-03
   8   1   5.750  0.2103E-03  0.1395E-03  0.9143E-04  0.7362E-03  0.4884E-03  0.3200E-03  0.1683E-02  0.1116E-02  0.7315E-03
   8   1   5.850  0.1686E-03  0.1119E-03  0.7330E-04  0.5902E-03  0.3915E-03  0.2565E-03  0.1349E-02  0.8949E-03  0.5864E-03
   8   1   5.950  0.1352E-03  0.8968E-04  0.5876E-04  0.4731E-03  0.3139E-03  0.2057E-03  0.1081E-02  0.7175E-03  0.4701E-03
   8   1   6.050  0.1084E-03  0.7190E-04  0.4711E-04  0.3793E-03  0.2516E-03  0.1649E-03  0.8670E-03  0.5752E-03  0.3769E-03
   8   1   6.150  0.8688E-04  0.5764E-04  0.3777E-04  0.3041E-03  0.2017E-03  0.1322E-03  0.6950E-03  0.4611E-03  0.3021E-03
   8   1   6.250  0.6965E-04  0.4621E-04  0.3028E-04  0.2438E-03  0.1617E-03  0.1060E-03  0.5572E-03  0.3697E-03  0.2422E-03
   8   1   6.350  0.5583E-04  0.3704E-04  0.2427E-04  0.1954E-03  0.1296E-03  0.8495E-04  0.4467E-03  0.2963E-03  0.1942E-03
   8   1   6.450  0.4055E-03  0.2970E-04  0.1946E-04  0.1419E-02  0.1039E-03  0.6810E-04  0.3244E-02  0.2376E-03  0.1557E-03
   8   1   6.550  0.4451E-03  0.2381E-04  0.1560E-04  0.1558E-02  0.8332E-04  0.5460E-04  0.3560E-02  0.1905E-03  0.1248E-03
   8   1   6.650  0.4451E-03  0.1909E-04  0.1251E-04  0.1558E-02  0.6680E-04  0.4377E-04  0.3560E-02  0.1527E-03  0.1000E-03
   8   1   6.750  0.4451E-03  0.9195E-04  0.1003E-04  0.1558E-02  0.3218E-03  0.3509E-04  0.3560E-02  0.7356E-03  0.8020E-04
   8   1   6.850  0.4451E-03  0.1424E-03  0.8037E-05  0.1558E-02  0.4983E-03  0.2813E-04  0.3560E-02  0.1139E-02  0.6430E-04
   8   1   6.950  0.4451E-04  0.1424E-03  0.6443E-05  0.1558E-03  0.4983E-03  0.2255E-04  0.3561E-03  0.1139E-02  0.5155E-04
   8   1   7.050  0.0000E+00  0.1424E-03  0.1302E-04  0.0000E+00  0.4983E-03  0.4557E-04  0.0000E+00  0.1139E-02  0.1042E-03
   8   1   7.150  0.0000E+00  0.1424E-03  0.4400E-04  0.0000E+00  0.4983E-03  0.1540E-03  0.0000E+00  0.1139E-02  0.3520E-03
   8   1   7.250  0.0000E+00  0.5695E-04  0.4400E-04  0.0000E+00  0.1993E-03  0.1540E-03  0.0000E+00  0.4556E-03  0.3520E-03
   8   1   7.350  0.0000E+00  0.0000E+00  0.4400E-04  0.0000E+00  0.0000E+00  0.1540E-03  0.0000E+00  0.0000E+00  0.3520E-03
   8   1   7.450  0.0000E+00  0.0000E+00  0.4400E-04  0.0000E+00  0.0000E+00  0.1540E-03  0.0000E+00  0.0000E+00  0.3520E-03
   8   1   7.550  0.0000E+00  0.0000E+00  0.3520E-04  0.0000E+00  0.0000E+00  0.1232E-03  0.0000E+00  0.0000E+00  0.2816E-03
  1.000000
    9  Zin_Active                                              segment fault name      
   12    9  nMag, nParamVar
  0.040000  0.120000  0.040000  0.120000  0.360000  0.120000  0.040000  0.120000  0.040000
   9   1   4.050  0.6850E-04  0.5341E-04  0.4165E-04  0.3767E-04  0.2938E-04  0.2291E-04  0.6850E-05  0.5341E-05  0.4165E-05
   9   1   4.150  0.5491E-04  0.4282E-04  0.3339E-04  0.3020E-04  0.2355E-04  0.1836E-04  0.5491E-05  0.4282E-05  0.3339E-05
   9   1   4.250  0.2236E-03  0.3433E-04  0.2677E-04  0.1230E-03  0.1888E-04  0.1472E-04  0.2236E-04  0.3433E-05  0.2677E-05
   9   1   4.350  0.4007E-03  0.2752E-04  0.2146E-04  0.2204E-03  0.1514E-04  0.1180E-04  0.4007E-04  0.2752E-05  0.2146E-05
   9   1   4.450  0.4007E-03  0.1120E-03  0.1720E-04  0.2204E-03  0.6162E-04  0.9462E-05  0.4007E-04  0.1120E-04  0.1720E-05
   9   1   4.550  0.4007E-03  0.2008E-03  0.1379E-04  0.2204E-03  0.1104E-03  0.7585E-05  0.4007E-04  0.2008E-04  0.1379E-05
   9   1   4.650  0.4007E-03  0.2008E-03  0.5615E-04  0.2204E-03  0.1104E-03  0.3088E-04  0.4007E-04  0.2008E-04  0.5615E-05
   9   1   4.750  0.2003E-03  0.2008E-03  0.1006E-03  0.1102E-03  0.1104E-03  0.5535E-04  0.2003E-04  0.2008E-04  0.1006E-04
   9   1   4.850  0.0000E+00  0.2008E-03  0.1006E-03  0.0000E+00  0.1104E-03  0.5535E-04  0.0000E+00  0.2008E-04  0.1006E-04
   9   1   4.950  0.0000E+00  0.1004E-03  0.1006E-03  0.0000E+00  0.5522E-04  0.5535E-04  0.0000E+00  0.1004E-04  0.1006E-04
   9   1   5.050  0.0000E+00  0.0000E+00  0.1006E-03  0.0000E+00  0.0000E+00  0.5535E-04  0.0000E+00  0.0000E+00  0.1006E-04
   9   1   5.150  0.0000E+00  0.0000E+00  0.5032E-04  0.0000E+00  0.0000E+00  0.2767E-04  0.0000E+00  0.0000E+00  0.5032E-05
  1.000000
   10  Aragonese_Areal                                         segment fault name      
   35    1  nMag, nParamVar
  1.000000
  10   1   4.050  0.3819E-01
  10   1   4.150  0.3062E-01
  10   1   4.250  0.2455E-01
  10   1   4.350  0.1968E-01
  10   1   4.450  0.1578E-01
  10   1   4.550  0.1265E-01
  10   1   4.650  0.1014E-01
  10   1   4.750  0.8128E-02
  10   1   4.850  0.6516E-02
  10   1   4.950  0.5224E-02
  10   1   5.050  0.4188E-02
  10   1   5.150  0.3357E-02
  10   1   5.250  0.2691E-02
  10   1   5.350  0.2158E-02
  10   1   5.450  0.1730E-02
  10   1   5.550  0.1387E-02
  10   1   5.650  0.1112E-02
  10   1   5.750  0.8912E-03
  10   1   5.850  0.7145E-03
  10   1   5.950  0.5728E-03
  10   1   6.050  0.4592E-03
  10   1   6.150  0.3681E-03
  10   1   6.250  0.2951E-03
  10   1   6.350  0.2366E-03
  10   1   6.450  0.1897E-03
  10   1   6.550  0.1521E-03
  10   1   6.650  0.1219E-03
  10   1   6.750  0.9772E-04
  10   1   6.850  0.7834E-04
  10   1   6.950  0.6280E-04
  10   1   7.050  0.5035E-04
  10   1   7.150  0.4036E-04
  10   1   7.250  0.3236E-04
  10   1   7.350  0.2594E-04
  10   1   7.450  0.2080E-04
  1.000000
   11  Arif_Areal                                              segment fault name      
   15    1  nMag, nParamVar
  1.000000
  11   1   4.050  0.6215E-02
  11   1   4.150  0.4982E-02
  11   1   4.250  0.3994E-02
  11   1   4.350  0.3202E-02
  11   1   4.450  0.2567E-02
  11   1   4.550  0.2058E-02
  11   1   4.650  0.1650E-02
  11   1   4.750  0.1323E-02
  11   1   4.850  0.1060E-02
  11   1   4.950  0.8500E-03
  11   1   5.050  0.6815E-03
  11   1   5.150  0.5463E-03
  11   1   5.250  0.4380E-03
  11   1   5.350  0.3511E-03
  11   1   5.450  0.2815E-03
  1.000000
   12  Arnona_Areal                                            segment fault name      
   35    1  nMag, nParamVar
  1.000000
  12   1   4.050  0.1122E+00
  12   1   4.150  0.8993E-01
  12   1   4.250  0.7210E-01
  12   1   4.350  0.5780E-01
  12   1   4.450  0.4634E-01
  12   1   4.550  0.3715E-01
  12   1   4.650  0.2978E-01
  12   1   4.750  0.2387E-01
  12   1   4.850  0.1914E-01
  12   1   4.950  0.1534E-01
  12   1   5.050  0.1230E-01
  12   1   5.150  0.9861E-02
  12   1   5.250  0.7905E-02
  12   1   5.350  0.6338E-02
  12   1   5.450  0.5081E-02
  12   1   5.550  0.4073E-02
  12   1   5.650  0.3265E-02
  12   1   5.750  0.2618E-02
  12   1   5.850  0.2099E-02
  12   1   5.950  0.1682E-02
  12   1   6.050  0.1349E-02
  12   1   6.150  0.1081E-02
  12   1   6.250  0.8668E-03
  12   1   6.350  0.6949E-03
  12   1   6.450  0.5571E-03
  12   1   6.550  0.4466E-03
  12   1   6.650  0.3580E-03
  12   1   6.750  0.2870E-03
  12   1   6.850  0.2301E-03
  12   1   6.950  0.1845E-03
  12   1   7.050  0.1479E-03
  12   1   7.150  0.1186E-03
  12   1   7.250  0.9504E-04
  12   1   7.350  0.7619E-04
  12   1   7.450  0.6108E-04
  1.000000
   13  Barak_Areal                                             segment fault name      
   15    1  nMag, nParamVar
  1.000000
  13   1   4.050  0.7635E-02
  13   1   4.150  0.6121E-02
  13   1   4.250  0.4907E-02
  13   1   4.350  0.3934E-02
  13   1   4.450  0.3154E-02
  13   1   4.550  0.2528E-02
  13   1   4.650  0.2027E-02
  13   1   4.750  0.1625E-02
  13   1   4.850  0.1303E-02
  13   1   4.950  0.1044E-02
  13   1   5.050  0.8372E-03
  13   1   5.150  0.6711E-03
  13   1   5.250  0.5380E-03
  13   1   5.350  0.4313E-03
  13   1   5.450  0.3458E-03
  1.000000
   14  Beit_Shean_Areal                                                segment fault na
   25    1  nMag, nParamVar
  1.000000
  14   1   4.050  0.1193E-01
  14   1   4.150  0.9562E-02
  14   1   4.250  0.7665E-02
  14   1   4.350  0.6145E-02
  14   1   4.450  0.4926E-02
  14   1   4.550  0.3949E-02
  14   1   4.650  0.3166E-02
  14   1   4.750  0.2538E-02
  14   1   4.850  0.2035E-02
  14   1   4.950  0.1631E-02
  14   1   5.050  0.1308E-02
  14   1   5.150  0.1048E-02
  14   1   5.250  0.8405E-03
  14   1   5.350  0.6738E-03
  14   1   5.450  0.5402E-03
  14   1   5.550  0.4330E-03
  14   1   5.650  0.3472E-03
  14   1   5.750  0.2783E-03
  14   1   5.850  0.2231E-03
  14   1   5.950  0.1789E-03
  14   1   6.050  0.1434E-03
  14   1   6.150  0.1150E-03
  14   1   6.250  0.9216E-04
  14   1   6.350  0.7388E-04
  14   1   6.450  0.5923E-04
  1.000000
   15  Central_Israel_Areal                                            segment fault na
   15    1  nMag, nParamVar
  1.000000
  15   1   4.050  0.4774E-02
  15   1   4.150  0.3828E-02
  15   1   4.250  0.3068E-02
  15   1   4.350  0.2460E-02
  15   1   4.450  0.1972E-02
  15   1   4.550  0.1581E-02
  15   1   4.650  0.1267E-02
  15   1   4.750  0.1016E-02
  15   1   4.850  0.8146E-03
  15   1   4.950  0.6530E-03
  15   1   5.050  0.5235E-03
  15   1   5.150  0.4197E-03
  15   1   5.250  0.3365E-03
  15   1   5.350  0.2697E-03
  15   1   5.450  0.2162E-03
  1.000000
   16  Cyprus_Areal                                            segment fault name      
   40    1  nMag, nParamVar
  1.000000
  16   1   4.050  0.5595E+00
  16   1   4.150  0.4468E+00
  16   1   4.250  0.3568E+00
  16   1   4.350  0.2849E+00
  16   1   4.450  0.2275E+00
  16   1   4.550  0.1817E+00
  16   1   4.650  0.1451E+00
  16   1   4.750  0.1158E+00
  16   1   4.850  0.9251E-01
  16   1   4.950  0.7387E-01
  16   1   5.050  0.5899E-01
  16   1   5.150  0.4711E-01
  16   1   5.250  0.3762E-01
  16   1   5.350  0.3004E-01
  16   1   5.450  0.2399E-01
  16   1   5.550  0.1916E-01
  16   1   5.650  0.1530E-01
  16   1   5.750  0.1221E-01
  16   1   5.850  0.9754E-02
  16   1   5.950  0.7789E-02
  16   1   6.050  0.6220E-02
  16   1   6.150  0.4967E-02
  16   1   6.250  0.3966E-02
  16   1   6.350  0.3167E-02
  16   1   6.450  0.2529E-02
  16   1   6.550  0.2020E-02
  16   1   6.650  0.1613E-02
  16   1   6.750  0.1288E-02
  16   1   6.850  0.1028E-02
  16   1   6.950  0.8213E-03
  16   1   7.050  0.6558E-03
  16   1   7.150  0.5237E-03
  16   1   7.250  0.4182E-03
  16   1   7.350  0.3340E-03
  16   1   7.450  0.2667E-03
  16   1   7.550  0.2130E-03
  16   1   7.650  0.1701E-03
  16   1   7.750  0.1358E-03
  16   1   7.850  0.1084E-03
  16   1   7.950  0.8659E-04
  1.000000
   17  East_Sinai_Areal                                                segment fault na
   20    1  nMag, nParamVar
  1.000000
  17   1   4.050  0.6685E-02
  17   1   4.150  0.5359E-02
  17   1   4.250  0.4296E-02
  17   1   4.350  0.3444E-02
  17   1   4.450  0.2761E-02
  17   1   4.550  0.2213E-02
  17   1   4.650  0.1774E-02
  17   1   4.750  0.1423E-02
  17   1   4.850  0.1140E-02
  17   1   4.950  0.9143E-03
  17   1   5.050  0.7329E-03
  17   1   5.150  0.5876E-03
  17   1   5.250  0.4711E-03
  17   1   5.350  0.3776E-03
  17   1   5.450  0.3027E-03
  17   1   5.550  0.2427E-03
  17   1   5.650  0.1946E-03
  17   1   5.750  0.1560E-03
  17   1   5.850  0.1250E-03
  17   1   5.950  0.1002E-03
  1.000000
   18  Elat_Areal                                              segment fault name      
   35    1  nMag, nParamVar
  1.000000
  18   1   4.050  0.3819E-01
  18   1   4.150  0.3062E-01
  18   1   4.250  0.2455E-01
  18   1   4.350  0.1968E-01
  18   1   4.450  0.1578E-01
  18   1   4.550  0.1265E-01
  18   1   4.650  0.1014E-01
  18   1   4.750  0.8128E-02
  18   1   4.850  0.6516E-02
  18   1   4.950  0.5224E-02
  18   1   5.050  0.4188E-02
  18   1   5.150  0.3357E-02
  18   1   5.250  0.2691E-02
  18   1   5.350  0.2158E-02
  18   1   5.450  0.1730E-02
  18   1   5.550  0.1387E-02
  18   1   5.650  0.1112E-02
  18   1   5.750  0.8912E-03
  18   1   5.850  0.7145E-03
  18   1   5.950  0.5728E-03
  18   1   6.050  0.4592E-03
  18   1   6.150  0.3681E-03
  18   1   6.250  0.2951E-03
  18   1   6.350  0.2366E-03
  18   1   6.450  0.1897E-03
  18   1   6.550  0.1521E-03
  18   1   6.650  0.1219E-03
  18   1   6.750  0.9772E-04
  18   1   6.850  0.7834E-04
  18   1   6.950  0.6280E-04
  18   1   7.050  0.5035E-04
  18   1   7.150  0.4036E-04
  18   1   7.250  0.3236E-04
  18   1   7.350  0.2594E-04
  18   1   7.450  0.2080E-04
  1.000000
   19  Galil_Areal                                             segment fault name      
   15    1  nMag, nParamVar
  1.000000
  19   1   4.050  0.7162E-02
  19   1   4.150  0.5741E-02
  19   1   4.250  0.4603E-02
  19   1   4.350  0.3690E-02
  19   1   4.450  0.2958E-02
  19   1   4.550  0.2371E-02
  19   1   4.650  0.1901E-02
  19   1   4.750  0.1524E-02
  19   1   4.850  0.1222E-02
  19   1   4.950  0.9795E-03
  19   1   5.050  0.7853E-03
  19   1   5.150  0.6295E-03
  19   1   5.250  0.5047E-03
  19   1   5.350  0.4046E-03
  19   1   5.450  0.3243E-03
  1.000000
   20  Mediterranean_1_Areal                                           segment fault na
   25    1  nMag, nParamVar
  1.000000
  20   1   4.050  0.7877E-01
  20   1   4.150  0.6315E-01
  20   1   4.250  0.5062E-01
  20   1   4.350  0.4058E-01
  20   1   4.450  0.3254E-01
  20   1   4.550  0.2608E-01
  20   1   4.650  0.2091E-01
  20   1   4.750  0.1676E-01
  20   1   4.850  0.1344E-01
  20   1   4.950  0.1077E-01
  20   1   5.050  0.8637E-02
  20   1   5.150  0.6924E-02
  20   1   5.250  0.5551E-02
  20   1   5.350  0.4450E-02
  20   1   5.450  0.3567E-02
  20   1   5.550  0.2860E-02
  20   1   5.650  0.2293E-02
  20   1   5.750  0.1838E-02
  20   1   5.850  0.1474E-02
  20   1   5.950  0.1181E-02
  20   1   6.050  0.9470E-03
  20   1   6.150  0.7592E-03
  20   1   6.250  0.6086E-03
  20   1   6.350  0.4879E-03
  20   1   6.450  0.3912E-03
  1.000000
   21  Mediterranean_2_Areal                                           segment fault na
   25    1  nMag, nParamVar
  1.000000
  21   1   4.050  0.4534E-01
  21   1   4.150  0.3635E-01
  21   1   4.250  0.2914E-01
  21   1   4.350  0.2336E-01
  21   1   4.450  0.1873E-01
  21   1   4.550  0.1501E-01
  21   1   4.650  0.1204E-01
  21   1   4.750  0.9649E-02
  21   1   4.850  0.7735E-02
  21   1   4.950  0.6201E-02
  21   1   5.050  0.4971E-02
  21   1   5.150  0.3985E-02
  21   1   5.250  0.3195E-02
  21   1   5.350  0.2561E-02
  21   1   5.450  0.2053E-02
  21   1   5.550  0.1646E-02
  21   1   5.650  0.1320E-02
  21   1   5.750  0.1058E-02
  21   1   5.850  0.8481E-03
  21   1   5.950  0.6799E-03
  21   1   6.050  0.5451E-03
  21   1   6.150  0.4370E-03
  21   1   6.250  0.3503E-03
  21   1   6.350  0.2808E-03
  21   1   6.450  0.2251E-03
  1.000000
   22  Mediterranean_3_Areal                                           segment fault na
   25    1  nMag, nParamVar
  1.000000
  22   1   4.050  0.4297E-01
  22   1   4.150  0.3445E-01
  22   1   4.250  0.2762E-01
  22   1   4.350  0.2214E-01
  22   1   4.450  0.1775E-01
  22   1   4.550  0.1423E-01
  22   1   4.650  0.1141E-01
  22   1   4.750  0.9144E-02
  22   1   4.850  0.7331E-02
  22   1   4.950  0.5877E-02
  22   1   5.050  0.4711E-02
  22   1   5.150  0.3777E-02
  22   1   5.250  0.3028E-02
  22   1   5.350  0.2427E-02
  22   1   5.450  0.1946E-02
  22   1   5.550  0.1560E-02
  22   1   5.650  0.1251E-02
  22   1   5.750  0.1003E-02
  22   1   5.850  0.8038E-03
  22   1   5.950  0.6444E-03
  22   1   6.050  0.5166E-03
  22   1   6.150  0.4141E-03
  22   1   6.250  0.3320E-03
  22   1   6.350  0.2662E-03
  22   1   6.450  0.2134E-03
  1.000000
   23  Milhan_Areal                                            segment fault name      
   15    1  nMag, nParamVar
  1.000000
  23   1   4.050  0.3334E-02
  23   1   4.150  0.2673E-02
  23   1   4.250  0.2143E-02
  23   1   4.350  0.1718E-02
  23   1   4.450  0.1377E-02
  23   1   4.550  0.1104E-02
  23   1   4.650  0.8850E-03
  23   1   4.750  0.7095E-03
  23   1   4.850  0.5688E-03
  23   1   4.950  0.4560E-03
  23   1   5.050  0.3656E-03
  23   1   5.150  0.2931E-03
  23   1   5.250  0.2349E-03
  23   1   5.350  0.1883E-03
  23   1   5.450  0.1510E-03
  1.000000
   24  Notrh_Jordan_Areal                                              segment fault na
   15    1  nMag, nParamVar
  1.000000
  24   1   4.050  0.2148E-01
  24   1   4.150  0.1722E-01
  24   1   4.250  0.1381E-01
  24   1   4.350  0.1107E-01
  24   1   4.450  0.8874E-02
  24   1   4.550  0.7114E-02
  24   1   4.650  0.5703E-02
  24   1   4.750  0.4572E-02
  24   1   4.850  0.3666E-02
  24   1   4.950  0.2939E-02
  24   1   5.050  0.2356E-02
  24   1   5.150  0.1889E-02
  24   1   5.250  0.1514E-02
  24   1   5.350  0.1214E-02
  24   1   5.450  0.9730E-03
  1.000000
   25  Palmira_Areal                                           segment fault name      
   20    1  nMag, nParamVar
  1.000000
  25   1   4.050  0.2790E-01
  25   1   4.150  0.2237E-01
  25   1   4.250  0.1793E-01
  25   1   4.350  0.1438E-01
  25   1   4.450  0.1152E-01
  25   1   4.550  0.9239E-02
  25   1   4.650  0.7407E-02
  25   1   4.750  0.5938E-02
  25   1   4.850  0.4760E-02
  25   1   4.950  0.3816E-02
  25   1   5.050  0.3059E-02
  25   1   5.150  0.2453E-02
  25   1   5.250  0.1966E-02
  25   1   5.350  0.1576E-02
  25   1   5.450  0.1264E-02
  25   1   5.550  0.1013E-02
  25   1   5.650  0.8122E-03
  25   1   5.750  0.6511E-03
  25   1   5.850  0.5220E-03
  25   1   5.950  0.4184E-03
  1.000000
   26  Paran_Areal                                             segment fault name      
   20    1  nMag, nParamVar
  1.000000
  26   1   4.050  0.4778E-02
  26   1   4.150  0.3830E-02
  26   1   4.250  0.3070E-02
  26   1   4.350  0.2462E-02
  26   1   4.450  0.1973E-02
  26   1   4.550  0.1582E-02
  26   1   4.650  0.1268E-02
  26   1   4.750  0.1017E-02
  26   1   4.850  0.8151E-03
  26   1   4.950  0.6534E-03
  26   1   5.050  0.5238E-03
  26   1   5.150  0.4200E-03
  26   1   5.250  0.3367E-03
  26   1   5.350  0.2699E-03
  26   1   5.450  0.2164E-03
  26   1   5.550  0.1735E-03
  26   1   5.650  0.1391E-03
  26   1   5.750  0.1115E-03
  26   1   5.850  0.8937E-04
  26   1   5.950  0.7165E-04
  1.000000
   27  Suez_Areal                                              segment fault name      
   30    1  nMag, nParamVar
  1.000000
  27   1   4.050  0.4456E+00
  27   1   4.150  0.3484E+00
  27   1   4.250  0.2725E+00
  27   1   4.350  0.2131E+00
  27   1   4.450  0.1666E+00
  27   1   4.550  0.1303E+00
  27   1   4.650  0.1019E+00
  27   1   4.750  0.7967E-01
  27   1   4.850  0.6230E-01
  27   1   4.950  0.4872E-01
  27   1   5.050  0.3810E-01
  27   1   5.150  0.2979E-01
  27   1   5.250  0.2330E-01
  27   1   5.350  0.1822E-01
  27   1   5.450  0.1425E-01
  27   1   5.550  0.1114E-01
  27   1   5.650  0.8712E-02
  27   1   5.750  0.6813E-02
  27   1   5.850  0.5327E-02
  27   1   5.950  0.4166E-02
  27   1   6.050  0.3258E-02
  27   1   6.150  0.2548E-02
  27   1   6.250  0.1992E-02
  27   1   6.350  0.1558E-02
  27   1   6.450  0.1218E-02
  27   1   6.550  0.9526E-03
  27   1   6.650  0.7449E-03
  27   1   6.750  0.5825E-03
  27   1   6.850  0.4555E-03
  27   1   6.950  0.3562E-03
  1.000000
   28  Thamad_Areal                                            segment fault name      
   20    1  nMag, nParamVar
  1.000000
  28   1   4.050  0.1289E-01
  28   1   4.150  0.1033E-01
  28   1   4.250  0.8282E-02
  28   1   4.350  0.6640E-02
  28   1   4.450  0.5323E-02
  28   1   4.550  0.4267E-02
  28   1   4.650  0.3421E-02
  28   1   4.750  0.2743E-02
  28   1   4.850  0.2199E-02
  28   1   4.950  0.1763E-02
  28   1   5.050  0.1413E-02
  28   1   5.150  0.1133E-02
  28   1   5.250  0.9082E-03
  28   1   5.350  0.7280E-03
  28   1   5.450  0.5837E-03
  28   1   5.550  0.4679E-03
  28   1   5.650  0.3751E-03
  28   1   5.750  0.3007E-03
  28   1   5.850  0.2411E-03
  28   1   5.950  0.1933E-03
  1.000000
   29  W_Shiarn_Areal                                          segment fault name      
   20    1  nMag, nParamVar
  1.000000
  29   1   4.050  0.3103E-01
  29   1   4.150  0.2488E-01
  29   1   4.250  0.1995E-01
  29   1   4.350  0.1599E-01
  29   1   4.450  0.1282E-01
  29   1   4.550  0.1028E-01
  29   1   4.650  0.8238E-02
  29   1   4.750  0.6604E-02
  29   1   4.850  0.5295E-02
  29   1   4.950  0.4245E-02
  29   1   5.050  0.3403E-02
  29   1   5.150  0.2728E-02
  29   1   5.250  0.2187E-02
  29   1   5.350  0.1753E-02
  29   1   5.450  0.1406E-02
  29   1   5.550  0.1127E-02
  29   1   5.650  0.9033E-03
  29   1   5.750  0.7242E-03
  29   1   5.850  0.5805E-03
  29   1   5.950  0.4654E-03
  1.000000
   30  Carmel_Linear                                           segment fault name      
   28    1  nMag, nParamVar
  1.000000
  30   1   4.050  0.2627E-02
  30   1   4.150  0.2106E-02
  30   1   4.250  0.1689E-02
  30   1   4.350  0.1354E-02
  30   1   4.450  0.1085E-02
  30   1   4.550  0.8700E-03
  30   1   4.650  0.6974E-03
  30   1   4.750  0.5591E-03
  30   1   4.850  0.4482E-03
  30   1   4.950  0.3593E-03
  30   1   5.050  0.2881E-03
  30   1   5.150  0.2309E-03
  30   1   5.250  0.1851E-03
  30   1   5.350  0.1484E-03
  30   1   5.450  0.1190E-03
  30   1   5.550  0.9539E-04
  30   1   5.650  0.7647E-04
  30   1   5.750  0.6131E-04
  30   1   5.850  0.4915E-04
  30   1   5.950  0.3940E-04
  30   1   6.050  0.3159E-04
  30   1   6.150  0.2532E-04
  30   1   6.250  0.1031E-03
  30   1   6.350  0.1848E-03
  30   1   6.450  0.1848E-03
  30   1   6.550  0.1848E-03
  30   1   6.650  0.1848E-03
  30   1   6.750  0.9238E-04
  1.000000
   31  Roum_Linear                                             segment fault name      
   38    1  nMag, nParamVar
  1.000000
  31   1   4.050  0.7414E-02
  31   1   4.150  0.5944E-02
  31   1   4.250  0.4765E-02
  31   1   4.350  0.3820E-02
  31   1   4.450  0.3062E-02
  31   1   4.550  0.2455E-02
  31   1   4.650  0.1968E-02
  31   1   4.750  0.1578E-02
  31   1   4.850  0.1265E-02
  31   1   4.950  0.1014E-02
  31   1   5.050  0.8129E-03
  31   1   5.150  0.6517E-03
  31   1   5.250  0.5225E-03
  31   1   5.350  0.4188E-03
  31   1   5.450  0.3358E-03
  31   1   5.550  0.2692E-03
  31   1   5.650  0.2158E-03
  31   1   5.750  0.1730E-03
  31   1   5.850  0.1387E-03
  31   1   5.950  0.1112E-03
  31   1   6.050  0.8913E-04
  31   1   6.150  0.7146E-04
  31   1   6.250  0.5729E-04
  31   1   6.350  0.4592E-04
  31   1   6.450  0.3682E-04
  31   1   6.550  0.2952E-04
  31   1   6.650  0.2366E-04
  31   1   6.750  0.1897E-04
  31   1   6.850  0.1521E-04
  31   1   6.950  0.1219E-04
  31   1   7.050  0.9773E-05
  31   1   7.150  0.7835E-05
  31   1   7.250  0.3190E-04
  31   1   7.350  0.5717E-04
  31   1   7.450  0.5717E-04
  31   1   7.550  0.5717E-04
  31   1   7.650  0.5717E-04
  31   1   7.750  0.2858E-04
  1.000000
   32  Serghaya_Linear                         segment fault name                      
   38    1  nMag, nParamVar
  1.000000
  32   1   4.050  0.1523E-01
  32   1   4.150  0.1221E-01
  32   1   4.250  0.9785E-02
  32   1   4.350  0.7844E-02
  32   1   4.450  0.6289E-02
  32   1   4.550  0.5042E-02
  32   1   4.650  0.4042E-02
  32   1   4.750  0.3240E-02
  32   1   4.850  0.2598E-02
  32   1   4.950  0.2082E-02
  32   1   5.050  0.1669E-02
  32   1   5.150  0.1338E-02
  32   1   5.250  0.1073E-02
  32   1   5.350  0.8601E-03
  32   1   5.450  0.6895E-03
  32   1   5.550  0.5528E-03
  32   1   5.650  0.4432E-03
  32   1   5.750  0.3553E-03
  32   1   5.850  0.2848E-03
  32   1   5.950  0.2283E-03
  32   1   6.050  0.1830E-03
  32   1   6.150  0.1467E-03
  32   1   6.250  0.1176E-03
  32   1   6.350  0.9431E-04
  32   1   6.450  0.7561E-04
  32   1   6.550  0.6061E-04
  32   1   6.650  0.4859E-04
  32   1   6.750  0.3895E-04
  32   1   6.850  0.3123E-04
  32   1   6.950  0.2504E-04
  32   1   7.050  0.2007E-04
  32   1   7.150  0.1609E-04
  32   1   7.250  0.6551E-04
  32   1   7.350  0.1174E-03
  32   1   7.450  0.1174E-03
  32   1   7.550  0.1174E-03
  32   1   7.650  0.1174E-03
  32   1   7.750  0.5870E-04
  1.000000
   33  YHK_Linear                                                      segment fault na
   40    1  nMag, nParamVar
  1.000000
  33   1   4.050  0.3571E-01
  33   1   4.150  0.2863E-01
  33   1   4.250  0.2295E-01
  33   1   4.350  0.1840E-01
  33   1   4.450  0.1475E-01
  33   1   4.550  0.1182E-01
  33   1   4.650  0.9479E-02
  33   1   4.750  0.7599E-02
  33   1   4.850  0.6092E-02
  33   1   4.950  0.4884E-02
  33   1   5.050  0.3915E-02
  33   1   5.150  0.3139E-02
  33   1   5.250  0.2516E-02
  33   1   5.350  0.2017E-02
  33   1   5.450  0.1617E-02
  33   1   5.550  0.1296E-02
  33   1   5.650  0.1039E-02
  33   1   5.750  0.8332E-03
  33   1   5.850  0.6680E-03
  33   1   5.950  0.5355E-03
  33   1   6.050  0.4293E-03
  33   1   6.150  0.3441E-03
  33   1   6.250  0.2759E-03
  33   1   6.350  0.2212E-03
  33   1   6.450  0.1773E-03
  33   1   6.550  0.1421E-03
  33   1   6.650  0.1140E-03
  33   1   6.750  0.9136E-04
  33   1   6.850  0.7324E-04
  33   1   6.950  0.5871E-04
  33   1   7.050  0.4707E-04
  33   1   7.150  0.3774E-04
  33   1   7.250  0.3025E-04
  33   1   7.350  0.2425E-04
  33   1   7.450  0.1944E-04
  33   1   7.550  0.1584E-03
  33   1   7.650  0.1584E-03
  33   1   7.750  0.1584E-03
  33   1   7.850  0.1584E-03
  33   1   7.950  0.1584E-03
