    1    1    1    1    1    9   15
            NaN   0.101440E-03   0.477000E-04   0.847648E-05   0.116210E-05   0.532195E-06   0.387080E-06   0.129145E-06   0.697915E-07   0.242907E-07   0.465284E-08   0.129643E-09   0.000000E+00   0.000000E+00   0.000000E+00
            NaN   0.105843E-03   0.528863E-04   0.118089E-04   0.213937E-05   0.108188E-05   0.819335E-06   0.316596E-06   0.187919E-06   0.797997E-07   0.238463E-07   0.286715E-08   0.202901E-09   0.000000E+00   0.000000E+00
            NaN   0.107013E-03   0.544239E-04   0.131678E-04   0.272580E-05   0.145229E-05   0.112283E-05   0.465349E-06   0.287430E-06   0.131134E-06   0.448749E-07   0.835609E-08   0.146734E-08   0.252748E-10   0.000000E+00
            NaN   0.452098E-03   0.212590E-03   0.377782E-04   0.517926E-05   0.237190E-05   0.172515E-05   0.575577E-06   0.311048E-06   0.108259E-06   0.207369E-07   0.577796E-09   0.000000E+00   0.000000E+00   0.000000E+00
            NaN   0.471724E-03   0.235705E-03   0.526303E-04   0.953479E-05   0.482174E-05   0.365163E-05   0.141101E-05   0.837522E-06   0.355653E-06   0.106279E-06   0.127784E-07   0.904293E-09   0.000000E+00   0.000000E+00
            NaN   0.476939E-03   0.242558E-03   0.586867E-04   0.121484E-04   0.647259E-05   0.500425E-05   0.207398E-05   0.128102E-05   0.584439E-06   0.200000E-06   0.372416E-07   0.653967E-08   0.112645E-09   0.000000E+00
            NaN   0.144106E-02   0.677632E-03   0.120418E-03   0.165089E-04   0.756044E-05   0.549891E-05   0.183465E-05   0.991466E-06   0.345077E-06   0.660988E-07   0.184173E-08   0.000000E+00   0.000000E+00   0.000000E+00
            NaN   0.150362E-02   0.751310E-03   0.167759E-03   0.303921E-04   0.153693E-04   0.116396E-04   0.449760E-05   0.266960E-05   0.113364E-05   0.338764E-06   0.407311E-07   0.288243E-08   0.000000E+00   0.000000E+00
            NaN   0.152024E-02   0.773154E-03   0.187064E-03   0.387230E-04   0.206314E-04   0.159510E-04   0.661081E-05   0.408326E-05   0.186290E-05   0.637499E-06   0.118708E-06   0.208452E-07   0.359057E-09   0.000000E+00
    2    1    1    1    1    9   15
            NaN   0.321736E-03   0.285136E-03   0.168071E-03   0.746347E-04   0.528210E-04   0.457719E-04   0.278304E-04   0.211219E-04   0.134564E-04   0.735213E-05   0.308848E-05   0.146726E-05   0.470346E-06   0.146663E-06
            NaN   0.320488E-03   0.284782E-03   0.170461E-03   0.785353E-04   0.566865E-04   0.495455E-04   0.310702E-04   0.239940E-04   0.157230E-04   0.891343E-05   0.394221E-05   0.195631E-05   0.670869E-06   0.224396E-06
            NaN   0.319821E-03   0.284403E-03   0.170989E-03   0.796828E-04   0.579028E-04   0.507647E-04   0.322118E-04   0.250517E-04   0.166136E-04   0.957278E-05   0.433187E-05   0.219111E-05   0.773261E-06   0.266586E-06
            NaN   0.152301E-02   0.134975E-02   0.795604E-03   0.353300E-03   0.250040E-03   0.216672E-03   0.131741E-03   0.999852E-04   0.636988E-04   0.348030E-04   0.146200E-04   0.694562E-05   0.222649E-05   0.694265E-06
            NaN   0.151710E-02   0.134808E-02   0.806918E-03   0.371765E-03   0.268339E-03   0.234535E-03   0.147078E-03   0.113581E-03   0.744283E-04   0.421937E-04   0.186613E-04   0.926065E-05   0.317571E-05   0.106223E-05
            NaN   0.151394E-02   0.134628E-02   0.809415E-03   0.377197E-03   0.274096E-03   0.240306E-03   0.152482E-03   0.118588E-03   0.786442E-04   0.453150E-04   0.205059E-04   0.103721E-04   0.366041E-05   0.126195E-05
            NaN   0.475941E-02   0.421798E-02   0.248626E-02   0.110406E-02   0.781376E-03   0.677099E-03   0.411692E-03   0.312454E-03   0.199059E-03   0.108759E-03   0.456875E-04   0.217051E-04   0.695778E-05   0.216958E-05
            NaN   0.474095E-02   0.421276E-02   0.252162E-02   0.116177E-02   0.838558E-03   0.732922E-03   0.459619E-03   0.354941E-03   0.232588E-03   0.131855E-03   0.583167E-04   0.289395E-04   0.992409E-05   0.331947E-05
            NaN   0.473107E-02   0.420714E-02   0.252942E-02   0.117874E-02   0.856551E-03   0.750957E-03   0.476505E-03   0.370587E-03   0.245763E-03   0.141609E-03   0.640809E-04   0.324128E-04   0.114388E-04   0.394359E-05
    3    1    1    1    1    9   15
            NaN   0.256235E-02   0.136333E-02   0.213315E-03   0.221570E-04   0.884546E-05   0.585118E-05   0.889645E-06   0.141488E-06   0.000000E+00   0.000000E+00   0.000000E+00   0.000000E+00   0.000000E+00   0.000000E+00
            NaN   0.109974E-02   0.642185E-03   0.140232E-03   0.189498E-04   0.850315E-05   0.612396E-05   0.188985E-05   0.866586E-06   0.145705E-06   0.000000E+00   0.000000E+00   0.000000E+00   0.000000E+00   0.000000E+00
            NaN   0.496886E-03   0.282144E-03   0.763600E-04   0.128112E-04   0.618797E-05   0.458628E-05   0.164831E-05   0.936982E-06   0.327663E-06   0.324983E-07   0.000000E+00   0.000000E+00   0.000000E+00   0.000000E+00
            NaN   0.896821E-02   0.477167E-02   0.746603E-03   0.775495E-04   0.309591E-04   0.204791E-04   0.311376E-05   0.495210E-06   0.000000E+00   0.000000E+00   0.000000E+00   0.000000E+00   0.000000E+00   0.000000E+00
            NaN   0.384909E-02   0.224765E-02   0.490812E-03   0.663243E-04   0.297610E-04   0.214339E-04   0.661449E-05   0.303305E-05   0.509969E-06   0.000000E+00   0.000000E+00   0.000000E+00   0.000000E+00   0.000000E+00
            NaN   0.173910E-02   0.987505E-03   0.267260E-03   0.448394E-04   0.216579E-04   0.160520E-04   0.576909E-05   0.327944E-05   0.114682E-05   0.113744E-06   0.000000E+00   0.000000E+00   0.000000E+00   0.000000E+00
            NaN   0.204988E-01   0.109067E-01   0.170652E-02   0.177256E-03   0.707637E-04   0.468094E-04   0.711716E-05   0.113191E-05   0.000000E+00   0.000000E+00   0.000000E+00   0.000000E+00   0.000000E+00   0.000000E+00
            NaN   0.879793E-02   0.513748E-02   0.112186E-02   0.151598E-03   0.680252E-04   0.489917E-04   0.151188E-04   0.693269E-05   0.116564E-05   0.000000E+00   0.000000E+00   0.000000E+00   0.000000E+00   0.000000E+00
            NaN   0.397509E-02   0.225715E-02   0.610880E-03   0.102490E-03   0.495038E-04   0.366902E-04   0.131865E-04   0.749585E-05   0.262130E-05   0.259986E-06   0.000000E+00   0.000000E+00   0.000000E+00   0.000000E+00
    4    1    1    1    1    9   15
            NaN   0.296172E-02   0.183916E-02   0.523329E-03   0.882731E-04   0.425822E-04   0.315925E-04   0.113424E-04   0.638571E-05   0.217550E-05   0.234900E-06   0.000000E+00   0.000000E+00   0.000000E+00   0.000000E+00
            NaN   0.146202E-02   0.853267E-03   0.285269E-03   0.615844E-04   0.320282E-04   0.244913E-04   0.971903E-05   0.584712E-05   0.255128E-05   0.717282E-06   0.187847E-07   0.000000E+00   0.000000E+00   0.000000E+00
            NaN   0.785954E-03   0.414346E-03   0.136507E-03   0.354808E-04   0.196316E-04   0.153592E-04   0.658591E-05   0.412842E-05   0.192164E-05   0.692432E-06   0.105742E-06   0.161256E-08   0.000000E+00   0.000000E+00
            NaN   0.103660E-01   0.643705E-02   0.183165E-02   0.308956E-03   0.149038E-03   0.110574E-03   0.396985E-04   0.223500E-04   0.761427E-05   0.822151E-06   0.000000E+00   0.000000E+00   0.000000E+00   0.000000E+00
            NaN   0.511706E-02   0.298643E-02   0.998442E-03   0.215545E-03   0.112099E-03   0.857194E-04   0.340166E-04   0.204649E-04   0.892949E-05   0.251049E-05   0.657463E-07   0.000000E+00   0.000000E+00   0.000000E+00
            NaN   0.275084E-02   0.145021E-02   0.477774E-03   0.124183E-03   0.687104E-04   0.537572E-04   0.230507E-04   0.144495E-04   0.672574E-05   0.242351E-05   0.370098E-06   0.564396E-08   0.000000E+00   0.000000E+00
            NaN   0.236938E-01   0.147133E-01   0.418663E-02   0.706185E-03   0.340658E-03   0.252740E-03   0.907394E-04   0.510857E-04   0.174040E-04   0.187920E-05   0.000000E+00   0.000000E+00   0.000000E+00   0.000000E+00
            NaN   0.116961E-01   0.682613E-02   0.228215E-02   0.492675E-03   0.256226E-03   0.195930E-03   0.777522E-04   0.467770E-04   0.204103E-04   0.573826E-05   0.150277E-06   0.000000E+00   0.000000E+00   0.000000E+00
            NaN   0.628763E-02   0.331477E-02   0.109206E-02   0.283847E-03   0.157052E-03   0.122874E-03   0.526873E-04   0.330274E-04   0.153731E-04   0.553945E-05   0.845939E-06   0.129005E-07   0.000000E+00   0.000000E+00
    5    1    1    1    1    9   15
            NaN   0.511412E-02   0.295236E-02   0.108883E-02   0.291307E-03   0.161911E-03   0.126812E-03   0.544345E-04   0.341280E-04   0.159185E-04   0.572796E-05   0.879846E-06   0.124930E-07   0.000000E+00   0.000000E+00
            NaN   0.276844E-02   0.145152E-02   0.477562E-03   0.146068E-03   0.867019E-04   0.695869E-04   0.321791E-04   0.209822E-04   0.104511E-04   0.408142E-05   0.102156E-05   0.201943E-06   0.000000E+00   0.000000E+00
            NaN   0.158967E-02   0.782700E-03   0.217325E-03   0.661159E-04   0.408519E-04   0.333749E-04   0.163537E-04   0.109726E-04   0.572002E-05   0.238701E-05   0.674589E-06   0.212507E-06   0.804070E-08   0.000000E+00
            NaN   0.178994E-01   0.103332E-01   0.381089E-02   0.101957E-02   0.566690E-03   0.443842E-03   0.190521E-03   0.119448E-03   0.557147E-04   0.200478E-04   0.307946E-05   0.437255E-07   0.000000E+00   0.000000E+00
            NaN   0.968954E-02   0.508031E-02   0.167147E-02   0.511238E-03   0.303457E-03   0.243554E-03   0.112627E-03   0.734376E-04   0.365790E-04   0.142850E-04   0.357547E-05   0.706801E-06   0.000000E+00   0.000000E+00
            NaN   0.556386E-02   0.273945E-02   0.760637E-03   0.231406E-03   0.142982E-03   0.116812E-03   0.572381E-04   0.384041E-04   0.200201E-04   0.835455E-05   0.236106E-05   0.743773E-06   0.281425E-07   0.000000E+00
            NaN   0.409129E-01   0.236189E-01   0.871061E-02   0.233045E-02   0.129529E-02   0.101450E-02   0.435476E-03   0.273024E-03   0.127348E-03   0.458236E-04   0.703877E-05   0.999439E-07   0.000000E+00   0.000000E+00
            NaN   0.221475E-01   0.116121E-01   0.382050E-02   0.116854E-02   0.693615E-03   0.556695E-03   0.257433E-03   0.167857E-03   0.836092E-04   0.326513E-04   0.817251E-05   0.161554E-05   0.000000E+00   0.000000E+00
            NaN   0.127174E-01   0.626160E-02   0.173860E-02   0.528927E-03   0.326815E-03   0.266999E-03   0.130830E-03   0.877808E-04   0.457602E-04   0.190961E-04   0.539671E-05   0.170005E-05   0.643256E-07   0.000000E+00
    6    1    1    1    1    9   15
            NaN   0.601126E-02   0.336023E-02   0.121431E-02   0.347920E-03   0.198716E-03   0.157171E-03   0.695312E-04   0.443081E-04   0.211943E-04   0.793672E-05   0.159979E-05   0.123344E-06   0.000000E+00   0.000000E+00
            NaN   0.336185E-02   0.172937E-02   0.537536E-03   0.163547E-03   0.980943E-04   0.790814E-04   0.370897E-04   0.243396E-04   0.122617E-04   0.486692E-05   0.127602E-05   0.308062E-06   0.000000E+00   0.000000E+00
            NaN   0.198772E-02   0.972809E-03   0.257350E-03   0.737915E-04   0.451868E-04   0.368396E-04   0.179935E-04   0.120579E-04   0.628024E-05   0.262739E-05   0.742270E-06   0.241756E-06   0.145288E-07   0.000000E+00
            NaN   0.210394E-01   0.117608E-01   0.425009E-02   0.121772E-02   0.695506E-03   0.550098E-03   0.243359E-03   0.155078E-03   0.741801E-04   0.277785E-04   0.559926E-05   0.431703E-06   0.000000E+00   0.000000E+00
            NaN   0.117665E-01   0.605280E-02   0.188137E-02   0.572415E-03   0.343330E-03   0.276785E-03   0.129814E-03   0.851887E-04   0.429159E-04   0.170342E-04   0.446607E-05   0.107822E-05   0.000000E+00   0.000000E+00
            NaN   0.695703E-02   0.340483E-02   0.900727E-03   0.258270E-03   0.158154E-03   0.128939E-03   0.629773E-04   0.422027E-04   0.219808E-04   0.919585E-05   0.259795E-05   0.846146E-06   0.508507E-07   0.000000E+00
            NaN   0.480900E-01   0.268818E-01   0.971450E-02   0.278336E-02   0.158973E-02   0.125737E-02   0.556250E-03   0.354465E-03   0.169555E-03   0.634938E-04   0.127983E-04   0.986749E-06   0.000000E+00   0.000000E+00
            NaN   0.268948E-01   0.138350E-01   0.430028E-02   0.130838E-02   0.784754E-03   0.632651E-03   0.296718E-03   0.194717E-03   0.980934E-04   0.389353E-04   0.102082E-04   0.246449E-05   0.000000E+00   0.000000E+00
            NaN   0.159018E-01   0.778247E-02   0.205880E-02   0.590332E-03   0.361495E-03   0.294717E-03   0.143948E-03   0.964633E-04   0.502419E-04   0.210191E-04   0.593816E-05   0.193405E-05   0.116230E-06   0.000000E+00
    7    1    1    1    1    9   15
            NaN   0.360489E-02   0.228231E-02   0.686607E-03   0.120861E-03   0.590355E-04   0.439965E-04   0.160606E-04   0.920899E-05   0.333930E-05   0.439764E-06   0.000000E+00   0.000000E+00   0.000000E+00   0.000000E+00
            NaN   0.174552E-02   0.102609E-02   0.349874E-03   0.771789E-04   0.403491E-04   0.309120E-04   0.123453E-04   0.744889E-05   0.328588E-05   0.959630E-06   0.304064E-07   0.000000E+00   0.000000E+00   0.000000E+00
            NaN   0.928585E-03   0.492035E-03   0.161054E-03   0.419963E-04   0.232790E-04   0.182226E-04   0.783109E-05   0.491846E-05   0.229509E-05   0.830601E-06   0.133800E-06   0.271381E-08   0.000000E+00   0.000000E+00
            NaN   0.126171E-01   0.798809E-02   0.240313E-02   0.423013E-03   0.206624E-03   0.153988E-03   0.562121E-04   0.322315E-04   0.116875E-04   0.153917E-05   0.000000E+00   0.000000E+00   0.000000E+00   0.000000E+00
            NaN   0.610931E-02   0.359130E-02   0.122456E-02   0.270126E-03   0.141222E-03   0.108192E-03   0.432087E-04   0.260711E-04   0.115006E-04   0.335870E-05   0.106422E-06   0.000000E+00   0.000000E+00   0.000000E+00
            NaN   0.325005E-02   0.172212E-02   0.563689E-03   0.146987E-03   0.814765E-04   0.637790E-04   0.274088E-04   0.172146E-04   0.803281E-05   0.290710E-05   0.468300E-06   0.949833E-08   0.000000E+00   0.000000E+00
            NaN   0.288391E-01   0.182585E-01   0.549286E-02   0.966888E-03   0.472284E-03   0.351972E-03   0.128485E-03   0.736719E-04   0.267144E-04   0.351811E-05   0.000000E+00   0.000000E+00   0.000000E+00   0.000000E+00
            NaN   0.139641E-01   0.820869E-02   0.279899E-02   0.617431E-03   0.322793E-03   0.247296E-03   0.987627E-04   0.595911E-04   0.262870E-04   0.767704E-05   0.243251E-06   0.000000E+00   0.000000E+00   0.000000E+00
            NaN   0.742868E-02   0.393628E-02   0.128843E-02   0.335971E-03   0.186232E-03   0.145781E-03   0.626487E-04   0.393477E-04   0.183607E-04   0.664481E-05   0.107040E-05   0.217105E-07   0.000000E+00   0.000000E+00
    8    1    1    1    1    9   15
            NaN   0.275063E-02   0.165163E-02   0.356107E-03   0.469713E-04   0.208699E-04   0.149968E-04   0.446808E-05   0.194433E-05   0.247970E-06   0.000000E+00   0.000000E+00   0.000000E+00   0.000000E+00   0.000000E+00
            NaN   0.128752E-02   0.777260E-03   0.214228E-03   0.353607E-04   0.169561E-04   0.125472E-04   0.447556E-05   0.250301E-05   0.825775E-06   0.693479E-07   0.000000E+00   0.000000E+00   0.000000E+00   0.000000E+00
            NaN   0.646102E-03   0.362074E-03   0.111544E-03   0.223356E-04   0.113830E-04   0.863798E-05   0.333154E-05   0.197637E-05   0.838562E-06   0.206674E-06   0.000000E+00   0.000000E+00   0.000000E+00   0.000000E+00
            NaN   0.962721E-02   0.578071E-02   0.124637E-02   0.164400E-03   0.730448E-04   0.524889E-04   0.156383E-04   0.680516E-05   0.867894E-06   0.000000E+00   0.000000E+00   0.000000E+00   0.000000E+00   0.000000E+00
            NaN   0.450632E-02   0.272041E-02   0.749799E-03   0.123763E-03   0.593464E-04   0.439151E-04   0.156645E-04   0.876054E-05   0.289021E-05   0.242718E-06   0.000000E+00   0.000000E+00   0.000000E+00   0.000000E+00
            NaN   0.226136E-02   0.126726E-02   0.390403E-03   0.781746E-04   0.398406E-04   0.302329E-04   0.116604E-04   0.691731E-05   0.293497E-05   0.723359E-06   0.000000E+00   0.000000E+00   0.000000E+00   0.000000E+00
            NaN   0.220050E-01   0.132130E-01   0.284885E-02   0.375770E-03   0.166960E-03   0.119975E-03   0.357446E-04   0.155547E-04   0.198376E-05   0.000000E+00   0.000000E+00   0.000000E+00   0.000000E+00   0.000000E+00
            NaN   0.103002E-01   0.621808E-02   0.171383E-02   0.282886E-03   0.135649E-03   0.100377E-03   0.358045E-04   0.200241E-04   0.660620E-05   0.554783E-06   0.000000E+00   0.000000E+00   0.000000E+00   0.000000E+00
            NaN   0.516882E-02   0.289659E-02   0.892351E-03   0.178685E-03   0.910641E-04   0.691038E-04   0.266523E-04   0.158110E-04   0.670850E-05   0.165339E-05   0.000000E+00   0.000000E+00   0.000000E+00   0.000000E+00
    9    1    1    1    1    9   15
            NaN   0.168012E-02   0.110899E-02   0.241104E-03   0.315614E-04   0.138793E-04   0.986412E-05   0.275127E-05   0.118954E-05   0.183886E-06   0.000000E+00   0.000000E+00   0.000000E+00   0.000000E+00   0.000000E+00
            NaN   0.993976E-03   0.742688E-03   0.221163E-03   0.364852E-04   0.174435E-04   0.128921E-04   0.449455E-05   0.243494E-05   0.773393E-06   0.815635E-07   0.000000E+00   0.000000E+00   0.000000E+00   0.000000E+00
            NaN   0.576818E-03   0.464800E-03   0.183622E-03   0.389382E-04   0.200552E-04   0.152680E-04   0.597681E-05   0.355096E-05   0.147763E-05   0.373088E-06   0.123515E-07   0.000000E+00   0.000000E+00   0.000000E+00
            NaN   0.924066E-03   0.609943E-03   0.132607E-03   0.173588E-04   0.763364E-05   0.542527E-05   0.151320E-05   0.654246E-06   0.101138E-06   0.000000E+00   0.000000E+00   0.000000E+00   0.000000E+00   0.000000E+00
            NaN   0.546687E-03   0.408478E-03   0.121639E-03   0.200669E-04   0.959395E-05   0.709067E-05   0.247200E-05   0.133922E-05   0.425366E-06   0.448599E-07   0.000000E+00   0.000000E+00   0.000000E+00   0.000000E+00
            NaN   0.317250E-03   0.255640E-03   0.100992E-03   0.214160E-04   0.110303E-04   0.839741E-05   0.328725E-05   0.195303E-05   0.812694E-06   0.205198E-06   0.679334E-08   0.000000E+00   0.000000E+00   0.000000E+00
            NaN   0.168012E-03   0.110899E-03   0.241104E-04   0.315614E-05   0.138793E-05   0.986412E-06   0.275127E-06   0.118954E-06   0.183886E-07   0.000000E+00   0.000000E+00   0.000000E+00   0.000000E+00   0.000000E+00
            NaN   0.993976E-04   0.742688E-04   0.221163E-04   0.364852E-05   0.174435E-05   0.128921E-05   0.449455E-06   0.243494E-06   0.773394E-07   0.815635E-08   0.000000E+00   0.000000E+00   0.000000E+00   0.000000E+00
            NaN   0.576818E-04   0.464800E-04   0.183622E-04   0.389382E-05   0.200552E-05   0.152680E-05   0.597681E-06   0.355096E-06   0.147763E-06   0.373088E-07   0.123515E-08   0.000000E+00   0.000000E+00   0.000000E+00
   10    1    1    1    1    1   15
            NaN   0.134460E-02   0.461022E-03   0.437797E-04   0.324776E-05   0.110214E-05   0.691414E-06   0.112456E-06   0.302346E-07   0.426245E-09   0.000000E+00   0.000000E+00   0.000000E+00   0.000000E+00   0.000000E+00
   11    1    1    1    1    1   15
            NaN   0.305792E-02   0.111378E-02   0.109621E-03   0.802104E-05   0.266175E-05   0.161293E-05   0.172519E-06   0.120584E-07   0.000000E+00   0.000000E+00   0.000000E+00   0.000000E+00   0.000000E+00   0.000000E+00
   12    1    1    1    1    1   15
            NaN   0.200330E-02   0.625302E-03   0.486523E-04   0.271755E-05   0.750708E-06   0.417149E-06   0.284278E-07   0.201408E-08   0.000000E+00   0.000000E+00   0.000000E+00   0.000000E+00   0.000000E+00   0.000000E+00
   13    1    1    1    1    1   15
            NaN   0.189335E-02   0.601480E-03   0.463515E-04   0.235647E-05   0.555080E-06   0.275697E-06   0.578601E-08   0.000000E+00   0.000000E+00   0.000000E+00   0.000000E+00   0.000000E+00   0.000000E+00   0.000000E+00
   14    1    1    1    1    1   15
            NaN   0.133598E-02   0.479256E-03   0.471779E-04   0.337343E-05   0.109951E-05   0.675535E-06   0.966055E-07   0.241949E-07   0.409719E-09   0.000000E+00   0.000000E+00   0.000000E+00   0.000000E+00   0.000000E+00
   15    1    1    1    1    1   15
            NaN   0.334659E-02   0.139812E-02   0.195296E-03   0.217088E-04   0.917227E-05   0.644350E-05   0.187239E-05   0.921834E-06   0.269506E-06   0.399463E-07   0.459718E-09   0.000000E+00   0.000000E+00   0.000000E+00
   16    1    1    1    1    1   15
            NaN   0.339867E-02   0.101134E-02   0.764180E-04   0.434326E-05   0.128683E-05   0.744175E-06   0.644131E-07   0.582898E-08   0.000000E+00   0.000000E+00   0.000000E+00   0.000000E+00   0.000000E+00   0.000000E+00
   17    1    1    1    1    1   15
            NaN   0.808959E-03   0.260737E-03   0.201856E-04   0.952706E-06   0.187929E-06   0.822571E-07   0.505738E-09   0.000000E+00   0.000000E+00   0.000000E+00   0.000000E+00   0.000000E+00   0.000000E+00   0.000000E+00
   18    1    1    1    1    1   15
            NaN   0.227450E-02   0.837261E-03   0.940010E-04   0.835086E-05   0.319544E-05   0.213604E-05   0.484763E-06   0.192378E-06   0.285903E-07   0.381149E-10   0.000000E+00   0.000000E+00   0.000000E+00   0.000000E+00
   19    1    1    1    1    1   15
            NaN   0.552221E-04   0.871875E-05   0.149838E-07   0.000000E+00   0.000000E+00   0.000000E+00   0.000000E+00   0.000000E+00   0.000000E+00   0.000000E+00   0.000000E+00   0.000000E+00   0.000000E+00   0.000000E+00
   20    1    1    1    1    1   15
            NaN   0.642259E-03   0.141800E-03   0.454243E-05   0.183288E-07   0.108059E-09   0.000000E+00   0.000000E+00   0.000000E+00   0.000000E+00   0.000000E+00   0.000000E+00   0.000000E+00   0.000000E+00   0.000000E+00
   21    1    1    1    1    1   15
            NaN   0.458070E-03   0.106956E-03   0.413201E-05   0.489400E-07   0.333573E-08   0.523818E-09   0.000000E+00   0.000000E+00   0.000000E+00   0.000000E+00   0.000000E+00   0.000000E+00   0.000000E+00   0.000000E+00
   22    1    1    1    1    1   15
            NaN   0.139230E-02   0.424486E-03   0.317584E-04   0.166860E-05   0.474811E-06   0.275728E-06   0.334745E-07   0.787278E-08   0.203046E-09   0.000000E+00   0.000000E+00   0.000000E+00   0.000000E+00   0.000000E+00
   23    1    1    1    1    1   15
            NaN   0.274380E-03   0.684251E-04   0.311548E-05   0.866676E-08   0.000000E+00   0.000000E+00   0.000000E+00   0.000000E+00   0.000000E+00   0.000000E+00   0.000000E+00   0.000000E+00   0.000000E+00   0.000000E+00
   24    1    1    1    1    1   15
            NaN   0.101756E-02   0.254574E-03   0.122813E-04   0.260595E-06   0.299737E-07   0.874916E-08   0.000000E+00   0.000000E+00   0.000000E+00   0.000000E+00   0.000000E+00   0.000000E+00   0.000000E+00   0.000000E+00
   25    1    1    1    1    1   15
            NaN   0.410919E-04   0.497277E-05   0.180165E-10   0.000000E+00   0.000000E+00   0.000000E+00   0.000000E+00   0.000000E+00   0.000000E+00   0.000000E+00   0.000000E+00   0.000000E+00   0.000000E+00   0.000000E+00
   26    1    1    1    1    1   15
            NaN   0.187091E-02   0.758339E-03   0.966794E-04   0.930252E-05   0.363248E-05   0.244338E-05   0.525660E-06   0.179959E-06   0.140704E-07   0.000000E+00   0.000000E+00   0.000000E+00   0.000000E+00   0.000000E+00
   27    1    1    1    1    1   15
            NaN   0.491180E-02   0.136162E-02   0.824837E-04   0.296621E-05   0.524962E-06   0.216962E-06   0.938570E-09   0.000000E+00   0.000000E+00   0.000000E+00   0.000000E+00   0.000000E+00   0.000000E+00   0.000000E+00
   28    1    1    1    1    1   15
            NaN   0.841326E-03   0.234335E-03   0.134515E-04   0.195485E-06   0.256094E-10   0.000000E+00   0.000000E+00   0.000000E+00   0.000000E+00   0.000000E+00   0.000000E+00   0.000000E+00   0.000000E+00   0.000000E+00
   29    1    1    1    1    1   15
            NaN   0.233583E-03   0.431605E-04   0.431609E-06   0.000000E+00   0.000000E+00   0.000000E+00   0.000000E+00   0.000000E+00   0.000000E+00   0.000000E+00   0.000000E+00   0.000000E+00   0.000000E+00   0.000000E+00
   30    1    1    1    1    1   15
            NaN   0.769627E-03   0.397511E-03   0.582128E-04   0.573096E-05   0.217723E-05   0.138851E-05   0.164130E-06   0.123893E-07   0.000000E+00   0.000000E+00   0.000000E+00   0.000000E+00   0.000000E+00   0.000000E+00
   31    1    1    1    1    1   15
            NaN   0.361156E-03   0.201238E-03   0.401594E-04   0.511831E-05   0.224548E-05   0.160201E-05   0.454171E-06   0.192125E-06   0.230009E-07   0.000000E+00   0.000000E+00   0.000000E+00   0.000000E+00   0.000000E+00
   32    1    1    1    1    1   15
            NaN   0.743663E-03   0.415865E-03   0.856490E-04   0.112910E-04   0.501800E-05   0.359036E-05   0.106370E-05   0.482470E-06   0.877231E-07   0.000000E+00   0.000000E+00   0.000000E+00   0.000000E+00   0.000000E+00
   33    1    1    1    1    1   15
            NaN   0.158260E-02   0.910827E-03   0.273351E-03   0.512388E-04   0.255812E-04   0.192527E-04   0.723415E-05   0.419780E-05   0.165584E-05   0.338426E-06   0.000000E+00   0.000000E+00   0.000000E+00   0.000000E+00
