    1    1    1    1    1    9   15
         NaN  0.1014E-03  0.4770E-04  0.1422E-04  0.3380E-05  0.1516E-05  0.1029E-05  0.2119E-06  0.1202E-06  0.6979E-07  0.4653E-08  0.1123E-10  0.0000E+00  0.0000E+00  0.0000E+00
         NaN  0.1058E-03  0.5289E-04  0.1836E-04  0.5388E-05  0.2696E-05  0.1923E-05  0.4851E-06  0.2976E-06  0.1879E-06  0.2385E-07  0.1089E-08  0.2152E-10  0.0000E+00  0.0000E+00
         NaN  0.1070E-03  0.5442E-04  0.1987E-04  0.6379E-05  0.3373E-05  0.2471E-05  0.6909E-06  0.4395E-06  0.2874E-06  0.4487E-07  0.4242E-08  0.4631E-09  0.4505E-10  0.0000E+00
         NaN  0.4521E-03  0.2126E-03  0.6336E-04  0.1507E-04  0.6758E-05  0.4584E-05  0.9443E-06  0.5355E-06  0.3110E-06  0.2074E-07  0.5004E-10  0.0000E+00  0.0000E+00  0.0000E+00
         NaN  0.4717E-03  0.2357E-03  0.8181E-04  0.2401E-04  0.1202E-04  0.8573E-05  0.2162E-05  0.1327E-05  0.8375E-06  0.1063E-06  0.4853E-08  0.9593E-10  0.0000E+00  0.0000E+00
         NaN  0.4769E-03  0.2426E-03  0.8856E-04  0.2843E-04  0.1503E-04  0.1101E-04  0.3079E-05  0.1959E-05  0.1281E-05  0.2000E-06  0.1891E-07  0.2064E-08  0.2008E-09  0.0000E+00
         NaN  0.1441E-02  0.6776E-03  0.2019E-03  0.4802E-04  0.2154E-04  0.1461E-04  0.3010E-05  0.1707E-05  0.9915E-06  0.6610E-07  0.1595E-09  0.0000E+00  0.0000E+00  0.0000E+00
         NaN  0.1504E-02  0.7513E-03  0.2608E-03  0.7654E-04  0.3830E-04  0.2732E-04  0.6892E-05  0.4228E-05  0.2670E-05  0.3388E-06  0.1547E-07  0.3058E-09  0.0000E+00  0.0000E+00
         NaN  0.1520E-02  0.7732E-03  0.2823E-03  0.9061E-04  0.4792E-04  0.3511E-04  0.9815E-05  0.6244E-05  0.4083E-05  0.6375E-06  0.6026E-07  0.6578E-08  0.6400E-09  0.0000E+00
    2    1    1    1    1    9   15
         NaN  0.3217E-03  0.2851E-03  0.2022E-03  0.1173E-03  0.8375E-04  0.7076E-04  0.3484E-04  0.2694E-04  0.2112E-04  0.7352E-05  0.2265E-05  0.9801E-06  0.5285E-06  0.1467E-06
         NaN  0.3205E-03  0.2848E-03  0.2038E-03  0.1207E-03  0.8759E-04  0.7467E-04  0.3835E-04  0.3014E-04  0.2399E-04  0.8913E-05  0.2944E-05  0.1338E-05  0.7486E-06  0.2244E-06
         NaN  0.3198E-03  0.2844E-03  0.2041E-03  0.1216E-03  0.8869E-04  0.7584E-04  0.3954E-04  0.3127E-04  0.2505E-04  0.9573E-05  0.3261E-05  0.1514E-05  0.8603E-06  0.2666E-06
         NaN  0.1523E-02  0.1350E-02  0.9571E-03  0.5551E-03  0.3964E-03  0.3349E-03  0.1649E-03  0.1275E-03  0.9999E-04  0.3480E-04  0.1072E-04  0.4640E-05  0.2502E-05  0.6943E-06
         NaN  0.1517E-02  0.1348E-02  0.9648E-03  0.5712E-03  0.4146E-03  0.3535E-03  0.1815E-03  0.1427E-03  0.1136E-03  0.4219E-04  0.1394E-04  0.6334E-05  0.3544E-05  0.1062E-05
         NaN  0.1514E-02  0.1346E-02  0.9660E-03  0.5754E-03  0.4198E-03  0.3590E-03  0.1872E-03  0.1480E-03  0.1186E-03  0.4531E-04  0.1544E-04  0.7167E-05  0.4072E-05  0.1262E-05
         NaN  0.4759E-02  0.4218E-02  0.2991E-02  0.1735E-02  0.1239E-02  0.1047E-02  0.5153E-03  0.3985E-03  0.3125E-03  0.1088E-03  0.3351E-04  0.1450E-04  0.7819E-05  0.2170E-05
         NaN  0.4741E-02  0.4213E-02  0.3015E-02  0.1785E-02  0.1296E-02  0.1105E-02  0.5673E-03  0.4458E-03  0.3549E-03  0.1319E-03  0.4356E-04  0.1980E-04  0.1107E-04  0.3319E-05
         NaN  0.4731E-02  0.4207E-02  0.3019E-02  0.1798E-02  0.1312E-02  0.1122E-02  0.5849E-03  0.4625E-03  0.3706E-03  0.1416E-03  0.4825E-04  0.2240E-04  0.1273E-04  0.3944E-05
    3    1    1    1    1    9   15
         NaN  0.4509E-02  0.2363E-02  0.1051E-02  0.4640E-03  0.2904E-03  0.2290E-03  0.8198E-04  0.5603E-04  0.3905E-04  0.8120E-05  0.1312E-05  0.2472E-06  0.2887E-07  0.0000E+00
         NaN  0.2647E-02  0.1305E-02  0.5276E-03  0.2364E-03  0.1591E-03  0.1312E-03  0.5671E-04  0.4117E-04  0.3021E-04  0.7632E-05  0.1588E-05  0.4990E-06  0.1769E-06  0.0000E+00
         NaN  0.1632E-02  0.7756E-03  0.2830E-03  0.1107E-03  0.7166E-04  0.5870E-04  0.2626E-04  0.1951E-04  0.1464E-04  0.4032E-05  0.9214E-06  0.3200E-06  0.1402E-06  0.8262E-08
         NaN  0.1578E-01  0.8272E-02  0.3677E-02  0.1624E-02  0.1016E-02  0.8017E-03  0.2869E-03  0.1961E-03  0.1367E-03  0.2842E-04  0.4592E-05  0.8652E-06  0.1011E-06  0.0000E+00
         NaN  0.9263E-02  0.4569E-02  0.1847E-02  0.8274E-03  0.5568E-03  0.4590E-03  0.1985E-03  0.1441E-03  0.1057E-03  0.2671E-04  0.5557E-05  0.1746E-05  0.6192E-06  0.0000E+00
         NaN  0.5713E-02  0.2715E-02  0.9904E-03  0.3876E-03  0.2508E-03  0.2055E-03  0.9190E-04  0.6827E-04  0.5125E-04  0.1411E-04  0.3225E-05  0.1120E-05  0.4907E-06  0.2892E-07
         NaN  0.3607E-01  0.1891E-01  0.8405E-02  0.3712E-02  0.2323E-02  0.1832E-02  0.6559E-03  0.4483E-03  0.3124E-03  0.6496E-04  0.1050E-04  0.1978E-05  0.2310E-06  0.0000E+00
         NaN  0.2117E-01  0.1044E-01  0.4221E-02  0.1891E-02  0.1273E-02  0.1049E-02  0.4537E-03  0.3293E-03  0.2417E-03  0.6106E-04  0.1270E-04  0.3992E-05  0.1415E-05  0.0000E+00
         NaN  0.1306E-01  0.6205E-02  0.2264E-02  0.8859E-03  0.5733E-03  0.4696E-03  0.2100E-03  0.1561E-03  0.1171E-03  0.3226E-04  0.7371E-05  0.2560E-05  0.1122E-05  0.6609E-07
    4    1    1    1    1    9   15
         NaN  0.3835E-02  0.1992E-02  0.8811E-03  0.3911E-03  0.2440E-03  0.1918E-03  0.6723E-04  0.4560E-04  0.3157E-04  0.6400E-05  0.9797E-06  0.1373E-06  0.0000E+00  0.0000E+00
         NaN  0.2292E-02  0.1121E-02  0.4418E-03  0.1881E-03  0.1215E-03  0.9796E-04  0.3856E-04  0.2715E-04  0.1942E-04  0.4484E-05  0.8585E-06  0.2292E-06  0.5251E-07  0.0000E+00
         NaN  0.1417E-02  0.6692E-03  0.2393E-03  0.8983E-04  0.5605E-04  0.4496E-04  0.1827E-04  0.1313E-04  0.9574E-05  0.2389E-05  0.4973E-06  0.1611E-06  0.6099E-07  0.1085E-09
         NaN  0.1342E-01  0.6974E-02  0.3084E-02  0.1369E-02  0.8541E-03  0.6713E-03  0.2353E-03  0.1596E-03  0.1105E-03  0.2240E-04  0.3429E-05  0.4806E-06  0.0000E+00  0.0000E+00
         NaN  0.8021E-02  0.3924E-02  0.1546E-02  0.6584E-03  0.4253E-03  0.3429E-03  0.1350E-03  0.9503E-04  0.6795E-04  0.1569E-04  0.3005E-05  0.8020E-06  0.1838E-06  0.0000E+00
         NaN  0.4959E-02  0.2342E-02  0.8377E-03  0.3144E-03  0.1962E-03  0.1574E-03  0.6395E-04  0.4596E-04  0.3351E-04  0.8362E-05  0.1740E-05  0.5640E-06  0.2135E-06  0.3799E-09
         NaN  0.3068E-01  0.1594E-01  0.7049E-02  0.3129E-02  0.1952E-02  0.1534E-02  0.5378E-03  0.3648E-03  0.2526E-03  0.5120E-04  0.7838E-05  0.1099E-05  0.0000E+00  0.0000E+00
         NaN  0.1833E-01  0.8968E-02  0.3535E-02  0.1505E-02  0.9721E-03  0.7837E-03  0.3085E-03  0.2172E-03  0.1553E-03  0.3587E-04  0.6868E-05  0.1833E-05  0.4201E-06  0.0000E+00
         NaN  0.1134E-01  0.5354E-02  0.1915E-02  0.7186E-03  0.4484E-03  0.3597E-03  0.1462E-03  0.1050E-03  0.7659E-04  0.1911E-04  0.3978E-05  0.1289E-05  0.4879E-06  0.8684E-09
    5    1    1    1    1    9   15
         NaN  0.1680E-02  0.1109E-02  0.3997E-03  0.9502E-04  0.4160E-04  0.2780E-04  0.5029E-05  0.2506E-05  0.1190E-05  0.0000E+00  0.0000E+00  0.0000E+00  0.0000E+00  0.0000E+00
         NaN  0.9940E-03  0.7427E-03  0.3371E-03  0.9823E-04  0.4683E-04  0.3253E-04  0.7248E-05  0.4188E-05  0.2435E-05  0.8156E-07  0.0000E+00  0.0000E+00  0.0000E+00  0.0000E+00
         NaN  0.5768E-03  0.4648E-03  0.2568E-03  0.9305E-04  0.4863E-04  0.3514E-04  0.9115E-05  0.5621E-05  0.3551E-05  0.3731E-06  0.0000E+00  0.0000E+00  0.0000E+00  0.0000E+00
         NaN  0.9241E-03  0.6099E-03  0.2198E-03  0.5226E-04  0.2288E-04  0.1529E-04  0.2766E-05  0.1378E-05  0.6542E-06  0.0000E+00  0.0000E+00  0.0000E+00  0.0000E+00  0.0000E+00
         NaN  0.5467E-03  0.4085E-03  0.1854E-03  0.5403E-04  0.2575E-04  0.1789E-04  0.3986E-05  0.2303E-05  0.1339E-05  0.4486E-07  0.0000E+00  0.0000E+00  0.0000E+00  0.0000E+00
         NaN  0.3173E-03  0.2556E-03  0.1413E-03  0.5118E-04  0.2675E-04  0.1932E-04  0.5013E-05  0.3091E-05  0.1953E-05  0.2052E-06  0.0000E+00  0.0000E+00  0.0000E+00  0.0000E+00
         NaN  0.1680E-03  0.1109E-03  0.3997E-04  0.9502E-05  0.4160E-05  0.2780E-05  0.5029E-06  0.2506E-06  0.1190E-06  0.0000E+00  0.0000E+00  0.0000E+00  0.0000E+00  0.0000E+00
         NaN  0.9940E-04  0.7427E-04  0.3371E-04  0.9823E-05  0.4683E-05  0.3253E-05  0.7248E-06  0.4188E-06  0.2435E-06  0.8156E-08  0.0000E+00  0.0000E+00  0.0000E+00  0.0000E+00
         NaN  0.5768E-04  0.4648E-04  0.2568E-04  0.9305E-05  0.4863E-05  0.3514E-05  0.9115E-06  0.5621E-06  0.3551E-06  0.3731E-07  0.0000E+00  0.0000E+00  0.0000E+00  0.0000E+00
    6    1    1    1    1    1   15
         NaN  0.1345E-02  0.4610E-03  0.8749E-04  0.1315E-04  0.4625E-05  0.2756E-05  0.2688E-06  0.9798E-07  0.3023E-07  0.0000E+00  0.0000E+00  0.0000E+00  0.0000E+00  0.0000E+00
    7    1    1    1    1    1   15
         NaN  0.3058E-02  0.1114E-02  0.2174E-03  0.3304E-04  0.1149E-04  0.6797E-05  0.5472E-06  0.1410E-06  0.1206E-07  0.0000E+00  0.0000E+00  0.0000E+00  0.0000E+00  0.0000E+00
    8    1    1    1    1    1   15
         NaN  0.2003E-02  0.6253E-03  0.1025E-03  0.1319E-04  0.4082E-05  0.2245E-05  0.1138E-06  0.2240E-07  0.2014E-08  0.0000E+00  0.0000E+00  0.0000E+00  0.0000E+00  0.0000E+00
    9    1    1    1    1    1   15
         NaN  0.1893E-02  0.6015E-03  0.9839E-04  0.1223E-04  0.3631E-05  0.1916E-05  0.5144E-07  0.3692E-08  0.0000E+00  0.0000E+00  0.0000E+00  0.0000E+00  0.0000E+00  0.0000E+00
   10    1    1    1    1    1   15
         NaN  0.1336E-02  0.4793E-03  0.9353E-04  0.1416E-04  0.4862E-05  0.2846E-05  0.2473E-06  0.8332E-07  0.2419E-07  0.0000E+00  0.0000E+00  0.0000E+00  0.0000E+00  0.0000E+00
   11    1    1    1    1    1   15
         NaN  0.3347E-02  0.1398E-02  0.3497E-03  0.7034E-04  0.2909E-04  0.1898E-04  0.3284E-05  0.1724E-05  0.9218E-06  0.3995E-07  0.3384E-11  0.0000E+00  0.0000E+00  0.0000E+00
   12    1    1    1    1    1   15
         NaN  0.3399E-02  0.1011E-02  0.1621E-03  0.2042E-04  0.6425E-05  0.3620E-05  0.2265E-06  0.5179E-07  0.5829E-08  0.0000E+00  0.0000E+00  0.0000E+00  0.0000E+00  0.0000E+00
   13    1    1    1    1    1   15
         NaN  0.8090E-03  0.2607E-03  0.4289E-04  0.5295E-05  0.1514E-05  0.7609E-06  0.1038E-07  0.2585E-09  0.0000E+00  0.0000E+00  0.0000E+00  0.0000E+00  0.0000E+00  0.0000E+00
   14    1    1    1    1    1   15
         NaN  0.2275E-02  0.8373E-03  0.1790E-03  0.3044E-04  0.1153E-04  0.7199E-05  0.9672E-06  0.4368E-06  0.1924E-06  0.3811E-10  0.0000E+00  0.0000E+00  0.0000E+00  0.0000E+00
   15    1    1    1    1    1   15
         NaN  0.5522E-04  0.8719E-05  0.2452E-06  0.0000E+00  0.0000E+00  0.0000E+00  0.0000E+00  0.0000E+00  0.0000E+00  0.0000E+00  0.0000E+00  0.0000E+00  0.0000E+00  0.0000E+00
   16    1    1    1    1    1   15
         NaN  0.6423E-03  0.1418E-03  0.1311E-04  0.5339E-06  0.4987E-07  0.1087E-07  0.0000E+00  0.0000E+00  0.0000E+00  0.0000E+00  0.0000E+00  0.0000E+00  0.0000E+00  0.0000E+00
   17    1    1    1    1    1   15
         NaN  0.4581E-03  0.1070E-03  0.1106E-04  0.6262E-06  0.9792E-07  0.3483E-07  0.0000E+00  0.0000E+00  0.0000E+00  0.0000E+00  0.0000E+00  0.0000E+00  0.0000E+00  0.0000E+00
   18    1    1    1    1    1   15
         NaN  0.1392E-02  0.4245E-03  0.6784E-04  0.8317E-05  0.2513E-05  0.1379E-05  0.9153E-07  0.2862E-07  0.7873E-08  0.0000E+00  0.0000E+00  0.0000E+00  0.0000E+00  0.0000E+00
   19    1    1    1    1    1   15
         NaN  0.2744E-03  0.6843E-04  0.7863E-05  0.4963E-06  0.4163E-07  0.2477E-08  0.0000E+00  0.0000E+00  0.0000E+00  0.0000E+00  0.0000E+00  0.0000E+00  0.0000E+00  0.0000E+00
   20    1    1    1    1    1   15
         NaN  0.1018E-02  0.2546E-03  0.3017E-04  0.2361E-05  0.4756E-06  0.1946E-06  0.3919E-10  0.0000E+00  0.0000E+00  0.0000E+00  0.0000E+00  0.0000E+00  0.0000E+00  0.0000E+00
   21    1    1    1    1    1   15
         NaN  0.4109E-04  0.4973E-05  0.2802E-07  0.0000E+00  0.0000E+00  0.0000E+00  0.0000E+00  0.0000E+00  0.0000E+00  0.0000E+00  0.0000E+00  0.0000E+00  0.0000E+00  0.0000E+00
   22    1    1    1    1    1   15
         NaN  0.1871E-02  0.7583E-03  0.1789E-03  0.3273E-04  0.1275E-04  0.8046E-05  0.1098E-05  0.4682E-06  0.1800E-06  0.0000E+00  0.0000E+00  0.0000E+00  0.0000E+00  0.0000E+00
   23    1    1    1    1    1   15
         NaN  0.4912E-02  0.1362E-02  0.1877E-03  0.1918E-04  0.4897E-05  0.2329E-05  0.2414E-07  0.3828E-09  0.0000E+00  0.0000E+00  0.0000E+00  0.0000E+00  0.0000E+00  0.0000E+00
   24    1    1    1    1    1   15
         NaN  0.8413E-03  0.2343E-03  0.3137E-04  0.2728E-05  0.4411E-06  0.1265E-06  0.0000E+00  0.0000E+00  0.0000E+00  0.0000E+00  0.0000E+00  0.0000E+00  0.0000E+00  0.0000E+00
   25    1    1    1    1    1   15
         NaN  0.2336E-03  0.4316E-04  0.2322E-05  0.1563E-08  0.0000E+00  0.0000E+00  0.0000E+00  0.0000E+00  0.0000E+00  0.0000E+00  0.0000E+00  0.0000E+00  0.0000E+00  0.0000E+00
   26    1    1    1    1    1   15
         NaN  0.7696E-03  0.3975E-03  0.1060E-03  0.2000E-04  0.7833E-05  0.4962E-05  0.5050E-06  0.1340E-06  0.1239E-07  0.0000E+00  0.0000E+00  0.0000E+00  0.0000E+00  0.0000E+00
   27    1    1    1    1    1   15
         NaN  0.3612E-03  0.2012E-03  0.6741E-04  0.1560E-04  0.6764E-05  0.4503E-05  0.8277E-06  0.4136E-06  0.1921E-06  0.0000E+00  0.0000E+00  0.0000E+00  0.0000E+00  0.0000E+00
   28    1    1    1    1    1   15
         NaN  0.7437E-03  0.4159E-03  0.1423E-03  0.3381E-04  0.1486E-04  0.9953E-05  0.1881E-05  0.9747E-06  0.4825E-06  0.0000E+00  0.0000E+00  0.0000E+00  0.0000E+00  0.0000E+00
   29    1    1    1    1    1   15
         NaN  0.1583E-02  0.9108E-03  0.4026E-03  0.1295E-03  0.6478E-04  0.4599E-04  0.1124E-04  0.6782E-05  0.4198E-05  0.3384E-06  0.0000E+00  0.0000E+00  0.0000E+00  0.0000E+00
